TN:
SF:src\App.tsx
FN:20,AppContent
FN:25,(anonymous_1)
FN:26,(anonymous_2)
FN:92,App
FNF:4
FNH:4
FNDA:4,AppContent
FNDA:2,(anonymous_1)
FNDA:2,(anonymous_2)
FNDA:2,App
DA:21,4
DA:22,4
DA:23,4
DA:25,4
DA:26,2
DA:27,2
DA:28,2
DA:33,2
DA:35,0
DA:36,0
DA:38,2
DA:42,2
DA:46,4
DA:47,2
DA:50,2
DA:93,2
LF:16
LH:14
BRDA:46,0,0,2
BRDA:46,0,1,2
BRDA:51,1,0,0
BRDA:51,1,1,2
BRDA:57,2,0,1
BRDA:57,2,1,1
BRF:6
BRH:5
end_of_record
TN:
SF:src\api\auth.js
FN:7,(anonymous_0)
FN:29,(anonymous_1)
FNF:2
FNH:0
FNDA:0,(anonymous_0)
FNDA:0,(anonymous_1)
DA:7,0
DA:8,0
DA:9,0
DA:16,0
DA:17,0
DA:19,0
DA:20,0
DA:29,0
DA:30,0
DA:31,0
DA:38,0
DA:39,0
DA:41,0
DA:42,0
LF:14
LH:0
BRF:0
BRH:0
end_of_record
TN:
SF:src\api\notes.js
FN:7,(anonymous_0)
FN:30,(anonymous_1)
FN:53,(anonymous_2)
FN:80,(anonymous_3)
FN:114,(anonymous_4)
FN:142,(anonymous_5)
FN:165,(anonymous_6)
FN:188,(anonymous_7)
FN:212,(anonymous_8)
FNF:9
FNH:2
FNDA:0,(anonymous_0)
FNDA:0,(anonymous_1)
FNDA:1,(anonymous_2)
FNDA:1,(anonymous_3)
FNDA:0,(anonymous_4)
FNDA:0,(anonymous_5)
FNDA:0,(anonymous_6)
FNDA:0,(anonymous_7)
FNDA:0,(anonymous_8)
DA:7,2
DA:8,0
DA:9,0
DA:16,0
DA:17,0
DA:19,0
DA:20,0
DA:30,2
DA:31,0
DA:32,0
DA:39,0
DA:40,0
DA:42,0
DA:43,0
DA:53,2
DA:54,1
DA:55,1
DA:62,1
DA:63,1
DA:65,0
DA:66,0
DA:80,2
DA:81,1
DA:82,1
DA:96,1
DA:97,1
DA:99,0
DA:100,0
DA:114,2
DA:115,0
DA:116,0
DA:128,0
DA:129,0
DA:131,0
DA:132,0
DA:142,2
DA:143,0
DA:144,0
DA:151,0
DA:152,0
DA:154,0
DA:155,0
DA:165,2
DA:166,0
DA:167,0
DA:174,0
DA:175,0
DA:177,0
DA:178,0
DA:188,2
DA:189,0
DA:190,0
DA:197,0
DA:198,0
DA:200,0
DA:201,0
DA:212,2
DA:213,0
DA:214,0
DA:215,0
DA:216,0
DA:218,0
DA:225,0
DA:226,0
DA:228,0
DA:229,0
LF:66
LH:17
BRDA:80,0,0,1
BRDA:114,1,0,0
BRDA:114,2,0,0
BRDA:114,3,0,0
BRDA:212,4,0,0
BRDA:212,5,0,0
BRDA:215,6,0,0
BRDA:215,6,1,0
BRDA:216,7,0,0
BRDA:216,7,1,0
BRF:10
BRH:1
end_of_record
TN:
SF:src\api\suggestions.js
FN:7,(anonymous_0)
FN:30,(anonymous_1)
FN:53,(anonymous_2)
FN:78,(anonymous_3)
FN:109,(anonymous_4)
FN:137,(anonymous_5)
FNF:6
FNH:0
FNDA:0,(anonymous_0)
FNDA:0,(anonymous_1)
FNDA:0,(anonymous_2)
FNDA:0,(anonymous_3)
FNDA:0,(anonymous_4)
FNDA:0,(anonymous_5)
DA:7,0
DA:8,0
DA:9,0
DA:16,0
DA:17,0
DA:19,0
DA:20,0
DA:30,0
DA:31,0
DA:32,0
DA:39,0
DA:40,0
DA:42,0
DA:43,0
DA:53,0
DA:54,0
DA:55,0
DA:62,0
DA:63,0
DA:65,0
DA:66,0
DA:78,0
DA:79,0
DA:80,0
DA:92,0
DA:93,0
DA:95,0
DA:96,0
DA:109,0
DA:110,0
DA:111,0
DA:123,0
DA:124,0
DA:126,0
DA:127,0
DA:137,0
DA:138,0
DA:139,0
DA:146,0
DA:147,0
DA:149,0
DA:150,0
LF:42
LH:0
BRDA:109,0,0,0
BRDA:109,1,0,0
BRDA:109,2,0,0
BRF:3
BRH:0
end_of_record
TN:
SF:src\api\users.js
FN:11,(anonymous_0)
FN:40,(anonymous_1)
FN:66,(anonymous_2)
FN:96,(anonymous_3)
FN:122,(anonymous_4)
FNF:5
FNH:0
FNDA:0,(anonymous_0)
FNDA:0,(anonymous_1)
FNDA:0,(anonymous_2)
FNDA:0,(anonymous_3)
FNDA:0,(anonymous_4)
DA:11,0
DA:12,0
DA:13,0
DA:26,0
DA:27,0
DA:29,0
DA:30,0
DA:40,0
DA:41,0
DA:42,0
DA:48,0
DA:49,0
DA:51,0
DA:52,0
DA:66,0
DA:67,0
DA:68,0
DA:81,0
DA:82,0
DA:84,0
DA:85,0
DA:96,0
DA:97,0
DA:98,0
DA:108,0
DA:109,0
DA:111,0
DA:112,0
DA:122,0
DA:123,0
DA:124,0
DA:131,0
DA:132,0
DA:134,0
DA:135,0
LF:35
LH:0
BRDA:11,0,0,0
BRDA:11,1,0,0
BRDA:66,2,0,0
BRDA:66,3,0,0
BRDA:66,4,0,0
BRDA:66,5,0,0
BRDA:96,6,0,0
BRF:7
BRH:0
end_of_record
TN:
SF:src\components\Leaderboard.tsx
FN:32,(anonymous_0)
FN:36,(anonymous_1)
FN:38,(anonymous_2)
FN:39,(anonymous_3)
FN:40,(anonymous_4)
FN:43,(anonymous_5)
FN:54,(anonymous_6)
FN:80,(anonymous_7)
FN:86,(anonymous_8)
FN:92,(anonymous_9)
FN:98,(anonymous_10)
FNF:11
FNH:0
FNDA:0,(anonymous_0)
FNDA:0,(anonymous_1)
FNDA:0,(anonymous_2)
FNDA:0,(anonymous_3)
FNDA:0,(anonymous_4)
FNDA:0,(anonymous_5)
FNDA:0,(anonymous_6)
FNDA:0,(anonymous_7)
FNDA:0,(anonymous_8)
FNDA:0,(anonymous_9)
FNDA:0,(anonymous_10)
DA:6,0
DA:15,0
DA:21,0
DA:32,0
DA:33,0
DA:34,0
DA:36,0
DA:37,0
DA:38,0
DA:39,0
DA:40,0
DA:43,0
DA:44,0
DA:46,0
DA:47,0
DA:49,0
DA:55,0
DA:56,0
DA:57,0
DA:73,0
DA:80,0
DA:86,0
DA:92,0
DA:99,0
DA:107,0
LF:25
LH:0
BRDA:39,0,0,0
BRDA:39,0,1,0
BRDA:44,1,0,0
BRDA:44,1,1,0
BRDA:46,2,0,0
BRDA:46,2,1,0
BRDA:47,3,0,0
BRDA:47,3,1,0
BRDA:56,4,0,0
BRDA:56,4,1,0
BRDA:63,5,0,0
BRDA:63,5,1,0
BRDA:63,6,0,0
BRDA:63,6,1,0
BRDA:110,7,0,0
BRDA:110,7,1,0
BRDA:113,8,0,0
BRDA:113,8,1,0
BRDA:122,9,0,0
BRDA:122,9,1,0
BRDA:123,10,0,0
BRDA:123,10,1,0
BRDA:124,11,0,0
BRDA:124,11,1,0
BRF:24
BRH:0
end_of_record
TN:
SF:src\components\Modules.tsx
FN:54,(anonymous_0)
FN:60,(anonymous_1)
FN:84,(anonymous_2)
FN:93,(anonymous_3)
FN:94,(anonymous_4)
FN:102,(anonymous_5)
FN:106,(anonymous_6)
FNF:7
FNH:0
FNDA:0,(anonymous_0)
FNDA:0,(anonymous_1)
FNDA:0,(anonymous_2)
FNDA:0,(anonymous_3)
FNDA:0,(anonymous_4)
FNDA:0,(anonymous_5)
FNDA:0,(anonymous_6)
DA:7,0
DA:9,0
DA:43,0
DA:44,0
DA:54,0
DA:55,0
DA:56,0
DA:57,0
DA:59,0
DA:61,0
DA:65,0
DA:67,0
DA:84,0
DA:94,0
DA:95,0
DA:96,0
DA:103,0
DA:106,0
LF:18
LH:0
BRDA:61,0,0,0
BRDA:61,0,1,0
BRDA:71,1,0,0
BRDA:71,1,1,0
BRDA:74,2,0,0
BRDA:74,2,1,0
BRDA:90,3,0,0
BRDA:90,3,1,0
BRDA:91,4,0,0
BRDA:91,4,1,0
BRDA:95,5,0,0
BRDA:95,5,1,0
BRDA:98,6,0,0
BRDA:98,6,1,0
BRDA:109,7,0,0
BRDA:109,7,1,0
BRDA:110,8,0,0
BRDA:110,8,1,0
BRDA:111,9,0,0
BRDA:111,9,1,0
BRF:20
BRH:0
end_of_record
TN:
SF:src\components\PageHeader.tsx
FN:13,(anonymous_0)
FNF:1
FNH:0
FNDA:0,(anonymous_0)
DA:6,0
DA:7,0
DA:13,0
DA:14,0
DA:16,0
LF:5
LH:0
BRDA:19,0,0,0
BRDA:19,0,1,0
BRDA:22,1,0,0
BRDA:22,1,1,0
BRDA:28,2,0,0
BRDA:28,2,1,0
BRF:6
BRH:0
end_of_record
TN:
SF:src\components\SideMenu.tsx
FN:25,(anonymous_0)
FN:37,(anonymous_1)
FN:55,(anonymous_2)
FN:71,(anonymous_3)
FN:77,(anonymous_4)
FN:85,(anonymous_5)
FN:93,(anonymous_6)
FN:99,(anonymous_7)
FN:106,(anonymous_8)
FN:148,(anonymous_9)
FN:166,(anonymous_10)
FN:199,(anonymous_11)
FNF:12
FNH:0
FNDA:0,(anonymous_0)
FNDA:0,(anonymous_1)
FNDA:0,(anonymous_2)
FNDA:0,(anonymous_3)
FNDA:0,(anonymous_4)
FNDA:0,(anonymous_5)
FNDA:0,(anonymous_6)
FNDA:0,(anonymous_7)
FNDA:0,(anonymous_8)
FNDA:0,(anonymous_9)
FNDA:0,(anonymous_10)
FNDA:0,(anonymous_11)
DA:22,0
DA:23,0
DA:25,0
DA:26,0
DA:27,0
DA:28,0
DA:29,0
DA:30,0
DA:32,0
DA:33,0
DA:34,0
DA:35,0
DA:37,0
DA:38,0
DA:39,0
DA:40,0
DA:41,0
DA:42,0
DA:43,0
DA:45,0
DA:47,0
DA:48,0
DA:49,0
DA:51,0
DA:55,0
DA:56,0
DA:57,0
DA:58,0
DA:59,0
DA:60,0
DA:61,0
DA:62,0
DA:63,0
DA:66,0
DA:71,0
DA:77,0
DA:85,0
DA:93,0
DA:99,0
DA:106,0
DA:110,0
DA:148,0
DA:166,0
DA:199,0
LF:44
LH:0
BRDA:33,0,0,0
BRDA:33,0,1,0
BRDA:35,1,0,0
BRDA:35,1,1,0
BRDA:57,2,0,0
BRDA:57,2,1,0
BRDA:57,3,0,0
BRDA:57,3,1,0
BRDA:58,4,0,0
BRDA:58,4,1,0
BRDA:59,5,0,0
BRDA:59,5,1,0
BRDA:60,6,0,0
BRDA:60,6,1,0
BRDA:61,7,0,0
BRDA:61,7,1,0
BRDA:62,8,0,0
BRDA:62,8,1,0
BRDA:79,9,0,0
BRDA:79,9,1,0
BRDA:119,10,0,0
BRDA:119,10,1,0
BRDA:120,11,0,0
BRDA:120,11,1,0
BRDA:135,12,0,0
BRDA:135,12,1,0
BRDA:136,13,0,0
BRDA:136,13,1,0
BRDA:137,14,0,0
BRDA:137,14,1,0
BRDA:140,15,0,0
BRDA:140,15,1,0
BRDA:141,16,0,0
BRDA:141,16,1,0
BRDA:147,17,0,0
BRDA:147,17,1,0
BRDA:149,18,0,0
BRDA:149,18,1,0
BRDA:154,19,0,0
BRDA:154,19,1,0
BRDA:155,20,0,0
BRDA:155,20,1,0
BRDA:160,21,0,0
BRDA:160,21,1,0
BRDA:162,22,0,0
BRDA:162,22,1,0
BRDA:163,23,0,0
BRDA:163,23,1,0
BRDA:168,24,0,0
BRDA:168,24,1,0
BRDA:188,25,0,0
BRDA:188,25,1,0
BRDA:189,26,0,0
BRDA:189,26,1,0
BRDA:202,27,0,0
BRDA:202,27,1,0
BRDA:205,28,0,0
BRDA:205,28,1,0
BRDA:208,29,0,0
BRDA:208,29,1,0
BRDA:212,30,0,0
BRDA:212,30,1,0
BRDA:217,31,0,0
BRDA:217,31,1,0
BRDA:220,32,0,0
BRDA:220,32,1,0
BRDA:223,33,0,0
BRDA:223,33,1,0
BRDA:223,34,0,0
BRDA:223,34,1,0
BRDA:236,35,0,0
BRDA:236,35,1,0
BRDA:239,36,0,0
BRDA:239,36,1,0
BRF:74
BRH:0
end_of_record
TN:
SF:src\components\ThemeContext.tsx
FN:10,(anonymous_0)
FN:13,(anonymous_1)
FN:15,(anonymous_2)
FN:16,(anonymous_3)
FN:21,(anonymous_4)
FN:25,(anonymous_5)
FN:25,(anonymous_6)
FNF:7
FNH:4
FNDA:0,(anonymous_0)
FNDA:16,(anonymous_1)
FNDA:8,(anonymous_2)
FNDA:8,(anonymous_3)
FNDA:8,(anonymous_4)
FNDA:0,(anonymous_5)
FNDA:0,(anonymous_6)
DA:8,4
DA:13,16
DA:15,4
DA:16,8
DA:17,8
DA:18,8
DA:21,8
DA:22,8
DA:25,8
DA:27,8
LF:10
LH:10
BRDA:22,0,0,0
BRDA:22,0,1,8
BRF:2
BRH:1
end_of_record
TN:
SF:src\pages\CreateNotePage.tsx
FN:30,(anonymous_0)
FN:35,(anonymous_1)
FN:52,(anonymous_2)
FN:95,(anonymous_3)
FN:111,(anonymous_4)
FN:121,(anonymous_5)
FN:148,(anonymous_6)
FN:173,(anonymous_7)
FN:186,(anonymous_8)
FN:187,(anonymous_9)
FN:237,(anonymous_10)
FNF:11
FNH:0
FNDA:0,(anonymous_0)
FNDA:0,(anonymous_1)
FNDA:0,(anonymous_2)
FNDA:0,(anonymous_3)
FNDA:0,(anonymous_4)
FNDA:0,(anonymous_5)
FNDA:0,(anonymous_6)
FNDA:0,(anonymous_7)
FNDA:0,(anonymous_8)
FNDA:0,(anonymous_9)
FNDA:0,(anonymous_10)
DA:25,0
DA:26,0
DA:27,0
DA:28,0
DA:30,0
DA:35,0
DA:36,0
DA:37,0
DA:38,0
DA:39,0
DA:40,0
DA:41,0
DA:42,0
DA:44,0
DA:52,0
DA:53,0
DA:54,0
DA:55,0
DA:57,0
DA:58,0
DA:59,0
DA:62,0
DA:63,0
DA:64,0
DA:66,0
DA:67,0
DA:68,0
DA:83,0
DA:85,0
DA:86,0
DA:87,0
DA:90,0
DA:93,0
DA:94,0
DA:95,0
DA:96,0
DA:98,0
DA:106,0
DA:111,0
DA:115,0
DA:116,0
DA:117,0
DA:118,0
DA:120,0
DA:121,0
DA:123,0
DA:125,0
DA:129,0
DA:148,0
DA:173,0
DA:186,0
DA:188,0
DA:189,0
DA:190,0
DA:191,0
DA:193,0
DA:237,0
LF:57
LH:0
BRDA:46,0,0,0
BRDA:46,0,1,0
BRDA:47,1,0,0
BRDA:47,1,1,0
BRDA:48,2,0,0
BRDA:48,2,1,0
BRDA:53,3,0,0
BRDA:53,3,1,0
BRDA:57,4,0,0
BRDA:57,4,1,0
BRDA:63,5,0,0
BRDA:63,5,1,0
BRDA:64,6,0,0
BRDA:64,6,1,0
BRDA:85,7,0,0
BRDA:85,7,1,0
BRDA:86,8,0,0
BRDA:86,8,1,0
BRDA:90,9,0,0
BRDA:90,9,1,0
BRDA:93,10,0,0
BRDA:93,10,1,0
BRDA:96,11,0,0
BRDA:96,11,1,0
BRDA:116,12,0,0
BRDA:116,12,1,0
BRDA:135,13,0,0
BRDA:135,13,1,0
BRDA:189,14,0,0
BRDA:189,14,1,0
BRDA:197,15,0,0
BRDA:197,15,1,0
BRDA:198,16,0,0
BRDA:198,16,1,0
BRDA:201,17,0,0
BRDA:201,17,1,0
BRDA:224,18,0,0
BRDA:224,18,1,0
BRDA:225,19,0,0
BRDA:225,19,1,0
BRF:40
BRH:0
end_of_record
TN:
SF:src\pages\Dashboard.tsx
FN:32,(anonymous_0)
FN:38,(anonymous_1)
FN:49,(anonymous_2)
FN:50,(anonymous_3)
FN:54,(anonymous_4)
FN:84,(anonymous_5)
FN:93,(anonymous_6)
FN:102,(anonymous_7)
FN:106,(anonymous_8)
FN:136,(anonymous_9)
FNF:10
FNH:5
FNDA:4,(anonymous_0)
FNDA:2,(anonymous_1)
FNDA:2,(anonymous_2)
FNDA:2,(anonymous_3)
FNDA:0,(anonymous_4)
FNDA:0,(anonymous_5)
FNDA:0,(anonymous_6)
FNDA:3,(anonymous_7)
FNDA:0,(anonymous_8)
FNDA:0,(anonymous_9)
DA:20,1
DA:21,1
DA:32,1
DA:33,4
DA:34,4
DA:35,4
DA:36,4
DA:38,4
DA:40,2
DA:42,2
DA:43,2
DA:44,2
DA:46,2
DA:49,2
DA:51,2
DA:52,2
DA:54,0
DA:57,4
DA:84,0
DA:93,0
DA:103,3
DA:106,0
DA:136,0
LF:23
LH:18
BRDA:43,0,0,2
BRDA:43,0,1,0
BRDA:44,1,0,0
BRDA:44,1,1,2
BRDA:51,2,0,2
BRDA:51,2,1,0
BRDA:60,3,0,0
BRDA:60,3,1,4
BRDA:64,4,0,0
BRDA:64,4,1,4
BRDA:70,5,0,0
BRDA:70,5,1,4
BRDA:89,6,0,0
BRDA:89,6,1,4
BRDA:98,7,0,3
BRDA:98,7,1,1
BRDA:109,8,0,0
BRDA:109,8,1,3
BRDA:110,9,0,0
BRDA:110,9,1,3
BRDA:111,10,0,0
BRDA:111,10,1,3
BRDA:116,11,0,3
BRDA:116,11,1,0
BRDA:122,12,0,3
BRDA:122,12,1,0
BRDA:123,13,0,0
BRDA:123,13,1,3
BRF:28
BRH:15
end_of_record
TN:
SF:src\pages\EditNotePage.tsx
FN:66,(anonymous_0)
FN:82,(anonymous_1)
FN:85,(anonymous_2)
FN:86,(anonymous_3)
FN:88,(anonymous_4)
FN:104,(anonymous_5)
FN:107,(anonymous_6)
FN:114,(anonymous_7)
FN:122,(anonymous_8)
FN:122,(anonymous_9)
FN:136,(anonymous_10)
FN:172,(anonymous_11)
FN:183,(anonymous_12)
FN:191,(anonymous_13)
FN:198,(anonymous_14)
FN:243,(anonymous_15)
FN:267,(anonymous_16)
FN:296,(anonymous_17)
FN:319,(anonymous_18)
FN:333,(anonymous_19)
FN:342,(anonymous_20)
FN:360,(anonymous_21)
FN:361,(anonymous_22)
FN:401,(anonymous_23)
FNF:24
FNH:0
FNDA:0,(anonymous_0)
FNDA:0,(anonymous_1)
FNDA:0,(anonymous_2)
FNDA:0,(anonymous_3)
FNDA:0,(anonymous_4)
FNDA:0,(anonymous_5)
FNDA:0,(anonymous_6)
FNDA:0,(anonymous_7)
FNDA:0,(anonymous_8)
FNDA:0,(anonymous_9)
FNDA:0,(anonymous_10)
FNDA:0,(anonymous_11)
FNDA:0,(anonymous_12)
FNDA:0,(anonymous_13)
FNDA:0,(anonymous_14)
FNDA:0,(anonymous_15)
FNDA:0,(anonymous_16)
FNDA:0,(anonymous_17)
FNDA:0,(anonymous_18)
FNDA:0,(anonymous_19)
FNDA:0,(anonymous_20)
FNDA:0,(anonymous_21)
FNDA:0,(anonymous_22)
FNDA:0,(anonymous_23)
DA:32,0
DA:34,0
DA:35,0
DA:36,0
DA:38,0
DA:66,0
DA:67,0
DA:68,0
DA:69,0
DA:71,0
DA:72,0
DA:73,0
DA:75,0
DA:76,0
DA:77,0
DA:78,0
DA:79,0
DA:80,0
DA:82,0
DA:83,0
DA:84,0
DA:85,0
DA:86,0
DA:89,0
DA:90,0
DA:91,0
DA:92,0
DA:93,0
DA:94,0
DA:95,0
DA:96,0
DA:97,0
DA:98,0
DA:99,0
DA:100,0
DA:104,0
DA:107,0
DA:108,0
DA:115,0
DA:116,0
DA:117,0
DA:121,0
DA:122,0
DA:123,0
DA:125,0
DA:128,0
DA:130,0
DA:136,0
DA:137,0
DA:138,0
DA:139,0
DA:141,0
DA:142,0
DA:143,0
DA:145,0
DA:147,0
DA:148,0
DA:149,0
DA:163,0
DA:164,0
DA:165,0
DA:166,0
DA:170,0
DA:171,0
DA:172,0
DA:173,0
DA:175,0
DA:182,0
DA:183,0
DA:185,0
DA:187,0
DA:191,0
DA:192,0
DA:199,0
DA:200,0
DA:204,0
DA:205,0
DA:206,0
DA:208,0
DA:211,0
DA:217,0
DA:226,0
DA:227,0
DA:237,0
DA:238,0
DA:243,0
DA:255,0
DA:256,0
DA:267,0
DA:279,0
DA:296,0
DA:319,0
DA:334,0
DA:342,0
DA:360,0
DA:361,0
DA:401,0
LF:97
LH:0
BRDA:83,0,0,0
BRDA:83,0,1,0
BRDA:89,1,0,0
BRDA:89,1,1,0
BRDA:91,2,0,0
BRDA:91,2,1,0
BRDA:92,3,0,0
BRDA:92,3,1,0
BRDA:94,4,0,0
BRDA:94,4,1,0
BRDA:97,5,0,0
BRDA:97,5,1,0
BRDA:98,6,0,0
BRDA:98,6,1,0
BRDA:99,7,0,0
BRDA:99,7,1,0
BRDA:121,8,0,0
BRDA:121,8,1,0
BRDA:137,9,0,0
BRDA:137,9,1,0
BRDA:141,10,0,0
BRDA:141,10,1,0
BRDA:145,11,0,0
BRDA:145,11,1,0
BRDA:164,12,0,0
BRDA:164,12,1,0
BRDA:165,13,0,0
BRDA:165,13,1,0
BRDA:170,14,0,0
BRDA:170,14,1,0
BRDA:173,15,0,0
BRDA:173,15,1,0
BRDA:204,16,0,0
BRDA:204,16,1,0
BRDA:219,17,0,0
BRDA:219,17,1,0
BRDA:220,18,0,0
BRDA:220,18,1,0
BRDA:221,19,0,0
BRDA:221,19,1,0
BRDA:226,20,0,0
BRDA:226,20,1,0
BRDA:237,21,0,0
BRDA:237,21,1,0
BRDA:255,22,0,0
BRDA:255,22,1,0
BRDA:268,23,0,0
BRDA:268,23,1,0
BRDA:329,24,0,0
BRDA:329,24,1,0
BRDA:349,25,0,0
BRDA:349,25,1,0
BRDA:364,26,0,0
BRDA:364,26,1,0
BRDA:365,27,0,0
BRDA:365,27,1,0
BRDA:368,28,0,0
BRDA:368,28,1,0
BRDA:388,29,0,0
BRDA:388,29,1,0
BRDA:389,30,0,0
BRDA:389,30,1,0
BRF:62
BRH:0
end_of_record
TN:
SF:src\pages\Home.tsx
FN:44,(anonymous_0)
FN:172,(anonymous_1)
FNF:2
FNH:0
FNDA:0,(anonymous_0)
FNDA:0,(anonymous_1)
DA:23,0
DA:24,0
DA:26,0
DA:44,0
DA:45,0
DA:47,0
DA:57,0
DA:173,0
LF:8
LH:0
BRDA:49,0,0,0
BRDA:49,0,1,0
BRDA:50,1,0,0
BRDA:50,1,1,0
BRDA:51,2,0,0
BRDA:51,2,1,0
BRDA:61,3,0,0
BRDA:61,3,1,0
BRDA:69,4,0,0
BRDA:69,4,1,0
BRDA:74,5,0,0
BRDA:74,5,1,0
BRDA:89,6,0,0
BRDA:89,6,1,0
BRDA:110,7,0,0
BRDA:110,7,1,0
BRDA:111,8,0,0
BRDA:111,8,1,0
BRDA:112,9,0,0
BRDA:112,9,1,0
BRDA:154,10,0,0
BRDA:154,10,1,0
BRDA:155,11,0,0
BRDA:155,11,1,0
BRDA:156,12,0,0
BRDA:156,12,1,0
BRDA:175,13,0,0
BRDA:175,13,1,0
BRDA:178,14,0,0
BRDA:178,14,1,0
BRDA:191,15,0,0
BRDA:191,15,1,0
BRDA:221,16,0,0
BRDA:221,16,1,0
BRF:34
BRH:0
end_of_record
TN:
SF:src\pages\LeaderboardPage.tsx
FN:29,(anonymous_0)
FN:33,(anonymous_1)
FN:35,(anonymous_2)
FN:36,(anonymous_3)
FN:37,(anonymous_4)
FN:40,(anonymous_5)
FN:50,(anonymous_6)
FN:76,(anonymous_7)
FN:82,(anonymous_8)
FN:88,(anonymous_9)
FN:94,(anonymous_10)
FNF:11
FNH:0
FNDA:0,(anonymous_0)
FNDA:0,(anonymous_1)
FNDA:0,(anonymous_2)
FNDA:0,(anonymous_3)
FNDA:0,(anonymous_4)
FNDA:0,(anonymous_5)
FNDA:0,(anonymous_6)
FNDA:0,(anonymous_7)
FNDA:0,(anonymous_8)
FNDA:0,(anonymous_9)
FNDA:0,(anonymous_10)
DA:7,0
DA:8,0
DA:17,0
DA:23,0
DA:29,0
DA:30,0
DA:31,0
DA:33,0
DA:34,0
DA:35,0
DA:36,0
DA:37,0
DA:40,0
DA:42,0
DA:43,0
DA:45,0
DA:51,0
DA:52,0
DA:53,0
DA:69,0
DA:76,0
DA:82,0
DA:88,0
DA:95,0
DA:103,0
LF:25
LH:0
BRDA:36,0,0,0
BRDA:36,0,1,0
BRDA:42,1,0,0
BRDA:42,1,1,0
BRDA:43,2,0,0
BRDA:43,2,1,0
BRDA:52,3,0,0
BRDA:52,3,1,0
BRDA:59,4,0,0
BRDA:59,4,1,0
BRDA:59,5,0,0
BRDA:59,5,1,0
BRDA:108,6,0,0
BRDA:108,6,1,0
BRDA:114,7,0,0
BRDA:114,7,1,0
BRDA:115,8,0,0
BRDA:115,8,1,0
BRDA:116,9,0,0
BRDA:116,9,1,0
BRF:20
BRH:0
end_of_record
TN:
SF:src\pages\Login.tsx
FN:32,(anonymous_0)
FN:55,(anonymous_1)
FN:60,(anonymous_2)
FN:90,(anonymous_3)
FN:99,(anonymous_4)
FNF:5
FNH:4
FNDA:4,(anonymous_0)
FNDA:4,(anonymous_1)
FNDA:2,(anonymous_2)
FNDA:1,(anonymous_3)
FNDA:0,(anonymous_4)
DA:25,1
DA:26,1
DA:28,1
DA:33,4
DA:34,4
DA:35,4
DA:36,0
DA:55,1
DA:56,4
DA:57,4
DA:58,4
DA:60,4
DA:61,2
DA:63,2
DA:64,2
DA:71,2
DA:73,2
DA:74,1
DA:75,1
DA:76,1
DA:79,1
DA:80,1
DA:83,1
DA:84,1
DA:87,1
DA:88,1
DA:89,1
DA:90,2
DA:91,1
DA:94,0
DA:95,0
DA:99,4
DA:100,0
DA:103,4
LF:34
LH:30
BRDA:33,0,0,0
BRDA:33,0,1,4
BRDA:34,1,0,0
BRDA:34,1,1,4
BRDA:35,2,0,4
BRDA:35,2,1,0
BRDA:73,3,0,1
BRDA:73,3,1,1
BRDA:74,4,0,1
BRDA:74,4,1,0
BRDA:79,5,0,1
BRDA:79,5,1,0
BRDA:83,6,0,1
BRDA:83,6,1,0
BRDA:91,7,0,0
BRDA:91,7,1,1
BRDA:107,8,0,0
BRDA:107,8,1,4
BRDA:125,9,0,0
BRDA:125,9,1,4
BRDA:181,10,0,0
BRDA:181,10,1,4
BRDA:192,11,0,0
BRDA:192,11,1,4
BRDA:248,12,0,0
BRDA:248,12,1,4
BRF:26
BRH:14
end_of_record
TN:
SF:src\pages\ModuleNotesPage.tsx
FN:40,(anonymous_0)
FN:49,(anonymous_1)
FN:51,(anonymous_2)
FN:55,(anonymous_3)
FN:58,(anonymous_4)
FN:59,(anonymous_5)
FN:77,(anonymous_6)
FN:119,(anonymous_7)
FN:123,(anonymous_8)
FNF:9
FNH:0
FNDA:0,(anonymous_0)
FNDA:0,(anonymous_1)
FNDA:0,(anonymous_2)
FNDA:0,(anonymous_3)
FNDA:0,(anonymous_4)
FNDA:0,(anonymous_5)
FNDA:0,(anonymous_6)
FNDA:0,(anonymous_7)
FNDA:0,(anonymous_8)
DA:26,0
DA:27,0
DA:40,0
DA:41,0
DA:42,0
DA:43,0
DA:45,0
DA:46,0
DA:47,0
DA:49,0
DA:51,0
DA:52,0
DA:53,0
DA:54,0
DA:56,0
DA:58,0
DA:59,0
DA:62,0
DA:71,0
DA:77,0
DA:120,0
DA:123,0
LF:22
LH:0
BRDA:52,0,0,0
BRDA:52,0,1,0
BRDA:56,1,0,0
BRDA:56,1,1,0
BRDA:64,2,0,0
BRDA:64,2,1,0
BRDA:67,3,0,0
BRDA:67,3,1,0
BRDA:68,4,0,0
BRDA:68,4,1,0
BRDA:84,5,0,0
BRDA:84,5,1,0
BRDA:88,6,0,0
BRDA:88,6,1,0
BRDA:92,7,0,0
BRDA:92,7,1,0
BRDA:98,8,0,0
BRDA:98,8,1,0
BRDA:102,9,0,0
BRDA:102,9,1,0
BRDA:104,10,0,0
BRDA:104,10,1,0
BRDA:116,11,0,0
BRDA:116,11,1,0
BRDA:137,12,0,0
BRDA:137,12,1,0
BRDA:143,13,0,0
BRDA:143,13,1,0
BRDA:163,14,0,0
BRDA:163,14,1,0
BRDA:176,15,0,0
BRDA:176,15,1,0
BRF:32
BRH:0
end_of_record
TN:
SF:src\pages\ModulesPage.tsx
FN:8,(anonymous_0)
FNF:1
FNH:0
FNDA:0,(anonymous_0)
DA:6,0
DA:8,0
DA:9,0
LF:3
LH:0
BRF:0
BRH:0
end_of_record
TN:
SF:src\pages\MyNotesPage.tsx
FN:22,(anonymous_0)
FN:28,(anonymous_1)
FN:39,(anonymous_2)
FN:40,(anonymous_3)
FN:41,(anonymous_4)
FN:42,(anonymous_5)
FN:68,(anonymous_6)
FN:83,(anonymous_7)
FN:87,(anonymous_8)
FNF:9
FNH:0
FNDA:0,(anonymous_0)
FNDA:0,(anonymous_1)
FNDA:0,(anonymous_2)
FNDA:0,(anonymous_3)
FNDA:0,(anonymous_4)
FNDA:0,(anonymous_5)
FNDA:0,(anonymous_6)
FNDA:0,(anonymous_7)
FNDA:0,(anonymous_8)
DA:8,0
DA:9,0
DA:22,0
DA:23,0
DA:24,0
DA:25,0
DA:26,0
DA:28,0
DA:29,0
DA:30,0
DA:31,0
DA:32,0
DA:33,0
DA:36,0
DA:39,0
DA:40,0
DA:41,0
DA:42,0
DA:45,0
DA:54,0
DA:68,0
DA:84,0
DA:87,0
LF:23
LH:0
BRDA:30,0,0,0
BRDA:30,0,1,0
BRDA:31,1,0,0
BRDA:31,1,1,0
BRDA:40,2,0,0
BRDA:40,2,1,0
BRDA:47,3,0,0
BRDA:47,3,1,0
BRDA:48,4,0,0
BRDA:48,4,1,0
BRDA:49,5,0,0
BRDA:49,5,1,0
BRDA:61,6,0,0
BRDA:61,6,1,0
BRDA:69,7,0,0
BRDA:69,7,1,0
BRDA:75,8,0,0
BRDA:75,8,1,0
BRDA:79,9,0,0
BRDA:79,9,1,0
BRDA:91,10,0,0
BRDA:91,10,1,0
BRDA:97,11,0,0
BRDA:97,11,1,0
BRDA:98,12,0,0
BRDA:98,12,1,0
BRF:26
BRH:0
end_of_record
TN:
SF:src\pages\Note.tsx
FN:43,(anonymous_0)
FN:59,(anonymous_1)
FN:124,(anonymous_2)
FN:127,(anonymous_3)
FN:134,(anonymous_4)
FN:148,(anonymous_5)
FN:150,(anonymous_6)
FN:154,(anonymous_7)
FN:159,(anonymous_8)
FN:164,(anonymous_9)
FN:169,(anonymous_10)
FN:174,(anonymous_11)
FN:188,handleKeyDown
FN:203,handleHeadingChange
FN:214,(anonymous_14)
FN:220,(anonymous_15)
FNF:16
FNH:0
FNDA:0,(anonymous_0)
FNDA:0,(anonymous_1)
FNDA:0,(anonymous_2)
FNDA:0,(anonymous_3)
FNDA:0,(anonymous_4)
FNDA:0,(anonymous_5)
FNDA:0,(anonymous_6)
FNDA:0,(anonymous_7)
FNDA:0,(anonymous_8)
FNDA:0,(anonymous_9)
FNDA:0,(anonymous_10)
FNDA:0,(anonymous_11)
FNDA:0,handleKeyDown
FNDA:0,handleHeadingChange
FNDA:0,(anonymous_14)
FNDA:0,(anonymous_15)
DA:30,0
DA:31,0
DA:33,0
DA:43,0
DA:44,0
DA:56,0
DA:60,0
DA:62,0
DA:63,0
DA:64,0
DA:65,0
DA:69,0
DA:70,0
DA:72,0
DA:83,0
DA:124,0
DA:127,0
DA:134,0
DA:148,0
DA:151,0
DA:154,0
DA:159,0
DA:164,0
DA:169,0
DA:174,0
DA:189,0
DA:190,0
DA:192,0
DA:193,0
DA:197,0
DA:200,0
DA:204,0
DA:205,0
DA:207,0
DA:208,0
DA:214,0
DA:215,0
DA:216,0
DA:217,0
DA:220,0
DA:221,0
DA:222,0
DA:223,0
LF:43
LH:0
BRDA:63,0,0,0
BRDA:63,0,1,0
BRDA:70,1,0,0
BRDA:70,1,1,0
BRDA:158,2,0,0
BRDA:158,2,1,0
BRDA:163,3,0,0
BRDA:163,3,1,0
BRDA:168,4,0,0
BRDA:168,4,1,0
BRDA:173,5,0,0
BRDA:173,5,1,0
BRDA:189,6,0,0
BRDA:189,6,1,0
BRDA:204,7,0,0
BRDA:204,7,1,0
BRF:16
BRH:0
end_of_record
TN:
SF:src\pages\NoteDetailPage.tsx
FN:111,(anonymous_0)
FN:128,(anonymous_1)
FN:135,(anonymous_2)
FN:141,(anonymous_3)
FN:149,(anonymous_4)
FN:159,(anonymous_5)
FN:164,(anonymous_6)
FN:189,(anonymous_7)
FN:194,(anonymous_8)
FN:195,(anonymous_9)
FN:216,(anonymous_10)
FN:223,(anonymous_11)
FN:224,(anonymous_12)
FN:250,(anonymous_13)
FN:251,(anonymous_14)
FN:256,(anonymous_15)
FN:274,(anonymous_16)
FN:295,(anonymous_17)
FN:310,(anonymous_18)
FN:317,(anonymous_19)
FN:332,(anonymous_20)
FN:341,(anonymous_21)
FN:360,(anonymous_22)
FN:375,(anonymous_23)
FN:411,(anonymous_24)
FN:447,(anonymous_25)
FN:460,(anonymous_26)
FN:468,(anonymous_27)
FN:580,(anonymous_28)
FN:584,(anonymous_29)
FN:659,(anonymous_30)
FN:690,(anonymous_31)
FNF:32
FNH:0
FNDA:0,(anonymous_0)
FNDA:0,(anonymous_1)
FNDA:0,(anonymous_2)
FNDA:0,(anonymous_3)
FNDA:0,(anonymous_4)
FNDA:0,(anonymous_5)
FNDA:0,(anonymous_6)
FNDA:0,(anonymous_7)
FNDA:0,(anonymous_8)
FNDA:0,(anonymous_9)
FNDA:0,(anonymous_10)
FNDA:0,(anonymous_11)
FNDA:0,(anonymous_12)
FNDA:0,(anonymous_13)
FNDA:0,(anonymous_14)
FNDA:0,(anonymous_15)
FNDA:0,(anonymous_16)
FNDA:0,(anonymous_17)
FNDA:0,(anonymous_18)
FNDA:0,(anonymous_19)
FNDA:0,(anonymous_20)
FNDA:0,(anonymous_21)
FNDA:0,(anonymous_22)
FNDA:0,(anonymous_23)
FNDA:0,(anonymous_24)
FNDA:0,(anonymous_25)
FNDA:0,(anonymous_26)
FNDA:0,(anonymous_27)
FNDA:0,(anonymous_28)
FNDA:0,(anonymous_29)
FNDA:0,(anonymous_30)
FNDA:0,(anonymous_31)
DA:33,0
DA:34,0
DA:102,0
DA:111,0
DA:128,0
DA:129,0
DA:130,0
DA:131,0
DA:132,0
DA:135,0
DA:136,0
DA:137,0
DA:138,0
DA:141,0
DA:142,0
DA:143,0
DA:144,0
DA:145,0
DA:146,0
DA:149,0
DA:150,0
DA:151,0
DA:152,0
DA:153,0
DA:154,0
DA:156,0
DA:159,0
DA:160,0
DA:161,0
DA:162,0
DA:164,0
DA:165,0
DA:166,0
DA:170,0
DA:174,0
DA:175,0
DA:176,0
DA:177,0
DA:178,0
DA:179,0
DA:180,0
DA:181,0
DA:182,0
DA:183,0
DA:184,0
DA:185,0
DA:187,0
DA:189,0
DA:190,0
DA:191,0
DA:194,0
DA:195,0
DA:196,0
DA:197,0
DA:198,0
DA:201,0
DA:202,0
DA:205,0
DA:206,0
DA:209,0
DA:210,0
DA:211,0
DA:212,0
DA:213,0
DA:216,0
DA:220,0
DA:223,0
DA:224,0
DA:225,0
DA:226,0
DA:227,0
DA:228,0
DA:231,0
DA:232,0
DA:233,0
DA:234,0
DA:235,0
DA:237,0
DA:238,0
DA:239,0
DA:242,0
DA:243,0
DA:245,0
DA:250,0
DA:251,0
DA:253,0
DA:254,0
DA:256,0
DA:257,0
DA:260,0
DA:261,0
DA:266,0
DA:269,0
DA:270,0
DA:274,0
DA:276,0
DA:277,0
DA:278,0
DA:280,0
DA:281,0
DA:285,0
DA:286,0
DA:288,0
DA:292,0
DA:295,0
DA:296,0
DA:298,0
DA:299,0
DA:300,0
DA:301,0
DA:302,0
DA:304,0
DA:306,0
DA:310,0
DA:311,0
DA:317,0
DA:318,0
DA:320,0
DA:322,0
DA:323,0
DA:324,0
DA:325,0
DA:327,0
DA:328,0
DA:329,0
DA:332,0
DA:333,0
DA:335,0
DA:337,0
DA:341,0
DA:342,0
DA:344,0
DA:345,0
DA:351,0
DA:353,0
DA:354,0
DA:355,0
DA:358,0
DA:359,0
DA:360,0
DA:361,0
DA:369,0
DA:371,0
DA:375,0
DA:376,0
DA:377,0
DA:378,0
DA:381,0
DA:382,0
DA:383,0
DA:395,0
DA:396,0
DA:397,0
DA:398,0
DA:401,0
DA:402,0
DA:403,0
DA:405,0
DA:407,0
DA:411,0
DA:412,0
DA:413,0
DA:414,0
DA:417,0
DA:418,0
DA:419,0
DA:420,0
DA:421,0
DA:422,0
DA:425,0
DA:433,0
DA:434,0
DA:443,0
DA:444,0
DA:447,0
DA:456,0
DA:460,0
DA:468,0
DA:581,0
DA:584,0
DA:660,0
DA:661,0
DA:690,0
LF:183
LH:0
BRDA:113,0,0,0
BRDA:113,0,1,0
BRDA:113,0,2,0
BRDA:114,1,0,0
BRDA:114,1,1,0
BRDA:115,2,0,0
BRDA:115,2,1,0
BRDA:116,3,0,0
BRDA:116,3,1,0
BRDA:116,3,2,0
BRDA:118,4,0,0
BRDA:118,4,1,0
BRDA:118,4,2,0
BRDA:119,5,0,0
BRDA:119,5,1,0
BRDA:120,6,0,0
BRDA:120,6,1,0
BRDA:129,7,0,0
BRDA:129,7,1,0
BRDA:129,8,0,0
BRDA:129,8,1,0
BRDA:136,9,0,0
BRDA:136,9,1,0
BRDA:137,10,0,0
BRDA:137,10,1,0
BRDA:138,11,0,0
BRDA:138,11,1,0
BRDA:141,12,0,0
BRDA:142,13,0,0
BRDA:142,13,1,0
BRDA:144,14,0,0
BRDA:144,14,1,0
BRDA:145,15,0,0
BRDA:145,15,1,0
BRDA:150,16,0,0
BRDA:150,16,1,0
BRDA:152,17,0,0
BRDA:152,17,1,0
BRDA:153,18,0,0
BRDA:153,18,1,0
BRDA:153,19,0,0
BRDA:153,19,1,0
BRDA:153,19,2,0
BRDA:166,20,0,0
BRDA:166,20,1,0
BRDA:170,21,0,0
BRDA:170,21,1,0
BRDA:170,21,2,0
BRDA:172,22,0,0
BRDA:172,22,1,0
BRDA:187,23,0,0
BRDA:187,23,1,0
BRDA:187,23,2,0
BRDA:190,24,0,0
BRDA:190,24,1,0
BRDA:190,25,0,0
BRDA:190,25,1,0
BRDA:190,25,2,0
BRDA:191,26,0,0
BRDA:191,26,1,0
BRDA:196,27,0,0
BRDA:196,27,1,0
BRDA:201,28,0,0
BRDA:201,28,1,0
BRDA:210,29,0,0
BRDA:210,29,1,0
BRDA:210,30,0,0
BRDA:210,30,1,0
BRDA:212,31,0,0
BRDA:212,31,1,0
BRDA:213,32,0,0
BRDA:213,32,1,0
BRDA:225,33,0,0
BRDA:225,33,1,0
BRDA:237,34,0,0
BRDA:237,34,1,0
BRDA:237,35,0,0
BRDA:237,35,1,0
BRDA:253,36,0,0
BRDA:253,36,1,0
BRDA:254,37,0,0
BRDA:254,37,1,0
BRDA:256,38,0,0
BRDA:256,38,1,0
BRDA:260,39,0,0
BRDA:260,39,1,0
BRDA:269,40,0,0
BRDA:269,40,1,0
BRDA:276,41,0,0
BRDA:276,41,1,0
BRDA:296,42,0,0
BRDA:296,42,1,0
BRDA:302,43,0,0
BRDA:302,43,1,0
BRDA:318,44,0,0
BRDA:318,44,1,0
BRDA:318,45,0,0
BRDA:318,45,1,0
BRDA:320,46,0,0
BRDA:320,46,1,0
BRDA:327,47,0,0
BRDA:327,47,1,0
BRDA:328,48,0,0
BRDA:328,48,1,0
BRDA:328,48,2,0
BRDA:332,49,0,0
BRDA:332,49,1,0
BRDA:332,50,0,0
BRDA:332,50,1,0
BRDA:333,51,0,0
BRDA:333,51,1,0
BRDA:342,52,0,0
BRDA:342,52,1,0
BRDA:342,53,0,0
BRDA:342,53,1,0
BRDA:342,53,2,0
BRDA:342,53,3,0
BRDA:353,54,0,0
BRDA:353,54,1,0
BRDA:353,55,0,0
BRDA:353,55,1,0
BRDA:354,56,0,0
BRDA:354,56,1,0
BRDA:361,57,0,0
BRDA:361,57,1,0
BRDA:364,58,0,0
BRDA:364,58,1,0
BRDA:365,59,0,0
BRDA:365,59,1,0
BRDA:376,60,0,0
BRDA:376,60,1,0
BRDA:376,61,0,0
BRDA:376,61,1,0
BRDA:376,61,2,0
BRDA:389,62,0,0
BRDA:389,62,1,0
BRDA:389,62,2,0
BRDA:396,63,0,0
BRDA:396,63,1,0
BRDA:396,64,0,0
BRDA:396,64,1,0
BRDA:397,65,0,0
BRDA:397,65,1,0
BRDA:397,65,2,0
BRDA:412,66,0,0
BRDA:412,66,1,0
BRDA:412,67,0,0
BRDA:412,67,1,0
BRDA:427,68,0,0
BRDA:427,68,1,0
BRDA:428,69,0,0
BRDA:428,69,1,0
BRDA:429,70,0,0
BRDA:429,70,1,0
BRDA:433,71,0,0
BRDA:433,71,1,0
BRDA:443,72,0,0
BRDA:443,72,1,0
BRDA:464,73,0,0
BRDA:464,73,1,0
BRDA:470,74,0,0
BRDA:470,74,1,0
BRDA:471,75,0,0
BRDA:471,75,1,0
BRDA:479,76,0,0
BRDA:479,76,1,0
BRDA:483,77,0,0
BRDA:483,77,1,0
BRDA:487,78,0,0
BRDA:487,78,1,0
BRDA:494,79,0,0
BRDA:494,79,1,0
BRDA:502,80,0,0
BRDA:502,80,1,0
BRDA:504,81,0,0
BRDA:504,81,1,0
BRDA:516,82,0,0
BRDA:516,82,1,0
BRDA:521,83,0,0
BRDA:521,83,1,0
BRDA:530,84,0,0
BRDA:530,84,1,0
BRDA:537,85,0,0
BRDA:537,85,1,0
BRDA:551,86,0,0
BRDA:551,86,1,0
BRDA:552,87,0,0
BRDA:552,87,1,0
BRDA:560,88,0,0
BRDA:560,88,1,0
BRDA:561,89,0,0
BRDA:561,89,1,0
BRDA:568,90,0,0
BRDA:568,90,1,0
BRDA:583,91,0,0
BRDA:583,91,1,0
BRDA:600,92,0,0
BRDA:600,92,1,0
BRDA:612,93,0,0
BRDA:612,93,1,0
BRDA:631,94,0,0
BRDA:631,94,1,0
BRDA:632,95,0,0
BRDA:632,95,1,0
BRDA:632,96,0,0
BRDA:632,96,1,0
BRDA:633,97,0,0
BRDA:633,97,1,0
BRDA:636,98,0,0
BRDA:636,98,1,0
BRDA:637,99,0,0
BRDA:637,99,1,0
BRDA:641,100,0,0
BRDA:641,100,1,0
BRDA:641,100,2,0
BRDA:646,101,0,0
BRDA:646,101,1,0
BRDA:655,102,0,0
BRDA:655,102,1,0
BRDA:660,103,0,0
BRDA:660,103,1,0
BRDA:660,103,2,0
BRDA:674,104,0,0
BRDA:674,104,1,0
BRDA:701,105,0,0
BRDA:701,105,1,0
BRDA:702,106,0,0
BRDA:702,106,1,0
BRF:228
BRH:0
end_of_record
TN:
SF:src\pages\Profile.tsx
FN:60,(anonymous_0)
FN:67,(anonymous_1)
FN:74,(anonymous_2)
FN:103,(anonymous_3)
FN:109,(anonymous_4)
FN:114,(anonymous_5)
FN:120,(anonymous_6)
FN:121,(anonymous_7)
FN:138,(anonymous_8)
FN:139,(anonymous_9)
FN:163,(anonymous_10)
FN:168,(anonymous_11)
FN:169,(anonymous_12)
FN:171,(anonymous_13)
FN:177,(anonymous_14)
FN:215,(anonymous_15)
FN:413,(anonymous_16)
FN:417,(anonymous_17)
FN:489,(anonymous_18)
FNF:19
FNH:0
FNDA:0,(anonymous_0)
FNDA:0,(anonymous_1)
FNDA:0,(anonymous_2)
FNDA:0,(anonymous_3)
FNDA:0,(anonymous_4)
FNDA:0,(anonymous_5)
FNDA:0,(anonymous_6)
FNDA:0,(anonymous_7)
FNDA:0,(anonymous_8)
FNDA:0,(anonymous_9)
FNDA:0,(anonymous_10)
FNDA:0,(anonymous_11)
FNDA:0,(anonymous_12)
FNDA:0,(anonymous_13)
FNDA:0,(anonymous_14)
FNDA:0,(anonymous_15)
FNDA:0,(anonymous_16)
FNDA:0,(anonymous_17)
FNDA:0,(anonymous_18)
DA:34,0
DA:35,0
DA:54,0
DA:60,0
DA:61,0
DA:62,0
DA:63,0
DA:64,0
DA:67,0
DA:68,0
DA:69,0
DA:70,0
DA:71,0
DA:72,0
DA:74,0
DA:75,0
DA:76,0
DA:77,0
DA:78,0
DA:79,0
DA:80,0
DA:82,0
DA:84,0
DA:85,0
DA:86,0
DA:88,0
DA:92,0
DA:93,0
DA:94,0
DA:95,0
DA:97,0
DA:98,0
DA:99,0
DA:100,0
DA:101,0
DA:103,0
DA:104,0
DA:105,0
DA:107,0
DA:108,0
DA:109,0
DA:110,0
DA:114,0
DA:115,0
DA:117,0
DA:118,0
DA:120,0
DA:121,0
DA:124,0
DA:125,0
DA:128,0
DA:129,0
DA:131,0
DA:134,0
DA:135,0
DA:137,0
DA:138,0
DA:139,0
DA:141,0
DA:142,0
DA:143,0
DA:144,0
DA:146,0
DA:147,0
DA:148,0
DA:151,0
DA:152,0
DA:155,0
DA:156,0
DA:161,0
DA:163,0
DA:164,0
DA:168,0
DA:169,0
DA:170,0
DA:171,0
DA:172,0
DA:173,0
DA:177,0
DA:178,0
DA:179,0
DA:180,0
DA:183,0
DA:184,0
DA:185,0
DA:188,0
DA:189,0
DA:190,0
DA:193,0
DA:194,0
DA:195,0
DA:196,0
DA:198,0
DA:199,0
DA:200,0
DA:203,0
DA:204,0
DA:206,0
DA:207,0
DA:209,0
DA:212,0
DA:215,0
DA:216,0
DA:217,0
DA:218,0
DA:221,0
DA:222,0
DA:223,0
DA:224,0
DA:225,0
DA:226,0
DA:229,0
DA:230,0
DA:232,0
DA:233,0
DA:235,0
DA:239,0
DA:247,0
DA:248,0
DA:250,0
DA:414,0
DA:417,0
DA:489,0
LF:123
LH:0
BRDA:61,0,0,0
BRDA:61,0,1,0
BRDA:62,1,0,0
BRDA:62,1,1,0
BRDA:63,2,0,0
BRDA:63,2,1,0
BRDA:93,3,0,0
BRDA:93,3,1,0
BRDA:94,4,0,0
BRDA:94,4,1,0
BRDA:95,5,0,0
BRDA:95,5,1,0
BRDA:105,6,0,0
BRDA:105,6,1,0
BRDA:107,7,0,0
BRDA:107,7,1,0
BRDA:124,8,0,0
BRDA:124,8,1,0
BRDA:128,9,0,0
BRDA:128,9,1,0
BRDA:128,10,0,0
BRDA:128,10,1,0
BRDA:128,10,2,0
BRDA:129,11,0,0
BRDA:129,11,1,0
BRDA:134,12,0,0
BRDA:134,12,1,0
BRDA:137,13,0,0
BRDA:137,13,1,0
BRDA:141,14,0,0
BRDA:141,14,1,0
BRDA:151,15,0,0
BRDA:151,15,1,0
BRDA:155,16,0,0
BRDA:155,16,1,0
BRDA:178,17,0,0
BRDA:178,17,1,0
BRDA:178,18,0,0
BRDA:178,18,1,0
BRDA:183,19,0,0
BRDA:183,19,1,0
BRDA:188,20,0,0
BRDA:188,20,1,0
BRDA:198,21,0,0
BRDA:198,21,1,0
BRDA:199,22,0,0
BRDA:199,22,1,0
BRDA:216,23,0,0
BRDA:216,23,1,0
BRDA:216,24,0,0
BRDA:216,24,1,0
BRDA:224,25,0,0
BRDA:224,25,1,0
BRDA:225,26,0,0
BRDA:225,26,1,0
BRDA:241,27,0,0
BRDA:241,27,1,0
BRDA:242,28,0,0
BRDA:242,28,1,0
BRDA:243,29,0,0
BRDA:243,29,1,0
BRDA:247,30,0,0
BRDA:247,30,1,0
BRDA:247,31,0,0
BRDA:247,31,1,0
BRDA:247,32,0,0
BRDA:247,32,1,0
BRDA:248,33,0,0
BRDA:248,33,1,0
BRDA:248,34,0,0
BRDA:248,34,1,0
BRDA:268,35,0,0
BRDA:268,35,1,0
BRDA:280,36,0,0
BRDA:280,36,1,0
BRDA:298,37,0,0
BRDA:298,37,1,0
BRDA:304,38,0,0
BRDA:304,38,1,0
BRDA:325,39,0,0
BRDA:325,39,1,0
BRDA:325,40,0,0
BRDA:325,40,1,0
BRDA:326,41,0,0
BRDA:326,41,1,0
BRDA:341,42,0,0
BRDA:341,42,1,0
BRDA:348,43,0,0
BRDA:348,43,1,0
BRDA:364,44,0,0
BRDA:364,44,1,0
BRDA:372,45,0,0
BRDA:372,45,1,0
BRDA:399,46,0,0
BRDA:399,46,1,0
BRDA:405,47,0,0
BRDA:405,47,1,0
BRDA:409,48,0,0
BRDA:409,48,1,0
BRDA:420,49,0,0
BRDA:420,49,1,0
BRDA:421,50,0,0
BRDA:421,50,1,0
BRDA:431,51,0,0
BRDA:431,51,1,0
BRDA:438,52,0,0
BRDA:438,52,1,0
BRDA:450,53,0,0
BRDA:450,53,1,0
BRDA:451,54,0,0
BRDA:451,54,1,0
BRDA:468,55,0,0
BRDA:468,55,1,0
BRF:113
BRH:0
end_of_record
TN:
SF:src\pages\Register.tsx
FN:51,(anonymous_0)
FN:52,(anonymous_1)
FN:70,(anonymous_2)
FN:77,(anonymous_3)
FN:99,(anonymous_4)
FN:109,(anonymous_5)
FNF:6
FNH:5
FNDA:4,(anonymous_0)
FNDA:4,(anonymous_1)
FNDA:4,(anonymous_2)
FNDA:2,(anonymous_3)
FNDA:1,(anonymous_4)
FNDA:0,(anonymous_5)
DA:27,1
DA:28,1
DA:30,1
DA:51,4
DA:53,4
DA:54,4
DA:56,0
DA:70,1
DA:71,4
DA:72,4
DA:73,4
DA:75,4
DA:77,4
DA:78,2
DA:79,2
DA:81,2
DA:82,2
DA:88,2
DA:91,2
DA:92,1
DA:93,1
DA:94,1
DA:95,1
DA:98,1
DA:99,1
DA:100,1
DA:102,1
DA:104,0
DA:105,0
DA:109,4
DA:110,0
DA:113,4
LF:32
LH:28
BRDA:53,0,0,4
BRDA:53,0,1,0
BRDA:53,1,0,4
BRDA:53,1,1,4
BRDA:91,2,0,1
BRDA:91,2,1,1
BRDA:92,3,0,1
BRDA:92,3,1,0
BRDA:118,4,0,0
BRDA:118,4,1,4
BRDA:136,5,0,0
BRDA:136,5,1,4
BRDA:187,6,0,0
BRDA:187,6,1,4
BRDA:200,7,0,0
BRDA:200,7,1,4
BRDA:300,8,0,0
BRDA:300,8,1,4
BRF:18
BRH:11
end_of_record
TN:
SF:src\pages\SearchNotesPage.tsx
FN:33,(anonymous_0)
FN:43,(anonymous_1)
FN:61,(anonymous_2)
FN:66,(anonymous_3)
FN:67,(anonymous_4)
FN:96,(anonymous_5)
FN:112,(anonymous_6)
FN:113,(anonymous_7)
FN:157,(anonymous_8)
FN:171,(anonymous_9)
FN:186,(anonymous_10)
FN:190,(anonymous_11)
FN:233,(anonymous_12)
FNF:13
FNH:0
FNDA:0,(anonymous_0)
FNDA:0,(anonymous_1)
FNDA:0,(anonymous_2)
FNDA:0,(anonymous_3)
FNDA:0,(anonymous_4)
FNDA:0,(anonymous_5)
FNDA:0,(anonymous_6)
FNDA:0,(anonymous_7)
FNDA:0,(anonymous_8)
FNDA:0,(anonymous_9)
FNDA:0,(anonymous_10)
FNDA:0,(anonymous_11)
FNDA:0,(anonymous_12)
DA:9,0
DA:10,0
DA:24,0
DA:33,0
DA:34,0
DA:35,0
DA:36,0
DA:37,0
DA:38,0
DA:39,0
DA:40,0
DA:41,0
DA:43,0
DA:44,0
DA:45,0
DA:46,0
DA:47,0
DA:48,0
DA:49,0
DA:51,0
DA:54,0
DA:55,0
DA:57,0
DA:61,0
DA:63,0
DA:66,0
DA:67,0
DA:68,0
DA:69,0
DA:71,0
DA:72,0
DA:73,0
DA:76,0
DA:77,0
DA:78,0
DA:81,0
DA:82,0
DA:85,0
DA:86,0
DA:87,0
DA:89,0
DA:93,0
DA:96,0
DA:97,0
DA:99,0
DA:100,0
DA:101,0
DA:105,0
DA:107,0
DA:108,0
DA:109,0
DA:112,0
DA:113,0
DA:114,0
DA:119,0
DA:121,0
DA:123,0
DA:127,0
DA:157,0
DA:171,0
DA:187,0
DA:190,0
DA:234,0
DA:235,0
LF:64
LH:0
BRDA:47,0,0,0
BRDA:47,0,1,0
BRDA:47,1,0,0
BRDA:47,1,1,0
BRDA:48,2,0,0
BRDA:48,2,1,0
BRDA:69,3,0,0
BRDA:69,3,1,0
BRDA:71,4,0,0
BRDA:71,4,1,0
BRDA:76,5,0,0
BRDA:76,5,1,0
BRDA:76,6,0,0
BRDA:76,6,1,0
BRDA:86,7,0,0
BRDA:86,7,1,0
BRDA:86,8,0,0
BRDA:86,8,1,0
BRDA:87,9,0,0
BRDA:87,9,1,0
BRDA:97,10,0,0
BRDA:97,10,1,0
BRDA:107,11,0,0
BRDA:107,11,1,0
BRDA:107,12,0,0
BRDA:107,12,1,0
BRDA:108,13,0,0
BRDA:108,13,1,0
BRDA:108,13,2,0
BRDA:114,14,0,0
BRDA:114,14,1,0
BRDA:115,15,0,0
BRDA:115,15,1,0
BRDA:119,16,0,0
BRDA:119,16,1,0
BRDA:133,17,0,0
BRDA:133,17,1,0
BRDA:143,18,0,0
BRDA:143,18,1,0
BRDA:144,19,0,0
BRDA:144,19,1,0
BRDA:145,20,0,0
BRDA:145,20,1,0
BRDA:181,21,0,0
BRDA:181,21,1,0
BRDA:181,22,0,0
BRDA:181,22,1,0
BRDA:182,23,0,0
BRDA:182,23,1,0
BRDA:182,24,0,0
BRDA:182,24,1,0
BRDA:193,25,0,0
BRDA:193,25,1,0
BRDA:194,26,0,0
BRDA:194,26,1,0
BRDA:195,27,0,0
BRDA:195,27,1,0
BRDA:203,28,0,0
BRDA:203,28,1,0
BRDA:213,29,0,0
BRDA:213,29,1,0
BRDA:219,30,0,0
BRDA:219,30,1,0
BRDA:220,31,0,0
BRDA:220,31,1,0
BRDA:226,32,0,0
BRDA:226,32,1,0
BRDA:228,33,0,0
BRDA:228,33,1,0
BRDA:238,34,0,0
BRDA:238,34,1,0
BRF:71
BRH:0
end_of_record
TN:
SF:src\pages\TeacherDashboard.tsx
FN:33,(anonymous_0)
FN:38,(anonymous_1)
FN:40,(anonymous_2)
FN:41,(anonymous_3)
FN:44,(anonymous_4)
FN:47,(anonymous_5)
FN:55,(anonymous_6)
FN:56,(anonymous_7)
FN:93,(anonymous_8)
FN:109,(anonymous_9)
FN:113,(anonymous_10)
FN:154,(anonymous_11)
FN:167,(anonymous_12)
FNF:13
FNH:0
FNDA:0,(anonymous_0)
FNDA:0,(anonymous_1)
FNDA:0,(anonymous_2)
FNDA:0,(anonymous_3)
FNDA:0,(anonymous_4)
FNDA:0,(anonymous_5)
FNDA:0,(anonymous_6)
FNDA:0,(anonymous_7)
FNDA:0,(anonymous_8)
FNDA:0,(anonymous_9)
FNDA:0,(anonymous_10)
FNDA:0,(anonymous_11)
FNDA:0,(anonymous_12)
DA:21,0
DA:22,0
DA:33,0
DA:34,0
DA:35,0
DA:36,0
DA:38,0
DA:39,0
DA:40,0
DA:42,0
DA:44,0
DA:47,0
DA:48,0
DA:49,0
DA:50,0
DA:51,0
DA:52,0
DA:53,0
DA:54,0
DA:55,0
DA:56,0
DA:59,0
DA:62,0
DA:66,0
DA:93,0
DA:110,0
DA:113,0
DA:154,0
DA:167,0
LF:29
LH:0
BRDA:42,0,0,0
BRDA:42,0,1,0
BRDA:49,1,0,0
BRDA:49,1,1,0
BRDA:53,2,0,0
BRDA:53,2,1,0
BRDA:54,3,0,0
BRDA:54,3,1,0
BRDA:56,4,0,0
BRDA:56,4,1,0
BRDA:56,5,0,0
BRDA:56,5,1,0
BRDA:59,6,0,0
BRDA:59,6,1,0
BRDA:69,7,0,0
BRDA:69,7,1,0
BRDA:73,8,0,0
BRDA:73,8,1,0
BRDA:79,9,0,0
BRDA:79,9,1,0
BRDA:99,10,0,0
BRDA:99,10,1,0
BRDA:105,11,0,0
BRDA:105,11,1,0
BRDA:116,12,0,0
BRDA:116,12,1,0
BRDA:119,13,0,0
BRDA:119,13,1,0
BRDA:120,14,0,0
BRDA:120,14,1,0
BRDA:125,15,0,0
BRDA:125,15,1,0
BRDA:131,16,0,0
BRDA:131,16,1,0
BRDA:140,17,0,0
BRDA:140,17,1,0
BRDA:141,18,0,0
BRDA:141,18,1,0
BRDA:151,19,0,0
BRDA:151,19,1,0
BRDA:152,20,0,0
BRDA:152,20,1,0
BRDA:153,21,0,0
BRDA:153,21,1,0
BRDA:157,22,0,0
BRDA:157,22,1,0
BRF:46
BRH:0
end_of_record
