TN:
SF:src\App.tsx
FN:20,AppContent
FN:25,(anonymous_1)
FN:26,(anonymous_2)
FN:92,App
FNF:4
FNH:4
FNDA:4,AppContent
FNDA:2,(anonymous_1)
FNDA:2,(anonymous_2)
FNDA:2,App
DA:21,4
DA:22,4
DA:23,4
DA:25,4
DA:26,2
DA:27,2
DA:28,2
DA:33,2
DA:35,0
DA:36,0
DA:38,2
DA:42,2
DA:46,4
DA:47,2
DA:50,2
DA:93,2
LF:16
LH:14
BRDA:46,0,0,2
BRDA:46,0,1,2
BRDA:51,1,0,0
BRDA:51,1,1,2
BRDA:57,2,0,1
BRDA:57,2,1,1
BRF:6
BRH:5
end_of_record
TN:
SF:src\api\auth.js
FN:7,(anonymous_0)
FN:29,(anonymous_1)
FNF:2
FNH:2
FNDA:2,(anonymous_0)
FNDA:1,(anonymous_1)
DA:7,1
DA:8,2
DA:9,2
DA:16,1
DA:17,1
DA:19,1
DA:20,1
DA:29,1
DA:30,1
DA:31,1
DA:38,1
DA:39,1
DA:41,0
DA:42,0
LF:14
LH:12
BRF:0
BRH:0
end_of_record
TN:
SF:src\api\notes.js
FN:7,(anonymous_0)
FN:30,(anonymous_1)
FN:53,(anonymous_2)
FN:80,(anonymous_3)
FN:114,(anonymous_4)
FN:142,(anonymous_5)
FN:165,(anonymous_6)
FN:188,(anonymous_7)
FN:212,(anonymous_8)
FNF:9
FNH:9
FNDA:2,(anonymous_0)
FNDA:2,(anonymous_1)
FNDA:2,(anonymous_2)
FNDA:2,(anonymous_3)
FNDA:2,(anonymous_4)
FNDA:2,(anonymous_5)
FNDA:2,(anonymous_6)
FNDA:2,(anonymous_7)
FNDA:2,(anonymous_8)
DA:7,2
DA:8,2
DA:9,2
DA:16,1
DA:17,1
DA:19,1
DA:20,1
DA:30,2
DA:31,2
DA:32,2
DA:39,1
DA:40,1
DA:42,1
DA:43,1
DA:53,2
DA:54,2
DA:55,2
DA:62,1
DA:63,1
DA:65,1
DA:66,1
DA:80,2
DA:81,2
DA:82,2
DA:96,1
DA:97,1
DA:99,1
DA:100,1
DA:114,2
DA:115,2
DA:116,2
DA:128,1
DA:129,1
DA:131,1
DA:132,1
DA:142,2
DA:143,2
DA:144,2
DA:151,1
DA:152,1
DA:154,1
DA:155,1
DA:165,2
DA:166,2
DA:167,2
DA:174,1
DA:175,1
DA:177,1
DA:178,1
DA:188,2
DA:189,2
DA:190,2
DA:197,1
DA:198,1
DA:200,1
DA:201,1
DA:212,2
DA:213,2
DA:214,2
DA:215,2
DA:216,2
DA:218,2
DA:225,1
DA:226,1
DA:228,1
DA:229,1
LF:66
LH:66
BRDA:80,0,0,2
BRDA:114,1,0,2
BRDA:114,2,0,2
BRDA:114,3,0,2
BRDA:212,4,0,2
BRDA:212,5,0,2
BRDA:215,6,0,2
BRDA:215,6,1,0
BRDA:216,7,0,2
BRDA:216,7,1,0
BRF:10
BRH:8
end_of_record
TN:
SF:src\api\suggestions.js
FN:7,(anonymous_0)
FN:30,(anonymous_1)
FN:53,(anonymous_2)
FN:78,(anonymous_3)
FN:109,(anonymous_4)
FN:137,(anonymous_5)
FNF:6
FNH:6
FNDA:2,(anonymous_0)
FNDA:1,(anonymous_1)
FNDA:1,(anonymous_2)
FNDA:1,(anonymous_3)
FNDA:1,(anonymous_4)
FNDA:1,(anonymous_5)
DA:7,1
DA:8,2
DA:9,2
DA:16,1
DA:17,1
DA:19,1
DA:20,1
DA:30,1
DA:31,1
DA:32,1
DA:39,1
DA:40,1
DA:42,0
DA:43,0
DA:53,1
DA:54,1
DA:55,1
DA:62,1
DA:63,1
DA:65,0
DA:66,0
DA:78,1
DA:79,1
DA:80,1
DA:92,1
DA:93,1
DA:95,0
DA:96,0
DA:109,1
DA:110,1
DA:111,1
DA:123,1
DA:124,1
DA:126,0
DA:127,0
DA:137,1
DA:138,1
DA:139,1
DA:146,1
DA:147,1
DA:149,0
DA:150,0
LF:42
LH:32
BRDA:109,0,0,1
BRDA:109,1,0,1
BRDA:109,2,0,1
BRF:3
BRH:3
end_of_record
TN:
SF:src\api\users.js
FN:11,(anonymous_0)
FN:40,(anonymous_1)
FN:66,(anonymous_2)
FN:96,(anonymous_3)
FN:122,(anonymous_4)
FNF:5
FNH:5
FNDA:1,(anonymous_0)
FNDA:2,(anonymous_1)
FNDA:1,(anonymous_2)
FNDA:1,(anonymous_3)
FNDA:1,(anonymous_4)
DA:11,1
DA:12,1
DA:13,1
DA:26,1
DA:27,1
DA:29,0
DA:30,0
DA:40,1
DA:41,2
DA:42,2
DA:48,1
DA:49,1
DA:51,1
DA:52,1
DA:66,1
DA:67,1
DA:68,1
DA:81,1
DA:82,1
DA:84,0
DA:85,0
DA:96,1
DA:97,1
DA:98,1
DA:108,1
DA:109,1
DA:111,0
DA:112,0
DA:122,1
DA:123,1
DA:124,1
DA:131,1
DA:132,1
DA:134,0
DA:135,0
LF:35
LH:27
BRDA:11,0,0,1
BRDA:11,1,0,1
BRDA:66,2,0,1
BRDA:66,3,0,1
BRDA:66,4,0,1
BRDA:66,5,0,1
BRDA:96,6,0,1
BRF:7
BRH:7
end_of_record
TN:
SF:src\components\Leaderboard.tsx
FN:32,(anonymous_0)
FN:36,(anonymous_1)
FN:38,(anonymous_2)
FN:39,(anonymous_3)
FN:40,(anonymous_4)
FN:43,(anonymous_5)
FN:54,(anonymous_6)
FN:80,(anonymous_7)
FN:86,(anonymous_8)
FN:92,(anonymous_9)
FN:98,(anonymous_10)
FNF:11
FNH:10
FNDA:5,(anonymous_0)
FNDA:3,(anonymous_1)
FNDA:3,(anonymous_2)
FNDA:3,(anonymous_3)
FNDA:0,(anonymous_4)
FNDA:6,(anonymous_5)
FNDA:5,(anonymous_6)
FNDA:5,(anonymous_7)
FNDA:5,(anonymous_8)
FNDA:5,(anonymous_9)
FNDA:5,(anonymous_10)
DA:6,1
DA:15,1
DA:21,1
DA:32,1
DA:33,5
DA:34,5
DA:36,5
DA:37,3
DA:38,3
DA:39,3
DA:40,0
DA:43,6
DA:44,5
DA:46,5
DA:47,5
DA:49,5
DA:55,5
DA:56,5
DA:57,5
DA:73,0
DA:80,5
DA:86,5
DA:92,5
DA:99,5
DA:107,5
LF:25
LH:23
BRDA:39,0,0,3
BRDA:39,0,1,0
BRDA:44,1,0,2
BRDA:44,1,1,3
BRDA:46,2,0,0
BRDA:46,2,1,5
BRDA:47,3,0,0
BRDA:47,3,1,5
BRDA:56,4,0,5
BRDA:56,4,1,0
BRDA:63,5,0,2
BRDA:63,5,1,3
BRDA:63,6,0,2
BRDA:63,6,1,1
BRDA:110,7,0,0
BRDA:110,7,1,5
BRDA:113,8,0,1
BRDA:113,8,1,4
BRDA:122,9,0,0
BRDA:122,9,1,5
BRDA:123,10,0,0
BRDA:123,10,1,5
BRDA:124,11,0,0
BRDA:124,11,1,5
BRF:24
BRH:16
end_of_record
TN:
SF:src\components\Modules.tsx
FN:54,(anonymous_0)
FN:60,(anonymous_1)
FN:84,(anonymous_2)
FN:93,(anonymous_3)
FN:94,(anonymous_4)
FN:102,(anonymous_5)
FN:106,(anonymous_6)
FNF:7
FNH:7
FNDA:5,(anonymous_0)
FNDA:140,(anonymous_1)
FNDA:2,(anonymous_2)
FNDA:12,(anonymous_3)
FNDA:255,(anonymous_4)
FNDA:85,(anonymous_5)
FNDA:1,(anonymous_6)
DA:7,3
DA:9,3
DA:43,3
DA:44,3
DA:54,3
DA:55,5
DA:56,5
DA:57,5
DA:59,5
DA:61,140
DA:65,5
DA:67,5
DA:84,2
DA:94,255
DA:95,12
DA:96,10
DA:103,85
DA:106,1
LF:18
LH:18
BRDA:61,0,0,140
BRDA:61,0,1,55
BRDA:71,1,0,0
BRDA:71,1,1,5
BRDA:74,2,0,0
BRDA:74,2,1,5
BRDA:90,3,0,1
BRDA:90,3,1,4
BRDA:91,4,0,1
BRDA:91,4,1,0
BRDA:95,5,0,2
BRDA:95,5,1,10
BRDA:98,6,0,0
BRDA:98,6,1,10
BRDA:109,7,0,0
BRDA:109,7,1,85
BRDA:110,8,0,0
BRDA:110,8,1,85
BRDA:111,9,0,0
BRDA:111,9,1,85
BRF:20
BRH:13
end_of_record
TN:
SF:src\components\PageHeader.tsx
FN:13,(anonymous_0)
FNF:1
FNH:1
FNDA:1,(anonymous_0)
DA:6,1
DA:7,1
DA:13,1
DA:14,1
DA:16,1
LF:5
LH:5
BRDA:19,0,0,0
BRDA:19,0,1,1
BRDA:22,1,0,0
BRDA:22,1,1,1
BRDA:28,2,0,0
BRDA:28,2,1,1
BRF:6
BRH:3
end_of_record
TN:
SF:src\components\SideMenu.tsx
FN:25,(anonymous_0)
FN:37,(anonymous_1)
FN:55,(anonymous_2)
FN:71,(anonymous_3)
FN:77,(anonymous_4)
FN:85,(anonymous_5)
FN:93,(anonymous_6)
FN:99,(anonymous_7)
FN:106,(anonymous_8)
FN:148,(anonymous_9)
FN:166,(anonymous_10)
FN:199,(anonymous_11)
FNF:12
FNH:5
FNDA:10,(anonymous_0)
FNDA:1,(anonymous_1)
FNDA:10,(anonymous_2)
FNDA:0,(anonymous_3)
FNDA:0,(anonymous_4)
FNDA:0,(anonymous_5)
FNDA:0,(anonymous_6)
FNDA:0,(anonymous_7)
FNDA:0,(anonymous_8)
FNDA:4,(anonymous_9)
FNDA:1,(anonymous_10)
FNDA:0,(anonymous_11)
DA:22,1
DA:23,1
DA:25,1
DA:26,10
DA:27,10
DA:28,10
DA:29,10
DA:30,10
DA:32,10
DA:33,10
DA:34,10
DA:35,10
DA:37,10
DA:38,1
DA:39,1
DA:40,1
DA:41,1
DA:42,1
DA:43,1
DA:45,0
DA:47,0
DA:48,0
DA:49,0
DA:51,1
DA:55,10
DA:56,10
DA:57,10
DA:58,0
DA:59,0
DA:60,0
DA:61,0
DA:62,0
DA:63,0
DA:66,10
DA:71,0
DA:77,0
DA:85,0
DA:93,0
DA:99,0
DA:106,0
DA:110,10
DA:148,4
DA:166,1
DA:199,0
LF:44
LH:27
BRDA:33,0,0,9
BRDA:33,0,1,1
BRDA:35,1,0,2
BRDA:35,1,1,8
BRDA:57,2,0,10
BRDA:57,2,1,0
BRDA:57,3,0,10
BRDA:57,3,1,0
BRDA:58,4,0,0
BRDA:58,4,1,0
BRDA:59,5,0,0
BRDA:59,5,1,0
BRDA:60,6,0,0
BRDA:60,6,1,0
BRDA:61,7,0,0
BRDA:61,7,1,0
BRDA:62,8,0,0
BRDA:62,8,1,0
BRDA:79,9,0,8
BRDA:79,9,1,2
BRDA:119,10,0,0
BRDA:119,10,1,10
BRDA:120,11,0,0
BRDA:120,11,1,10
BRDA:135,12,0,4
BRDA:135,12,1,6
BRDA:136,13,0,4
BRDA:136,13,1,6
BRDA:137,14,0,0
BRDA:137,14,1,10
BRDA:140,15,0,10
BRDA:140,15,1,6
BRDA:141,16,0,0
BRDA:141,16,1,6
BRDA:147,17,0,4
BRDA:147,17,1,6
BRDA:149,18,0,0
BRDA:149,18,1,10
BRDA:154,19,0,10
BRDA:154,19,1,8
BRDA:155,20,0,3
BRDA:155,20,1,5
BRDA:160,21,0,3
BRDA:160,21,1,5
BRDA:162,22,0,0
BRDA:162,22,1,8
BRDA:163,23,0,0
BRDA:163,23,1,8
BRDA:168,24,0,8
BRDA:168,24,1,5
BRDA:188,25,0,0
BRDA:188,25,1,10
BRDA:189,26,0,4
BRDA:189,26,1,6
BRDA:202,27,0,0
BRDA:202,27,1,10
BRDA:205,28,0,4
BRDA:205,28,1,6
BRDA:208,29,0,10
BRDA:208,29,1,6
BRDA:212,30,0,0
BRDA:212,30,1,10
BRDA:217,31,0,0
BRDA:217,31,1,10
BRDA:220,32,0,4
BRDA:220,32,1,6
BRDA:223,33,0,10
BRDA:223,33,1,6
BRDA:223,34,0,0
BRDA:223,34,1,6
BRDA:236,35,0,4
BRDA:236,35,1,6
BRDA:239,36,0,10
BRDA:239,36,1,6
BRF:74
BRH:50
end_of_record
TN:
SF:src\components\ThemeContext.tsx
FN:10,(anonymous_0)
FN:13,(anonymous_1)
FN:15,(anonymous_2)
FN:16,(anonymous_3)
FN:21,(anonymous_4)
FN:25,(anonymous_5)
FN:25,(anonymous_6)
FNF:7
FNH:4
FNDA:0,(anonymous_0)
FNDA:16,(anonymous_1)
FNDA:8,(anonymous_2)
FNDA:8,(anonymous_3)
FNDA:8,(anonymous_4)
FNDA:0,(anonymous_5)
FNDA:0,(anonymous_6)
DA:8,4
DA:13,16
DA:15,4
DA:16,8
DA:17,8
DA:18,8
DA:21,8
DA:22,8
DA:25,8
DA:27,8
LF:10
LH:10
BRDA:22,0,0,0
BRDA:22,0,1,8
BRF:2
BRH:1
end_of_record
TN:
SF:src\pages\CreateNotePage.tsx
FN:30,(anonymous_0)
FN:35,(anonymous_1)
FN:52,(anonymous_2)
FN:95,(anonymous_3)
FN:111,(anonymous_4)
FN:121,(anonymous_5)
FN:148,(anonymous_6)
FN:173,(anonymous_7)
FN:186,(anonymous_8)
FN:187,(anonymous_9)
FN:237,(anonymous_10)
FNF:11
FNH:6
FNDA:28,(anonymous_0)
FNDA:9,(anonymous_1)
FNDA:3,(anonymous_2)
FNDA:0,(anonymous_3)
FNDA:0,(anonymous_4)
FNDA:1,(anonymous_5)
FNDA:2,(anonymous_6)
FNDA:1,(anonymous_7)
FNDA:0,(anonymous_8)
FNDA:0,(anonymous_9)
FNDA:0,(anonymous_10)
DA:25,1
DA:26,1
DA:27,1
DA:28,1
DA:30,28
DA:35,1
DA:36,9
DA:37,9
DA:38,9
DA:39,9
DA:40,9
DA:41,9
DA:42,9
DA:44,9
DA:52,9
DA:53,3
DA:54,1
DA:55,1
DA:57,2
DA:58,1
DA:59,1
DA:62,1
DA:63,1
DA:64,3
DA:66,3
DA:67,3
DA:68,3
DA:83,1
DA:85,1
DA:86,0
DA:87,0
DA:90,1
DA:93,3
DA:94,0
DA:95,0
DA:96,0
DA:98,0
DA:106,1
DA:111,0
DA:115,1
DA:116,1
DA:117,3
DA:118,3
DA:120,3
DA:121,3
DA:123,0
DA:125,1
DA:129,9
DA:148,2
DA:173,1
DA:186,0
DA:188,0
DA:189,0
DA:190,0
DA:191,0
DA:193,0
DA:237,0
LF:57
LH:42
BRDA:46,0,0,0
BRDA:46,0,1,9
BRDA:47,1,0,0
BRDA:47,1,1,9
BRDA:48,2,0,0
BRDA:48,2,1,9
BRDA:53,3,0,1
BRDA:53,3,1,2
BRDA:57,4,0,1
BRDA:57,4,1,1
BRDA:63,5,0,1
BRDA:63,5,1,0
BRDA:64,6,0,3
BRDA:64,6,1,0
BRDA:85,7,0,0
BRDA:85,7,1,1
BRDA:86,8,0,0
BRDA:86,8,1,0
BRDA:90,9,0,1
BRDA:90,9,1,0
BRDA:93,10,0,0
BRDA:93,10,1,3
BRDA:96,11,0,0
BRDA:96,11,1,0
BRDA:116,12,0,0
BRDA:116,12,1,1
BRDA:135,13,0,0
BRDA:135,13,1,9
BRDA:189,14,0,0
BRDA:189,14,1,0
BRDA:197,15,0,0
BRDA:197,15,1,9
BRDA:198,16,0,0
BRDA:198,16,1,9
BRDA:201,17,0,0
BRDA:201,17,1,9
BRDA:224,18,0,0
BRDA:224,18,1,9
BRDA:225,19,0,0
BRDA:225,19,1,9
BRF:40
BRH:19
end_of_record
TN:
SF:src\pages\Dashboard.tsx
FN:32,(anonymous_0)
FN:38,(anonymous_1)
FN:49,(anonymous_2)
FN:50,(anonymous_3)
FN:54,(anonymous_4)
FN:84,(anonymous_5)
FN:93,(anonymous_6)
FN:102,(anonymous_7)
FN:106,(anonymous_8)
FN:136,(anonymous_9)
FNF:10
FNH:5
FNDA:4,(anonymous_0)
FNDA:2,(anonymous_1)
FNDA:2,(anonymous_2)
FNDA:2,(anonymous_3)
FNDA:0,(anonymous_4)
FNDA:0,(anonymous_5)
FNDA:0,(anonymous_6)
FNDA:3,(anonymous_7)
FNDA:0,(anonymous_8)
FNDA:0,(anonymous_9)
DA:20,1
DA:21,1
DA:32,1
DA:33,4
DA:34,4
DA:35,4
DA:36,4
DA:38,4
DA:40,2
DA:42,2
DA:43,2
DA:44,2
DA:46,2
DA:49,2
DA:51,2
DA:52,2
DA:54,0
DA:57,4
DA:84,0
DA:93,0
DA:103,3
DA:106,0
DA:136,0
LF:23
LH:18
BRDA:43,0,0,2
BRDA:43,0,1,0
BRDA:44,1,0,0
BRDA:44,1,1,2
BRDA:51,2,0,2
BRDA:51,2,1,0
BRDA:60,3,0,0
BRDA:60,3,1,4
BRDA:64,4,0,0
BRDA:64,4,1,4
BRDA:70,5,0,0
BRDA:70,5,1,4
BRDA:89,6,0,0
BRDA:89,6,1,4
BRDA:98,7,0,3
BRDA:98,7,1,1
BRDA:109,8,0,0
BRDA:109,8,1,3
BRDA:110,9,0,0
BRDA:110,9,1,3
BRDA:111,10,0,0
BRDA:111,10,1,3
BRDA:116,11,0,3
BRDA:116,11,1,0
BRDA:122,12,0,3
BRDA:122,12,1,0
BRDA:123,13,0,0
BRDA:123,13,1,3
BRF:28
BRH:15
end_of_record
TN:
SF:src\pages\EditNotePage.tsx
FN:66,(anonymous_0)
FN:82,(anonymous_1)
FN:85,(anonymous_2)
FN:86,(anonymous_3)
FN:88,(anonymous_4)
FN:104,(anonymous_5)
FN:107,(anonymous_6)
FN:114,(anonymous_7)
FN:122,(anonymous_8)
FN:122,(anonymous_9)
FN:136,(anonymous_10)
FN:172,(anonymous_11)
FN:183,(anonymous_12)
FN:191,(anonymous_13)
FN:198,(anonymous_14)
FN:243,(anonymous_15)
FN:267,(anonymous_16)
FN:296,(anonymous_17)
FN:319,(anonymous_18)
FN:333,(anonymous_19)
FN:342,(anonymous_20)
FN:360,(anonymous_21)
FN:361,(anonymous_22)
FN:401,(anonymous_23)
FNF:24
FNH:10
FNDA:11,(anonymous_0)
FNDA:4,(anonymous_1)
FNDA:4,(anonymous_2)
FNDA:4,(anonymous_3)
FNDA:4,(anonymous_4)
FNDA:0,(anonymous_5)
FNDA:0,(anonymous_6)
FNDA:0,(anonymous_7)
FNDA:0,(anonymous_8)
FNDA:0,(anonymous_9)
FNDA:1,(anonymous_10)
FNDA:0,(anonymous_11)
FNDA:1,(anonymous_12)
FNDA:1,(anonymous_13)
FNDA:1,(anonymous_14)
FNDA:0,(anonymous_15)
FNDA:0,(anonymous_16)
FNDA:1,(anonymous_17)
FNDA:0,(anonymous_18)
FNDA:0,(anonymous_19)
FNDA:0,(anonymous_20)
FNDA:0,(anonymous_21)
FNDA:0,(anonymous_22)
FNDA:0,(anonymous_23)
DA:32,1
DA:34,1
DA:35,1
DA:36,1
DA:38,1
DA:66,1
DA:67,11
DA:68,11
DA:69,11
DA:71,11
DA:72,11
DA:73,11
DA:75,11
DA:76,11
DA:77,11
DA:78,11
DA:79,11
DA:80,11
DA:82,11
DA:83,4
DA:84,4
DA:85,4
DA:86,4
DA:89,4
DA:90,4
DA:91,4
DA:92,4
DA:93,3
DA:94,3
DA:95,3
DA:96,3
DA:97,3
DA:98,2
DA:99,2
DA:100,2
DA:104,0
DA:107,11
DA:108,0
DA:115,0
DA:116,0
DA:117,0
DA:121,0
DA:122,0
DA:123,0
DA:125,0
DA:128,0
DA:130,0
DA:136,11
DA:137,1
DA:138,0
DA:139,0
DA:141,1
DA:142,0
DA:143,0
DA:145,1
DA:147,1
DA:148,1
DA:149,1
DA:163,1
DA:164,1
DA:165,0
DA:166,0
DA:170,1
DA:171,0
DA:172,0
DA:173,0
DA:175,0
DA:182,1
DA:183,1
DA:185,0
DA:187,1
DA:191,11
DA:192,1
DA:199,1
DA:200,1
DA:204,1
DA:205,1
DA:206,1
DA:208,0
DA:211,0
DA:217,11
DA:226,11
DA:227,4
DA:237,7
DA:238,1
DA:243,0
DA:255,6
DA:256,1
DA:267,0
DA:279,5
DA:296,1
DA:319,0
DA:334,0
DA:342,0
DA:360,0
DA:361,0
DA:401,0
LF:97
LH:65
BRDA:83,0,0,0
BRDA:83,0,1,4
BRDA:89,1,0,4
BRDA:89,1,1,1
BRDA:91,2,0,4
BRDA:91,2,1,0
BRDA:92,3,0,3
BRDA:92,3,1,1
BRDA:94,4,0,3
BRDA:94,4,1,0
BRDA:97,5,0,2
BRDA:97,5,1,1
BRDA:98,6,0,2
BRDA:98,6,1,0
BRDA:99,7,0,2
BRDA:99,7,1,0
BRDA:121,8,0,0
BRDA:121,8,1,0
BRDA:137,9,0,0
BRDA:137,9,1,1
BRDA:141,10,0,0
BRDA:141,10,1,1
BRDA:145,11,0,0
BRDA:145,11,1,1
BRDA:164,12,0,0
BRDA:164,12,1,1
BRDA:165,13,0,0
BRDA:165,13,1,0
BRDA:170,14,0,0
BRDA:170,14,1,1
BRDA:173,15,0,0
BRDA:173,15,1,0
BRDA:204,16,0,1
BRDA:204,16,1,0
BRDA:219,17,0,0
BRDA:219,17,1,11
BRDA:220,18,0,0
BRDA:220,18,1,11
BRDA:221,19,0,0
BRDA:221,19,1,11
BRDA:226,20,0,4
BRDA:226,20,1,7
BRDA:237,21,0,1
BRDA:237,21,1,6
BRDA:255,22,0,1
BRDA:255,22,1,5
BRDA:268,23,0,0
BRDA:268,23,1,1
BRDA:329,24,0,5
BRDA:329,24,1,0
BRDA:349,25,0,0
BRDA:349,25,1,0
BRDA:364,26,0,0
BRDA:364,26,1,5
BRDA:365,27,0,0
BRDA:365,27,1,5
BRDA:368,28,0,0
BRDA:368,28,1,5
BRDA:388,29,0,0
BRDA:388,29,1,5
BRDA:389,30,0,0
BRDA:389,30,1,5
BRF:62
BRH:33
end_of_record
TN:
SF:src\pages\Home.tsx
FN:44,(anonymous_0)
FN:173,(anonymous_1)
FNF:2
FNH:2
FNDA:2,(anonymous_0)
FNDA:6,(anonymous_1)
DA:23,1
DA:24,1
DA:26,1
DA:44,1
DA:45,2
DA:47,2
DA:57,2
DA:174,6
LF:8
LH:8
BRDA:49,0,0,0
BRDA:49,0,1,2
BRDA:50,1,0,0
BRDA:50,1,1,2
BRDA:51,2,0,0
BRDA:51,2,1,2
BRDA:61,3,0,0
BRDA:61,3,1,2
BRDA:69,4,0,0
BRDA:69,4,1,2
BRDA:74,5,0,0
BRDA:74,5,1,2
BRDA:90,6,0,0
BRDA:90,6,1,2
BRDA:111,7,0,0
BRDA:111,7,1,2
BRDA:112,8,0,0
BRDA:112,8,1,2
BRDA:113,9,0,0
BRDA:113,9,1,2
BRDA:155,10,0,0
BRDA:155,10,1,2
BRDA:156,11,0,0
BRDA:156,11,1,2
BRDA:157,12,0,0
BRDA:157,12,1,2
BRDA:176,13,0,0
BRDA:176,13,1,6
BRDA:179,14,0,0
BRDA:179,14,1,6
BRDA:192,15,0,0
BRDA:192,15,1,2
BRDA:222,16,0,0
BRDA:222,16,1,2
BRF:34
BRH:17
end_of_record
TN:
SF:src\pages\LeaderboardPage.tsx
FN:29,(anonymous_0)
FN:33,(anonymous_1)
FN:35,(anonymous_2)
FN:36,(anonymous_3)
FN:37,(anonymous_4)
FN:40,(anonymous_5)
FN:50,(anonymous_6)
FN:76,(anonymous_7)
FN:82,(anonymous_8)
FN:88,(anonymous_9)
FN:94,(anonymous_10)
FNF:11
FNH:11
FNDA:4,(anonymous_0)
FNDA:2,(anonymous_1)
FNDA:1,(anonymous_2)
FNDA:1,(anonymous_3)
FNDA:1,(anonymous_4)
FNDA:4,(anonymous_5)
FNDA:3,(anonymous_6)
FNDA:3,(anonymous_7)
FNDA:3,(anonymous_8)
FNDA:3,(anonymous_9)
FNDA:3,(anonymous_10)
DA:7,1
DA:8,1
DA:17,1
DA:23,1
DA:29,1
DA:30,4
DA:31,4
DA:33,4
DA:34,2
DA:35,1
DA:36,1
DA:37,1
DA:40,4
DA:42,4
DA:43,4
DA:45,4
DA:51,3
DA:52,3
DA:53,3
DA:69,0
DA:76,3
DA:82,3
DA:88,3
DA:95,3
DA:103,4
LF:25
LH:24
BRDA:36,0,0,1
BRDA:36,0,1,0
BRDA:42,1,0,0
BRDA:42,1,1,4
BRDA:43,2,0,0
BRDA:43,2,1,4
BRDA:52,3,0,3
BRDA:52,3,1,0
BRDA:59,4,0,1
BRDA:59,4,1,2
BRDA:59,5,0,1
BRDA:59,5,1,1
BRDA:108,6,0,0
BRDA:108,6,1,4
BRDA:114,7,0,0
BRDA:114,7,1,4
BRDA:115,8,0,0
BRDA:115,8,1,4
BRDA:116,9,0,0
BRDA:116,9,1,4
BRF:20
BRH:12
end_of_record
TN:
SF:src\pages\Login.tsx
FN:32,(anonymous_0)
FN:55,(anonymous_1)
FN:60,(anonymous_2)
FN:90,(anonymous_3)
FN:99,(anonymous_4)
FNF:5
FNH:4
FNDA:4,(anonymous_0)
FNDA:4,(anonymous_1)
FNDA:2,(anonymous_2)
FNDA:1,(anonymous_3)
FNDA:0,(anonymous_4)
DA:25,1
DA:26,1
DA:28,1
DA:33,4
DA:34,4
DA:35,4
DA:36,0
DA:55,1
DA:56,4
DA:57,4
DA:58,4
DA:60,4
DA:61,2
DA:63,2
DA:64,2
DA:71,2
DA:73,2
DA:74,1
DA:75,1
DA:76,1
DA:79,1
DA:80,1
DA:83,1
DA:84,1
DA:87,1
DA:88,1
DA:89,1
DA:90,2
DA:91,1
DA:94,0
DA:95,0
DA:99,4
DA:100,0
DA:103,4
LF:34
LH:30
BRDA:33,0,0,0
BRDA:33,0,1,4
BRDA:34,1,0,0
BRDA:34,1,1,4
BRDA:35,2,0,4
BRDA:35,2,1,0
BRDA:73,3,0,1
BRDA:73,3,1,1
BRDA:74,4,0,1
BRDA:74,4,1,0
BRDA:79,5,0,1
BRDA:79,5,1,0
BRDA:83,6,0,1
BRDA:83,6,1,0
BRDA:91,7,0,0
BRDA:91,7,1,1
BRDA:107,8,0,0
BRDA:107,8,1,4
BRDA:125,9,0,0
BRDA:125,9,1,4
BRDA:181,10,0,0
BRDA:181,10,1,4
BRDA:192,11,0,0
BRDA:192,11,1,4
BRDA:248,12,0,0
BRDA:248,12,1,4
BRF:26
BRH:14
end_of_record
TN:
SF:src\pages\ModuleNotesPage.tsx
FN:40,(anonymous_0)
FN:49,(anonymous_1)
FN:51,(anonymous_2)
FN:55,(anonymous_3)
FN:58,(anonymous_4)
FN:59,(anonymous_5)
FN:77,(anonymous_6)
FN:119,(anonymous_7)
FN:123,(anonymous_8)
FNF:9
FNH:9
FNDA:8,(anonymous_0)
FNDA:56,(anonymous_1)
FNDA:4,(anonymous_2)
FNDA:3,(anonymous_3)
FNDA:1,(anonymous_4)
FNDA:4,(anonymous_5)
FNDA:1,(anonymous_6)
FNDA:1,(anonymous_7)
FNDA:1,(anonymous_8)
DA:26,1
DA:27,1
DA:40,1
DA:41,8
DA:42,8
DA:43,8
DA:45,8
DA:46,8
DA:47,8
DA:49,56
DA:51,8
DA:52,4
DA:53,4
DA:54,4
DA:56,3
DA:58,1
DA:59,4
DA:62,8
DA:71,8
DA:77,1
DA:120,1
DA:123,1
LF:22
LH:22
BRDA:52,0,0,0
BRDA:52,0,1,4
BRDA:56,1,0,3
BRDA:56,1,1,0
BRDA:64,2,0,0
BRDA:64,2,1,8
BRDA:67,3,0,0
BRDA:67,3,1,8
BRDA:68,4,0,0
BRDA:68,4,1,8
BRDA:84,5,0,0
BRDA:84,5,1,8
BRDA:88,6,0,8
BRDA:88,6,1,0
BRDA:92,7,0,8
BRDA:92,7,1,0
BRDA:98,8,0,4
BRDA:98,8,1,4
BRDA:102,9,0,1
BRDA:102,9,1,3
BRDA:104,10,0,2
BRDA:104,10,1,1
BRDA:116,11,0,1
BRDA:116,11,1,0
BRDA:137,12,0,0
BRDA:137,12,1,1
BRDA:143,13,0,1
BRDA:143,13,1,0
BRDA:163,14,0,1
BRDA:163,14,1,0
BRDA:176,15,0,1
BRDA:176,15,1,1
BRF:32
BRH:20
end_of_record
TN:
SF:src\pages\ModulesPage.tsx
FN:8,(anonymous_0)
FNF:1
FNH:1
FNDA:1,(anonymous_0)
DA:6,1
DA:8,1
DA:9,1
LF:3
LH:3
BRF:0
BRH:0
end_of_record
TN:
SF:src\pages\MyNotesPage.tsx
FN:22,(anonymous_0)
FN:28,(anonymous_1)
FN:39,(anonymous_2)
FN:40,(anonymous_3)
FN:41,(anonymous_4)
FN:42,(anonymous_5)
FN:68,(anonymous_6)
FN:83,(anonymous_7)
FN:87,(anonymous_8)
FNF:9
FNH:8
FNDA:6,(anonymous_0)
FNDA:3,(anonymous_1)
FNDA:1,(anonymous_2)
FNDA:1,(anonymous_3)
FNDA:0,(anonymous_4)
FNDA:1,(anonymous_5)
FNDA:1,(anonymous_6)
FNDA:1,(anonymous_7)
FNDA:1,(anonymous_8)
DA:8,1
DA:9,1
DA:22,1
DA:23,6
DA:24,6
DA:25,6
DA:26,6
DA:28,6
DA:29,3
DA:30,3
DA:31,3
DA:32,2
DA:33,2
DA:36,1
DA:39,1
DA:40,1
DA:41,0
DA:42,1
DA:45,6
DA:54,6
DA:68,1
DA:84,1
DA:87,1
LF:23
LH:22
BRDA:30,0,0,1
BRDA:30,0,1,2
BRDA:31,1,0,2
BRDA:31,1,1,1
BRDA:40,2,0,1
BRDA:40,2,1,0
BRDA:47,3,0,0
BRDA:47,3,1,6
BRDA:48,4,0,0
BRDA:48,4,1,6
BRDA:49,5,0,0
BRDA:49,5,1,6
BRDA:61,6,0,0
BRDA:61,6,1,6
BRDA:69,7,0,0
BRDA:69,7,1,6
BRDA:75,8,0,3
BRDA:75,8,1,3
BRDA:79,9,0,2
BRDA:79,9,1,1
BRDA:91,10,0,1
BRDA:91,10,1,0
BRDA:97,11,0,1
BRDA:97,11,1,0
BRDA:98,12,0,0
BRDA:98,12,1,1
BRF:26
BRH:17
end_of_record
TN:
SF:src\pages\Note.tsx
FN:43,(anonymous_0)
FN:59,(anonymous_1)
FN:124,(anonymous_2)
FN:127,(anonymous_3)
FN:134,(anonymous_4)
FN:148,(anonymous_5)
FN:150,(anonymous_6)
FN:154,(anonymous_7)
FN:159,(anonymous_8)
FN:164,(anonymous_9)
FN:169,(anonymous_10)
FN:174,(anonymous_11)
FN:188,handleKeyDown
FN:203,handleHeadingChange
FN:214,(anonymous_14)
FN:220,(anonymous_15)
FNF:16
FNH:2
FNDA:1,(anonymous_0)
FNDA:1,(anonymous_1)
FNDA:0,(anonymous_2)
FNDA:0,(anonymous_3)
FNDA:0,(anonymous_4)
FNDA:0,(anonymous_5)
FNDA:0,(anonymous_6)
FNDA:0,(anonymous_7)
FNDA:0,(anonymous_8)
FNDA:0,(anonymous_9)
FNDA:0,(anonymous_10)
FNDA:0,(anonymous_11)
FNDA:0,handleKeyDown
FNDA:0,handleHeadingChange
FNDA:0,(anonymous_14)
FNDA:0,(anonymous_15)
DA:30,1
DA:31,1
DA:33,1
DA:43,1
DA:44,1
DA:56,1
DA:60,1
DA:62,1
DA:63,6
DA:64,0
DA:65,0
DA:69,1
DA:70,1
DA:72,1
DA:83,1
DA:124,0
DA:127,0
DA:134,0
DA:148,0
DA:151,0
DA:154,0
DA:159,0
DA:164,0
DA:169,0
DA:174,0
DA:189,0
DA:190,0
DA:192,0
DA:193,0
DA:197,0
DA:200,0
DA:204,0
DA:205,0
DA:207,0
DA:208,0
DA:214,1
DA:215,0
DA:216,0
DA:217,0
DA:220,1
DA:221,0
DA:222,0
DA:223,0
LF:43
LH:15
BRDA:63,0,0,0
BRDA:63,0,1,6
BRDA:70,1,0,1
BRDA:70,1,1,0
BRDA:158,2,0,0
BRDA:158,2,1,1
BRDA:163,3,0,0
BRDA:163,3,1,1
BRDA:168,4,0,0
BRDA:168,4,1,1
BRDA:173,5,0,0
BRDA:173,5,1,1
BRDA:189,6,0,0
BRDA:189,6,1,0
BRDA:204,7,0,0
BRDA:204,7,1,0
BRF:16
BRH:6
end_of_record
TN:
SF:src\pages\NoteDetailPage.tsx
FN:111,(anonymous_0)
FN:128,(anonymous_1)
FN:135,(anonymous_2)
FN:141,(anonymous_3)
FN:149,(anonymous_4)
FN:159,(anonymous_5)
FN:164,(anonymous_6)
FN:189,(anonymous_7)
FN:194,(anonymous_8)
FN:195,(anonymous_9)
FN:216,(anonymous_10)
FN:223,(anonymous_11)
FN:224,(anonymous_12)
FN:250,(anonymous_13)
FN:251,(anonymous_14)
FN:261,(anonymous_15)
FN:282,(anonymous_16)
FN:297,(anonymous_17)
FN:305,(anonymous_18)
FN:320,(anonymous_19)
FN:329,(anonymous_20)
FN:348,(anonymous_21)
FN:363,(anonymous_22)
FN:399,(anonymous_23)
FN:435,(anonymous_24)
FN:448,(anonymous_25)
FN:456,(anonymous_26)
FN:568,(anonymous_27)
FN:571,(anonymous_28)
FN:595,(anonymous_29)
FN:644,(anonymous_30)
FN:675,(anonymous_31)
FNF:32
FNH:15
FNDA:1,(anonymous_0)
FNDA:0,(anonymous_1)
FNDA:0,(anonymous_2)
FNDA:0,(anonymous_3)
FNDA:13,(anonymous_4)
FNDA:9,(anonymous_5)
FNDA:2,(anonymous_6)
FNDA:4,(anonymous_7)
FNDA:2,(anonymous_8)
FNDA:2,(anonymous_9)
FNDA:0,(anonymous_10)
FNDA:2,(anonymous_11)
FNDA:2,(anonymous_12)
FNDA:0,(anonymous_13)
FNDA:0,(anonymous_14)
FNDA:0,(anonymous_15)
FNDA:1,(anonymous_16)
FNDA:0,(anonymous_17)
FNDA:1,(anonymous_18)
FNDA:1,(anonymous_19)
FNDA:0,(anonymous_20)
FNDA:0,(anonymous_21)
FNDA:1,(anonymous_22)
FNDA:0,(anonymous_23)
FNDA:0,(anonymous_24)
FNDA:0,(anonymous_25)
FNDA:0,(anonymous_26)
FNDA:0,(anonymous_27)
FNDA:0,(anonymous_28)
FNDA:0,(anonymous_29)
FNDA:7,(anonymous_30)
FNDA:1,(anonymous_31)
DA:33,1
DA:34,1
DA:102,1
DA:111,1
DA:128,1
DA:129,0
DA:130,0
DA:131,0
DA:132,0
DA:135,1
DA:136,0
DA:137,0
DA:138,0
DA:141,1
DA:142,0
DA:143,0
DA:144,0
DA:145,0
DA:146,0
DA:149,1
DA:150,13
DA:151,0
DA:152,0
DA:153,0
DA:154,0
DA:156,0
DA:159,1
DA:160,9
DA:161,9
DA:162,9
DA:164,9
DA:165,2
DA:166,2
DA:170,9
DA:174,9
DA:175,9
DA:176,9
DA:177,9
DA:178,9
DA:179,9
DA:180,9
DA:181,9
DA:182,9
DA:183,9
DA:184,9
DA:185,9
DA:187,9
DA:189,9
DA:190,4
DA:191,0
DA:194,9
DA:195,2
DA:196,2
DA:197,0
DA:198,0
DA:201,2
DA:202,1
DA:205,2
DA:206,2
DA:209,2
DA:210,2
DA:211,2
DA:212,2
DA:213,2
DA:216,0
DA:220,2
DA:223,9
DA:224,2
DA:225,2
DA:226,0
DA:227,0
DA:228,0
DA:231,2
DA:232,2
DA:233,2
DA:234,2
DA:235,2
DA:237,2
DA:238,1
DA:239,1
DA:242,1
DA:243,1
DA:245,1
DA:250,1
DA:251,1
DA:253,1
DA:254,2
DA:256,2
DA:257,1
DA:261,1
DA:263,1
DA:264,0
DA:265,0
DA:267,1
DA:268,1
DA:272,0
DA:273,0
DA:275,2
DA:279,2
DA:282,9
DA:283,1
DA:285,1
DA:286,1
DA:287,1
DA:288,1
DA:289,1
DA:291,0
DA:293,1
DA:297,9
DA:298,0
DA:299,0
DA:301,0
DA:305,9
DA:306,1
DA:308,1
DA:310,1
DA:311,1
DA:312,1
DA:313,1
DA:315,1
DA:316,0
DA:317,0
DA:320,1
DA:321,1
DA:323,0
DA:325,1
DA:329,9
DA:330,0
DA:332,0
DA:333,0
DA:339,0
DA:341,0
DA:342,0
DA:343,0
DA:346,0
DA:347,0
DA:348,0
DA:349,0
DA:357,0
DA:359,0
DA:363,9
DA:364,1
DA:365,0
DA:366,0
DA:369,1
DA:370,1
DA:371,1
DA:383,1
DA:384,1
DA:385,0
DA:386,0
DA:389,1
DA:390,1
DA:391,1
DA:393,0
DA:395,1
DA:399,9
DA:400,0
DA:401,0
DA:402,0
DA:405,0
DA:406,0
DA:407,0
DA:408,0
DA:409,0
DA:410,0
DA:413,9
DA:421,9
DA:422,2
DA:431,7
DA:432,1
DA:435,0
DA:444,6
DA:448,0
DA:456,0
DA:569,0
DA:571,0
DA:595,0
DA:645,7
DA:646,7
DA:675,1
LF:181
LH:113
BRDA:113,0,0,1
BRDA:113,0,1,1
BRDA:113,0,2,0
BRDA:114,1,0,1
BRDA:114,1,1,0
BRDA:115,2,0,1
BRDA:115,2,1,0
BRDA:116,3,0,1
BRDA:116,3,1,1
BRDA:116,3,2,0
BRDA:118,4,0,1
BRDA:118,4,1,1
BRDA:118,4,2,0
BRDA:119,5,0,1
BRDA:119,5,1,0
BRDA:120,6,0,1
BRDA:120,6,1,0
BRDA:129,7,0,0
BRDA:129,7,1,0
BRDA:129,8,0,0
BRDA:129,8,1,0
BRDA:136,9,0,0
BRDA:136,9,1,0
BRDA:137,10,0,0
BRDA:137,10,1,0
BRDA:138,11,0,0
BRDA:138,11,1,0
BRDA:141,12,0,0
BRDA:142,13,0,0
BRDA:142,13,1,0
BRDA:144,14,0,0
BRDA:144,14,1,0
BRDA:145,15,0,0
BRDA:145,15,1,0
BRDA:150,16,0,13
BRDA:150,16,1,0
BRDA:152,17,0,0
BRDA:152,17,1,0
BRDA:153,18,0,0
BRDA:153,18,1,0
BRDA:153,19,0,0
BRDA:153,19,1,0
BRDA:153,19,2,0
BRDA:166,20,0,2
BRDA:166,20,1,0
BRDA:170,21,0,9
BRDA:170,21,1,9
BRDA:170,21,2,2
BRDA:172,22,0,2
BRDA:172,22,1,2
BRDA:187,23,0,9
BRDA:187,23,1,6
BRDA:187,23,2,6
BRDA:190,24,0,4
BRDA:190,24,1,0
BRDA:190,25,0,4
BRDA:190,25,1,2
BRDA:190,25,2,0
BRDA:191,26,0,0
BRDA:191,26,1,0
BRDA:196,27,0,0
BRDA:196,27,1,2
BRDA:201,28,0,1
BRDA:201,28,1,1
BRDA:210,29,0,2
BRDA:210,29,1,0
BRDA:210,30,0,2
BRDA:210,30,1,2
BRDA:212,31,0,2
BRDA:212,31,1,0
BRDA:213,32,0,2
BRDA:213,32,1,2
BRDA:225,33,0,0
BRDA:225,33,1,2
BRDA:237,34,0,1
BRDA:237,34,1,1
BRDA:237,35,0,2
BRDA:237,35,1,1
BRDA:253,36,0,1
BRDA:253,36,1,0
BRDA:254,37,0,1
BRDA:254,37,1,0
BRDA:256,38,0,1
BRDA:256,38,1,1
BRDA:263,39,0,0
BRDA:263,39,1,1
BRDA:283,40,0,0
BRDA:283,40,1,1
BRDA:289,41,0,1
BRDA:289,41,1,0
BRDA:298,42,0,0
BRDA:298,42,1,0
BRDA:306,43,0,0
BRDA:306,43,1,1
BRDA:306,44,0,1
BRDA:306,44,1,1
BRDA:308,45,0,0
BRDA:308,45,1,1
BRDA:315,46,0,0
BRDA:315,46,1,1
BRDA:316,47,0,0
BRDA:316,47,1,0
BRDA:316,47,2,0
BRDA:320,48,0,1
BRDA:320,48,1,0
BRDA:320,49,0,0
BRDA:320,49,1,1
BRDA:321,50,0,0
BRDA:321,50,1,1
BRDA:330,51,0,0
BRDA:330,51,1,0
BRDA:330,52,0,0
BRDA:330,52,1,0
BRDA:330,52,2,0
BRDA:330,52,3,0
BRDA:341,53,0,0
BRDA:341,53,1,0
BRDA:341,54,0,0
BRDA:341,54,1,0
BRDA:342,55,0,0
BRDA:342,55,1,0
BRDA:349,56,0,0
BRDA:349,56,1,0
BRDA:352,57,0,0
BRDA:352,57,1,0
BRDA:353,58,0,0
BRDA:353,58,1,0
BRDA:364,59,0,0
BRDA:364,59,1,1
BRDA:364,60,0,1
BRDA:364,60,1,1
BRDA:364,60,2,1
BRDA:377,61,0,1
BRDA:377,61,1,0
BRDA:377,61,2,0
BRDA:384,62,0,0
BRDA:384,62,1,1
BRDA:384,63,0,1
BRDA:384,63,1,1
BRDA:385,64,0,0
BRDA:385,64,1,0
BRDA:385,64,2,0
BRDA:400,65,0,0
BRDA:400,65,1,0
BRDA:400,66,0,0
BRDA:400,66,1,0
BRDA:415,67,0,0
BRDA:415,67,1,9
BRDA:416,68,0,0
BRDA:416,68,1,9
BRDA:417,69,0,0
BRDA:417,69,1,9
BRDA:421,70,0,2
BRDA:421,70,1,7
BRDA:431,71,0,1
BRDA:431,71,1,6
BRDA:452,72,0,6
BRDA:452,72,1,0
BRDA:458,73,0,0
BRDA:458,73,1,0
BRDA:459,74,0,0
BRDA:459,74,1,0
BRDA:467,75,0,9
BRDA:467,75,1,6
BRDA:471,76,0,4
BRDA:471,76,1,2
BRDA:475,77,0,4
BRDA:475,77,1,2
BRDA:482,78,0,0
BRDA:482,78,1,6
BRDA:490,79,0,9
BRDA:490,79,1,0
BRDA:492,80,0,9
BRDA:492,80,1,6
BRDA:504,81,0,9
BRDA:504,81,1,0
BRDA:509,82,0,9
BRDA:509,82,1,4
BRDA:518,83,0,6
BRDA:518,83,1,0
BRDA:525,84,0,9
BRDA:525,84,1,0
BRDA:539,85,0,0
BRDA:539,85,1,0
BRDA:540,86,0,0
BRDA:540,86,1,0
BRDA:548,87,0,0
BRDA:548,87,1,0
BRDA:549,88,0,0
BRDA:549,88,1,0
BRDA:556,89,0,9
BRDA:556,89,1,0
BRDA:586,90,0,9
BRDA:586,90,1,0
BRDA:601,91,0,0
BRDA:601,91,1,0
BRDA:616,92,0,0
BRDA:616,92,1,6
BRDA:617,93,0,0
BRDA:617,93,1,6
BRDA:617,94,0,9
BRDA:617,94,1,6
BRDA:618,95,0,9
BRDA:618,95,1,6
BRDA:621,96,0,6
BRDA:621,96,1,0
BRDA:622,97,0,0
BRDA:622,97,1,6
BRDA:626,98,0,9
BRDA:626,98,1,6
BRDA:626,98,2,6
BRDA:631,99,0,9
BRDA:631,99,1,0
BRDA:640,100,0,6
BRDA:640,100,1,0
BRDA:645,101,0,7
BRDA:645,101,1,0
BRDA:645,101,2,0
BRDA:659,102,0,7
BRDA:659,102,1,1
BRDA:686,103,0,0
BRDA:686,103,1,6
BRDA:687,104,0,0
BRDA:687,104,1,6
BRF:224
BRH:103
end_of_record
TN:
SF:src\pages\Profile.tsx
FN:60,(anonymous_0)
FN:67,(anonymous_1)
FN:74,(anonymous_2)
FN:104,(anonymous_3)
FN:110,(anonymous_4)
FN:115,(anonymous_5)
FN:121,(anonymous_6)
FN:122,(anonymous_7)
FN:139,(anonymous_8)
FN:140,(anonymous_9)
FN:164,(anonymous_10)
FN:169,(anonymous_11)
FN:170,(anonymous_12)
FN:172,(anonymous_13)
FN:178,(anonymous_14)
FN:216,(anonymous_15)
FN:414,(anonymous_16)
FN:418,(anonymous_17)
FN:490,(anonymous_18)
FNF:19
FNH:11
FNDA:4,(anonymous_0)
FNDA:7,(anonymous_1)
FNDA:1,(anonymous_2)
FNDA:3,(anonymous_3)
FNDA:2,(anonymous_4)
FNDA:1,(anonymous_5)
FNDA:1,(anonymous_6)
FNDA:1,(anonymous_7)
FNDA:0,(anonymous_8)
FNDA:1,(anonymous_9)
FNDA:1,(anonymous_10)
FNDA:0,(anonymous_11)
FNDA:0,(anonymous_12)
FNDA:0,(anonymous_13)
FNDA:0,(anonymous_14)
FNDA:0,(anonymous_15)
FNDA:4,(anonymous_16)
FNDA:0,(anonymous_17)
FNDA:0,(anonymous_18)
DA:34,1
DA:35,1
DA:54,1
DA:60,1
DA:61,4
DA:62,0
DA:63,0
DA:64,0
DA:67,1
DA:68,7
DA:69,7
DA:70,7
DA:71,7
DA:72,7
DA:74,7
DA:75,1
DA:76,1
DA:77,1
DA:78,1
DA:79,1
DA:80,1
DA:82,0
DA:84,0
DA:85,0
DA:86,0
DA:88,1
DA:92,7
DA:93,7
DA:94,7
DA:95,7
DA:96,7
DA:98,7
DA:99,7
DA:100,7
DA:101,7
DA:102,7
DA:104,7
DA:105,3
DA:106,3
DA:108,3
DA:109,2
DA:110,2
DA:111,2
DA:115,1
DA:116,1
DA:118,1
DA:119,1
DA:121,1
DA:122,1
DA:125,1
DA:126,0
DA:129,1
DA:130,1
DA:132,0
DA:135,1
DA:136,1
DA:138,1
DA:139,1
DA:140,1
DA:142,1
DA:143,1
DA:144,1
DA:145,1
DA:147,0
DA:148,0
DA:149,0
DA:152,0
DA:153,0
DA:156,1
DA:157,1
DA:162,1
DA:164,1
DA:165,1
DA:169,7
DA:170,0
DA:171,0
DA:172,0
DA:173,0
DA:174,0
DA:178,7
DA:179,0
DA:180,0
DA:181,0
DA:184,0
DA:185,0
DA:186,0
DA:189,0
DA:190,0
DA:191,0
DA:194,0
DA:195,0
DA:196,0
DA:197,0
DA:199,0
DA:200,0
DA:201,0
DA:204,0
DA:205,0
DA:207,0
DA:208,0
DA:210,0
DA:213,0
DA:216,7
DA:217,0
DA:218,0
DA:219,0
DA:222,0
DA:223,0
DA:224,0
DA:225,0
DA:226,0
DA:227,0
DA:230,0
DA:231,0
DA:233,0
DA:234,0
DA:236,0
DA:240,7
DA:248,7
DA:249,7
DA:251,7
DA:415,4
DA:418,0
DA:490,0
LF:124
LH:67
BRDA:61,0,0,4
BRDA:61,0,1,0
BRDA:62,1,0,0
BRDA:62,1,1,0
BRDA:63,2,0,0
BRDA:63,2,1,0
BRDA:93,3,0,3
BRDA:93,3,1,4
BRDA:94,4,0,7
BRDA:94,4,1,4
BRDA:95,5,0,7
BRDA:95,5,1,4
BRDA:106,6,0,3
BRDA:106,6,1,3
BRDA:108,7,0,2
BRDA:108,7,1,1
BRDA:125,8,0,0
BRDA:125,8,1,1
BRDA:129,9,0,1
BRDA:129,9,1,0
BRDA:129,10,0,1
BRDA:129,10,1,1
BRDA:129,10,2,1
BRDA:130,11,0,1
BRDA:130,11,1,1
BRDA:135,12,0,1
BRDA:135,12,1,0
BRDA:138,13,0,1
BRDA:138,13,1,0
BRDA:142,14,0,1
BRDA:142,14,1,0
BRDA:152,15,0,0
BRDA:152,15,1,0
BRDA:156,16,0,1
BRDA:156,16,1,0
BRDA:179,17,0,0
BRDA:179,17,1,0
BRDA:179,18,0,0
BRDA:179,18,1,0
BRDA:184,19,0,0
BRDA:184,19,1,0
BRDA:189,20,0,0
BRDA:189,20,1,0
BRDA:199,21,0,0
BRDA:199,21,1,0
BRDA:200,22,0,0
BRDA:200,22,1,0
BRDA:217,23,0,0
BRDA:217,23,1,0
BRDA:217,24,0,0
BRDA:217,24,1,0
BRDA:225,25,0,0
BRDA:225,25,1,0
BRDA:226,26,0,0
BRDA:226,26,1,0
BRDA:242,27,0,0
BRDA:242,27,1,7
BRDA:243,28,0,0
BRDA:243,28,1,7
BRDA:244,29,0,0
BRDA:244,29,1,7
BRDA:248,30,0,4
BRDA:248,30,1,3
BRDA:248,31,0,7
BRDA:248,31,1,4
BRDA:248,32,0,0
BRDA:248,32,1,3
BRDA:249,33,0,4
BRDA:249,33,1,3
BRDA:249,34,0,0
BRDA:249,34,1,3
BRDA:269,35,0,7
BRDA:269,35,1,7
BRDA:281,36,0,7
BRDA:281,36,1,0
BRDA:296,37,0,7
BRDA:296,37,1,7
BRDA:299,38,0,0
BRDA:299,38,1,7
BRDA:305,39,0,2
BRDA:305,39,1,5
BRDA:326,40,0,4
BRDA:326,40,1,1
BRDA:326,41,0,5
BRDA:326,41,1,4
BRDA:327,42,0,4
BRDA:327,42,1,1
BRDA:342,43,0,0
BRDA:342,43,1,5
BRDA:349,44,0,0
BRDA:349,44,1,5
BRDA:365,45,0,0
BRDA:365,45,1,5
BRDA:373,46,0,4
BRDA:373,46,1,1
BRDA:400,47,0,0
BRDA:400,47,1,7
BRDA:406,48,0,2
BRDA:406,48,1,5
BRDA:410,49,0,1
BRDA:410,49,1,4
BRDA:421,50,0,0
BRDA:421,50,1,4
BRDA:422,51,0,0
BRDA:422,51,1,4
BRDA:432,52,0,4
BRDA:432,52,1,0
BRDA:439,53,0,4
BRDA:439,53,1,0
BRDA:451,54,0,4
BRDA:451,54,1,0
BRDA:452,55,0,0
BRDA:452,55,1,4
BRDA:469,56,0,0
BRDA:469,56,1,4
BRF:115
BRH:64
end_of_record
TN:
SF:src\pages\Register.tsx
FN:50,(anonymous_0)
FN:51,(anonymous_1)
FN:68,(anonymous_2)
FN:75,(anonymous_3)
FN:97,(anonymous_4)
FN:107,(anonymous_5)
FNF:6
FNH:5
FNDA:4,(anonymous_0)
FNDA:4,(anonymous_1)
FNDA:4,(anonymous_2)
FNDA:2,(anonymous_3)
FNDA:1,(anonymous_4)
FNDA:0,(anonymous_5)
DA:26,1
DA:27,1
DA:29,1
DA:50,4
DA:52,4
DA:53,4
DA:55,0
DA:68,1
DA:69,4
DA:70,4
DA:71,4
DA:73,4
DA:75,4
DA:76,2
DA:77,2
DA:79,2
DA:80,2
DA:86,2
DA:89,2
DA:90,1
DA:91,1
DA:92,1
DA:93,1
DA:96,1
DA:97,1
DA:98,1
DA:100,1
DA:102,0
DA:103,0
DA:107,4
DA:108,0
DA:111,4
LF:32
LH:28
BRDA:52,0,0,4
BRDA:52,0,1,0
BRDA:52,1,0,4
BRDA:52,1,1,4
BRDA:89,2,0,1
BRDA:89,2,1,1
BRDA:90,3,0,1
BRDA:90,3,1,0
BRDA:116,4,0,0
BRDA:116,4,1,4
BRDA:134,5,0,0
BRDA:134,5,1,4
BRDA:185,6,0,0
BRDA:185,6,1,4
BRDA:198,7,0,0
BRDA:198,7,1,4
BRDA:292,8,0,0
BRDA:292,8,1,4
BRF:18
BRH:11
end_of_record
TN:
SF:src\pages\SearchNotesPage.tsx
FN:33,(anonymous_0)
FN:43,(anonymous_1)
FN:61,(anonymous_2)
FN:66,(anonymous_3)
FN:67,(anonymous_4)
FN:96,(anonymous_5)
FN:112,(anonymous_6)
FN:113,(anonymous_7)
FN:157,(anonymous_8)
FN:171,(anonymous_9)
FN:186,(anonymous_10)
FN:190,(anonymous_11)
FN:233,(anonymous_12)
FNF:13
FNH:13
FNDA:15,(anonymous_0)
FNDA:5,(anonymous_1)
FNDA:5,(anonymous_2)
FNDA:3,(anonymous_3)
FNDA:3,(anonymous_4)
FNDA:1,(anonymous_5)
FNDA:1,(anonymous_6)
FNDA:1,(anonymous_7)
FNDA:1,(anonymous_8)
FNDA:1,(anonymous_9)
FNDA:4,(anonymous_10)
FNDA:1,(anonymous_11)
FNDA:1,(anonymous_12)
DA:9,1
DA:10,1
DA:24,1
DA:33,1
DA:34,15
DA:35,15
DA:36,15
DA:37,15
DA:38,15
DA:39,15
DA:40,15
DA:41,15
DA:43,15
DA:44,5
DA:45,5
DA:46,5
DA:47,5
DA:48,5
DA:49,5
DA:51,0
DA:54,0
DA:55,0
DA:57,5
DA:61,15
DA:63,5
DA:66,15
DA:67,3
DA:68,3
DA:69,3
DA:71,3
DA:72,0
DA:73,0
DA:76,3
DA:77,1
DA:78,1
DA:81,2
DA:82,2
DA:85,2
DA:86,2
DA:87,3
DA:89,0
DA:93,3
DA:96,15
DA:97,1
DA:99,1
DA:100,1
DA:101,1
DA:105,1
DA:107,1
DA:108,0
DA:109,0
DA:112,1
DA:113,1
DA:114,1
DA:119,1
DA:121,0
DA:123,1
DA:127,15
DA:157,1
DA:171,1
DA:187,4
DA:190,1
DA:234,1
DA:235,1
LF:64
LH:55
BRDA:47,0,0,5
BRDA:47,0,1,0
BRDA:47,1,0,5
BRDA:47,1,1,5
BRDA:48,2,0,5
BRDA:48,2,1,0
BRDA:69,3,0,3
BRDA:69,3,1,0
BRDA:71,4,0,0
BRDA:71,4,1,3
BRDA:76,5,0,1
BRDA:76,5,1,2
BRDA:76,6,0,3
BRDA:76,6,1,2
BRDA:86,7,0,2
BRDA:86,7,1,0
BRDA:86,8,0,2
BRDA:86,8,1,2
BRDA:87,9,0,3
BRDA:87,9,1,0
BRDA:97,10,0,0
BRDA:97,10,1,1
BRDA:107,11,0,0
BRDA:107,11,1,1
BRDA:107,12,0,1
BRDA:107,12,1,1
BRDA:108,13,0,0
BRDA:108,13,1,0
BRDA:108,13,2,0
BRDA:114,14,0,1
BRDA:114,14,1,0
BRDA:115,15,0,0
BRDA:115,15,1,1
BRDA:119,16,0,0
BRDA:119,16,1,1
BRDA:133,17,0,0
BRDA:133,17,1,15
BRDA:143,18,0,0
BRDA:143,18,1,15
BRDA:144,19,0,0
BRDA:144,19,1,15
BRDA:145,20,0,0
BRDA:145,20,1,15
BRDA:181,21,0,5
BRDA:181,21,1,10
BRDA:181,22,0,15
BRDA:181,22,1,11
BRDA:182,23,0,1
BRDA:182,23,1,4
BRDA:182,24,0,5
BRDA:182,24,1,4
BRDA:193,25,0,0
BRDA:193,25,1,4
BRDA:194,26,0,0
BRDA:194,26,1,4
BRDA:195,27,0,0
BRDA:195,27,1,4
BRDA:203,28,0,4
BRDA:203,28,1,2
BRDA:213,29,0,4
BRDA:213,29,1,0
BRDA:219,30,0,4
BRDA:219,30,1,0
BRDA:220,31,0,0
BRDA:220,31,1,4
BRDA:226,32,0,4
BRDA:226,32,1,3
BRDA:228,33,0,1
BRDA:228,33,1,2
BRDA:238,34,0,1
BRDA:238,34,1,2
BRF:71
BRH:47
end_of_record
TN:
SF:src\pages\TeacherDashboard.tsx
FN:33,(anonymous_0)
FN:38,(anonymous_1)
FN:40,(anonymous_2)
FN:41,(anonymous_3)
FN:44,(anonymous_4)
FN:47,(anonymous_5)
FN:55,(anonymous_6)
FN:56,(anonymous_7)
FN:93,(anonymous_8)
FN:109,(anonymous_9)
FN:113,(anonymous_10)
FN:154,(anonymous_11)
FN:167,(anonymous_12)
FNF:13
FNH:11
FNDA:7,(anonymous_0)
FNDA:3,(anonymous_1)
FNDA:3,(anonymous_2)
FNDA:3,(anonymous_3)
FNDA:0,(anonymous_4)
FNDA:1,(anonymous_5)
FNDA:1,(anonymous_6)
FNDA:1,(anonymous_7)
FNDA:1,(anonymous_8)
FNDA:2,(anonymous_9)
FNDA:0,(anonymous_10)
FNDA:1,(anonymous_11)
FNDA:1,(anonymous_12)
DA:21,1
DA:22,1
DA:33,1
DA:34,7
DA:35,7
DA:36,7
DA:38,7
DA:39,3
DA:40,3
DA:42,3
DA:44,0
DA:47,7
DA:48,1
DA:49,1
DA:50,1
DA:51,1
DA:52,1
DA:53,1
DA:54,1
DA:55,1
DA:56,1
DA:59,0
DA:62,0
DA:66,7
DA:93,1
DA:110,2
DA:113,0
DA:154,1
DA:167,1
LF:29
LH:25
BRDA:42,0,0,3
BRDA:42,0,1,0
BRDA:49,1,0,0
BRDA:49,1,1,1
BRDA:53,2,0,1
BRDA:53,2,1,0
BRDA:54,3,0,0
BRDA:54,3,1,1
BRDA:56,4,0,1
BRDA:56,4,1,0
BRDA:56,5,0,0
BRDA:56,5,1,1
BRDA:59,6,0,0
BRDA:59,6,1,0
BRDA:69,7,0,0
BRDA:69,7,1,7
BRDA:73,8,0,0
BRDA:73,8,1,7
BRDA:79,9,0,0
BRDA:79,9,1,7
BRDA:99,10,0,0
BRDA:99,10,1,7
BRDA:105,11,0,5
BRDA:105,11,1,2
BRDA:116,12,0,0
BRDA:116,12,1,2
BRDA:119,13,0,0
BRDA:119,13,1,2
BRDA:120,14,0,0
BRDA:120,14,1,2
BRDA:125,15,0,2
BRDA:125,15,1,0
BRDA:131,16,0,1
BRDA:131,16,1,1
BRDA:140,17,0,2
BRDA:140,17,1,0
BRDA:141,18,0,0
BRDA:141,18,1,2
BRDA:151,19,0,1
BRDA:151,19,1,1
BRDA:152,20,0,1
BRDA:152,20,1,1
BRDA:153,21,0,1
BRDA:153,21,1,1
BRDA:157,22,0,1
BRDA:157,22,1,1
BRF:46
BRH:28
end_of_record
