{"numTotalTestSuites":57,"numPassedTestSuites":37,"numFailedTestSuites":20,"numPendingTestSuites":0,"numTotalTests":97,"numPassedTests":69,"numFailedTests":28,"numPendingTests":0,"numTodoTests":0,"snapshot":{"added":0,"failure":false,"filesAdded":0,"filesRemoved":0,"filesRemovedList":[],"filesUnmatched":0,"filesUpdated":0,"matched":0,"total":0,"unchecked":0,"uncheckedKeysByFile":[],"unmatched":0,"updated":0,"didUpdate":false},"startTime":1773084384384,"success":false,"testResults":[{"assertionResults":[{"ancestorTitles":["App routing and auth guard"],"fullName":"App routing and auth guard redirects unauthenticated users to login","status":"passed","title":"redirects unauthenticated users to login","duration":1221.7386999999999,"failureMessages":[],"meta":{}},{"ancestorTitles":["App routing and auth guard"],"fullName":"App routing and auth guard allows authenticated users to view dashboard","status":"passed","title":"allows authenticated users to view dashboard","duration":2676.0024000000003,"failureMessages":[],"meta":{}},{"ancestorTitles":["App routing and auth guard"],"fullName":"App routing and auth guard checks auth on mount","status":"passed","title":"checks auth on mount","duration":6.18999999999869,"failureMessages":[],"meta":{}}],"startTime":1773084389925,"endTime":1773084393829.19,"status":"passed","message":"","name":"C:/Coding/Software_Engineering_Coursework/frontend/src/__tests__/app-routing.test.tsx"},{"assertionResults":[{"ancestorTitles":["auth API","getUserByEmail"],"fullName":"auth API getUserByEmail should fetch user by email successfully","status":"passed","title":"should fetch user by email successfully","duration":1.703800000000001,"failureMessages":[],"meta":{}},{"ancestorTitles":["auth API","getUserByEmail"],"fullName":"auth API getUserByEmail should handle errors when fetching user","status":"passed","title":"should handle errors when fetching user","duration":2.9756999999999607,"failureMessages":[],"meta":{}},{"ancestorTitles":["auth API","getUserByEmail"],"fullName":"auth API getUserByEmail should handle user not found","status":"passed","title":"should handle user not found","duration":0.2177000000000362,"failureMessages":[],"meta":{}},{"ancestorTitles":["auth API","logout"],"fullName":"auth API logout should logout successfully","status":"passed","title":"should logout successfully","duration":0.3067000000000917,"failureMessages":[],"meta":{}},{"ancestorTitles":["auth API","logout"],"fullName":"auth API logout should handle logout errors","status":"passed","title":"should handle logout errors","duration":0.48500000000001364,"failureMessages":[],"meta":{}},{"ancestorTitles":["auth API","logout"],"fullName":"auth API logout should handle server errors during logout","status":"passed","title":"should handle server errors during logout","duration":0.15660000000002583,"failureMessages":[],"meta":{}}],"startTime":1773084393611,"endTime":1773084393617.1565,"status":"passed","message":"","name":"C:/Coding/Software_Engineering_Coursework/frontend/src/__tests__/auth.test.js"},{"assertionResults":[{"ancestorTitles":["CreateNotePage"],"fullName":"CreateNotePage renders create note page","status":"failed","title":"renders create note page","duration":1002.8251,"failureMessages":["TestingLibraryElementError: Found multiple elements with the text: Create Note\n\nHere are the matching elements:\n\nIgnored nodes: comments, script, style\n\u001b[36m<h2\u001b[39m\n  \u001b[33mclass\u001b[39m=\u001b[32m\"ant-typography css-dev-only-do-not-override-1enej14 css-var-root\"\u001b[39m\n  \u001b[33mstyle\u001b[39m=\u001b[32m\"margin: 0px;\"\u001b[39m\n\u001b[36m>\u001b[39m\n  \u001b[0mCreate Note\u001b[0m\n\u001b[36m</h2>\u001b[39m\n\nIgnored nodes: comments, script, style\n\u001b[36m<span>\u001b[39m\n  \u001b[0mCreate Note\u001b[0m\n\u001b[36m</span>\u001b[39m\n\n(If this is intentional, then use the `*AllBy*` variant of the query (like `queryAllByText`, `getAllByText`, or `findAllByText`)).\n\nIgnored nodes: comments, script, style\n\u001b[36m<body>\u001b[39m\n  \u001b[36m<div>\u001b[39m\n    \u001b[36m<div\u001b[39m\n      \u001b[33mclass\u001b[39m=\u001b[32m\"ant-layout ant-layout-has-sider css-dev-only-do-not-override-1enej14 css-var-root\"\u001b[39m\n      \u001b[33mstyle\u001b[39m=\u001b[32m\"min-height: 100vh;\"\u001b[39m\n    \u001b[36m>\u001b[39m\n      \u001b[36m<aside\u001b[39m\n        \u001b[33mclass\u001b[39m=\u001b[32m\"ant-layout-sider ant-layout-sider-dark ant-layout-sider-collapsed css-dev-only-do-not-override-1enej14 css-var-root\"\u001b[39m\n        \u001b[33mstyle\u001b[39m=\u001b[32m\"background: rgb(255, 255, 255); border-right: 1px solid rgb(232, 232, 232); height: 100vh; position: sticky; top: 0px; left: 0px; display: flex; flex-direction: column; z-index: 20; flex: 0 0 64px; max-width: 64px; min-width: 64px; width: 64px;\"\u001b[39m\n      \u001b[36m>\u001b[39m\n        \u001b[36m<div\u001b[39m\n          \u001b[33mclass\u001b[39m=\u001b[32m\"ant-layout-sider-children\"\u001b[39m\n        \u001b[36m>\u001b[39m\n          \u001b[36m<div\u001b[39m\n            \u001b[33mstyle\u001b[39m=\u001b[32m\"display: flex; align-items: center; justify-content: center; padding: 16px 0px; border-bottom: 1px solid rgb(232, 232, 232);\"\u001b[39m\n          \u001b[36m>\u001b[39m\n            \u001b[36m<button\u001b[39m\n              \u001b[33mclass\u001b[39m=\u001b[32m\"ant-btn css-dev-only-do-not-override-1enej14 css-var-root ant-btn-text ant-btn-color-default ant-btn-variant-text ant-btn-icon-only\"\u001b[39m\n              \u001b[33mstyle\u001b[39m=\u001b[32m\"color: rgb(51, 51, 51);\"\u001b[39m\n              \u001b[33mtype\u001b[39m=\u001b[32m\"button\"\u001b[39m\n            \u001b[36m>\u001b[39m\n              \u001b[36m<span\u001b[39m\n                \u001b[33mclass\u001b[39m=\u001b[32m\"ant-btn-icon\"\u001b[39m\n              \u001b[36m>\u001b[39m\n                \u001b[36m<span\u001b[39m\n                  \u001b[33maria-label\u001b[39m=\u001b[32m\"menu-unfold\"\u001b[39m\n                  \u001b[33mclass\u001b[39m=\u001b[32m\"anticon anticon-menu-unfold\"\u001b[39m\n                  \u001b[33mrole\u001b[39m=\u001b[32m\"img\"\u001b[39m\n                \u001b[36m>\u001b[39m\n                  \u001b[36m<svg\u001b[39m\n                    \u001b[33maria-hidden\u001b[39m=\u001b[32m\"true\"\u001b[39m\n                    \u001b[33mdata-icon\u001b[39m=\u001b[32m\"menu-unfold\"\u001b[39m\n                    \u001b[33mfill\u001b[39m=\u001b[32m\"currentColor\"\u001b[39m\n                    \u001b[33mfocusable\u001b[39m=\u001b[32m\"false\"\u001b[39m\n                    \u001b[33mheight\u001b[39m=\u001b[32m\"1em\"\u001b[39m\n                    \u001b[33mviewBox\u001b[39m=\u001b[32m\"64 64 896 896\"\u001b[39m\n                    \u001b[33mwidth\u001b[39m=\u001b[32m\"1em\"\u001b[39m\n                  \u001b[36m>\u001b[39m\n                    \u001b[36m<path\u001b[39m\n                      \u001b[33md\u001b[39m=\u001b[32m\"M408 442h480c4.4 0 8-3.6 8-8v-56c0-4.4-3.6-8-8-8H408c-4.4 0-8 3.6-8 8v56c0 4.4 3.6 8 8 8zm-8 204c0 4.4 3.6 8 8 8h480c4.4 0 8-3.6 8-8v-56c0-4.4-3.6-8-8-8H408c-4.4 0-8 3.6-8 8v56zm504-486H120c-4.4 0-8 3.6-8 8v56c0 4.4 3.6 8 8 8h784c4.4 0 8-3.6 8-8v-56c0-4.4-3.6-8-8-8zm0 632H120c-4.4 0-8 3.6-8 8v56c0 4.4 3.6 8 8 8h784c4.4 0 8-3.6 8-8v-56c0-4.4-3.6-8-8-8zM142.4 642.1L298.7 519a8.84 8.84 0 000-13.9L142.4 381.9c-5.8-4.6-14.4-.5-14.4 6.9v246.3a8.9 8.9 0 0014.4 7z\"\u001b[39m\n                    \u001b[36m/>\u001b[39m\n                  \u001b[36m</svg>\u001b[39m\n                \u001b[36m</span>\u001b[39m\n              \u001b[36m</span>\u001b[39m\n            \u001b[36m</button>\u001b[39m\n          \u001b[36m</div>\u001b[39m\n          \u001b[36m<div\u001b[39m\n            \u001b[33mstyle\u001b[39m=\u001b[32m\"padding: 12px 8px;\"\u001b[39m\n          \u001b[36m>\u001b[39m\n            \u001b[36m<button\u001b[39m\n              \u001b[33mclass\u001b[39m=\u001b[32m\"ant-btn css-dev-only-do-not-override-1enej14 css-var-root ant-btn-primary ant-btn-color-primary ant-btn-variant-solid ant-btn-icon-only ant-btn-block\"\u001b[39m\n              \u001b[33mstyle\u001b[39m=\u001b[32m\"background-color: rgb(11, 94, 215); border-color: rgb(11, 94, 215); border-radius: 8px;\"\u001b[39m\n              \u001b[33mtype\u001b[39m=\u001b[32m\"button\"\u001b[39m\n            \u001b[36m>\u001b[39m\n              \u001b[36m<span\u001b[39m\n                \u001b[33mclass\u001b[39m=\u001b[32m\"ant-btn-icon\"\u001b[39m\n              \u001b[36m>\u001b[39m\n                \u001b[36m<span\u001b[39m\n                  \u001b[33maria-label\u001b[39m=\u001b[32m\"plus\"\u001b[39m\n                  \u001b[33mclass\u001b[39m=\u001b[32m\"anticon anticon-plus\"\u001b[39m\n                  \u001b[33mrole\u001b[39m=\u001b[32m\"img\"\u001b[39m\n                \u001b[36m>\u001b[39m\n                  \u001b[36m<svg\u001b[39m\n                    \u001b[33maria-hidden\u001b[39m=\u001b[32m\"true\"\u001b[39m\n                    \u001b[33mdata-icon\u001b[39m=\u001b[32m\"plus\"\u001b[39m\n                    \u001b[33mfill\u001b[39m=\u001b[32m\"currentColor\"\u001b[39m\n                    \u001b[33mfocusable\u001b[39m=\u001b[32m\"false\"\u001b[39m\n                    \u001b[33mheight\u001b[39m=\u001b[32m\"1em\"\u001b[39m\n                    \u001b[33mviewBox\u001b[39m=\u001b[32m\"64 64 896 896\"\u001b[39m\n                    \u001b[33mwidth\u001b[39m=\u001b[32m\"1em\"\u001b[39m\n                  \u001b[36m>\u001b[39m\n                    \u001b[36m<path\u001b[39m\n                      \u001b[33md\u001b[39m=\u001b[32m\"M482 152h60q8 0 8 8v704q0 8-8 8h-60q-8 0-8-8V160q0-8 8-8z\"\u001b[39m\n                    \u001b[36m/>\u001b[39m\n                    \u001b[36m<path\u001b[39m\n                      \u001b[33md\u001b[39m=\u001b[32m\"M192 474h672q8 0 8 8v60q0 8-8 8H160q-8 0-8-8v-60q0-8 8-8z\"\u001b[39m\n                    \u001b[36m/>\u001b[39m\n                  \u001b[36m</svg>\u001b[39m\n                \u001b[36m</span>\u001b[39m\n              \u001b[36m</span>\u001b[39m\n            \u001b[36m</button>\u001b[39m\n          \u001b[36m</div>\u001b[39m\n          \u001b[36m<ul\u001b[39m\n            \u001b[33mclass\u001b[39m=\u001b[32m\"ant-menu ant-menu-root ant-menu-vertical ant-menu-light ant-menu-inline-collapsed css-dev-only-do-not-override-1enej14 css-var-root ant-menu-css-var\"\u001b[39m\n            \u001b[33mdata-menu-list\u001b[39m=\u001b[32m\"true\"\u001b[39m\n            \u001b[33mrole\u001b[39m=\u001b[32m\"menu\"\u001b[39m\n            \u001b[33mstyle\u001b[39m=\u001b[32m\"background: transparent; border-right: medium; flex: 1 1 0%;\"\u001b[39m\n            \u001b[33mtabindex\u001b[39m=\u001b[32m\"0\"\u001b[39m\n          \u001b[36m>\u001b[39m\n            \u001b[36m<li\u001b[39m\n              \u001b[33mclass\u001b[39m=\u001b[32m\"ant-menu-item ant-menu-item-selected\"\u001b[39m\n              \u001b[33mdata-menu-id\u001b[39m=\u001b[32m\"rc-menu-uuid-dashboard\"\u001b[39m\n              \u001b[33mrole\u001b[39m=\u001b[32m\"menuitem\"\u001b[39m\n              \u001b[33mtabindex\u001b[39m=\u001b[32m\"-1\"\u001b[39m\n            \u001b[36m>\u001b[39m\n              \u001b[36m<span\u001b[39m\n                \u001b[33maria-label\u001b[39m=\u001b[32m\"dashboard\"\u001b[39m\n                \u001b[33mclass\u001b[39m=\u001b[32m\"anticon anticon-dashboard ant-menu-item-icon\"\u001b[39m\n                \u001b[33mrole\u001b[39m=\u001b[32m\"img\"\u001b[39m\n              \u001b[36m>\u001b[39m\n                \u001b[36m<svg\u001b[39m\n                  \u001b[33maria-hidden\u001b[39m=\u001b[32m\"true\"\u001b[39m\n                  \u001b[33mdata-icon\u001b[39m=\u001b[32m\"dashboard\"\u001b[39m\n                  \u001b[33mfill\u001b[39m=\u001b[32m\"currentColor\"\u001b[39m\n                  \u001b[33mfocusable\u001b[39m=\u001b[32m\"false\"\u001b[39m\n                  \u001b[33mheight\u001b[39m=\u001b[32m\"1em\"\u001b[39m\n                  \u001b[33mviewBox\u001b[39m=\u001b[32m\"64 64 896 896\"\u001b[39m\n                  \u001b[33mwidth\u001b[39m=\u001b[32m\"1em\"\u001b[39m\n                \u001b[36m>\u001b[39m\n                  \u001b[36m<path\u001b[39m\n                    \u001b[33md\u001b[39m=\u001b[32m\"M924.8 385.6a446.7 446.7 0 00-96-142.4 446.7 446.7 0 00-142.4-96C631.1 123.8 572.5 112 512 112s-119.1 11.8-174.4 35.2a446.7 446.7 0 00-142.4 96 446.7 446.7 0 00-96 142.4C75.8 440.9 64 499.5 64 560c0 132.7 58.3 257.7 159.9 343.1l1.7 1.4c5.8 4.8 13.1 7.5 20.6 7.5h531.7c7.5 0 14.8-2.7 20.6-7.5l1.7-1.4C901.7 817.7 960 692.7 960 560c0-60.5-11.9-119.1-35.2-174.4zM761.4 836H262.6A371.12 371.12 0 01140 560c0-99.4 38.7-192.8 109-263 70.3-70.3 163.7-109 263-109 99.4 0 192.8 38.7 263 109 70.3 70.3 109 163.7 109 263 0 105.6-44.5 205.5-122.6 276zM623.5 421.5a8.03 8.03 0 00-11.3 0L527.7 506c-18.7-5-39.4-.2-54.1 14.5a55.95 55.95 0 000 79.2 55.95 55.95 0 0079.2 0 5...\n    at Object.getElementError (C:\\Coding\\Software_Engineering_Coursework\\frontend\\node_modules\\@testing-library\\dom\\dist\\config.js:37:19)\n    at getElementError (C:\\Coding\\Software_Engineering_Coursework\\frontend\\node_modules\\@testing-library\\dom\\dist\\query-helpers.js:20:35)\n    at getMultipleElementsFoundError (C:\\Coding\\Software_Engineering_Coursework\\frontend\\node_modules\\@testing-library\\dom\\dist\\query-helpers.js:23:10)\n    at C:\\Coding\\Software_Engineering_Coursework\\frontend\\node_modules\\@testing-library\\dom\\dist\\query-helpers.js:55:13\n    at C:\\Coding\\Software_Engineering_Coursework\\frontend\\node_modules\\@testing-library\\dom\\dist\\query-helpers.js:95:19\n    at C:/Coding/Software_Engineering_Coursework/frontend/src/__tests__/create-note.test.tsx:41:19\n    at file:///C:/Coding/Software_Engineering_Coursework/frontend/node_modules/@vitest/runner/dist/index.js:145:11\n    at file:///C:/Coding/Software_Engineering_Coursework/frontend/node_modules/@vitest/runner/dist/index.js:915:26\n    at file:///C:/Coding/Software_Engineering_Coursework/frontend/node_modules/@vitest/runner/dist/index.js:1243:20\n    at new Promise (<anonymous>)"],"meta":{}},{"ancestorTitles":["CreateNotePage"],"fullName":"CreateNotePage shows validation error when title is empty","status":"failed","title":"shows validation error when title is empty","duration":2715.7623999999996,"failureMessages":["TestingLibraryElementError: Found multiple elements with the role \"button\" and name `/create note/i`\n\nHere are the matching elements:\n\nIgnored nodes: comments, script, style\n\u001b[36m<button\u001b[39m\n  \u001b[33mclass\u001b[39m=\u001b[32m\"ant-btn css-dev-only-do-not-override-1enej14 css-var-root ant-btn-primary ant-btn-color-primary ant-btn-variant-solid ant-btn-lg ant-btn-block\"\u001b[39m\n  \u001b[33mstyle\u001b[39m=\u001b[32m\"background-color: rgb(11, 94, 215); border-color: rgb(11, 94, 215); border-radius: 8px; height: 48px;\"\u001b[39m\n  \u001b[33mtype\u001b[39m=\u001b[32m\"button\"\u001b[39m\n\u001b[36m>\u001b[39m\n  \u001b[36m<span\u001b[39m\n    \u001b[33mclass\u001b[39m=\u001b[32m\"ant-btn-icon\"\u001b[39m\n  \u001b[36m>\u001b[39m\n    \u001b[36m<span\u001b[39m\n      \u001b[33maria-label\u001b[39m=\u001b[32m\"upload\"\u001b[39m\n      \u001b[33mclass\u001b[39m=\u001b[32m\"anticon anticon-upload\"\u001b[39m\n      \u001b[33mrole\u001b[39m=\u001b[32m\"img\"\u001b[39m\n    \u001b[36m>\u001b[39m\n      \u001b[36m<svg\u001b[39m\n        \u001b[33maria-hidden\u001b[39m=\u001b[32m\"true\"\u001b[39m\n        \u001b[33mdata-icon\u001b[39m=\u001b[32m\"upload\"\u001b[39m\n        \u001b[33mfill\u001b[39m=\u001b[32m\"currentColor\"\u001b[39m\n        \u001b[33mfocusable\u001b[39m=\u001b[32m\"false\"\u001b[39m\n        \u001b[33mheight\u001b[39m=\u001b[32m\"1em\"\u001b[39m\n        \u001b[33mviewBox\u001b[39m=\u001b[32m\"64 64 896 896\"\u001b[39m\n        \u001b[33mwidth\u001b[39m=\u001b[32m\"1em\"\u001b[39m\n      \u001b[36m>\u001b[39m\n        \u001b[36m<path\u001b[39m\n          \u001b[33md\u001b[39m=\u001b[32m\"M400 317.7h73.9V656c0 4.4 3.6 8 8 8h60c4.4 0 8-3.6 8-8V317.7H624c6.7 0 10.4-7.7 6.3-12.9L518.3 163a8 8 0 00-12.6 0l-112 141.7c-4.1 5.3-.4 13 6.3 13zM878 626h-60c-4.4 0-8 3.6-8 8v154H214V634c0-4.4-3.6-8-8-8h-60c-4.4 0-8 3.6-8 8v198c0 17.7 14.3 32 32 32h684c17.7 0 32-14.3 32-32V634c0-4.4-3.6-8-8-8z\"\u001b[39m\n        \u001b[36m/>\u001b[39m\n      \u001b[36m</svg>\u001b[39m\n    \u001b[36m</span>\u001b[39m\n  \u001b[36m</span>\u001b[39m\n  \u001b[36m<span>\u001b[39m\n    \u001b[0mCreate Note\u001b[0m\n  \u001b[36m</span>\u001b[39m\n\u001b[36m</button>\u001b[39m\n\nIgnored nodes: comments, script, style\n\u001b[36m<button\u001b[39m\n  \u001b[33mclass\u001b[39m=\u001b[32m\"ant-btn css-dev-only-do-not-override-1enej14 css-var-root ant-btn-primary ant-btn-color-primary ant-btn-variant-solid ant-btn-lg ant-btn-block\"\u001b[39m\n  \u001b[33mstyle\u001b[39m=\u001b[32m\"background-color: rgb(11, 94, 215); border-color: rgb(11, 94, 215); border-radius: 8px; height: 48px;\"\u001b[39m\n  \u001b[33mtype\u001b[39m=\u001b[32m\"button\"\u001b[39m\n\u001b[36m>\u001b[39m\n  \u001b[36m<span\u001b[39m\n    \u001b[33mclass\u001b[39m=\u001b[32m\"ant-btn-icon\"\u001b[39m\n  \u001b[36m>\u001b[39m\n    \u001b[36m<span\u001b[39m\n      \u001b[33maria-label\u001b[39m=\u001b[32m\"upload\"\u001b[39m\n      \u001b[33mclass\u001b[39m=\u001b[32m\"anticon anticon-upload\"\u001b[39m\n      \u001b[33mrole\u001b[39m=\u001b[32m\"img\"\u001b[39m\n    \u001b[36m>\u001b[39m\n      \u001b[36m<svg\u001b[39m\n        \u001b[33maria-hidden\u001b[39m=\u001b[32m\"true\"\u001b[39m\n        \u001b[33mdata-icon\u001b[39m=\u001b[32m\"upload\"\u001b[39m\n        \u001b[33mfill\u001b[39m=\u001b[32m\"currentColor\"\u001b[39m\n        \u001b[33mfocusable\u001b[39m=\u001b[32m\"false\"\u001b[39m\n        \u001b[33mheight\u001b[39m=\u001b[32m\"1em\"\u001b[39m\n        \u001b[33mviewBox\u001b[39m=\u001b[32m\"64 64 896 896\"\u001b[39m\n        \u001b[33mwidth\u001b[39m=\u001b[32m\"1em\"\u001b[39m\n      \u001b[36m>\u001b[39m\n        \u001b[36m<path\u001b[39m\n          \u001b[33md\u001b[39m=\u001b[32m\"M400 317.7h73.9V656c0 4.4 3.6 8 8 8h60c4.4 0 8-3.6 8-8V317.7H624c6.7 0 10.4-7.7 6.3-12.9L518.3 163a8 8 0 00-12.6 0l-112 141.7c-4.1 5.3-.4 13 6.3 13zM878 626h-60c-4.4 0-8 3.6-8 8v154H214V634c0-4.4-3.6-8-8-8h-60c-4.4 0-8 3.6-8 8v198c0 17.7 14.3 32 32 32h684c17.7 0 32-14.3 32-32V634c0-4.4-3.6-8-8-8z\"\u001b[39m\n        \u001b[36m/>\u001b[39m\n      \u001b[36m</svg>\u001b[39m\n    \u001b[36m</span>\u001b[39m\n  \u001b[36m</span>\u001b[39m\n  \u001b[36m<span>\u001b[39m\n    \u001b[0mCreate Note\u001b[0m\n  \u001b[36m</span>\u001b[39m\n\u001b[36m</button>\u001b[39m\n\n(If this is intentional, then use the `*AllBy*` variant of the query (like `queryAllByText`, `getAllByText`, or `findAllByText`)).\n\nIgnored nodes: comments, script, style\n\u001b[36m<body>\u001b[39m\n  \u001b[36m<div>\u001b[39m\n    \u001b[36m<div\u001b[39m\n      \u001b[33mclass\u001b[39m=\u001b[32m\"ant-layout ant-layout-has-sider css-dev-only-do-not-override-1enej14 css-var-root\"\u001b[39m\n      \u001b[33mstyle\u001b[39m=\u001b[32m\"min-height: 100vh;\"\u001b[39m\n    \u001b[36m>\u001b[39m\n      \u001b[36m<aside\u001b[39m\n        \u001b[33mclass\u001b[39m=\u001b[32m\"ant-layout-sider ant-layout-sider-dark ant-layout-sider-collapsed css-dev-only-do-not-override-1enej14 css-var-root\"\u001b[39m\n        \u001b[33mstyle\u001b[39m=\u001b[32m\"background: rgb(255, 255, 255); border-right: 1px solid rgb(232, 232, 232); height: 100vh; position: sticky; top: 0px; left: 0px; display: flex; flex-direction: column; z-index: 20; flex: 0 0 64px; max-width: 64px; min-width: 64px; width: 64px;\"\u001b[39m\n      \u001b[36m>\u001b[39m\n        \u001b[36m<div\u001b[39m\n          \u001b[33mclass\u001b[39m=\u001b[32m\"ant-layout-sider-children\"\u001b[39m\n        \u001b[36m>\u001b[39m\n          \u001b[36m<div\u001b[39m\n            \u001b[33mstyle\u001b[39m=\u001b[32m\"display: flex; align-items: center; justify-content: center; padding: 16px 0px; border-bottom: 1px solid rgb(232, 232, 232);\"\u001b[39m\n          \u001b[36m>\u001b[39m\n            \u001b[36m<button\u001b[39m\n              \u001b[33mclass\u001b[39m=\u001b[32m\"ant-btn css-dev-only-do-not-override-1enej14 css-var-root ant-btn-text ant-btn-color-default ant-btn-variant-text ant-btn-icon-only\"\u001b[39m\n              \u001b[33mstyle\u001b[39m=\u001b[32m\"color: rgb(51, 51, 51);\"\u001b[39m\n              \u001b[33mtype\u001b[39m=\u001b[32m\"button\"\u001b[39m\n            \u001b[36m>\u001b[39m\n              \u001b[36m<span\u001b[39m\n                \u001b[33mclass\u001b[39m=\u001b[32m\"ant-btn-icon\"\u001b[39m\n              \u001b[36m>\u001b[39m\n                \u001b[36m<span\u001b[39m\n                  \u001b[33maria-label\u001b[39m=\u001b[32m\"menu-unfold\"\u001b[39m\n                  \u001b[33mclass\u001b[39m=\u001b[32m\"anticon anticon-menu-unfold\"\u001b[39m\n                  \u001b[33mrole\u001b[39m=\u001b[32m\"img\"\u001b[39m\n                \u001b[36m>\u001b[39m\n                  \u001b[36m<svg\u001b[39m\n                    \u001b[33maria-hidden\u001b[39m=\u001b[32m\"true\"\u001b[39m\n                    \u001b[33mdata-icon\u001b[39m=\u001b[32m\"menu-unfold\"\u001b[39m\n                    \u001b[33mfill\u001b[39m=\u001b[32m\"currentColor\"\u001b[39m\n                    \u001b[33mfocusable\u001b[39m=\u001b[32m\"false\"\u001b[39m\n                    \u001b[33mheight\u001b[39m=\u001b[32m\"1em\"\u001b[39m\n                    \u001b[33mviewBox\u001b[39m=\u001b[32m\"64 64 896 896\"\u001b[39m\n                    \u001b[33mwidth\u001b[39m=\u001b[32m\"1em\"\u001b[39m\n                  \u001b[36m>\u001b[39m\n                    \u001b[36m<path\u001b[39m\n                      \u001b[33md\u001b[39m=\u001b[32m\"M408 442h480c4.4 0 8-3.6 8-8v-56c0-4.4-3.6-8-8-8H408c-4.4 0-8 3.6-8 8v56c0 4.4 3.6 8 8 8zm-8 204c0 4.4 3.6 8 8 8h480c4.4 0 8-3.6 8-8v-56c0-4.4-3.6-8-8-8H408c-4.4 0-8 3.6-8 8v56zm504-486H120c-4.4 0-8 3.6-8 8v56c0 4.4 3.6 8 8 8h784c4.4 0 8-3.6 8-8v-56c0-4.4-3.6-8-8-8zm0 632H120c-4.4 0-8 3.6-8 8v56c0 4.4 3.6 8 8 8h784c4.4 0 8-3.6 8-8v-56c0-4.4-3.6-8-8-8zM142.4 642.1L298.7 519a8.84 8.84 0 000-13.9L142.4 381.9c-5.8-4.6-14.4-.5-14.4 6.9v246.3a8.9 8.9 0 0014.4 7z\"\u001b[39m\n                    \u001b[36m/>\u001b[39m\n                  \u001b[36m</svg>\u001b[39m\n                \u001b[36m</span>\u001b[39m\n              \u001b[36m</span>\u001b[39m\n            \u001b[36m</button>\u001b[39m\n          \u001b[36m</div>\u001b[39m\n          \u001b[36m<div\u001b[39m\n            \u001b[33mstyle\u001b[39m=\u001b[32m\"padding: 12px 8px;\"\u001b[39m\n          \u001b[36m>\u001b[39m\n            \u001b[36m<button\u001b[39m\n              \u001b[33mclass\u001b[39m=\u001b[32m\"ant-btn css-dev-only-do-not-override-1enej14 css-var-root ant-btn-primary ant-btn-color-primary ant-btn-variant-solid ant-btn-icon-only ant-btn-block\"\u001b[39m\n              \u001b[33mstyle\u001b[39m=\u001b[32m\"background-color: rgb(11, 94, 215); border-color: rgb(11, 94, 215); border-radius: 8px;\"\u001b[39m\n              \u001b[33mtype\u001b[39m=\u001b[32m\"button\"\u001b[39m\n            \u001b[36m>\u001b[39m\n              \u001b[36m<span\u001b[39m\n                \u001b[33mclass\u001b[39m=\u001b[32m\"ant-btn-icon\"\u001b[39m\n              \u001b[36m>\u001b[39m\n                \u001b[36m<span\u001b[39m\n                  \u001b[33maria-label\u001b[39m=\u001b[32m\"plus\"\u001b[39m\n                  \u001b[33mclass\u001b[39m=\u001b[32m\"anticon anticon-plus\"\u001b[39m\n                  \u001b[33mrole\u001b[39m=\u001b[32m\"img\"\u001b[39m\n                \u001b[36m>\u001b[39m\n                  \u001b[36m<svg\u001b[39m\n                    \u001b[33maria-hidden\u001b[39m=\u001b[32m\"true\"\u001b[39m\n                    \u001b[33mdata-icon\u001b[39m=\u001b[32m\"plus\"\u001b[39m\n                    \u001b[33mfill\u001b[39m=\u001b[32m\"currentColor\"\u001b[39m\n                    \u001b[33mfocusable\u001b[39m=\u001b[32m\"false\"\u001b[39m\n                    \u001b[33mheight\u001b[39m=\u001b[32m\"1em\"\u001b[39m\n                    \u001b[33mviewBox\u001b[39m=\u001b[32m\"64 64 896 896\"\u001b[39m\n                    \u001b[33mwidth\u001b[39m=\u001b[32m\"1em\"\u001b[39m\n                  \u001b[36m>\u001b[39m\n                    \u001b[36m<path\u001b[39m\n                      \u001b[33md\u001b[39m=\u001b[32m\"M482 152h60q8 0 8 8v704q0 8-8 8h-60q-8 0-8-8V160q0-8 8-8z\"\u001b[39m\n                    \u001b[36m/>\u001b[39m\n                    \u001b[36m<path\u001b[39m\n                      \u001b[33md\u001b[39m=\u001b[32m\"M192 474h672q8 0 8 8v60q0 8-8 8H160q-8 0-8-8v-60q0-8 8-8z\"\u001b[39m\n                    \u001b[36m/>\u001b[39m\n                  \u001b[36m</svg>\u001b[39m\n                \u001b[36m</span>\u001b[39m\n              \u001b[36m</span>\u001b[39m\n            \u001b[36m</button>\u001b[39m\n          \u001b[36m</div>\u001b[39m\n          \u001b[36m<ul\u001b[39m\n            \u001b[33mclass\u001b[39m=\u001b[32m\"ant-menu ant-menu-root ant-menu-vertical ant-menu-light ant-menu-inline-collapsed css-dev-only-do-not-override-1enej14 css-var-root ant-menu-css-var\"\u001b[39m\n            \u001b[33mdata-menu-list\u001b[39m=\u001b[32m\"true\"\u001b[39m\n            \u001b[33mrole\u001b[39m=\u001b[32m\"menu\"\u001b[39m\n            \u001b[33mstyle\u001b[39m=\u001b[32m\"background: transparent; border-right: medium; flex: 1 1 0%;\"\u001b[39m\n            \u001b[33mtabindex\u001b[39m=\u001b[32m\"0\"\u001b[39m\n          \u001b[36m>\u001b[39m\n            \u001b[36m<li\u001b[39m\n              \u001b[33mclass\u001b[39m=\u001b[32m\"ant-menu-item ant-menu-item-selected\"\u001b[39m\n              \u001b[33mdata-menu-id\u001b[39m=\u001b[32m\"rc-menu-uuid-dashboard\"\u001b[39m\n              \u001b[33mrole\u001b[39m=\u001b[32m\"menuitem\"\u001b[39m\n              \u001b[33mtabindex\u001b[39m=\u001b[32m\"-1\"\u001b[39m\n            \u001b[36m>\u001b[39m\n              \u001b[36m<span\u001b[39m\n                \u001b[33maria-label\u001b[39m=\u001b[32m\"dashboard\"\u001b[39m\n                \u001b[33mclass\u001b[39m=\u001b[32m\"anticon anticon-dashboard ant-menu-item-icon\"\u001b[39m\n                \u001b[33mrole\u001b[39m=\u001b[32m\"img\"\u001b[39m\n              \u001b[36m>\u001b[39m\n                \u001b[36m<svg\u001b[39m\n                  \u001b[33maria-hidden\u001b[39m=\u001b[32m\"true\"\u001b[39m\n                  \u001b[33mdata-icon\u001b[39m=\u001b[32m\"dashboard\"\u001b[39m\n                  \u001b[33mfill\u001b[39m=\u001b[32m\"currentColor\"\u001b[39m\n                  \u001b[33mfocusable\u001b[39m=\u001b[32m\"false\"\u001b[39m\n                  \u001b[33mheight\u001b[39m=\u001b[32m\"1em\"\u001b[39m\n                  \u001b[33mviewBox\u001b[39m=\u001b[32m\"64 64 896 896\"\u001b[39m\n                  \u001b[33mwidth\u001b[39m=\u001b[32m\"1em\"\u001b[39m\n                \u001b[36m>\u001b[39m\n                  \u001b[36m<path\u001b[39m\n                    \u001b[33md\u001b[39m=\u001b[32m\"M924.8 385.6a446.7 446.7 0 00-96-142.4 446.7 446.7 0 00-142.4-96C631.1 123.8 572.5 112 512 112s-119.1 11.8-174.4 35.2a446.7 446.7 0 00-142.4 96 446.7 446.7 0 00-96 142.4C75.8 440.9 64 499.5 64 560c0 132.7 58.3 257.7 159.9 343.1l1.7 1.4c5.8 4.8 13.1 7.5 20.6 7.5h531.7c7.5 0 14.8-2.7 20.6-7.5l1.7-1.4C901.7 817.7 960 692.7 960 560c0-60.5-11.9-119.1-35.2-174.4zM761.4 836H262.6A371.12 371.12 0 01140 560c0-99.4 38.7-192.8 109-263 70.3-70.3 163.7-109 263-109 99.4 0 192.8 38.7 263 109 70.3 70.3 109 163.7 109 263 0 105.6-44.5 205.5-122.6 276zM623.5 421.5a8.03 8.03 0 00-11.3 0L527.7 506c-18.7-5-39.4-.2-54.1 14.5a55.95 55.95 0 000 79.2 55.95 55.95 0 0079.2 0 5...\n    at Object.getElementError (C:\\Coding\\Software_Engineering_Coursework\\frontend\\node_modules\\@testing-library\\dom\\dist\\config.js:37:19)\n    at getElementError (C:\\Coding\\Software_Engineering_Coursework\\frontend\\node_modules\\@testing-library\\dom\\dist\\query-helpers.js:20:35)\n    at getMultipleElementsFoundError (C:\\Coding\\Software_Engineering_Coursework\\frontend\\node_modules\\@testing-library\\dom\\dist\\query-helpers.js:23:10)\n    at C:\\Coding\\Software_Engineering_Coursework\\frontend\\node_modules\\@testing-library\\dom\\dist\\query-helpers.js:55:13\n    at C:\\Coding\\Software_Engineering_Coursework\\frontend\\node_modules\\@testing-library\\dom\\dist\\query-helpers.js:95:19\n    at C:/Coding/Software_Engineering_Coursework/frontend/src/__tests__/create-note.test.tsx:54:28\n    at file:///C:/Coding/Software_Engineering_Coursework/frontend/node_modules/@vitest/runner/dist/index.js:145:11\n    at file:///C:/Coding/Software_Engineering_Coursework/frontend/node_modules/@vitest/runner/dist/index.js:915:26\n    at file:///C:/Coding/Software_Engineering_Coursework/frontend/node_modules/@vitest/runner/dist/index.js:1243:20\n    at new Promise (<anonymous>)"],"meta":{}}],"startTime":1773084389549,"endTime":1773084393267.7625,"status":"failed","message":"","name":"C:/Coding/Software_Engineering_Coursework/frontend/src/__tests__/create-note.test.tsx"},{"assertionResults":[{"ancestorTitles":["Dashboard"],"fullName":"Dashboard renders dashboard shell","status":"passed","title":"renders dashboard shell","duration":1628.1458000000002,"failureMessages":[],"meta":{}},{"ancestorTitles":["Dashboard"],"fullName":"Dashboard shows empty recent notes state","status":"failed","title":"shows empty recent notes state","duration":1459.9446000000007,"failureMessages":["Error: Unable to find an element with the text: /no recent notes/i. This could be because the text is broken up by multiple elements. In this case, you can provide a function for your text matcher to make your matcher more flexible.\n\nIgnored nodes: comments, script, style\n\u001b[36m<body>\u001b[39m\n  \u001b[36m<div>\u001b[39m\n    \u001b[36m<div\u001b[39m\n      \u001b[33mclass\u001b[39m=\u001b[32m\"ant-layout ant-layout-has-sider css-dev-only-do-not-override-1enej14 css-var-root\"\u001b[39m\n      \u001b[33mstyle\u001b[39m=\u001b[32m\"min-height: 100vh;\"\u001b[39m\n    \u001b[36m>\u001b[39m\n      \u001b[36m<aside\u001b[39m\n        \u001b[33mclass\u001b[39m=\u001b[32m\"ant-layout-sider ant-layout-sider-dark ant-layout-sider-collapsed css-dev-only-do-not-override-1enej14 css-var-root\"\u001b[39m\n        \u001b[33mstyle\u001b[39m=\u001b[32m\"background: rgb(255, 255, 255); border-right: 1px solid rgb(232, 232, 232); height: 100vh; position: sticky; top: 0px; left: 0px; display: flex; flex-direction: column; z-index: 20; flex: 0 0 64px; max-width: 64px; min-width: 64px; width: 64px;\"\u001b[39m\n      \u001b[36m>\u001b[39m\n        \u001b[36m<div\u001b[39m\n          \u001b[33mclass\u001b[39m=\u001b[32m\"ant-layout-sider-children\"\u001b[39m\n        \u001b[36m>\u001b[39m\n          \u001b[36m<div\u001b[39m\n            \u001b[33mstyle\u001b[39m=\u001b[32m\"display: flex; align-items: center; justify-content: center; padding: 16px 0px; border-bottom: 1px solid rgb(232, 232, 232);\"\u001b[39m\n          \u001b[36m>\u001b[39m\n            \u001b[36m<button\u001b[39m\n              \u001b[33mclass\u001b[39m=\u001b[32m\"ant-btn css-dev-only-do-not-override-1enej14 css-var-root ant-btn-text ant-btn-color-default ant-btn-variant-text ant-btn-icon-only\"\u001b[39m\n              \u001b[33mstyle\u001b[39m=\u001b[32m\"color: rgb(51, 51, 51);\"\u001b[39m\n              \u001b[33mtype\u001b[39m=\u001b[32m\"button\"\u001b[39m\n            \u001b[36m>\u001b[39m\n              \u001b[36m<span\u001b[39m\n                \u001b[33mclass\u001b[39m=\u001b[32m\"ant-btn-icon\"\u001b[39m\n              \u001b[36m>\u001b[39m\n                \u001b[36m<span\u001b[39m\n                  \u001b[33maria-label\u001b[39m=\u001b[32m\"menu-unfold\"\u001b[39m\n                  \u001b[33mclass\u001b[39m=\u001b[32m\"anticon anticon-menu-unfold\"\u001b[39m\n                  \u001b[33mrole\u001b[39m=\u001b[32m\"img\"\u001b[39m\n                \u001b[36m>\u001b[39m\n                  \u001b[36m<svg\u001b[39m\n                    \u001b[33maria-hidden\u001b[39m=\u001b[32m\"true\"\u001b[39m\n                    \u001b[33mdata-icon\u001b[39m=\u001b[32m\"menu-unfold\"\u001b[39m\n                    \u001b[33mfill\u001b[39m=\u001b[32m\"currentColor\"\u001b[39m\n                    \u001b[33mfocusable\u001b[39m=\u001b[32m\"false\"\u001b[39m\n                    \u001b[33mheight\u001b[39m=\u001b[32m\"1em\"\u001b[39m\n                    \u001b[33mviewBox\u001b[39m=\u001b[32m\"64 64 896 896\"\u001b[39m\n                    \u001b[33mwidth\u001b[39m=\u001b[32m\"1em\"\u001b[39m\n                  \u001b[36m>\u001b[39m\n                    \u001b[36m<path\u001b[39m\n                      \u001b[33md\u001b[39m=\u001b[32m\"M408 442h480c4.4 0 8-3.6 8-8v-56c0-4.4-3.6-8-8-8H408c-4.4 0-8 3.6-8 8v56c0 4.4 3.6 8 8 8zm-8 204c0 4.4 3.6 8 8 8h480c4.4 0 8-3.6 8-8v-56c0-4.4-3.6-8-8-8H408c-4.4 0-8 3.6-8 8v56zm504-486H120c-4.4 0-8 3.6-8 8v56c0 4.4 3.6 8 8 8h784c4.4 0 8-3.6 8-8v-56c0-4.4-3.6-8-8-8zm0 632H120c-4.4 0-8 3.6-8 8v56c0 4.4 3.6 8 8 8h784c4.4 0 8-3.6 8-8v-56c0-4.4-3.6-8-8-8zM142.4 642.1L298.7 519a8.84 8.84 0 000-13.9L142.4 381.9c-5.8-4.6-14.4-.5-14.4 6.9v246.3a8.9 8.9 0 0014.4 7z\"\u001b[39m\n                    \u001b[36m/>\u001b[39m\n                  \u001b[36m</svg>\u001b[39m\n                \u001b[36m</span>\u001b[39m\n              \u001b[36m</span>\u001b[39m\n            \u001b[36m</button>\u001b[39m\n          \u001b[36m</div>\u001b[39m\n          \u001b[36m<div\u001b[39m\n            \u001b[33mstyle\u001b[39m=\u001b[32m\"padding: 12px 8px;\"\u001b[39m\n          \u001b[36m>\u001b[39m\n            \u001b[36m<button\u001b[39m\n              \u001b[33mclass\u001b[39m=\u001b[32m\"ant-btn css-dev-only-do-not-override-1enej14 css-var-root ant-btn-primary ant-btn-color-primary ant-btn-variant-solid ant-btn-icon-only ant-btn-block\"\u001b[39m\n              \u001b[33mstyle\u001b[39m=\u001b[32m\"background-color: rgb(11, 94, 215); border-color: rgb(11, 94, 215); border-radius: 8px;\"\u001b[39m\n              \u001b[33mtype\u001b[39m=\u001b[32m\"button\"\u001b[39m\n            \u001b[36m>\u001b[39m\n              \u001b[36m<span\u001b[39m\n                \u001b[33mclass\u001b[39m=\u001b[32m\"ant-btn-icon\"\u001b[39m\n              \u001b[36m>\u001b[39m\n                \u001b[36m<span\u001b[39m\n                  \u001b[33maria-label\u001b[39m=\u001b[32m\"plus\"\u001b[39m\n                  \u001b[33mclass\u001b[39m=\u001b[32m\"anticon anticon-plus\"\u001b[39m\n                  \u001b[33mrole\u001b[39m=\u001b[32m\"img\"\u001b[39m\n                \u001b[36m>\u001b[39m\n                  \u001b[36m<svg\u001b[39m\n                    \u001b[33maria-hidden\u001b[39m=\u001b[32m\"true\"\u001b[39m\n                    \u001b[33mdata-icon\u001b[39m=\u001b[32m\"plus\"\u001b[39m\n                    \u001b[33mfill\u001b[39m=\u001b[32m\"currentColor\"\u001b[39m\n                    \u001b[33mfocusable\u001b[39m=\u001b[32m\"false\"\u001b[39m\n                    \u001b[33mheight\u001b[39m=\u001b[32m\"1em\"\u001b[39m\n                    \u001b[33mviewBox\u001b[39m=\u001b[32m\"64 64 896 896\"\u001b[39m\n                    \u001b[33mwidth\u001b[39m=\u001b[32m\"1em\"\u001b[39m\n                  \u001b[36m>\u001b[39m\n                    \u001b[36m<path\u001b[39m\n                      \u001b[33md\u001b[39m=\u001b[32m\"M482 152h60q8 0 8 8v704q0 8-8 8h-60q-8 0-8-8V160q0-8 8-8z\"\u001b[39m\n                    \u001b[36m/>\u001b[39m\n                    \u001b[36m<path\u001b[39m\n                      \u001b[33md\u001b[39m=\u001b[32m\"M192 474h672q8 0 8 8v60q0 8-8 8H160q-8 0-8-8v-60q0-8 8-8z\"\u001b[39m\n                    \u001b[36m/>\u001b[39m\n                  \u001b[36m</svg>\u001b[39m\n                \u001b[36m</span>\u001b[39m\n              \u001b[36m</span>\u001b[39m\n            \u001b[36m</button>\u001b[39m\n          \u001b[36m</div>\u001b[39m\n          \u001b[36m<ul\u001b[39m\n            \u001b[33mclass\u001b[39m=\u001b[32m\"ant-menu ant-menu-root ant-menu-vertical ant-menu-light ant-menu-inline-collapsed css-dev-only-do-not-override-1enej14 css-var-root ant-menu-css-var\"\u001b[39m\n            \u001b[33mdata-menu-list\u001b[39m=\u001b[32m\"true\"\u001b[39m\n            \u001b[33mrole\u001b[39m=\u001b[32m\"menu\"\u001b[39m\n            \u001b[33mstyle\u001b[39m=\u001b[32m\"background: transparent; border-right: medium; flex: 1 1 0%;\"\u001b[39m\n            \u001b[33mtabindex\u001b[39m=\u001b[32m\"0\"\u001b[39m\n          \u001b[36m>\u001b[39m\n            \u001b[36m<li\u001b[39m\n              \u001b[33mclass\u001b[39m=\u001b[32m\"ant-menu-item ant-menu-item-selected\"\u001b[39m\n              \u001b[33mdata-menu-id\u001b[39m=\u001b[32m\"rc-menu-uuid-dashboard\"\u001b[39m\n              \u001b[33mrole\u001b[39m=\u001b[32m\"menuitem\"\u001b[39m\n              \u001b[33mtabindex\u001b[39m=\u001b[32m\"-1\"\u001b[39m\n            \u001b[36m>\u001b[39m\n              \u001b[36m<span\u001b[39m\n                \u001b[33maria-label\u001b[39m=\u001b[32m\"dashboard\"\u001b[39m\n                \u001b[33mclass\u001b[39m=\u001b[32m\"anticon anticon-dashboard ant-menu-item-icon\"\u001b[39m\n                \u001b[33mrole\u001b[39m=\u001b[32m\"img\"\u001b[39m\n              \u001b[36m>\u001b[39m\n                \u001b[36m<svg\u001b[39m\n                  \u001b[33maria-hidden\u001b[39m=\u001b[32m\"true\"\u001b[39m\n                  \u001b[33mdata-icon\u001b[39m=\u001b[32m\"dashboard\"\u001b[39m\n                  \u001b[33mfill\u001b[39m=\u001b[32m\"currentColor\"\u001b[39m\n                  \u001b[33mfocusable\u001b[39m=\u001b[32m\"false\"\u001b[39m\n                  \u001b[33mheight\u001b[39m=\u001b[32m\"1em\"\u001b[39m\n                  \u001b[33mviewBox\u001b[39m=\u001b[32m\"64 64 896 896\"\u001b[39m\n                  \u001b[33mwidth\u001b[39m=\u001b[32m\"1em\"\u001b[39m\n                \u001b[36m>\u001b[39m\n                  \u001b[36m<path\u001b[39m\n                    \u001b[33md\u001b[39m=\u001b[32m\"M924.8 385.6a446.7 446.7 0 00-96-142.4 446.7 446.7 0 00-142.4-96C631.1 123.8 572.5 112 512 112s-119.1 11.8-174.4 35.2a446.7 446.7 0 00-142.4 96 446.7 446.7 0 00-96 142.4C75.8 440.9 64 499.5 64 560c0 132.7 58.3 257.7 159.9 343.1l1.7 1.4c5.8 4.8 13.1 7.5 20.6 7.5h531.7c7.5 0 14.8-2.7 20.6-7.5l1.7-1.4C901.7 817.7 960 692.7 960 560c0-60.5-11.9-119.1-35.2-174.4zM761.4 836H262.6A371.12 371.12 0 01140 560c0-99.4 38.7-192.8 109-263 70.3-70.3 163.7-109 263-109 99.4 0 192.8 38.7 263 109 70.3 70.3 109 163.7 109 263 0 105.6-44.5 205.5-122.6 276zM623.5 421.5a8.03 8.03 0 00-11.3 0L527.7 506c-18.7-5-39.4-.2-54.1 14.5a55.95 55.95 0 000 79.2 55.95 55.95 0 0079.2 0 5...\n    at waitForWrapper (C:\\Coding\\Software_Engineering_Coursework\\frontend\\node_modules\\@testing-library\\dom\\dist\\wait-for.js:163:27)\n    at C:/Coding/Software_Engineering_Coursework/frontend/src/__tests__/dashboard.test.tsx:49:11\n    at file:///C:/Coding/Software_Engineering_Coursework/frontend/node_modules/@vitest/runner/dist/index.js:145:11\n    at file:///C:/Coding/Software_Engineering_Coursework/frontend/node_modules/@vitest/runner/dist/index.js:915:26\n    at file:///C:/Coding/Software_Engineering_Coursework/frontend/node_modules/@vitest/runner/dist/index.js:1243:20\n    at new Promise (<anonymous>)\n    at runWithTimeout (file:///C:/Coding/Software_Engineering_Coursework/frontend/node_modules/@vitest/runner/dist/index.js:1209:10)\n    at file:///C:/Coding/Software_Engineering_Coursework/frontend/node_modules/@vitest/runner/dist/index.js:1653:37\n    at Traces.$ (file:///C:/Coding/Software_Engineering_Coursework/frontend/node_modules/vitest/dist/chunks/traces.CCmnQaNT.js:142:27)\n    at trace (file:///C:/Coding/Software_Engineering_Coursework/frontend/node_modules/vitest/dist/chunks/test.B8ej_ZHS.js:239:21)"],"meta":{}}],"startTime":1773084389633,"endTime":1773084392721.9446,"status":"failed","message":"","name":"C:/Coding/Software_Engineering_Coursework/frontend/src/__tests__/dashboard.test.tsx"},{"assertionResults":[{"ancestorTitles":["Leaderboard"],"fullName":"Leaderboard shows empty state when no leaderboard data","status":"failed","title":"shows empty state when no leaderboard data","duration":812.3019000000004,"failureMessages":["TestingLibraryElementError: Unable to find an element with the text: No leaderboard data yet. Ratings will appear as notes get reviewed.. This could be because the text is broken up by multiple elements. In this case, you can provide a function for your text matcher to make your matcher more flexible.\n\nIgnored nodes: comments, script, style\n\u001b[36m<body>\u001b[39m\n  \u001b[36m<div>\u001b[39m\n    \u001b[36m<section\u001b[39m\n      \u001b[33mstyle\u001b[39m=\u001b[32m\"margin-bottom: 48px;\"\u001b[39m\n    \u001b[36m>\u001b[39m\n      \u001b[36m<div\u001b[39m\n        \u001b[33mclass\u001b[39m=\u001b[32m\"ant-row ant-row-middle css-dev-only-do-not-override-1enej14 css-var-root\"\u001b[39m\n        \u001b[33mstyle\u001b[39m=\u001b[32m\"margin-bottom: 16px;\"\u001b[39m\n      \u001b[36m>\u001b[39m\n        \u001b[36m<span\u001b[39m\n          \u001b[33maria-label\u001b[39m=\u001b[32m\"trophy\"\u001b[39m\n          \u001b[33mclass\u001b[39m=\u001b[32m\"anticon anticon-trophy\"\u001b[39m\n          \u001b[33mrole\u001b[39m=\u001b[32m\"img\"\u001b[39m\n          \u001b[33mstyle\u001b[39m=\u001b[32m\"font-size: 22px; color: rgb(11, 94, 215); margin-right: 10px;\"\u001b[39m\n        \u001b[36m>\u001b[39m\n          \u001b[36m<svg\u001b[39m\n            \u001b[33maria-hidden\u001b[39m=\u001b[32m\"true\"\u001b[39m\n            \u001b[33mdata-icon\u001b[39m=\u001b[32m\"trophy\"\u001b[39m\n            \u001b[33mfill\u001b[39m=\u001b[32m\"currentColor\"\u001b[39m\n            \u001b[33mfocusable\u001b[39m=\u001b[32m\"false\"\u001b[39m\n            \u001b[33mheight\u001b[39m=\u001b[32m\"1em\"\u001b[39m\n            \u001b[33mviewBox\u001b[39m=\u001b[32m\"64 64 896 896\"\u001b[39m\n            \u001b[33mwidth\u001b[39m=\u001b[32m\"1em\"\u001b[39m\n          \u001b[36m>\u001b[39m\n            \u001b[36m<path\u001b[39m\n              \u001b[33md\u001b[39m=\u001b[32m\"M868 160h-92v-40c0-4.4-3.6-8-8-8H256c-4.4 0-8 3.6-8 8v40h-92a44 44 0 00-44 44v148c0 81.7 60 149.6 138.2 162C265.7 630.2 359 721.7 476 734.5v105.2H280c-17.7 0-32 14.3-32 32V904c0 4.4 3.6 8 8 8h512c4.4 0 8-3.6 8-8v-32.3c0-17.7-14.3-32-32-32H548V734.5C665 721.7 758.3 630.2 773.8 514 852 501.6 912 433.7 912 352V204a44 44 0 00-44-44zM184 352V232h64v207.6a91.99 91.99 0 01-64-87.6zm520 128c0 49.1-19.1 95.4-53.9 130.1-34.8 34.8-81 53.9-130.1 53.9h-16c-49.1 0-95.4-19.1-130.1-53.9-34.8-34.8-53.9-81-53.9-130.1V184h384v296zm136-128c0 41-26.9 75.8-64 87.6V232h64v120z\"\u001b[39m\n            \u001b[36m/>\u001b[39m\n          \u001b[36m</svg>\u001b[39m\n        \u001b[36m</span>\u001b[39m\n        \u001b[36m<h3\u001b[39m\n          \u001b[33mclass\u001b[39m=\u001b[32m\"ant-typography css-dev-only-do-not-override-1enej14 css-var-root\"\u001b[39m\n          \u001b[33mstyle\u001b[39m=\u001b[32m\"margin: 0px;\"\u001b[39m\n        \u001b[36m>\u001b[39m\n          \u001b[0mLeaderboard\u001b[0m\n        \u001b[36m</h3>\u001b[39m\n      \u001b[36m</div>\u001b[39m\n      \u001b[36m<div\u001b[39m\n        \u001b[33mclass\u001b[39m=\u001b[32m\"ant-card ant-card-bordered css-dev-only-do-not-override-1enej14 css-var-root\"\u001b[39m\n        \u001b[33mstyle\u001b[39m=\u001b[32m\"border-radius: 12px; box-shadow: 0 4px 12px rgba(15,35,95,0.08); background: rgb(255, 255, 255);\"\u001b[39m\n      \u001b[36m>\u001b[39m\n        \u001b[36m<div\u001b[39m\n          \u001b[33mclass\u001b[39m=\u001b[32m\"ant-card-body\"\u001b[39m\n        \u001b[36m>\u001b[39m\n          \u001b[36m<div\u001b[39m\n            \u001b[33mclass\u001b[39m=\u001b[32m\"css-var-root ant-table-css-var ant-table-wrapper css-dev-only-do-not-override-1enej14\"\u001b[39m\n          \u001b[36m>\u001b[39m\n            \u001b[36m<div\u001b[39m\n              \u001b[33maria-busy\u001b[39m=\u001b[32m\"false\"\u001b[39m\n              \u001b[33maria-live\u001b[39m=\u001b[32m\"polite\"\u001b[39m\n              \u001b[33mclass\u001b[39m=\u001b[32m\"ant-spin css-dev-only-do-not-override-1enej14 css-var-root\"\u001b[39m\n            \u001b[36m>\u001b[39m\n              \u001b[36m<div\u001b[39m\n                \u001b[33mclass\u001b[39m=\u001b[32m\"ant-spin-container\"\u001b[39m\n              \u001b[36m>\u001b[39m\n                \u001b[36m<div\u001b[39m\n                  \u001b[33mclass\u001b[39m=\u001b[32m\"ant-table ant-table-middle ant-table-empty css-var-root ant-table-css-var css-dev-only-do-not-override-1enej14\"\u001b[39m\n                \u001b[36m>\u001b[39m\n                  \u001b[36m<div\u001b[39m\n                    \u001b[33mclass\u001b[39m=\u001b[32m\"ant-table-container\"\u001b[39m\n                  \u001b[36m>\u001b[39m\n                    \u001b[36m<div\u001b[39m\n                      \u001b[33mclass\u001b[39m=\u001b[32m\"ant-table-content\"\u001b[39m\n                    \u001b[36m>\u001b[39m\n                      \u001b[36m<table\u001b[39m\n                        \u001b[33mstyle\u001b[39m=\u001b[32m\"table-layout: auto;\"\u001b[39m\n                      \u001b[36m>\u001b[39m\n                        \u001b[36m<colgroup>\u001b[39m\n                          \u001b[36m<col\u001b[39m\n                            \u001b[33mstyle\u001b[39m=\u001b[32m\"width: 80px;\"\u001b[39m\n                          \u001b[36m/>\u001b[39m\n                        \u001b[36m</colgroup>\u001b[39m\n                        \u001b[36m<thead\u001b[39m\n                          \u001b[33mclass\u001b[39m=\u001b[32m\"ant-table-thead\"\u001b[39m\n                        \u001b[36m>\u001b[39m\n                          \u001b[36m<tr>\u001b[39m\n                            \u001b[36m<th\u001b[39m\n                              \u001b[33mclass\u001b[39m=\u001b[32m\"ant-table-cell\"\u001b[39m\n                              \u001b[33mscope\u001b[39m=\u001b[32m\"col\"\u001b[39m\n                            \u001b[36m>\u001b[39m\n                              \u001b[0mRank\u001b[0m\n                            \u001b[36m</th>\u001b[39m\n                            \u001b[36m<th\u001b[39m\n                              \u001b[33mclass\u001b[39m=\u001b[32m\"ant-table-cell\"\u001b[39m\n                              \u001b[33mscope\u001b[39m=\u001b[32m\"col\"\u001b[39m\n                            \u001b[36m>\u001b[39m\n                              \u001b[0mName\u001b[0m\n                            \u001b[36m</th>\u001b[39m\n                            \u001b[36m<th\u001b[39m\n                              \u001b[33mclass\u001b[39m=\u001b[32m\"ant-table-cell\"\u001b[39m\n                              \u001b[33mscope\u001b[39m=\u001b[32m\"col\"\u001b[39m\n                            \u001b[36m>\u001b[39m\n                              \u001b[0mEmail\u001b[0m\n                            \u001b[36m</th>\u001b[39m\n                            \u001b[36m<th\u001b[39m\n                              \u001b[33mclass\u001b[39m=\u001b[32m\"ant-table-cell\"\u001b[39m\n                              \u001b[33mscope\u001b[39m=\u001b[32m\"col\"\u001b[39m\n                            \u001b[36m>\u001b[39m\n                              \u001b[0mTotal Notes Shared\u001b[0m\n                            \u001b[36m</th>\u001b[39m\n                            \u001b[36m<th\u001b[39m\n                              \u001b[33mclass\u001b[39m=\u001b[32m\"ant-table-cell\"\u001b[39m\n                              \u001b[33mscope\u001b[39m=\u001b[32m\"col\"\u001b[39m\n                            \u001b[36m>\u001b[39m\n                              \u001b[0mAvg Rating per Note\u001b[0m\n                            \u001b[36m</th>\u001b[39m\n                            \u001b[36m<th\u001b[39m\n                              \u001b[33mclass\u001b[39m=\u001b[32m\"ant-table-cell\"\u001b[39m\n                              \u001b[33mscope\u001b[39m=\u001b[32m\"col\"\u001b[39m\n                            \u001b[36m>\u001b[39m\n                              \u001b[0mNotes Shared\u001b[0m\n                            \u001b[36m</th>\u001b[39m\n                          \u001b[36m</tr>\u001b[39m\n                        \u001b[36m</thead>\u001b[39m\n                        \u001b[36m<tbody\u001b[39m\n                          \u001b[33mclass\u001b[39m=\u001b[32m\"ant-table-tbody\"\u001b[39m\n                        \u001b[36m>\u001b[39m\n                          \u001b[36m<tr\u001b[39m\n                            \u001b[33mclass\u001b[39m=\u001b[32m\"ant-table-placeholder\"\u001b[39m\n                          \u001b[36m>\u001b[39m\n                            \u001b[36m<td\u001b[39m\n                              \u001b[33mclass\u001b[39m=\u001b[32m\"ant-table-cell\"\u001b[39m\n                              \u001b[33mcolspan\u001b[39m=\u001b[32m\"6\"\u001b[39m\n                            \u001b[36m>\u001b[39m\n                              \u001b[0mNo students yet. Ratings will appear as notes get reviewed.\u001b[0m\n                            \u001b[36m</td>\u001b[39m\n                          \u001b[36m</tr>\u001b[39m\n                        \u001b[36m</tbody>\u001b[39m\n                      \u001b[36m</table>\u001b[39m\n                    \u001b[36m</div>\u001b[39m\n                  \u001b[36m</div>\u001b[39m\n                \u001b[36m</div>\u001b[39m\n              \u001b[36m</div>\u001b[39m\n            \u001b[36m</div>\u001b[39m\n          \u001b[36m</div>\u001b[39m\n        \u001b[36m</div>\u001b[39m\n      \u001b[36m</div>\u001b[39m\n    \u001b[36m</section>\u001b[39m\n  \u001b[36m</div>\u001b[39m\n\u001b[36m</body>\u001b[39m\n    at Object.getElementError (C:\\Coding\\Software_Engineering_Coursework\\frontend\\node_modules\\@testing-library\\dom\\dist\\config.js:37:19)\n    at C:\\Coding\\Software_Engineering_Coursework\\frontend\\node_modules\\@testing-library\\dom\\dist\\query-helpers.js:76:38\n    at C:\\Coding\\Software_Engineering_Coursework\\frontend\\node_modules\\@testing-library\\dom\\dist\\query-helpers.js:52:17\n    at C:\\Coding\\Software_Engineering_Coursework\\frontend\\node_modules\\@testing-library\\dom\\dist\\query-helpers.js:95:19\n    at C:/Coding/Software_Engineering_Coursework/frontend/src/__tests__/leaderboard.test.tsx:21:14\n    at file:///C:/Coding/Software_Engineering_Coursework/frontend/node_modules/@vitest/runner/dist/index.js:145:11\n    at file:///C:/Coding/Software_Engineering_Coursework/frontend/node_modules/@vitest/runner/dist/index.js:915:26\n    at file:///C:/Coding/Software_Engineering_Coursework/frontend/node_modules/@vitest/runner/dist/index.js:1243:20\n    at new Promise (<anonymous>)\n    at runWithTimeout (file:///C:/Coding/Software_Engineering_Coursework/frontend/node_modules/@vitest/runner/dist/index.js:1209:10)"],"meta":{}},{"ancestorTitles":["Leaderboard"],"fullName":"Leaderboard orders leaderboard by avgRating desc","status":"failed","title":"orders leaderboard by avgRating desc","duration":565.4912999999997,"failureMessages":["Error: \u001b[2mexpect(\u001b[22m\u001b[31melement\u001b[39m\u001b[2m).toHaveTextContent()\u001b[22m\n\nExpected element to have text content:\n\u001b[32m  A\u001b[39m\nReceived:\n\u001b[31m  No students yet. Ratings will appear as notes get reviewed.\u001b[39m\n    at Proxy.expectWrapper (file:///C:/Coding/Software_Engineering_Coursework/frontend/node_modules/@vitest/expect/dist/index.js:1821:12)\n    at Proxy.<anonymous> (file:///C:/Coding/Software_Engineering_Coursework/frontend/node_modules/@vitest/expect/dist/index.js:1090:14)\n    at Proxy.methodWrapper (file:///C:/Coding/Software_Engineering_Coursework/frontend/node_modules/chai/index.js:1700:25)\n    at C:/Coding/Software_Engineering_Coursework/frontend/src/__tests__/leaderboard.test.tsx:41:21\n    at file:///C:/Coding/Software_Engineering_Coursework/frontend/node_modules/@vitest/runner/dist/index.js:145:11\n    at file:///C:/Coding/Software_Engineering_Coursework/frontend/node_modules/@vitest/runner/dist/index.js:915:26\n    at file:///C:/Coding/Software_Engineering_Coursework/frontend/node_modules/@vitest/runner/dist/index.js:1243:20\n    at new Promise (<anonymous>)\n    at runWithTimeout (file:///C:/Coding/Software_Engineering_Coursework/frontend/node_modules/@vitest/runner/dist/index.js:1209:10)\n    at file:///C:/Coding/Software_Engineering_Coursework/frontend/node_modules/@vitest/runner/dist/index.js:1653:37"],"meta":{}},{"ancestorTitles":["Leaderboard"],"fullName":"Leaderboard displays user name and email","status":"passed","title":"displays user name and email","duration":126.83879999999954,"failureMessages":[],"meta":{}},{"ancestorTitles":["Leaderboard"],"fullName":"Leaderboard displays average rating and total notes","status":"failed","title":"displays average rating and total notes","duration":149.01280000000042,"failureMessages":["TestingLibraryElementError: Found multiple elements with the text: 12\n\nHere are the matching elements:\n\nIgnored nodes: comments, script, style\n\u001b[36m<span\u001b[39m\n  \u001b[33mclass\u001b[39m=\u001b[32m\"ant-typography css-dev-only-do-not-override-1enej14 css-var-root\"\u001b[39m\n\u001b[36m>\u001b[39m\n  \u001b[0m12\u001b[0m\n\u001b[36m</span>\u001b[39m\n\nIgnored nodes: comments, script, style\n\u001b[36m<span\u001b[39m\n  \u001b[33mclass\u001b[39m=\u001b[32m\"ant-typography css-dev-only-do-not-override-1enej14 css-var-root\"\u001b[39m\n\u001b[36m>\u001b[39m\n  \u001b[0m12\u001b[0m\n\u001b[36m</span>\u001b[39m\n\n(If this is intentional, then use the `*AllBy*` variant of the query (like `queryAllByText`, `getAllByText`, or `findAllByText`)).\n\nIgnored nodes: comments, script, style\n\u001b[36m<body>\u001b[39m\n  \u001b[36m<div>\u001b[39m\n    \u001b[36m<section\u001b[39m\n      \u001b[33mstyle\u001b[39m=\u001b[32m\"margin-bottom: 48px;\"\u001b[39m\n    \u001b[36m>\u001b[39m\n      \u001b[36m<div\u001b[39m\n        \u001b[33mclass\u001b[39m=\u001b[32m\"ant-row ant-row-middle css-dev-only-do-not-override-1enej14 css-var-root\"\u001b[39m\n        \u001b[33mstyle\u001b[39m=\u001b[32m\"margin-bottom: 16px;\"\u001b[39m\n      \u001b[36m>\u001b[39m\n        \u001b[36m<span\u001b[39m\n          \u001b[33maria-label\u001b[39m=\u001b[32m\"trophy\"\u001b[39m\n          \u001b[33mclass\u001b[39m=\u001b[32m\"anticon anticon-trophy\"\u001b[39m\n          \u001b[33mrole\u001b[39m=\u001b[32m\"img\"\u001b[39m\n          \u001b[33mstyle\u001b[39m=\u001b[32m\"font-size: 22px; color: rgb(11, 94, 215); margin-right: 10px;\"\u001b[39m\n        \u001b[36m>\u001b[39m\n          \u001b[36m<svg\u001b[39m\n            \u001b[33maria-hidden\u001b[39m=\u001b[32m\"true\"\u001b[39m\n            \u001b[33mdata-icon\u001b[39m=\u001b[32m\"trophy\"\u001b[39m\n            \u001b[33mfill\u001b[39m=\u001b[32m\"currentColor\"\u001b[39m\n            \u001b[33mfocusable\u001b[39m=\u001b[32m\"false\"\u001b[39m\n            \u001b[33mheight\u001b[39m=\u001b[32m\"1em\"\u001b[39m\n            \u001b[33mviewBox\u001b[39m=\u001b[32m\"64 64 896 896\"\u001b[39m\n            \u001b[33mwidth\u001b[39m=\u001b[32m\"1em\"\u001b[39m\n          \u001b[36m>\u001b[39m\n            \u001b[36m<path\u001b[39m\n              \u001b[33md\u001b[39m=\u001b[32m\"M868 160h-92v-40c0-4.4-3.6-8-8-8H256c-4.4 0-8 3.6-8 8v40h-92a44 44 0 00-44 44v148c0 81.7 60 149.6 138.2 162C265.7 630.2 359 721.7 476 734.5v105.2H280c-17.7 0-32 14.3-32 32V904c0 4.4 3.6 8 8 8h512c4.4 0 8-3.6 8-8v-32.3c0-17.7-14.3-32-32-32H548V734.5C665 721.7 758.3 630.2 773.8 514 852 501.6 912 433.7 912 352V204a44 44 0 00-44-44zM184 352V232h64v207.6a91.99 91.99 0 01-64-87.6zm520 128c0 49.1-19.1 95.4-53.9 130.1-34.8 34.8-81 53.9-130.1 53.9h-16c-49.1 0-95.4-19.1-130.1-53.9-34.8-34.8-53.9-81-53.9-130.1V184h384v296zm136-128c0 41-26.9 75.8-64 87.6V232h64v120z\"\u001b[39m\n            \u001b[36m/>\u001b[39m\n          \u001b[36m</svg>\u001b[39m\n        \u001b[36m</span>\u001b[39m\n        \u001b[36m<h3\u001b[39m\n          \u001b[33mclass\u001b[39m=\u001b[32m\"ant-typography css-dev-only-do-not-override-1enej14 css-var-root\"\u001b[39m\n          \u001b[33mstyle\u001b[39m=\u001b[32m\"margin: 0px;\"\u001b[39m\n        \u001b[36m>\u001b[39m\n          \u001b[0mLeaderboard\u001b[0m\n        \u001b[36m</h3>\u001b[39m\n      \u001b[36m</div>\u001b[39m\n      \u001b[36m<div\u001b[39m\n        \u001b[33mclass\u001b[39m=\u001b[32m\"ant-card ant-card-bordered css-dev-only-do-not-override-1enej14 css-var-root\"\u001b[39m\n        \u001b[33mstyle\u001b[39m=\u001b[32m\"border-radius: 12px; box-shadow: 0 4px 12px rgba(15,35,95,0.08); background: rgb(255, 255, 255);\"\u001b[39m\n      \u001b[36m>\u001b[39m\n        \u001b[36m<div\u001b[39m\n          \u001b[33mclass\u001b[39m=\u001b[32m\"ant-card-body\"\u001b[39m\n        \u001b[36m>\u001b[39m\n          \u001b[36m<div\u001b[39m\n            \u001b[33mclass\u001b[39m=\u001b[32m\"css-var-root ant-table-css-var ant-table-wrapper css-dev-only-do-not-override-1enej14\"\u001b[39m\n          \u001b[36m>\u001b[39m\n            \u001b[36m<div\u001b[39m\n              \u001b[33maria-busy\u001b[39m=\u001b[32m\"false\"\u001b[39m\n              \u001b[33maria-live\u001b[39m=\u001b[32m\"polite\"\u001b[39m\n              \u001b[33mclass\u001b[39m=\u001b[32m\"ant-spin css-dev-only-do-not-override-1enej14 css-var-root\"\u001b[39m\n            \u001b[36m>\u001b[39m\n              \u001b[36m<div\u001b[39m\n                \u001b[33mclass\u001b[39m=\u001b[32m\"ant-spin-container\"\u001b[39m\n              \u001b[36m>\u001b[39m\n                \u001b[36m<div\u001b[39m\n                  \u001b[33mclass\u001b[39m=\u001b[32m\"ant-table ant-table-middle ant-table-empty css-var-root ant-table-css-var css-dev-only-do-not-override-1enej14\"\u001b[39m\n                \u001b[36m>\u001b[39m\n                  \u001b[36m<div\u001b[39m\n                    \u001b[33mclass\u001b[39m=\u001b[32m\"ant-table-container\"\u001b[39m\n                  \u001b[36m>\u001b[39m\n                    \u001b[36m<div\u001b[39m\n                      \u001b[33mclass\u001b[39m=\u001b[32m\"ant-table-content\"\u001b[39m\n                    \u001b[36m>\u001b[39m\n                      \u001b[36m<table\u001b[39m\n                        \u001b[33mstyle\u001b[39m=\u001b[32m\"table-layout: auto;\"\u001b[39m\n                      \u001b[36m>\u001b[39m\n                        \u001b[36m<colgroup>\u001b[39m\n                          \u001b[36m<col\u001b[39m\n                            \u001b[33mstyle\u001b[39m=\u001b[32m\"width: 80px;\"\u001b[39m\n                          \u001b[36m/>\u001b[39m\n                        \u001b[36m</colgroup>\u001b[39m\n                        \u001b[36m<thead\u001b[39m\n                          \u001b[33mclass\u001b[39m=\u001b[32m\"ant-table-thead\"\u001b[39m\n                        \u001b[36m>\u001b[39m\n                          \u001b[36m<tr>\u001b[39m\n                            \u001b[36m<th\u001b[39m\n                              \u001b[33mclass\u001b[39m=\u001b[32m\"ant-table-cell\"\u001b[39m\n                              \u001b[33mscope\u001b[39m=\u001b[32m\"col\"\u001b[39m\n                            \u001b[36m>\u001b[39m\n                              \u001b[0mRank\u001b[0m\n                            \u001b[36m</th>\u001b[39m\n                            \u001b[36m<th\u001b[39m\n                              \u001b[33mclass\u001b[39m=\u001b[32m\"ant-table-cell\"\u001b[39m\n                              \u001b[33mscope\u001b[39m=\u001b[32m\"col\"\u001b[39m\n                            \u001b[36m>\u001b[39m\n                              \u001b[0mName\u001b[0m\n                            \u001b[36m</th>\u001b[39m\n                            \u001b[36m<th\u001b[39m\n                              \u001b[33mclass\u001b[39m=\u001b[32m\"ant-table-cell\"\u001b[39m\n                              \u001b[33mscope\u001b[39m=\u001b[32m\"col\"\u001b[39m\n                            \u001b[36m>\u001b[39m\n                              \u001b[0mEmail\u001b[0m\n                            \u001b[36m</th>\u001b[39m\n                            \u001b[36m<th\u001b[39m\n                              \u001b[33mclass\u001b[39m=\u001b[32m\"ant-table-cell\"\u001b[39m\n                              \u001b[33mscope\u001b[39m=\u001b[32m\"col\"\u001b[39m\n                            \u001b[36m>\u001b[39m\n                              \u001b[0mTotal Notes Shared\u001b[0m\n                            \u001b[36m</th>\u001b[39m\n                            \u001b[36m<th\u001b[39m\n                              \u001b[33mclass\u001b[39m=\u001b[32m\"ant-table-cell\"\u001b[39m\n                              \u001b[33mscope\u001b[39m=\u001b[32m\"col\"\u001b[39m\n                            \u001b[36m>\u001b[39m\n                              \u001b[0mAvg Rating per Note\u001b[0m\n                            \u001b[36m</th>\u001b[39m\n                            \u001b[36m<th\u001b[39m\n                              \u001b[33mclass\u001b[39m=\u001b[32m\"ant-table-cell\"\u001b[39m\n                              \u001b[33mscope\u001b[39m=\u001b[32m\"col\"\u001b[39m\n                            \u001b[36m>\u001b[39m\n                              \u001b[0mNotes Shared\u001b[0m\n                            \u001b[36m</th>\u001b[39m\n                          \u001b[36m</tr>\u001b[39m\n                        \u001b[36m</thead>\u001b[39m\n                        \u001b[36m<tbody\u001b[39m\n                          \u001b[33mclass\u001b[39m=\u001b[32m\"ant-table-tbody\"\u001b[39m\n                        \u001b[36m>\u001b[39m\n                          \u001b[36m<tr\u001b[39m\n                            \u001b[33mclass\u001b[39m=\u001b[32m\"ant-table-placeholder\"\u001b[39m\n                          \u001b[36m>\u001b[39m\n                            \u001b[36m<td\u001b[39m\n                              \u001b[33mclass\u001b[39m=\u001b[32m\"ant-table-cell\"\u001b[39m\n                              \u001b[33mcolspan\u001b[39m=\u001b[32m\"6\"\u001b[39m\n                            \u001b[36m>\u001b[39m\n                              \u001b[0mNo students yet. Ratings will appear as notes get reviewed.\u001b[0m\n                            \u001b[36m</td>\u001b[39m\n                          \u001b[36m</tr>\u001b[39m\n                        \u001b[36m</tbody>\u001b[39m\n                      \u001b[36m</table>\u001b[39m\n                    \u001b[36m</div>\u001b[39m\n                  \u001b[36m</div>\u001b[39m\n                \u001b[36m</div>\u001b[39m\n              \u001b[36m</div>\u001b[39m\n            \u001b[36m</div>\u001b[39m\n          \u001b[36m</div>\u001b[39m\n        \u001b[36m</div>\u001b[39m\n      \u001b[36m</div>\u001b[39m\n    \u001b[36m</section>\u001b[39m\n  \u001b[36m</div>...\n    at Object.getElementError (C:\\Coding\\Software_Engineering_Coursework\\frontend\\node_modules\\@testing-library\\dom\\dist\\config.js:37:19)\n    at getElementError (C:\\Coding\\Software_Engineering_Coursework\\frontend\\node_modules\\@testing-library\\dom\\dist\\query-helpers.js:20:35)\n    at getMultipleElementsFoundError (C:\\Coding\\Software_Engineering_Coursework\\frontend\\node_modules\\@testing-library\\dom\\dist\\query-helpers.js:23:10)\n    at C:\\Coding\\Software_Engineering_Coursework\\frontend\\node_modules\\@testing-library\\dom\\dist\\query-helpers.js:55:13\n    at C:\\Coding\\Software_Engineering_Coursework\\frontend\\node_modules\\@testing-library\\dom\\dist\\query-helpers.js:95:19\n    at C:/Coding/Software_Engineering_Coursework/frontend/src/__tests__/leaderboard.test.tsx:78:19\n    at file:///C:/Coding/Software_Engineering_Coursework/frontend/node_modules/@vitest/runner/dist/index.js:145:11\n    at file:///C:/Coding/Software_Engineering_Coursework/frontend/node_modules/@vitest/runner/dist/index.js:915:26\n    at file:///C:/Coding/Software_Engineering_Coursework/frontend/node_modules/@vitest/runner/dist/index.js:1243:20\n    at new Promise (<anonymous>)"],"meta":{}},{"ancestorTitles":["Leaderboard"],"fullName":"Leaderboard handles empty leaderboard data gracefully","status":"failed","title":"handles empty leaderboard data gracefully","duration":125.61989999999969,"failureMessages":["TestingLibraryElementError: Unable to find an element with the text: No leaderboard data yet. Ratings will appear as notes get reviewed.. This could be because the text is broken up by multiple elements. In this case, you can provide a function for your text matcher to make your matcher more flexible.\n\nIgnored nodes: comments, script, style\n\u001b[36m<body>\u001b[39m\n  \u001b[36m<div>\u001b[39m\n    \u001b[36m<section\u001b[39m\n      \u001b[33mstyle\u001b[39m=\u001b[32m\"margin-bottom: 48px;\"\u001b[39m\n    \u001b[36m>\u001b[39m\n      \u001b[36m<div\u001b[39m\n        \u001b[33mclass\u001b[39m=\u001b[32m\"ant-row ant-row-middle css-dev-only-do-not-override-1enej14 css-var-root\"\u001b[39m\n        \u001b[33mstyle\u001b[39m=\u001b[32m\"margin-bottom: 16px;\"\u001b[39m\n      \u001b[36m>\u001b[39m\n        \u001b[36m<span\u001b[39m\n          \u001b[33maria-label\u001b[39m=\u001b[32m\"trophy\"\u001b[39m\n          \u001b[33mclass\u001b[39m=\u001b[32m\"anticon anticon-trophy\"\u001b[39m\n          \u001b[33mrole\u001b[39m=\u001b[32m\"img\"\u001b[39m\n          \u001b[33mstyle\u001b[39m=\u001b[32m\"font-size: 22px; color: rgb(11, 94, 215); margin-right: 10px;\"\u001b[39m\n        \u001b[36m>\u001b[39m\n          \u001b[36m<svg\u001b[39m\n            \u001b[33maria-hidden\u001b[39m=\u001b[32m\"true\"\u001b[39m\n            \u001b[33mdata-icon\u001b[39m=\u001b[32m\"trophy\"\u001b[39m\n            \u001b[33mfill\u001b[39m=\u001b[32m\"currentColor\"\u001b[39m\n            \u001b[33mfocusable\u001b[39m=\u001b[32m\"false\"\u001b[39m\n            \u001b[33mheight\u001b[39m=\u001b[32m\"1em\"\u001b[39m\n            \u001b[33mviewBox\u001b[39m=\u001b[32m\"64 64 896 896\"\u001b[39m\n            \u001b[33mwidth\u001b[39m=\u001b[32m\"1em\"\u001b[39m\n          \u001b[36m>\u001b[39m\n            \u001b[36m<path\u001b[39m\n              \u001b[33md\u001b[39m=\u001b[32m\"M868 160h-92v-40c0-4.4-3.6-8-8-8H256c-4.4 0-8 3.6-8 8v40h-92a44 44 0 00-44 44v148c0 81.7 60 149.6 138.2 162C265.7 630.2 359 721.7 476 734.5v105.2H280c-17.7 0-32 14.3-32 32V904c0 4.4 3.6 8 8 8h512c4.4 0 8-3.6 8-8v-32.3c0-17.7-14.3-32-32-32H548V734.5C665 721.7 758.3 630.2 773.8 514 852 501.6 912 433.7 912 352V204a44 44 0 00-44-44zM184 352V232h64v207.6a91.99 91.99 0 01-64-87.6zm520 128c0 49.1-19.1 95.4-53.9 130.1-34.8 34.8-81 53.9-130.1 53.9h-16c-49.1 0-95.4-19.1-130.1-53.9-34.8-34.8-53.9-81-53.9-130.1V184h384v296zm136-128c0 41-26.9 75.8-64 87.6V232h64v120z\"\u001b[39m\n            \u001b[36m/>\u001b[39m\n          \u001b[36m</svg>\u001b[39m\n        \u001b[36m</span>\u001b[39m\n        \u001b[36m<h3\u001b[39m\n          \u001b[33mclass\u001b[39m=\u001b[32m\"ant-typography css-dev-only-do-not-override-1enej14 css-var-root\"\u001b[39m\n          \u001b[33mstyle\u001b[39m=\u001b[32m\"margin: 0px;\"\u001b[39m\n        \u001b[36m>\u001b[39m\n          \u001b[0mLeaderboard\u001b[0m\n        \u001b[36m</h3>\u001b[39m\n      \u001b[36m</div>\u001b[39m\n      \u001b[36m<div\u001b[39m\n        \u001b[33mclass\u001b[39m=\u001b[32m\"ant-card ant-card-bordered css-dev-only-do-not-override-1enej14 css-var-root\"\u001b[39m\n        \u001b[33mstyle\u001b[39m=\u001b[32m\"border-radius: 12px; box-shadow: 0 4px 12px rgba(15,35,95,0.08); background: rgb(255, 255, 255);\"\u001b[39m\n      \u001b[36m>\u001b[39m\n        \u001b[36m<div\u001b[39m\n          \u001b[33mclass\u001b[39m=\u001b[32m\"ant-card-body\"\u001b[39m\n        \u001b[36m>\u001b[39m\n          \u001b[36m<div\u001b[39m\n            \u001b[33mclass\u001b[39m=\u001b[32m\"css-var-root ant-table-css-var ant-table-wrapper css-dev-only-do-not-override-1enej14\"\u001b[39m\n          \u001b[36m>\u001b[39m\n            \u001b[36m<div\u001b[39m\n              \u001b[33maria-busy\u001b[39m=\u001b[32m\"false\"\u001b[39m\n              \u001b[33maria-live\u001b[39m=\u001b[32m\"polite\"\u001b[39m\n              \u001b[33mclass\u001b[39m=\u001b[32m\"ant-spin css-dev-only-do-not-override-1enej14 css-var-root\"\u001b[39m\n            \u001b[36m>\u001b[39m\n              \u001b[36m<div\u001b[39m\n                \u001b[33mclass\u001b[39m=\u001b[32m\"ant-spin-container\"\u001b[39m\n              \u001b[36m>\u001b[39m\n                \u001b[36m<div\u001b[39m\n                  \u001b[33mclass\u001b[39m=\u001b[32m\"ant-table ant-table-middle ant-table-empty css-var-root ant-table-css-var css-dev-only-do-not-override-1enej14\"\u001b[39m\n                \u001b[36m>\u001b[39m\n                  \u001b[36m<div\u001b[39m\n                    \u001b[33mclass\u001b[39m=\u001b[32m\"ant-table-container\"\u001b[39m\n                  \u001b[36m>\u001b[39m\n                    \u001b[36m<div\u001b[39m\n                      \u001b[33mclass\u001b[39m=\u001b[32m\"ant-table-content\"\u001b[39m\n                    \u001b[36m>\u001b[39m\n                      \u001b[36m<table\u001b[39m\n                        \u001b[33mstyle\u001b[39m=\u001b[32m\"table-layout: auto;\"\u001b[39m\n                      \u001b[36m>\u001b[39m\n                        \u001b[36m<colgroup>\u001b[39m\n                          \u001b[36m<col\u001b[39m\n                            \u001b[33mstyle\u001b[39m=\u001b[32m\"width: 80px;\"\u001b[39m\n                          \u001b[36m/>\u001b[39m\n                        \u001b[36m</colgroup>\u001b[39m\n                        \u001b[36m<thead\u001b[39m\n                          \u001b[33mclass\u001b[39m=\u001b[32m\"ant-table-thead\"\u001b[39m\n                        \u001b[36m>\u001b[39m\n                          \u001b[36m<tr>\u001b[39m\n                            \u001b[36m<th\u001b[39m\n                              \u001b[33mclass\u001b[39m=\u001b[32m\"ant-table-cell\"\u001b[39m\n                              \u001b[33mscope\u001b[39m=\u001b[32m\"col\"\u001b[39m\n                            \u001b[36m>\u001b[39m\n                              \u001b[0mRank\u001b[0m\n                            \u001b[36m</th>\u001b[39m\n                            \u001b[36m<th\u001b[39m\n                              \u001b[33mclass\u001b[39m=\u001b[32m\"ant-table-cell\"\u001b[39m\n                              \u001b[33mscope\u001b[39m=\u001b[32m\"col\"\u001b[39m\n                            \u001b[36m>\u001b[39m\n                              \u001b[0mName\u001b[0m\n                            \u001b[36m</th>\u001b[39m\n                            \u001b[36m<th\u001b[39m\n                              \u001b[33mclass\u001b[39m=\u001b[32m\"ant-table-cell\"\u001b[39m\n                              \u001b[33mscope\u001b[39m=\u001b[32m\"col\"\u001b[39m\n                            \u001b[36m>\u001b[39m\n                              \u001b[0mEmail\u001b[0m\n                            \u001b[36m</th>\u001b[39m\n                            \u001b[36m<th\u001b[39m\n                              \u001b[33mclass\u001b[39m=\u001b[32m\"ant-table-cell\"\u001b[39m\n                              \u001b[33mscope\u001b[39m=\u001b[32m\"col\"\u001b[39m\n                            \u001b[36m>\u001b[39m\n                              \u001b[0mTotal Notes Shared\u001b[0m\n                            \u001b[36m</th>\u001b[39m\n                            \u001b[36m<th\u001b[39m\n                              \u001b[33mclass\u001b[39m=\u001b[32m\"ant-table-cell\"\u001b[39m\n                              \u001b[33mscope\u001b[39m=\u001b[32m\"col\"\u001b[39m\n                            \u001b[36m>\u001b[39m\n                              \u001b[0mAvg Rating per Note\u001b[0m\n                            \u001b[36m</th>\u001b[39m\n                            \u001b[36m<th\u001b[39m\n                              \u001b[33mclass\u001b[39m=\u001b[32m\"ant-table-cell\"\u001b[39m\n                              \u001b[33mscope\u001b[39m=\u001b[32m\"col\"\u001b[39m\n                            \u001b[36m>\u001b[39m\n                              \u001b[0mNotes Shared\u001b[0m\n                            \u001b[36m</th>\u001b[39m\n                          \u001b[36m</tr>\u001b[39m\n                        \u001b[36m</thead>\u001b[39m\n                        \u001b[36m<tbody\u001b[39m\n                          \u001b[33mclass\u001b[39m=\u001b[32m\"ant-table-tbody\"\u001b[39m\n                        \u001b[36m>\u001b[39m\n                          \u001b[36m<tr\u001b[39m\n                            \u001b[33mclass\u001b[39m=\u001b[32m\"ant-table-placeholder\"\u001b[39m\n                          \u001b[36m>\u001b[39m\n                            \u001b[36m<td\u001b[39m\n                              \u001b[33mclass\u001b[39m=\u001b[32m\"ant-table-cell\"\u001b[39m\n                              \u001b[33mcolspan\u001b[39m=\u001b[32m\"6\"\u001b[39m\n                            \u001b[36m>\u001b[39m\n                              \u001b[0mNo students yet. Ratings will appear as notes get reviewed.\u001b[0m\n                            \u001b[36m</td>\u001b[39m\n                          \u001b[36m</tr>\u001b[39m\n                        \u001b[36m</tbody>\u001b[39m\n                      \u001b[36m</table>\u001b[39m\n                    \u001b[36m</div>\u001b[39m\n                  \u001b[36m</div>\u001b[39m\n                \u001b[36m</div>\u001b[39m\n              \u001b[36m</div>\u001b[39m\n            \u001b[36m</div>\u001b[39m\n          \u001b[36m</div>\u001b[39m\n        \u001b[36m</div>\u001b[39m\n      \u001b[36m</div>\u001b[39m\n    \u001b[36m</section>\u001b[39m\n  \u001b[36m</div>...\n    at Object.getElementError (C:\\Coding\\Software_Engineering_Coursework\\frontend\\node_modules\\@testing-library\\dom\\dist\\config.js:37:19)\n    at C:\\Coding\\Software_Engineering_Coursework\\frontend\\node_modules\\@testing-library\\dom\\dist\\query-helpers.js:76:38\n    at C:\\Coding\\Software_Engineering_Coursework\\frontend\\node_modules\\@testing-library\\dom\\dist\\query-helpers.js:52:17\n    at C:\\Coding\\Software_Engineering_Coursework\\frontend\\node_modules\\@testing-library\\dom\\dist\\query-helpers.js:95:19\n    at C:/Coding/Software_Engineering_Coursework/frontend/src/__tests__/leaderboard.test.tsx:91:14\n    at file:///C:/Coding/Software_Engineering_Coursework/frontend/node_modules/@vitest/runner/dist/index.js:145:11\n    at file:///C:/Coding/Software_Engineering_Coursework/frontend/node_modules/@vitest/runner/dist/index.js:915:26\n    at file:///C:/Coding/Software_Engineering_Coursework/frontend/node_modules/@vitest/runner/dist/index.js:1243:20\n    at new Promise (<anonymous>)\n    at runWithTimeout (file:///C:/Coding/Software_Engineering_Coursework/frontend/node_modules/@vitest/runner/dist/index.js:1209:10)"],"meta":{}},{"ancestorTitles":["Leaderboard"],"fullName":"Leaderboard displays rankings in order","status":"failed","title":"displays rankings in order","duration":866.9036999999998,"failureMessages":["Error: \u001b[2mexpect(\u001b[22m\u001b[31melement\u001b[39m\u001b[2m).toHaveTextContent()\u001b[22m\n\nExpected element to have text content:\n\u001b[32m  First\u001b[39m\nReceived:\n\u001b[31m  No students yet. Ratings will appear as notes get reviewed.\u001b[39m\n    at Proxy.expectWrapper (file:///C:/Coding/Software_Engineering_Coursework/frontend/node_modules/@vitest/expect/dist/index.js:1821:12)\n    at Proxy.<anonymous> (file:///C:/Coding/Software_Engineering_Coursework/frontend/node_modules/@vitest/expect/dist/index.js:1090:14)\n    at Proxy.methodWrapper (file:///C:/Coding/Software_Engineering_Coursework/frontend/node_modules/chai/index.js:1700:25)\n    at C:/Coding/Software_Engineering_Coursework/frontend/src/__tests__/leaderboard.test.tsx:112:21\n    at file:///C:/Coding/Software_Engineering_Coursework/frontend/node_modules/@vitest/runner/dist/index.js:145:11\n    at file:///C:/Coding/Software_Engineering_Coursework/frontend/node_modules/@vitest/runner/dist/index.js:915:26\n    at file:///C:/Coding/Software_Engineering_Coursework/frontend/node_modules/@vitest/runner/dist/index.js:1243:20\n    at new Promise (<anonymous>)\n    at runWithTimeout (file:///C:/Coding/Software_Engineering_Coursework/frontend/node_modules/@vitest/runner/dist/index.js:1209:10)\n    at file:///C:/Coding/Software_Engineering_Coursework/frontend/node_modules/@vitest/runner/dist/index.js:1653:37"],"meta":{}},{"ancestorTitles":["Leaderboard"],"fullName":"Leaderboard applies theme styles correctly","status":"passed","title":"applies theme styles correctly","duration":155.7475000000004,"failureMessages":[],"meta":{}},{"ancestorTitles":["Leaderboard"],"fullName":"Leaderboard handles malformed localStorage data","status":"failed","title":"handles malformed localStorage data","duration":90.97329999999965,"failureMessages":["SyntaxError: Unexpected token 'i', \"invalid json\" is not valid JSON\n    at JSON.parse (<anonymous>)\n    at C:/Coding/Software_Engineering_Coursework/frontend/src/components/Leaderboard.tsx:38:27\n    at Object.react_stack_bottom_frame (C:\\Coding\\Software_Engineering_Coursework\\frontend\\node_modules\\react-dom\\cjs\\react-dom-client.development.js:25989:20)\n    at runWithFiberInDEV (C:\\Coding\\Software_Engineering_Coursework\\frontend\\node_modules\\react-dom\\cjs\\react-dom-client.development.js:874:13)\n    at commitHookEffectListMount (C:\\Coding\\Software_Engineering_Coursework\\frontend\\node_modules\\react-dom\\cjs\\react-dom-client.development.js:13249:29)\n    at commitHookPassiveMountEffects (C:\\Coding\\Software_Engineering_Coursework\\frontend\\node_modules\\react-dom\\cjs\\react-dom-client.development.js:13336:11)\n    at commitPassiveMountOnFiber (C:\\Coding\\Software_Engineering_Coursework\\frontend\\node_modules\\react-dom\\cjs\\react-dom-client.development.js:15484:13)\n    at recursivelyTraversePassiveMountEffects (C:\\Coding\\Software_Engineering_Coursework\\frontend\\node_modules\\react-dom\\cjs\\react-dom-client.development.js:15439:11)\n    at commitPassiveMountOnFiber (C:\\Coding\\Software_Engineering_Coursework\\frontend\\node_modules\\react-dom\\cjs\\react-dom-client.development.js:15718:11)\n    at recursivelyTraversePassiveMountEffects (C:\\Coding\\Software_Engineering_Coursework\\frontend\\node_modules\\react-dom\\cjs\\react-dom-client.development.js:15439:11)"],"meta":{}},{"ancestorTitles":["Leaderboard"],"fullName":"Leaderboard displays multiple users correctly","status":"passed","title":"displays multiple users correctly","duration":214.0029999999997,"failureMessages":[],"meta":{}}],"startTime":1773084389638,"endTime":1773084392745.003,"status":"failed","message":"","name":"C:/Coding/Software_Engineering_Coursework/frontend/src/__tests__/leaderboard.test.tsx"},{"assertionResults":[{"ancestorTitles":["Login"],"fullName":"Login submits credentials and sets auth on success","status":"failed","title":"submits credentials and sets auth on success","duration":1425.2756,"failureMessages":["AssertionError: expected \"vi.fn()\" to be called with arguments: [ true ]\u001b[90m\n\nNumber of calls: \u001b[1m0\u001b[22m\n\u001b[39m\n    at Proxy.<anonymous> (file:///C:/Coding/Software_Engineering_Coursework/frontend/node_modules/@vitest/expect/dist/index.js:1420:10)\n    at Proxy.<anonymous> (file:///C:/Coding/Software_Engineering_Coursework/frontend/node_modules/@vitest/expect/dist/index.js:1090:14)\n    at Proxy.methodWrapper (file:///C:/Coding/Software_Engineering_Coursework/frontend/node_modules/chai/index.js:1700:25)\n    at C:/Coding/Software_Engineering_Coursework/frontend/src/__tests__/login.test.tsx:71:32\n    at file:///C:/Coding/Software_Engineering_Coursework/frontend/node_modules/@vitest/runner/dist/index.js:915:20"],"meta":{}},{"ancestorTitles":["Login"],"fullName":"Login shows error when login fails","status":"passed","title":"shows error when login fails","duration":646.48190000
[...]
\dom\\dist\\query-helpers.js:20:35)\n    at getMultipleElementsFoundError (C:\\Coding\\Software_Engineering_Coursework\\frontend\\node_modules\\@testing-library\\dom\\dist\\query-helpers.js:23:10)\n    at C:\\Coding\\Software_Engineering_Coursework\\frontend\\node_modules\\@testing-library\\dom\\dist\\query-helpers.js:55:13\n    at C:\\Coding\\Software_Engineering_Coursework\\frontend\\node_modules\\@testing-library\\dom\\dist\\query-helpers.js:95:19\n    at C:/Coding/Software_Engineering_Coursework/frontend/src/__tests__/search-notes.test.tsx:30:19\n    at file:///C:/Coding/Software_Engineering_Coursework/frontend/node_modules/@vitest/runner/dist/index.js:145:11\n    at file:///C:/Coding/Software_Engineering_Coursework/frontend/node_modules/@vitest/runner/dist/index.js:915:26\n    at file:///C:/Coding/Software_Engineering_Coursework/frontend/node_modules/@vitest/runner/dist/index.js:1243:20\n    at new Promise (<anonymous>)"],"meta":{}},{"ancestorTitles":["SearchNotesPage"],"fullName":"SearchNotesPage renders empty state when no notes are returned","status":"failed","title":"renders empty state when no notes are returned","duration":1159.2266999999993,"failureMessages":["Error: Unable to find an element with the text: /no notes found/i. This could be because the text is broken up by multiple elements. In this case, you can provide a function for your text matcher to make your matcher more flexible.\n\nIgnored nodes: comments, script, style\n\u001b[36m<body>\u001b[39m\n  \u001b[36m<div>\u001b[39m\n    \u001b[36m<div\u001b[39m\n      \u001b[33mclass\u001b[39m=\u001b[32m\"ant-layout ant-layout-has-sider css-dev-only-do-not-override-1enej14 css-var-root\"\u001b[39m\n      \u001b[33mstyle\u001b[39m=\u001b[32m\"min-height: 100vh;\"\u001b[39m\n    \u001b[36m>\u001b[39m\n      \u001b[36m<aside\u001b[39m\n        \u001b[33mclass\u001b[39m=\u001b[32m\"ant-layout-sider ant-layout-sider-dark ant-layout-sider-collapsed css-dev-only-do-not-override-1enej14 css-var-root\"\u001b[39m\n        \u001b[33mstyle\u001b[39m=\u001b[32m\"background: rgb(255, 255, 255); border-right: 1px solid rgb(232, 232, 232); height: 100vh; position: sticky; top: 0px; left: 0px; display: flex; flex-direction: column; z-index: 20; flex: 0 0 64px; max-width: 64px; min-width: 64px; width: 64px;\"\u001b[39m\n      \u001b[36m>\u001b[39m\n        \u001b[36m<div\u001b[39m\n          \u001b[33mclass\u001b[39m=\u001b[32m\"ant-layout-sider-children\"\u001b[39m\n        \u001b[36m>\u001b[39m\n          \u001b[36m<div\u001b[39m\n            \u001b[33mstyle\u001b[39m=\u001b[32m\"display: flex; align-items: center; justify-content: center; padding: 16px 0px; border-bottom: 1px solid rgb(232, 232, 232);\"\u001b[39m\n          \u001b[36m>\u001b[39m\n            \u001b[36m<button\u001b[39m\n              \u001b[33mclass\u001b[39m=\u001b[32m\"ant-btn css-dev-only-do-not-override-1enej14 css-var-root ant-btn-text ant-btn-color-default ant-btn-variant-text ant-btn-icon-only\"\u001b[39m\n              \u001b[33mstyle\u001b[39m=\u001b[32m\"color: rgb(51, 51, 51);\"\u001b[39m\n              \u001b[33mtype\u001b[39m=\u001b[32m\"button\"\u001b[39m\n            \u001b[36m>\u001b[39m\n              \u001b[36m<span\u001b[39m\n                \u001b[33mclass\u001b[39m=\u001b[32m\"ant-btn-icon\"\u001b[39m\n              \u001b[36m>\u001b[39m\n                \u001b[36m<span\u001b[39m\n                  \u001b[33maria-label\u001b[39m=\u001b[32m\"menu-unfold\"\u001b[39m\n                  \u001b[33mclass\u001b[39m=\u001b[32m\"anticon anticon-menu-unfold\"\u001b[39m\n                  \u001b[33mrole\u001b[39m=\u001b[32m\"img\"\u001b[39m\n                \u001b[36m>\u001b[39m\n                  \u001b[36m<svg\u001b[39m\n                    \u001b[33maria-hidden\u001b[39m=\u001b[32m\"true\"\u001b[39m\n                    \u001b[33mdata-icon\u001b[39m=\u001b[32m\"menu-unfold\"\u001b[39m\n                    \u001b[33mfill\u001b[39m=\u001b[32m\"currentColor\"\u001b[39m\n                    \u001b[33mfocusable\u001b[39m=\u001b[32m\"false\"\u001b[39m\n                    \u001b[33mheight\u001b[39m=\u001b[32m\"1em\"\u001b[39m\n                    \u001b[33mviewBox\u001b[39m=\u001b[32m\"64 64 896 896\"\u001b[39m\n                    \u001b[33mwidth\u001b[39m=\u001b[32m\"1em\"\u001b[39m\n                  \u001b[36m>\u001b[39m\n                    \u001b[36m<path\u001b[39m\n                      \u001b[33md\u001b[39m=\u001b[32m\"M408 442h480c4.4 0 8-3.6 8-8v-56c0-4.4-3.6-8-8-8H408c-4.4 0-8 3.6-8 8v56c0 4.4 3.6 8 8 8zm-8 204c0 4.4 3.6 8 8 8h480c4.4 0 8-3.6 8-8v-56c0-4.4-3.6-8-8-8H408c-4.4 0-8 3.6-8 8v56zm504-486H120c-4.4 0-8 3.6-8 8v56c0 4.4 3.6 8 8 8h784c4.4 0 8-3.6 8-8v-56c0-4.4-3.6-8-8-8zm0 632H120c-4.4 0-8 3.6-8 8v56c0 4.4 3.6 8 8 8h784c4.4 0 8-3.6 8-8v-56c0-4.4-3.6-8-8-8zM142.4 642.1L298.7 519a8.84 8.84 0 000-13.9L142.4 381.9c-5.8-4.6-14.4-.5-14.4 6.9v246.3a8.9 8.9 0 0014.4 7z\"\u001b[39m\n                    \u001b[36m/>\u001b[39m\n                  \u001b[36m</svg>\u001b[39m\n                \u001b[36m</span>\u001b[39m\n              \u001b[36m</span>\u001b[39m\n            \u001b[36m</button>\u001b[39m\n          \u001b[36m</div>\u001b[39m\n          \u001b[36m<div\u001b[39m\n            \u001b[33mstyle\u001b[39m=\u001b[32m\"padding: 12px 8px;\"\u001b[39m\n          \u001b[36m>\u001b[39m\n            \u001b[36m<button\u001b[39m\n              \u001b[33mclass\u001b[39m=\u001b[32m\"ant-btn css-dev-only-do-not-override-1enej14 css-var-root ant-btn-primary ant-btn-color-primary ant-btn-variant-solid ant-btn-icon-only ant-btn-block\"\u001b[39m\n              \u001b[33mstyle\u001b[39m=\u001b[32m\"background-color: rgb(11, 94, 215); border-color: rgb(11, 94, 215); border-radius: 8px;\"\u001b[39m\n              \u001b[33mtype\u001b[39m=\u001b[32m\"button\"\u001b[39m\n            \u001b[36m>\u001b[39m\n              \u001b[36m<span\u001b[39m\n                \u001b[33mclass\u001b[39m=\u001b[32m\"ant-btn-icon\"\u001b[39m\n              \u001b[36m>\u001b[39m\n                \u001b[36m<span\u001b[39m\n                  \u001b[33maria-label\u001b[39m=\u001b[32m\"plus\"\u001b[39m\n                  \u001b[33mclass\u001b[39m=\u001b[32m\"anticon anticon-plus\"\u001b[39m\n                  \u001b[33mrole\u001b[39m=\u001b[32m\"img\"\u001b[39m\n                \u001b[36m>\u001b[39m\n                  \u001b[36m<svg\u001b[39m\n                    \u001b[33maria-hidden\u001b[39m=\u001b[32m\"true\"\u001b[39m\n                    \u001b[33mdata-icon\u001b[39m=\u001b[32m\"plus\"\u001b[39m\n                    \u001b[33mfill\u001b[39m=\u001b[32m\"currentColor\"\u001b[39m\n                    \u001b[33mfocusable\u001b[39m=\u001b[32m\"false\"\u001b[39m\n                    \u001b[33mheight\u001b[39m=\u001b[32m\"1em\"\u001b[39m\n                    \u001b[33mviewBox\u001b[39m=\u001b[32m\"64 64 896 896\"\u001b[39m\n                    \u001b[33mwidth\u001b[39m=\u001b[32m\"1em\"\u001b[39m\n                  \u001b[36m>\u001b[39m\n                    \u001b[36m<path\u001b[39m\n                      \u001b[33md\u001b[39m=\u001b[32m\"M482 152h60q8 0 8 8v704q0 8-8 8h-60q-8 0-8-8V160q0-8 8-8z\"\u001b[39m\n                    \u001b[36m/>\u001b[39m\n                    \u001b[36m<path\u001b[39m\n                      \u001b[33md\u001b[39m=\u001b[32m\"M192 474h672q8 0 8 8v60q0 8-8 8H160q-8 0-8-8v-60q0-8 8-8z\"\u001b[39m\n                    \u001b[36m/>\u001b[39m\n                  \u001b[36m</svg>\u001b[39m\n                \u001b[36m</span>\u001b[39m\n              \u001b[36m</span>\u001b[39m\n            \u001b[36m</button>\u001b[39m\n          \u001b[36m</div>\u001b[39m\n          \u001b[36m<ul\u001b[39m\n            \u001b[33mclass\u001b[39m=\u001b[32m\"ant-menu ant-menu-root ant-menu-vertical ant-menu-light ant-menu-inline-collapsed css-dev-only-do-not-override-1enej14 css-var-root ant-menu-css-var\"\u001b[39m\n            \u001b[33mdata-menu-list\u001b[39m=\u001b[32m\"true\"\u001b[39m\n            \u001b[33mrole\u001b[39m=\u001b[32m\"menu\"\u001b[39m\n            \u001b[33mstyle\u001b[39m=\u001b[32m\"background: transparent; border-right: medium; flex: 1 1 0%;\"\u001b[39m\n            \u001b[33mtabindex\u001b[39m=\u001b[32m\"0\"\u001b[39m\n          \u001b[36m>\u001b[39m\n            \u001b[36m<li\u001b[39m\n              \u001b[33mclass\u001b[39m=\u001b[32m\"ant-menu-item ant-menu-item-selected\"\u001b[39m\n              \u001b[33mdata-menu-id\u001b[39m=\u001b[32m\"rc-menu-uuid-dashboard\"\u001b[39m\n              \u001b[33mrole\u001b[39m=\u001b[32m\"menuitem\"\u001b[39m\n              \u001b[33mtabindex\u001b[39m=\u001b[32m\"-1\"\u001b[39m\n            \u001b[36m>\u001b[39m\n              \u001b[36m<span\u001b[39m\n                \u001b[33maria-label\u001b[39m=\u001b[32m\"dashboard\"\u001b[39m\n                \u001b[33mclass\u001b[39m=\u001b[32m\"anticon anticon-dashboard ant-menu-item-icon\"\u001b[39m\n                \u001b[33mrole\u001b[39m=\u001b[32m\"img\"\u001b[39m\n              \u001b[36m>\u001b[39m\n                \u001b[36m<svg\u001b[39m\n                  \u001b[33maria-hidden\u001b[39m=\u001b[32m\"true\"\u001b[39m\n                  \u001b[33mdata-icon\u001b[39m=\u001b[32m\"dashboard\"\u001b[39m\n                  \u001b[33mfill\u001b[39m=\u001b[32m\"currentColor\"\u001b[39m\n                  \u001b[33mfocusable\u001b[39m=\u001b[32m\"false\"\u001b[39m\n                  \u001b[33mheight\u001b[39m=\u001b[32m\"1em\"\u001b[39m\n                  \u001b[33mviewBox\u001b[39m=\u001b[32m\"64 64 896 896\"\u001b[39m\n                  \u001b[33mwidth\u001b[39m=\u001b[32m\"1em\"\u001b[39m\n                \u001b[36m>\u001b[39m\n                  \u001b[36m<path\u001b[39m\n                    \u001b[33md\u001b[39m=\u001b[32m\"M924.8 385.6a446.7 446.7 0 00-96-142.4 446.7 446.7 0 00-142.4-96C631.1 123.8 572.5 112 512 112s-119.1 11.8-174.4 35.2a446.7 446.7 0 00-142.4 96 446.7 446.7 0 00-96 142.4C75.8 440.9 64 499.5 64 560c0 132.7 58.3 257.7 159.9 343.1l1.7 1.4c5.8 4.8 13.1 7.5 20.6 7.5h531.7c7.5 0 14.8-2.7 20.6-7.5l1.7-1.4C901.7 817.7 960 692.7 960 560c0-60.5-11.9-119.1-35.2-174.4zM761.4 836H262.6A371.12 371.12 0 01140 560c0-99.4 38.7-192.8 109-263 70.3-70.3 163.7-109 263-109 99.4 0 192.8 38.7 263 109 70.3 70.3 109 163.7 109 263 0 105.6-44.5 205.5-122.6 276zM623.5 421.5a8.03 8.03 0 00-11.3 0L527.7 506c-18.7-5-39.4-.2-54.1 14.5a55.95 55.95 0 000 79.2 55.95 55.95 0 0079.2 0 5...\n    at waitForWrapper (C:\\Coding\\Software_Engineering_Coursework\\frontend\\node_modules\\@testing-library\\dom\\dist\\wait-for.js:163:27)\n    at C:/Coding/Software_Engineering_Coursework/frontend/src/__tests__/search-notes.test.tsx:47:11\n    at file:///C:/Coding/Software_Engineering_Coursework/frontend/node_modules/@vitest/runner/dist/index.js:145:11\n    at file:///C:/Coding/Software_Engineering_Coursework/frontend/node_modules/@vitest/runner/dist/index.js:915:26\n    at file:///C:/Coding/Software_Engineering_Coursework/frontend/node_modules/@vitest/runner/dist/index.js:1243:20\n    at new Promise (<anonymous>)\n    at runWithTimeout (file:///C:/Coding/Software_Engineering_Coursework/frontend/node_modules/@vitest/runner/dist/index.js:1209:10)\n    at file:///C:/Coding/Software_Engineering_Coursework/frontend/node_modules/@vitest/runner/dist/index.js:1653:37\n    at Traces.$ (file:///C:/Coding/Software_Engineering_Coursework/frontend/node_modules/vitest/dist/chunks/traces.CCmnQaNT.js:142:27)\n    at trace (file:///C:/Coding/Software_Engineering_Coursework/frontend/node_modules/vitest/dist/chunks/test.B8ej_ZHS.js:239:21)"],"meta":{}}],"startTime":1773084389657,"endTime":1773084391734.2268,"status":"failed","message":"","name":"C:/Coding/Software_Engineering_Coursework/frontend/src/__tests__/search-notes.test.tsx"},{"assertionResults":[{"ancestorTitles":["SideMenu"],"fullName":"SideMenu renders side menu","status":"passed","title":"renders side menu","duration":195.48109999999997,"failureMessages":[],"meta":{}},{"ancestorTitles":["SideMenu"],"fullName":"SideMenu navigates to create note when plus button is clicked","status":"passed","title":"navigates to create note when plus button is clicked","duration":19.827999999999975,"failureMessages":[],"meta":{}},{"ancestorTitles":["SideMenu"],"fullName":"SideMenu logs out and navigates to login","status":"passed","title":"logs out and navigates to login","duration":41.64919999999984,"failureMessages":[],"meta":{}}],"startTime":1773084394515,"endTime":1773084394771.6492,"status":"passed","message":"","name":"C:/Coding/Software_Engineering_Coursework/frontend/src/__tests__/side-menu.test.tsx"},{"assertionResults":[{"ancestorTitles":["suggestions API","getSuggestionById"],"fullName":"suggestions API getSuggestionById should fetch a suggestion by ID successfully","status":"passed","title":"should fetch a suggestion by ID successfully","duration":2.432199999999966,"failureMessages":[],"meta":{}},{"ancestorTitles":["suggestions API","getSuggestionById"],"fullName":"suggestions API getSuggestionById should handle errors when fetching suggestion","status":"passed","title":"should handle errors when fetching suggestion","duration":5.043800000000147,"failureMessages":[],"meta":{}},{"ancestorTitles":["suggestions API","getSuggestionsByCommenterId"],"fullName":"suggestions API getSuggestionsByCommenterId should fetch suggestions by commenter ID successfully","status":"passed","title":"should fetch suggestions by commenter ID successfully","duration":0.4156000000000404,"failureMessages":[],"meta":{}},{"ancestorTitles":["suggestions API","getSuggestionsByCommenterId"],"fullName":"suggestions API getSuggestionsByCommenterId should return empty array for user with no suggestions","status":"passed","title":"should return empty array for user with no suggestions","duration":0.21010000000001128,"failureMessages":[],"meta":{}},{"ancestorTitles":["suggestions API","createSuggestion"],"fullName":"suggestions API createSuggestion should create a suggestion successfully","status":"passed","title":"should create a suggestion successfully","duration":0.40829999999982647,"failureMessages":[],"meta":{}},{"ancestorTitles":["suggestions API","createSuggestion"],"fullName":"suggestions API createSuggestion should handle creation errors","status":"passed","title":"should handle creation errors","duration":0.6867999999999483,"failureMessages":[],"meta":{}},{"ancestorTitles":["suggestions API","createSuggestion"],"fullName":"suggestions API createSuggestion should handle invalid parameters","status":"passed","title":"should handle invalid parameters","duration":0.2505999999998494,"failureMessages":[],"meta":{}},{"ancestorTitles":["suggestions API","updateSuggestion"],"fullName":"suggestions API updateSuggestion should update suggestion successfully","status":"passed","title":"should update suggestion successfully","duration":0.36770000000001346,"failureMessages":[],"meta":{}},{"ancestorTitles":["suggestions API","updateSuggestion"],"fullName":"suggestions API updateSuggestion should handle partial updates","status":"passed","title":"should handle partial updates","duration":1.2593000000001666,"failureMessages":[],"meta":{}},{"ancestorTitles":["suggestions API","updateSuggestion"],"fullName":"suggestions API updateSuggestion should handle update errors","status":"passed","title":"should handle update errors","duration":0.7012999999999465,"failureMessages":[],"meta":{}},{"ancestorTitles":["suggestions API","deleteSuggestion"],"fullName":"suggestions API deleteSuggestion should delete suggestion successfully","status":"passed","title":"should delete suggestion successfully","duration":0.29970000000002983,"failureMessages":[],"meta":{}},{"ancestorTitles":["suggestions API","deleteSuggestion"],"fullName":"suggestions API deleteSuggestion should handle deletion errors","status":"passed","title":"should handle deletion errors","duration":0.516800000000103,"failureMessages":[],"meta":{}},{"ancestorTitles":["suggestions API","deleteSuggestion"],"fullName":"suggestions API deleteSuggestion should handle not found errors","status":"passed","title":"should handle not found errors","duration":0.1534999999998945,"failureMessages":[],"meta":{}},{"ancestorTitles":["suggestions API","getSuggestionsByNoteId"],"fullName":"suggestions API getSuggestionsByNoteId should fetch suggestions by note ID successfully","status":"passed","title":"should fetch suggestions by note ID successfully","duration":0.2844000000000051,"failureMessages":[],"meta":{}},{"ancestorTitles":["suggestions API","getSuggestionsByNoteId"],"fullName":"suggestions API getSuggestionsByNoteId should return empty array for note with no suggestions","status":"passed","title":"should return empty array for note with no suggestions","duration":0.13949999999999818,"failureMessages":[],"meta":{}},{"ancestorTitles":["suggestions API","getSuggestionsByNoteId"],"fullName":"suggestions API getSuggestionsByNoteId should handle errors when fetching suggestions by note ID","status":"passed","title":"should handle errors when fetching suggestions by note ID","duration":0.52150000000006,"failureMessages":[],"meta":{}},{"ancestorTitles":["suggestions API","getSuggestionsByNoteId"],"fullName":"suggestions API getSuggestionsByNoteId should handle invalid note ID","status":"passed","title":"should handle invalid note ID","duration":0.12970000000018445,"failureMessages":[],"meta":{}}],"startTime":1773084392882,"endTime":1773084392896.5215,"status":"passed","message":"","name":"C:/Coding/Software_Engineering_Coursework/frontend/src/__tests__/suggestions.test.js"},{"assertionResults":[{"ancestorTitles":["ThemeContext"],"fullName":"ThemeContext persists theme changes to localStorage","status":"passed","title":"persists theme changes to localStorage","duration":134.40519999999992,"failureMessages":[],"meta":{}}],"startTime":1773084392871,"endTime":1773084393005.4053,"status":"passed","message":"","name":"C:/Coding/Software_Engineering_Coursework/frontend/src/__tests__/theme-context.test.tsx"},{"assertionResults":[{"ancestorTitles":["users API","createUser"],"fullName":"users API createUser should create a user successfully","status":"passed","title":"should create a user successfully","duration":1.7269000000000005,"failureMessages":[],"meta":{}},{"ancestorTitles":["users API","createUser"],"fullName":"users API createUser should handle creation errors","status":"passed","title":"should handle creation errors","duration":3.138500000000022,"failureMessages":[],"meta":{}},{"ancestorTitles":["users API","getUser"],"fullName":"users API getUser should fetch user data successfully","status":"passed","title":"should fetch user data successfully","duration":0.28560000000004493,"failureMessages":[],"meta":{}},{"ancestorTitles":["users API","getUser"],"fullName":"users API getUser should handle fetch errors","status":"passed","title":"should handle fetch errors","duration":0.5925000000000864,"failureMessages":[],"meta":{}},{"ancestorTitles":["users API","updateUser"],"fullName":"users API updateUser should update user successfully","status":"passed","title":"should update user successfully","duration":0.4352000000000089,"failureMessages":[],"meta":{}},{"ancestorTitles":["users API","updateUser"],"fullName":"users API updateUser should update with partial fields","status":"passed","title":"should update with partial fields","duration":1.0454999999999472,"failureMessages":[],"meta":{}},{"ancestorTitles":["users API","deleteUser"],"fullName":"users API deleteUser should delete user successfully","status":"passed","title":"should delete user successfully","duration":0.2296999999999798,"failureMessages":[],"meta":{}},{"ancestorTitles":["users API","deleteUser"],"fullName":"users API deleteUser should handle deletion errors","status":"passed","title":"should handle deletion errors","duration":0.4417999999999438,"failureMessages":[],"meta":{}}],"startTime":1773084393618,"endTime":1773084393626.442,"status":"passed","message":"","name":"C:/Coding/Software_Engineering_Coursework/frontend/src/__tests__/users.test.js"}]}