{"C:\\Coding\\Software_Engineering_Coursework\\backend\\database\\db.js": {"path":"C:\\Coding\\Software_Engineering_Coursework\\backend\\database\\db.js","statementMap":{"0":{"start":{"line":1,"column":14},"end":{"line":1,"column":31}},"1":{"start":{"line":2,"column":11},"end":{"line":2,"column":24}},"2":{"start":{"line":3,"column":13},"end":{"line":3,"column":28}},"3":{"start":{"line":4,"column":0},"end":{"line":4,"column":27}},"4":{"start":{"line":7,"column":24},"end":{"line":7,"column":28}},"5":{"start":{"line":10,"column":0},"end":{"line":37,"column":1}},"6":{"start":{"line":11,"column":2},"end":{"line":11,"column":36}},"7":{"start":{"line":12,"column":2},"end":{"line":12,"column":28}},"8":{"start":{"line":14,"column":2},"end":{"line":14,"column":35}},"9":{"start":{"line":16,"column":15},"end":{"line":27,"column":2}},"10":{"start":{"line":28,"column":2},"end":{"line":28,"column":22}},"11":{"start":{"line":31,"column":0},"end":{"line":36,"column":5}},"12":{"start":{"line":32,"column":14},"end":{"line":32,"column":64}},"13":{"start":{"line":34,"column":4},"end":{"line":34,"column":73}},"14":{"start":{"line":35,"column":4},"end":{"line":35,"column":20}},"15":{"start":{"line":39,"column":0},"end":{"line":39,"column":20}}},"fnMap":{"0":{"name":"(anonymous_0)","decl":{"start":{"line":32,"column":8},"end":{"line":32,"column":9}},"loc":{"start":{"line":32,"column":14},"end":{"line":32,"column":64}},"line":32},"1":{"name":"(anonymous_1)","decl":{"start":{"line":33,"column":9},"end":{"line":33,"column":10}},"loc":{"start":{"line":33,"column":18},"end":{"line":36,"column":3}},"line":33}},"branchMap":{"0":{"loc":{"start":{"line":10,"column":0},"end":{"line":37,"column":1}},"type":"if","locations":[{"start":{"line":10,"column":0},"end":{"line":37,"column":1}},{"start":{"line":13,"column":7},"end":{"line":37,"column":1}}],"line":10}},"s":{"0":11,"1":11,"2":11,"3":11,"4":11,"5":11,"6":11,"7":11,"8":0,"9":0,"10":0,"11":0,"12":0,"13":0,"14":0,"15":11},"f":{"0":0,"1":0},"b":{"0":[11,0]},"_coverageSchema":"1a1c01bbd47fc00a2c39e90264f33305004495a9","hash":"3ea4ce67b5331caa8da8e17921a007d5d4022aac"}
,"C:\\Coding\\Software_Engineering_Coursework\\backend\\database\\dbLocal.js": {"path":"C:\\Coding\\Software_Engineering_Coursework\\backend\\database\\dbLocal.js","statementMap":{"0":{"start":{"line":1,"column":16},"end":{"line":1,"column":44}},"1":{"start":{"line":2,"column":13},"end":{"line":2,"column":28}},"2":{"start":{"line":5,"column":15},"end":{"line":5,"column":50}},"3":{"start":{"line":6,"column":11},"end":{"line":12,"column":2}},"4":{"start":{"line":7,"column":2},"end":{"line":11,"column":3}},"5":{"start":{"line":8,"column":4},"end":{"line":8,"column":58}},"6":{"start":{"line":10,"column":4},"end":{"line":10,"column":50}},"7":{"start":{"line":15,"column":0},"end":{"line":15,"column":35}},"8":{"start":{"line":18,"column":14},"end":{"line":25,"column":1}},"9":{"start":{"line":19,"column":2},"end":{"line":24,"column":5}},"10":{"start":{"line":20,"column":4},"end":{"line":23,"column":7}},"11":{"start":{"line":21,"column":6},"end":{"line":22,"column":63}},"12":{"start":{"line":21,"column":15},"end":{"line":21,"column":27}},"13":{"start":{"line":22,"column":11},"end":{"line":22,"column":63}},"14":{"start":{"line":27,"column":14},"end":{"line":34,"column":1}},"15":{"start":{"line":28,"column":2},"end":{"line":33,"column":5}},"16":{"start":{"line":29,"column":4},"end":{"line":32,"column":7}},"17":{"start":{"line":30,"column":6},"end":{"line":31,"column":31}},"18":{"start":{"line":30,"column":15},"end":{"line":30,"column":27}},"19":{"start":{"line":31,"column":11},"end":{"line":31,"column":31}},"20":{"start":{"line":36,"column":14},"end":{"line":43,"column":1}},"21":{"start":{"line":37,"column":2},"end":{"line":42,"column":5}},"22":{"start":{"line":38,"column":4},"end":{"line":41,"column":7}},"23":{"start":{"line":39,"column":6},"end":{"line":40,"column":24}},"24":{"start":{"line":39,"column":15},"end":{"line":39,"column":27}},"25":{"start":{"line":40,"column":11},"end":{"line":40,"column":24}},"26":{"start":{"line":48,"column":16},"end":{"line":62,"column":1}},"27":{"start":{"line":49,"column":18},"end":{"line":49,"column":42}},"28":{"start":{"line":50,"column":22},"end":{"line":50,"column":62}},"29":{"start":{"line":52,"column":2},"end":{"line":55,"column":3}},"30":{"start":{"line":53,"column":17},"end":{"line":53,"column":41}},"31":{"start":{"line":54,"column":4},"end":{"line":54,"column":18}},"32":{"start":{"line":57,"column":17},"end":{"line":57,"column":41}},"33":{"start":{"line":58,"column":2},"end":{"line":61,"column":5}},"34":{"start":{"line":66,"column":2},"end":{"line":145,"column":3}},"35":{"start":{"line":68,"column":4},"end":{"line":77,"column":7}},"36":{"start":{"line":78,"column":4},"end":{"line":78,"column":43}},"37":{"start":{"line":81,"column":4},"end":{"line":93,"column":7}},"38":{"start":{"line":94,"column":4},"end":{"line":94,"column":39}},"39":{"start":{"line":97,"column":4},"end":{"line":108,"column":7}},"40":{"start":{"line":109,"column":4},"end":{"line":109,"column":45}},"41":{"start":{"line":112,"column":4},"end":{"line":122,"column":7}},"42":{"start":{"line":123,"column":4},"end":{"line":123,"column":46}},"43":{"start":{"line":126,"column":4},"end":{"line":138,"column":7}},"44":{"start":{"line":139,"column":4},"end":{"line":139,"column":44}},"45":{"start":{"line":141,"column":4},"end":{"line":141,"column":54}},"46":{"start":{"line":143,"column":4},"end":{"line":143,"column":58}},"47":{"start":{"line":144,"column":4},"end":{"line":144,"column":14}},"48":{"start":{"line":149,"column":0},"end":{"line":152,"column":3}},"49":{"start":{"line":150,"column":2},"end":{"line":150,"column":55}},"50":{"start":{"line":151,"column":2},"end":{"line":151,"column":18}},"51":{"start":{"line":155,"column":0},"end":{"line":161,"column":2}}},"fnMap":{"0":{"name":"(anonymous_0)","decl":{"start":{"line":6,"column":40},"end":{"line":6,"column":41}},"loc":{"start":{"line":6,"column":49},"end":{"line":12,"column":1}},"line":6},"1":{"name":"(anonymous_1)","decl":{"start":{"line":18,"column":14},"end":{"line":18,"column":15}},"loc":{"start":{"line":18,"column":36},"end":{"line":25,"column":1}},"line":18},"2":{"name":"(anonymous_2)","decl":{"start":{"line":19,"column":21},"end":{"line":19,"column":22}},"loc":{"start":{"line":19,"column":42},"end":{"line":24,"column":3}},"line":19},"3":{"name":"(anonymous_3)","decl":{"start":{"line":20,"column":24},"end":{"line":20,"column":25}},"loc":{"start":{"line":20,"column":39},"end":{"line":23,"column":5}},"line":20},"4":{"name":"(anonymous_4)","decl":{"start":{"line":27,"column":14},"end":{"line":27,"column":15}},"loc":{"start":{"line":27,"column":36},"end":{"line":34,"column":1}},"line":27},"5":{"name":"(anonymous_5)","decl":{"start":{"line":28,"column":21},"end":{"line":28,"column":22}},"loc":{"start":{"line":28,"column":42},"end":{"line":33,"column":3}},"line":28},"6":{"name":"(anonymous_6)","decl":{"start":{"line":29,"column":24},"end":{"line":29,"column":25}},"loc":{"start":{"line":29,"column":39},"end":{"line":32,"column":5}},"line":29},"7":{"name":"(anonymous_7)","decl":{"start":{"line":36,"column":14},"end":{"line":36,"column":15}},"loc":{"start":{"line":36,"column":36},"end":{"line":43,"column":1}},"line":36},"8":{"name":"(anonymous_8)","decl":{"start":{"line":37,"column":21},"end":{"line":37,"column":22}},"loc":{"start":{"line":37,"column":42},"end":{"line":42,"column":3}},"line":37},"9":{"name":"(anonymous_9)","decl":{"start":{"line":38,"column":24},"end":{"line":38,"column":25}},"loc":{"start":{"line":38,"column":38},"end":{"line":41,"column":5}},"line":38},"10":{"name":"(anonymous_10)","decl":{"start":{"line":48,"column":16},"end":{"line":48,"column":17}},"loc":{"start":{"line":48,"column":44},"end":{"line":62,"column":1}},"line":48},"11":{"name":"setupDatabase","decl":{"start":{"line":65,"column":15},"end":{"line":65,"column":28}},"loc":{"start":{"line":65,"column":31},"end":{"line":146,"column":1}},"line":65},"12":{"name":"(anonymous_12)","decl":{"start":{"line":149,"column":22},"end":{"line":149,"column":23}},"loc":{"start":{"line":149,"column":29},"end":{"line":152,"column":1}},"line":149}},"branchMap":{"0":{"loc":{"start":{"line":7,"column":2},"end":{"line":11,"column":3}},"type":"if","locations":[{"start":{"line":7,"column":2},"end":{"line":11,"column":3}},{"start":{"line":9,"column":9},"end":{"line":11,"column":3}}],"line":7},"1":{"loc":{"start":{"line":18,"column":20},"end":{"line":18,"column":31}},"type":"default-arg","locations":[{"start":{"line":18,"column":29},"end":{"line":18,"column":31}}],"line":18},"2":{"loc":{"start":{"line":21,"column":6},"end":{"line":22,"column":63}},"type":"if","locations":[{"start":{"line":21,"column":6},"end":{"line":22,"column":63}},{"start":{"line":22,"column":11},"end":{"line":22,"column":63}}],"line":21},"3":{"loc":{"start":{"line":27,"column":20},"end":{"line":27,"column":31}},"type":"default-arg","locations":[{"start":{"line":27,"column":29},"end":{"line":27,"column":31}}],"line":27},"4":{"loc":{"start":{"line":30,"column":6},"end":{"line":31,"column":31}},"type":"if","locations":[{"start":{"line":30,"column":6},"end":{"line":31,"column":31}},{"start":{"line":31,"column":11},"end":{"line":31,"column":31}}],"line":30},"5":{"loc":{"start":{"line":31,"column":19},"end":{"line":31,"column":29}},"type":"binary-expr","locations":[{"start":{"line":31,"column":19},"end":{"line":31,"column":23}},{"start":{"line":31,"column":27},"end":{"line":31,"column":29}}],"line":31},"6":{"loc":{"start":{"line":36,"column":20},"end":{"line":36,"column":31}},"type":"default-arg","locations":[{"start":{"line":36,"column":29},"end":{"line":36,"column":31}}],"line":36},"7":{"loc":{"start":{"line":39,"column":6},"end":{"line":40,"column":24}},"type":"if","locations":[{"start":{"line":39,"column":6},"end":{"line":40,"column":24}},{"start":{"line":40,"column":11},"end":{"line":40,"column":24}}],"line":39},"8":{"loc":{"start":{"line":48,"column":28},"end":{"line":48,"column":39}},"type":"default-arg","locations":[{"start":{"line":48,"column":37},"end":{"line":48,"column":39}}],"line":48},"9":{"loc":{"start":{"line":49,"column":25},"end":{"line":49,"column":34}},"type":"binary-expr","locations":[{"start":{"line":49,"column":25},"end":{"line":49,"column":28}},{"start":{"line":49,"column":32},"end":{"line":49,"column":34}}],"line":49},"10":{"loc":{"start":{"line":52,"column":2},"end":{"line":55,"column":3}},"type":"if","locations":[{"start":{"line":52,"column":2},"end":{"line":55,"column":3}},{"start":{},"end":{}}],"line":52}},"s":{"0":11,"1":11,"2":11,"3":11,"4":10,"5":0,"6":10,"7":11,"8":11,"9":51,"10":51,"11":50,"12":0,"13":50,"14":11,"15":0,"16":0,"17":0,"18":0,"19":0,"20":11,"21":0,"22":0,"23":0,"24":0,"25":0,"26":11,"27":0,"28":0,"29":0,"30":0,"31":0,"32":0,"33":0,"34":11,"35":11,"36":10,"37":10,"38":10,"39":10,"40":10,"41":10,"42":10,"43":10,"44":10,"45":10,"46":0,"47":0,"48":11,"49":0,"50":0,"51":11},"f":{"0":10,"1":51,"2":51,"3":50,"4":0,"5":0,"6":0,"7":0,"8":0,"9":0,"10":0,"11":11,"12":0},"b":{"0":[0,10],"1":[51],"2":[0,50],"3":[0],"4":[0,0],"5":[0,0],"6":[0],"7":[0,0],"8":[0],"9":[0,0],"10":[0,0]},"_coverageSchema":"1a1c01bbd47fc00a2c39e90264f33305004495a9","hash":"b8ae902430fb2a638d7678be92b7f57dbb9ed19c"}
,"C:\\Coding\\Software_Engineering_Coursework\\backend\\middleware\\requireAuth.js": {"path":"C:\\Coding\\Software_Engineering_Coursework\\backend\\middleware\\requireAuth.js","statementMap":{"0":{"start":{"line":1,"column":12},"end":{"line":1,"column":35}},"1":{"start":{"line":2,"column":19},"end":{"line":2,"column":54}},"2":{"start":{"line":4,"column":20},"end":{"line":24,"column":1}},"3":{"start":{"line":5,"column":16},"end":{"line":5,"column":33}},"4":{"start":{"line":7,"column":2},"end":{"line":12,"column":3}},"5":{"start":{"line":8,"column":4},"end":{"line":11,"column":7}},"6":{"start":{"line":14,"column":2},"end":{"line":23,"column":3}},"7":{"start":{"line":15,"column":20},"end":{"line":15,"column":49}},"8":{"start":{"line":16,"column":4},"end":{"line":16,"column":23}},"9":{"start":{"line":17,"column":4},"end":{"line":17,"column":11}},"10":{"start":{"line":19,"column":4},"end":{"line":22,"column":7}},"11":{"start":{"line":26,"column":0},"end":{"line":26,"column":29}}},"fnMap":{"0":{"name":"(anonymous_0)","decl":{"start":{"line":4,"column":20},"end":{"line":4,"column":21}},"loc":{"start":{"line":4,"column":40},"end":{"line":24,"column":1}},"line":4}},"branchMap":{"0":{"loc":{"start":{"line":2,"column":19},"end":{"line":2,"column":54}},"type":"binary-expr","locations":[{"start":{"line":2,"column":19},"end":{"line":2,"column":41}},{"start":{"line":2,"column":45},"end":{"line":2,"column":54}}],"line":2},"1":{"loc":{"start":{"line":7,"column":2},"end":{"line":12,"column":3}},"type":"if","locations":[{"start":{"line":7,"column":2},"end":{"line":12,"column":3}},{"start":{},"end":{}}],"line":7}},"s":{"0":8,"1":8,"2":8,"3":39,"4":39,"5":9,"6":30,"7":30,"8":25,"9":25,"10":5,"11":8},"f":{"0":39},"b":{"0":[8,8],"1":[9,30]},"_coverageSchema":"1a1c01bbd47fc00a2c39e90264f33305004495a9","hash":"6d65dd7b265e738f092eb0388e673da60a48e004"}
,"C:\\Coding\\Software_Engineering_Coursework\\backend\\routes\\auth.js": {"path":"C:\\Coding\\Software_Engineering_Coursework\\backend\\routes\\auth.js","statementMap":{"0":{"start":{"line":1,"column":16},"end":{"line":1,"column":34}},"1":{"start":{"line":2,"column":15},"end":{"line":2,"column":31}},"2":{"start":{"line":3,"column":15},"end":{"line":3,"column":32}},"3":{"start":{"line":4,"column":12},"end":{"line":4,"column":35}},"4":{"start":{"line":5,"column":20},"end":{"line":5,"column":56}},"5":{"start":{"line":6,"column":32},"end":{"line":6,"column":66}},"6":{"start":{"line":8,"column":19},"end":{"line":8,"column":54}},"7":{"start":{"line":11,"column":26},"end":{"line":30,"column":1}},"8":{"start":{"line":34,"column":17},"end":{"line":34,"column":19}},"9":{"start":{"line":37,"column":2},"end":{"line":41,"column":3}},"10":{"start":{"line":38,"column":4},"end":{"line":38,"column":37}},"11":{"start":{"line":39,"column":9},"end":{"line":41,"column":3}},"12":{"start":{"line":40,"column":4},"end":{"line":40,"column":89}},"13":{"start":{"line":44,"column":2},"end":{"line":48,"column":3}},"14":{"start":{"line":45,"column":4},"end":{"line":45,"column":38}},"15":{"start":{"line":46,"column":9},"end":{"line":48,"column":3}},"16":{"start":{"line":47,"column":4},"end":{"line":47,"column":90}},"17":{"start":{"line":51,"column":2},"end":{"line":64,"column":3}},"18":{"start":{"line":52,"column":4},"end":{"line":52,"column":41}},"19":{"start":{"line":54,"column":4},"end":{"line":56,"column":5}},"20":{"start":{"line":55,"column":6},"end":{"line":55,"column":99}},"21":{"start":{"line":59,"column":4},"end":{"line":63,"column":7}},"22":{"start":{"line":60,"column":6},"end":{"line":62,"column":7}},"23":{"start":{"line":61,"column":8},"end":{"line":61,"column":29}},"24":{"start":{"line":65,"column":2},"end":{"line":65,"column":16}},"25":{"start":{"line":76,"column":0},"end":{"line":116,"column":2}},"26":{"start":{"line":77,"column":46},"end":{"line":77,"column":54}},"27":{"start":{"line":80,"column":27},"end":{"line":80,"column":74}},"28":{"start":{"line":82,"column":2},"end":{"line":87,"column":3}},"29":{"start":{"line":83,"column":4},"end":{"line":86,"column":7}},"30":{"start":{"line":89,"column":2},"end":{"line":115,"column":3}},"31":{"start":{"line":91,"column":25},"end":{"line":91,"column":45}},"32":{"start":{"line":92,"column":4},"end":{"line":97,"column":5}},"33":{"start":{"line":93,"column":6},"end":{"line":96,"column":9}},"34":{"start":{"line":100,"column":27},"end":{"line":100,"column":58}},"35":{"start":{"line":103,"column":4},"end":{"line":103,"column":68}},"36":{"start":{"line":105,"column":4},"end":{"line":108,"column":7}},"37":{"start":{"line":110,"column":4},"end":{"line":110,"column":50}},"38":{"start":{"line":111,"column":4},"end":{"line":114,"column":7}},"39":{"start":{"line":124,"column":0},"end":{"line":192,"column":3}},"40":{"start":{"line":125,"column":30},"end":{"line":125,"column":38}},"41":{"start":{"line":127,"column":2},"end":{"line":132,"column":3}},"42":{"start":{"line":128,"column":4},"end":{"line":131,"column":7}},"43":{"start":{"line":135,"column":2},"end":{"line":148,"column":3}},"44":{"start":{"line":136,"column":18},"end":{"line":136,"column":97}},"45":{"start":{"line":137,"column":4},"end":{"line":142,"column":7}},"46":{"start":{"line":143,"column":4},"end":{"line":147,"column":7}},"47":{"start":{"line":150,"column":2},"end":{"line":191,"column":3}},"48":{"start":{"line":151,"column":17},"end":{"line":151,"column":37}},"49":{"start":{"line":153,"column":4},"end":{"line":158,"column":5}},"50":{"start":{"line":154,"column":6},"end":{"line":157,"column":9}},"51":{"start":{"line":160,"column":28},"end":{"line":160,"column":72}},"52":{"start":{"line":162,"column":4},"end":{"line":167,"column":5}},"53":{"start":{"line":163,"column":6},"end":{"line":166,"column":9}},"54":{"start":{"line":170,"column":18},"end":{"line":170,"column":71}},"55":{"start":{"line":173,"column":4},"end":{"line":178,"column":7}},"56":{"start":{"line":180,"column":4},"end":{"line":184,"column":7}},"57":{"start":{"line":186,"column":4},"end":{"line":186,"column":47}},"58":{"start":{"line":187,"column":4},"end":{"line":190,"column":7}},"59":{"start":{"line":199,"column":0},"end":{"line":205,"column":3}},"60":{"start":{"line":200,"column":2},"end":{"line":200,"column":27}},"61":{"start":{"line":201,"column":2},"end":{"line":204,"column":5}},"62":{"start":{"line":213,"column":0},"end":{"line":218,"column":3}},"63":{"start":{"line":214,"column":2},"end":{"line":217,"column":5}},"64":{"start":{"line":220,"column":0},"end":{"line":220,"column":24}}},"fnMap":{"0":{"name":"validateRegistration","decl":{"start":{"line":33,"column":9},"end":{"line":33,"column":29}},"loc":{"start":{"line":33,"column":36},"end":{"line":66,"column":1}},"line":33},"1":{"name":"(anonymous_1)","decl":{"start":{"line":59,"column":48},"end":{"line":59,"column":49}},"loc":{"start":{"line":59,"column":72},"end":{"line":63,"column":5}},"line":59},"2":{"name":"(anonymous_2)","decl":{"start":{"line":76,"column":25},"end":{"line":76,"column":26}},"loc":{"start":{"line":76,"column":45},"end":{"line":116,"column":1}},"line":76},"3":{"name":"(anonymous_3)","decl":{"start":{"line":124,"column":22},"end":{"line":124,"column":23}},"loc":{"start":{"line":124,"column":42},"end":{"line":192,"column":1}},"line":124},"4":{"name":"(anonymous_4)","decl":{"start":{"line":199,"column":23},"end":{"line":199,"column":24}},"loc":{"start":{"line":199,"column":37},"end":{"line":205,"column":1}},"line":199},"5":{"name":"(anonymous_5)","decl":{"start":{"line":213,"column":31},"end":{"line":213,"column":32}},"loc":{"start":{"line":213,"column":45},"end":{"line":218,"column":1}},"line":213}},"branchMap":{"0":{"loc":{"start":{"line":8,"column":19},"end":{"line":8,"column":54}},"type":"binary-expr","locations":[{"start":{"line":8,"column":19},"end":{"line":8,"column":41}},{"start":{"line":8,"column":45},"end":{"line":8,"column":54}}],"line":8},"1":{"loc":{"start":{"line":37,"column":2},"end":{"line":41,"column":3}},"type":"if","locations":[{"start":{"line":37,"column":2},"end":{"line":41,"column":3}},{"start":{"line":39,"column":9},"end":{"line":41,"column":3}}],"line":37},"2":{"loc":{"start":{"line":37,"column":6},"end":{"line":37,"column":43}},"type":"binary-expr","locations":[{"start":{"line":37,"column":6},"end":{"line":37,"column":16}},{"start":{"line":37,"column":20},"end":{"line":37,"column":43}}],"line":37},"3":{"loc":{"start":{"line":39,"column":9},"end":{"line":41,"column":3}},"type":"if","locations":[{"start":{"line":39,"column":9},"end":{"line":41,"column":3}},{"start":{},"end":{}}],"line":39},"4":{"loc":{"start":{"line":44,"column":2},"end":{"line":48,"column":3}},"type":"if","locations":[{"start":{"line":44,"column":2},"end":{"line":48,"column":3}},{"start":{"line":46,"column":9},"end":{"line":48,"column":3}}],"line":44},"5":{"loc":{"start":{"line":44,"column":6},"end":{"line":44,"column":45}},"type":"binary-expr","locations":[{"start":{"line":44,"column":6},"end":{"line":44,"column":17}},{"start":{"line":44,"column":21},"end":{"line":44,"column":45}}],"line":44},"6":{"loc":{"start":{"line":46,"column":9},"end":{"line":48,"column":3}},"type":"if","locations":[{"start":{"line":46,"column":9},"end":{"line":48,"column":3}},{"start":{},"end":{}}],"line":46},"7":{"loc":{"start":{"line":51,"column":2},"end":{"line":64,"column":3}},"type":"if","locations":[{"start":{"line":51,"column":2},"end":{"line":64,"column":3}},{"start":{"line":53,"column":9},"end":{"line":64,"column":3}}],"line":51},"8":{"loc":{"start":{"line":51,"column":6},"end":{"line":51,"column":44}},"type":"binary-expr","locations":[{"start":{"line":51,"column":6},"end":{"line":51,"column":20}},{"start":{"line":51,"column":24},"end":{"line":51,"column":44}}],"line":51},"9":{"loc":{"start":{"line":54,"column":4},"end":{"line":56,"column":5}},"type":"if","locations":[{"start":{"line":54,"column":4},"end":{"line":56,"column":5}},{"start":{},"end":{}}],"line":54},"10":{"loc":{"start":{"line":60,"column":6},"end":{"line":62,"column":7}},"type":"if","locations":[{"start":{"line":60,"column":6},"end":{"line":62,"column":7}},{"start":{},"end":{}}],"line":60},"11":{"loc":{"start":{"line":82,"column":2},"end":{"line":87,"column":3}},"type":"if","locations":[{"start":{"line":82,"column":2},"end":{"line":87,"column":3}},{"start":{},"end":{}}],"line":82},"12":{"loc":{"start":{"line":92,"column":4},"end":{"line":97,"column":5}},"type":"if","locations":[{"start":{"line":92,"column":4},"end":{"line":97,"column":5}},{"start":{},"end":{}}],"line":92},"13":{"loc":{"start":{"line":103,"column":50},"end":{"line":103,"column":66}},"type":"cond-expr","locations":[{"start":{"line":103,"column":61},"end":{"line":103,"column":62}},{"start":{"line":103,"column":65},"end":{"line":103,"column":66}}],"line":103},"14":{"loc":{"start":{"line":127,"column":2},"end":{"line":132,"column":3}},"type":"if","locations":[{"start":{"line":127,"column":2},"end":{"line":132,"column":3}},{"start":{},"end":{}}],"line":127},"15":{"loc":{"start":{"line":127,"column":6},"end":{"line":127,"column":25}},"type":"binary-expr","locations":[{"start":{"line":127,"column":6},"end":{"line":127,"column":12}},{"start":{"line":127,"column":16},"end":{"line":127,"column":25}}],"line":127},"16":{"loc":{"start":{"line":135,"column":2},"end":{"line":148,"column":3}},"type":"if","locations":[{"start":{"line":135,"column":2},"end":{"line":148,"column":3}},{"start":{},"end":{}}],"line":135},"17":{"loc":{"start":{"line":135,"column":6},"end":{"line":135,"column":51}},"type":"binary-expr","locations":[{"start":{"line":135,"column":6},"end":{"line":135,"column":23}},{"start":{"line":135,"column":27},"end":{"line":135,"column":51}}],"line":135},"18":{"loc":{"start":{"line":153,"column":4},"end":{"line":158,"column":5}},"type":"if","locations":[{"start":{"line":153,"column":4},"end":{"line":158,"column":5}},{"start":{},"end":{}}],"line":153},"19":{"loc":{"start":{"line":162,"column":4},"end":{"line":167,"column":5}},"type":"if","locations":[{"start":{"line":162,"column":4},"end":{"line":167,"column":5}},{"start":{},"end":{}}],"line":162}},"s":{"0":7,"1":7,"2":7,"3":7,"4":7,"5":7,"6":7,"7":7,"8":5,"9":5,"10":1,"11":4,"12":0,"13":5,"14":0,"15":5,"16":1,"17":5,"18":0,"19":5,"20":0,"21":5,"22":20,"23":3,"24":5,"25":7,"26":5,"27":5,"28":5,"29":3,"30":2,"31":2,"32":2,"33":1,"34":1,"35":1,"36":1,"37":0,"38":0,"39":7,"40":6,"41":6,"42":1,"43":5,"44":0,"45":0,"46":0,"47":5,"48":5,"49":5,"50":1,"51":4,"52":4,"53":1,"54":3,"55":3,"56":3,"57":0,"58":0,"59":7,"60":2,"61":2,"62":7,"63":2,"64":7},"f":{"0":5,"1":20,"2":5,"3":6,"4":2,"5":2},"b":{"0":[7,7],"1":[1,4],"2":[5,4],"3":[0,4],"4":[0,5],"5":[5,5],"6":[1,4],"7":[0,5],"8":[5,5],"9":[0,5],"10":[3,17],"11":[3,2],"12":[1,1],"13":[0,1],"14":[1,5],"15":[6,5],"16":[0,5],"17":[5,0],"18":[1,4],"19":[1,3]},"_coverageSchema":"1a1c01bbd47fc00a2c39e90264f33305004495a9","hash":"2d1bbdb1a156772fcfe71e5d58ef1132d78f1fcc"}
,"C:\\Coding\\Software_Engineering_Coursework\\backend\\routes\\fileRoutes.js": {"path":"C:\\Coding\\Software_Engineering_Coursework\\backend\\routes\\fileRoutes.js","statementMap":{"0":{"start":{"line":1,"column":16},"end":{"line":1,"column":34}},"1":{"start":{"line":2,"column":15},"end":{"line":2,"column":31}},"2":{"start":{"line":3,"column":15},"end":{"line":3,"column":32}},"3":{"start":{"line":4,"column":13},"end":{"line":4,"column":28}},"4":{"start":{"line":5,"column":11},"end":{"line":5,"column":24}},"5":{"start":{"line":6,"column":23},"end":{"line":6,"column":38}},"6":{"start":{"line":7,"column":20},"end":{"line":7,"column":56}},"7":{"start":{"line":8,"column":11},"end":{"line":8,"column":36}},"8":{"start":{"line":10,"column":20},"end":{"line":10,"column":54}},"9":{"start":{"line":12,"column":16},"end":{"line":18,"column":2}},"10":{"start":{"line":13,"column":38},"end":{"line":13,"column":59}},"11":{"start":{"line":15,"column":20},"end":{"line":15,"column":51}},"12":{"start":{"line":16,"column":8},"end":{"line":16,"column":33}},"13":{"start":{"line":20,"column":15},"end":{"line":20,"column":34}},"14":{"start":{"line":23,"column":0},"end":{"line":51,"column":3}},"15":{"start":{"line":24,"column":4},"end":{"line":50,"column":5}},"16":{"start":{"line":25,"column":23},"end":{"line":25,"column":36}},"17":{"start":{"line":26,"column":22},"end":{"line":26,"column":31}},"18":{"start":{"line":28,"column":8},"end":{"line":30,"column":9}},"19":{"start":{"line":29,"column":12},"end":{"line":29,"column":84}},"20":{"start":{"line":32,"column":24},"end":{"line":44,"column":9}},"21":{"start":{"line":33,"column":12},"end":{"line":43,"column":13}},"22":{"start":{"line":45,"column":8},"end":{"line":45,"column":35}},"23":{"start":{"line":47,"column":8},"end":{"line":47,"column":92}},"24":{"start":{"line":49,"column":8},"end":{"line":49,"column":64}},"25":{"start":{"line":54,"column":0},"end":{"line":64,"column":3}},"26":{"start":{"line":55,"column":4},"end":{"line":63,"column":5}},"27":{"start":{"line":56,"column":23},"end":{"line":59,"column":9}},"28":{"start":{"line":60,"column":8},"end":{"line":60,"column":55}},"29":{"start":{"line":62,"column":8},"end":{"line":62,"column":64}},"30":{"start":{"line":67,"column":0},"end":{"line":85,"column":3}},"31":{"start":{"line":68,"column":4},"end":{"line":84,"column":5}},"32":{"start":{"line":69,"column":23},"end":{"line":72,"column":9}},"33":{"start":{"line":73,"column":8},"end":{"line":75,"column":9}},"34":{"start":{"line":74,"column":12},"end":{"line":74,"column":81}},"35":{"start":{"line":76,"column":32},"end":{"line":76,"column":39}},"36":{"start":{"line":77,"column":25},"end":{"line":77,"column":60}},"37":{"start":{"line":78,"column":8},"end":{"line":80,"column":9}},"38":{"start":{"line":79,"column":12},"end":{"line":79,"column":92}},"39":{"start":{"line":81,"column":8},"end":{"line":81,"column":31}},"40":{"start":{"line":83,"column":8},"end":{"line":83,"column":64}},"41":{"start":{"line":88,"column":0},"end":{"line":106,"column":3}},"42":{"start":{"line":89,"column":4},"end":{"line":105,"column":5}},"43":{"start":{"line":90,"column":23},"end":{"line":93,"column":9}},"44":{"start":{"line":94,"column":8},"end":{"line":96,"column":9}},"45":{"start":{"line":95,"column":12},"end":{"line":95,"column":81}},"46":{"start":{"line":97,"column":42},"end":{"line":97,"column":49}},"47":{"start":{"line":98,"column":25},"end":{"line":98,"column":60}},"48":{"start":{"line":99,"column":8},"end":{"line":101,"column":9}},"49":{"start":{"line":100,"column":12},"end":{"line":100,"column":92}},"50":{"start":{"line":102,"column":8},"end":{"line":102,"column":41}},"51":{"start":{"line":104,"column":8},"end":{"line":104,"column":64}},"52":{"start":{"line":109,"column":0},"end":{"line":131,"column":3}},"53":{"start":{"line":110,"column":4},"end":{"line":130,"column":5}},"54":{"start":{"line":111,"column":23},"end":{"line":114,"column":9}},"55":{"start":{"line":115,"column":8},"end":{"line":117,"column":9}},"56":{"start":{"line":116,"column":12},"end":{"line":116,"column":81}},"57":{"start":{"line":119,"column":53},"end":{"line":119,"column":60}},"58":{"start":{"line":120,"column":25},"end":{"line":120,"column":60}},"59":{"start":{"line":121,"column":8},"end":{"line":123,"column":9}},"60":{"start":{"line":122,"column":12},"end":{"line":122,"column":92}},"61":{"start":{"line":125,"column":8},"end":{"line":125,"column":79}},"62":{"start":{"line":126,"column":8},"end":{"line":126,"column":79}},"63":{"start":{"line":127,"column":8},"end":{"line":127,"column":38}},"64":{"start":{"line":129,"column":8},"end":{"line":129,"column":71}},"65":{"start":{"line":134,"column":0},"end":{"line":150,"column":3}},"66":{"start":{"line":135,"column":4},"end":{"line":149,"column":5}},"67":{"start":{"line":136,"column":23},"end":{"line":139,"column":9}},"68":{"start":{"line":140,"column":8},"end":{"line":142,"column":9}},"69":{"start":{"line":141,"column":12},"end":{"line":141,"column":81}},"70":{"start":{"line":143,"column":25},"end":{"line":143,"column":68}},"71":{"start":{"line":144,"column":8},"end":{"line":144,"column":61}},"72":{"start":{"line":144,"column":37},"end":{"line":144,"column":61}},"73":{"start":{"line":145,"column":8},"end":{"line":145,"column":83}},"74":{"start":{"line":146,"column":8},"end":{"line":146,"column":69}},"75":{"start":{"line":148,"column":8},"end":{"line":148,"column":64}},"76":{"start":{"line":152,"column":0},"end":{"line":152,"column":24}}},"fnMap":{"0":{"name":"(anonymous_0)","decl":{"start":{"line":13,"column":17},"end":{"line":13,"column":18}},"loc":{"start":{"line":13,"column":38},"end":{"line":13,"column":59}},"line":13},"1":{"name":"(anonymous_1)","decl":{"start":{"line":14,"column":14},"end":{"line":14,"column":15}},"loc":{"start":{"line":14,"column":34},"end":{"line":17,"column":5}},"line":14},"2":{"name":"(anonymous_2)","decl":{"start":{"line":23,"column":68},"end":{"line":23,"column":69}},"loc":{"start":{"line":23,"column":88},"end":{"line":51,"column":1}},"line":23},"3":{"name":"(anonymous_3)","decl":{"start":{"line":32,"column":34},"end":{"line":32,"column":35}},"loc":{"start":{"line":33,"column":12},"end":{"line":43,"column":13}},"line":33},"4":{"name":"(anonymous_4)","decl":{"start":{"line":54,"column":31},"end":{"line":54,"column":32}},"loc":{"start":{"line":54,"column":51},"end":{"line":64,"column":1}},"line":54},"5":{"name":"(anonymous_5)","decl":{"start":{"line":67,"column":37},"end":{"line":67,"column":38}},"loc":{"start":{"line":67,"column":57},"end":{"line":85,"column":1}},"line":67},"6":{"name":"(anonymous_6)","decl":{"start":{"line":88,"column":29},"end":{"line":88,"column":30}},"loc":{"start":{"line":88,"column":49},"end":{"line":106,"column":1}},"line":88},"7":{"name":"(anonymous_7)","decl":{"start":{"line":109,"column":34},"end":{"line":109,"column":35}},"loc":{"start":{"line":109,"column":54},"end":{"line":131,"column":1}},"line":109},"8":{"name":"(anonymous_8)","decl":{"start":{"line":134,"column":45},"end":{"line":134,"column":46}},"loc":{"start":{"line":134,"column":65},"end":{"line":150,"column":1}},"line":134}},"branchMap":{"0":{"loc":{"start":{"line":28,"column":8},"end":{"line":30,"column":9}},"type":"if","locations":[{"start":{"line":28,"column":8},"end":{"line":30,"column":9}},{"start":{},"end":{}}],"line":28},"1":{"loc":{"start":{"line":28,"column":12},"end":{"line":28,"column":40}},"type":"binary-expr","locations":[{"start":{"line":28,"column":12},"end":{"line":28,"column":18}},{"start":{"line":28,"column":22},"end":{"line":28,"column":40}}],"line":28},"2":{"loc":{"start":{"line":40,"column":20},"end":{"line":40,"column":60}},"type":"binary-expr","locations":[{"start":{"line":40,"column":20},"end":{"line":40,"column":30}},{"start":{"line":40,"column":34},"end":{"line":40,"column":60}}],"line":40},"3":{"loc":{"start":{"line":41,"column":20},"end":{"line":41,"column":54}},"type":"binary-expr","locations":[{"start":{"line":41,"column":20},"end":{"line":41,"column":48}},{"start":{"line":41,"column":52},"end":{"line":41,"column":54}}],"line":41},"4":{"loc":{"start":{"line":73,"column":8},"end":{"line":75,"column":9}},"type":"if","locations":[{"start":{"line":73,"column":8},"end":{"line":75,"column":9}},{"start":{},"end":{}}],"line":73},"5":{"loc":{"start":{"line":78,"column":8},"end":{"line":80,"column":9}},"type":"if","locations":[{"start":{"line":78,"column":8},"end":{"line":80,"column":9}},{"start":{},"end":{}}],"line":78},"6":{"loc":{"start":{"line":94,"column":8},"end":{"line":96,"column":9}},"type":"if","locations":[{"start":{"line":94,"column":8},"end":{"line":96,"column":9}},{"start":{},"end":{}}],"line":94},"7":{"loc":{"start":{"line":99,"column":8},"end":{"line":101,"column":9}},"type":"if","locations":[{"start":{"line":99,"column":8},"end":{"line":101,"column":9}},{"start":{},"end":{}}],"line":99},"8":{"loc":{"start":{"line":115,"column":8},"end":{"line":117,"column":9}},"type":"if","locations":[{"start":{"line":115,"column":8},"end":{"line":117,"column":9}},{"start":{},"end":{}}],"line":115},"9":{"loc":{"start":{"line":121,"column":8},"end":{"line":123,"column":9}},"type":"if","locations":[{"start":{"line":121,"column":8},"end":{"line":123,"column":9}},{"start":{},"end":{}}],"line":121},"10":{"loc":{"start":{"line":125,"column":38},"end":{"line":125,"column":77}},"type":"binary-expr","locations":[{"start":{"line":125,"column":38},"end":{"line":125,"column":47}},{"start":{"line":125,"column":51},"end":{"line":125,"column":77}}],"line":125},"11":{"loc":{"start":{"line":140,"column":8},"end":{"line":142,"column":9}},"type":"if","locations":[{"start":{"line":140,"column":8},"end":{"line":142,"column":9}},{"start":{},"end":{}}],"line":140},"12":{"loc":{"start":{"line":144,"column":8},"end":{"line":144,"column":61}},"type":"if","locations":[{"start":{"line":144,"column":8},"end":{"line":144,"column":61}},{"start":{},"end":{}}],"line":144}},"s":{"0":7,"1":7,"2":7,"3":7,"4":7,"5":7,"6":7,"7":7,"8":7,"9":7,"10":0,"11":0,"12":0,"13":7,"14":7,"15":0,"16":0,"17":0,"18":0,"19":0,"20":0,"21":0,"22":0,"23":0,"24":0,"25":7,"26":0,"27":0,"28":0,"29":0,"30":7,"31":0,"32":0,"33":0,"34":0,"35":0,"36":0,"37":0,"38":0,"39":0,"40":0,"41":7,"42":0,"43":0,"44":0,"45":0,"46":0,"47":0,"48":0,"49":0,"50":0,"51":0,"52":7,"53":0,"54":0,"55":0,"56":0,"57":0,"58":0,"59":0,"60":0,"61":0,"62":0,"63":0,"64":0,"65":7,"66":0,"67":0,"68":0,"69":0,"70":0,"71":0,"72":0,"73":0,"74":0,"75":0,"76":7},"f":{"0":0,"1":0,"2":0,"3":0,"4":0,"5":0,"6":0,"7":0,"8":0},"b":{"0":[0,0],"1":[0,0],"2":[0,0],"3":[0,0],"4":[0,0],"5":[0,0],"6":[0,0],"7":[0,0],"8":[0,0],"9":[0,0],"10":[0,0],"11":[0,0],"12":[0,0]},"_coverageSchema":"1a1c01bbd47fc00a2c39e90264f33305004495a9","hash":"77904376941db67b16d35a6831d5512c6afbfdd2"}
,"C:\\Coding\\Software_Engineering_Coursework\\backend\\routes\\notesRoutes.js": {"path":"C:\\Coding\\Software_Engineering_Coursework\\backend\\routes\\notesRoutes.js","statementMap":{"0":{"start":{"line":1,"column":16},"end":{"line":1,"column":34}},"1":{"start":{"line":2,"column":15},"end":{"line":2,"column":31}},"2":{"start":{"line":3,"column":11},"end":{"line":3,"column":36}},"3":{"start":{"line":4,"column":20},"end":{"line":4,"column":56}},"4":{"start":{"line":6,"column":28},"end":{"line":17,"column":1}},"5":{"start":{"line":7,"column":4},"end":{"line":9,"column":5}},"6":{"start":{"line":8,"column":8},"end":{"line":8,"column":20}},"7":{"start":{"line":11,"column":4},"end":{"line":13,"column":5}},"8":{"start":{"line":12,"column":8},"end":{"line":12,"column":21}},"9":{"start":{"line":15,"column":19},"end":{"line":15,"column":101}},"10":{"start":{"line":16,"column":4},"end":{"line":16,"column":50}},"11":{"start":{"line":20,"column":0},"end":{"line":37,"column":3}},"12":{"start":{"line":21,"column":4},"end":{"line":36,"column":5}},"13":{"start":{"line":22,"column":23},"end":{"line":32,"column":10}},"14":{"start":{"line":33,"column":8},"end":{"line":33,"column":55}},"15":{"start":{"line":35,"column":8},"end":{"line":35,"column":64}},"16":{"start":{"line":40,"column":0},"end":{"line":47,"column":3}},"17":{"start":{"line":41,"column":4},"end":{"line":46,"column":5}},"18":{"start":{"line":42,"column":23},"end":{"line":42,"column":77}},"19":{"start":{"line":43,"column":8},"end":{"line":43,"column":55}},"20":{"start":{"line":45,"column":8},"end":{"line":45,"column":64}},"21":{"start":{"line":50,"column":0},"end":{"line":57,"column":3}},"22":{"start":{"line":51,"column":4},"end":{"line":56,"column":5}},"23":{"start":{"line":52,"column":23},"end":{"line":52,"column":98}},"24":{"start":{"line":53,"column":8},"end":{"line":53,"column":55}},"25":{"start":{"line":55,"column":8},"end":{"line":55,"column":64}},"26":{"start":{"line":59,"column":0},"end":{"line":66,"column":3}},"27":{"start":{"line":60,"column":4},"end":{"line":65,"column":5}},"28":{"start":{"line":61,"column":23},"end":{"line":61,"column":96}},"29":{"start":{"line":62,"column":8},"end":{"line":62,"column":55}},"30":{"start":{"line":64,"column":8},"end":{"line":64,"column":64}},"31":{"start":{"line":69,"column":0},"end":{"line":97,"column":3}},"32":{"start":{"line":70,"column":4},"end":{"line":96,"column":5}},"33":{"start":{"line":71,"column":22},"end":{"line":71,"column":87}},"34":{"start":{"line":72,"column":23},"end":{"line":72,"column":90}},"35":{"start":{"line":74,"column":23},"end":{"line":91,"column":9}},"36":{"start":{"line":93,"column":8},"end":{"line":93,"column":55}},"37":{"start":{"line":95,"column":8},"end":{"line":95,"column":64}},"38":{"start":{"line":100,"column":0},"end":{"line":110,"column":3}},"39":{"start":{"line":101,"column":4},"end":{"line":109,"column":5}},"40":{"start":{"line":102,"column":23},"end":{"line":105,"column":9}},"41":{"start":{"line":106,"column":8},"end":{"line":106,"column":100}},"42":{"start":{"line":108,"column":8},"end":{"line":108,"column":64}},"43":{"start":{"line":113,"column":0},"end":{"line":148,"column":3}},"44":{"start":{"line":114,"column":4},"end":{"line":147,"column":5}},"45":{"start":{"line":115,"column":40},"end":{"line":115,"column":48}},"46":{"start":{"line":116,"column":24},"end":{"line":116,"column":37}},"47":{"start":{"line":118,"column":27},"end":{"line":121,"column":9}},"48":{"start":{"line":122,"column":8},"end":{"line":124,"column":9}},"49":{"start":{"line":123,"column":12},"end":{"line":123,"column":99}},"50":{"start":{"line":126,"column":8},"end":{"line":129,"column":10}},"51":{"start":{"line":132,"column":24},"end":{"line":135,"column":9}},"52":{"start":{"line":136,"column":23},"end":{"line":136,"column":61}},"53":{"start":{"line":137,"column":25},"end":{"line":137,"column":39}},"54":{"start":{"line":139,"column":8},"end":{"line":142,"column":10}},"55":{"start":{"line":144,"column":8},"end":{"line":144,"column":81}},"56":{"start":{"line":146,"column":8},"end":{"line":146,"column":64}},"57":{"start":{"line":150,"column":0},"end":{"line":167,"column":3}},"58":{"start":{"line":151,"column":4},"end":{"line":166,"column":5}},"59":{"start":{"line":152,"column":23},"end":{"line":162,"column":9}},"60":{"start":{"line":163,"column":8},"end":{"line":163,"column":55}},"61":{"start":{"line":165,"column":8},"end":{"line":165,"column":64}},"62":{"start":{"line":169,"column":0},"end":{"line":180,"column":3}},"63":{"start":{"line":170,"column":4},"end":{"line":179,"column":5}},"64":{"start":{"line":171,"column":99},"end":{"line":171,"column":107}},"65":{"start":{"line":172,"column":25},"end":{"line":175,"column":9}},"66":{"start":{"line":176,"column":8},"end":{"line":176,"column":102}},"67":{"start":{"line":178,"column":8},"end":{"line":178,"column":64}},"68":{"start":{"line":182,"column":0},"end":{"line":192,"column":3}},"69":{"start":{"line":183,"column":4},"end":{"line":191,"column":5}},"70":{"start":{"line":184,"column":25},"end":{"line":184,"column":90}},"71":{"start":{"line":185,"column":8},"end":{"line":187,"column":9}},"72":{"start":{"line":186,"column":12},"end":{"line":186,"column":80}},"73":{"start":{"line":188,"column":8},"end":{"line":188,"column":75}},"74":{"start":{"line":190,"column":8},"end":{"line":190,"column":64}},"75":{"start":{"line":194,"column":0},"end":{"line":208,"column":3}},"76":{"start":{"line":195,"column":4},"end":{"line":207,"column":5}},"77":{"start":{"line":196,"column":99},"end":{"line":196,"column":107}},"78":{"start":{"line":197,"column":25},"end":{"line":200,"column":9}},"79":{"start":{"line":201,"column":8},"end":{"line":203,"column":9}},"80":{"start":{"line":202,"column":12},"end":{"line":202,"column":80}},"81":{"start":{"line":204,"column":8},"end":{"line":204,"column":75}},"82":{"start":{"line":206,"column":8},"end":{"line":206,"column":64}},"83":{"start":{"line":210,"column":0},"end":{"line":223,"column":3}},"84":{"start":{"line":211,"column":4},"end":{"line":222,"column":5}},"85":{"start":{"line":212,"column":27},"end":{"line":212,"column":57}},"86":{"start":{"line":213,"column":8},"end":{"line":215,"column":9}},"87":{"start":{"line":214,"column":12},"end":{"line":214,"column":90}},"88":{"start":{"line":217,"column":25},"end":{"line":217,"column":98}},"89":{"start":{"line":218,"column":8},"end":{"line":218,"column":107}},"90":{"start":{"line":218,"column":39},"end":{"line":218,"column":107}},"91":{"start":{"line":219,"column":8},"end":{"line":219,"column":76}},"92":{"start":{"line":221,"column":8},"end":{"line":221,"column":64}},"93":{"start":{"line":225,"column":0},"end":{"line":238,"column":3}},"94":{"start":{"line":226,"column":4},"end":{"line":237,"column":5}},"95":{"start":{"line":227,"column":27},"end":{"line":227,"column":57}},"96":{"start":{"line":228,"column":8},"end":{"line":230,"column":9}},"97":{"start":{"line":229,"column":12},"end":{"line":229,"column":90}},"98":{"start":{"line":232,"column":25},"end":{"line":232,"column":98}},"99":{"start":{"line":233,"column":8},"end":{"line":233,"column":107}},"100":{"start":{"line":233,"column":39},"end":{"line":233,"column":107}},"101":{"start":{"line":234,"column":8},"end":{"line":234,"column":78}},"102":{"start":{"line":236,"column":8},"end":{"line":236,"column":64}},"103":{"start":{"line":240,"column":0},"end":{"line":240,"column":24}}},"fnMap":{"0":{"name":"(anonymous_0)","decl":{"start":{"line":6,"column":28},"end":{"line":6,"column":29}},"loc":{"start":{"line":6,"column":43},"end":{"line":17,"column":1}},"line":6},"1":{"name":"(anonymous_1)","decl":{"start":{"line":20,"column":33},"end":{"line":20,"column":34}},"loc":{"start":{"line":20,"column":53},"end":{"line":37,"column":1}},"line":20},"2":{"name":"(anonymous_2)","decl":{"start":{"line":40,"column":21},"end":{"line":40,"column":22}},"loc":{"start":{"line":40,"column":41},"end":{"line":47,"column":1}},"line":40},"3":{"name":"(anonymous_3)","decl":{"start":{"line":50,"column":36},"end":{"line":50,"column":37}},"loc":{"start":{"line":50,"column":56},"end":{"line":57,"column":1}},"line":50},"4":{"name":"(anonymous_4)","decl":{"start":{"line":59,"column":34},"end":{"line":59,"column":35}},"loc":{"start":{"line":59,"column":54},"end":{"line":66,"column":1}},"line":59},"5":{"name":"(anonymous_5)","decl":{"start":{"line":69,"column":22},"end":{"line":69,"column":23}},"loc":{"start":{"line":69,"column":42},"end":{"line":97,"column":1}},"line":69},"6":{"name":"(anonymous_6)","decl":{"start":{"line":100,"column":39},"end":{"line":100,"column":40}},"loc":{"start":{"line":100,"column":59},"end":{"line":110,"column":1}},"line":100},"7":{"name":"(anonymous_7)","decl":{"start":{"line":113,"column":44},"end":{"line":113,"column":45}},"loc":{"start":{"line":113,"column":64},"end":{"line":148,"column":1}},"line":113},"8":{"name":"(anonymous_8)","decl":{"start":{"line":150,"column":25},"end":{"line":150,"column":26}},"loc":{"start":{"line":150,"column":45},"end":{"line":167,"column":1}},"line":150},"9":{"name":"(anonymous_9)","decl":{"start":{"line":169,"column":35},"end":{"line":169,"column":36}},"loc":{"start":{"line":169,"column":55},"end":{"line":180,"column":1}},"line":169},"10":{"name":"(anonymous_10)","decl":{"start":{"line":182,"column":41},"end":{"line":182,"column":42}},"loc":{"start":{"line":182,"column":61},"end":{"line":192,"column":1}},"line":182},"11":{"name":"(anonymous_11)","decl":{"start":{"line":194,"column":38},"end":{"line":194,"column":39}},"loc":{"start":{"line":194,"column":58},"end":{"line":208,"column":1}},"line":194},"12":{"name":"(anonymous_12)","decl":{"start":{"line":210,"column":45},"end":{"line":210,"column":46}},"loc":{"start":{"line":210,"column":65},"end":{"line":223,"column":1}},"line":210},"13":{"name":"(anonymous_13)","decl":{"start":{"line":225,"column":47},"end":{"line":225,"column":48}},"loc":{"start":{"line":225,"column":67},"end":{"line":238,"column":1}},"line":225}},"branchMap":{"0":{"loc":{"start":{"line":7,"column":4},"end":{"line":9,"column":5}},"type":"if","locations":[{"start":{"line":7,"column":4},"end":{"line":9,"column":5}},{"start":{},"end":{}}],"line":7},"1":{"loc":{"start":{"line":7,"column":8},"end":{"line":7,"column":67}},"type":"binary-expr","locations":[{"start":{"line":7,"column":8},"end":{"line":7,"column":36}},{"start":{"line":7,"column":40},"end":{"line":7,"column":67}}],"line":7},"2":{"loc":{"start":{"line":11,"column":4},"end":{"line":13,"column":5}},"type":"if","locations":[{"start":{"line":11,"column":4},"end":{"line":13,"column":5}},{"start":{},"end":{}}],"line":11},"3":{"loc":{"start":{"line":16,"column":18},"end":{"line":16,"column":42}},"type":"binary-expr","locations":[{"start":{"line":16,"column":18},"end":{"line":16,"column":37}},{"start":{"line":16,"column":41},"end":{"line":16,"column":42}}],"line":16},"4":{"loc":{"start":{"line":71,"column":22},"end":{"line":71,"column":87}},"type":"cond-expr","locations":[{"start":{"line":71,"column":60},"end":{"line":71,"column":82}},{"start":{"line":71,"column":85},"end":{"line":71,"column":87}}],"line":71},"5":{"loc":{"start":{"line":72,"column":23},"end":{"line":72,"column":90}},"type":"cond-expr","locations":[{"start":{"line":72,"column":62},"end":{"line":72,"column":85}},{"start":{"line":72,"column":88},"end":{"line":72,"column":90}}],"line":72},"6":{"loc":{"start":{"line":106,"column":73},"end":{"line":106,"column":96}},"type":"binary-expr","locations":[{"start":{"line":106,"column":73},"end":{"line":106,"column":88}},{"start":{"line":106,"column":92},"end":{"line":106,"column":96}}],"line":106},"7":{"loc":{"start":{"line":122,"column":8},"end":{"line":124,"column":9}},"type":"if","locations":[{"start":{"line":122,"column":8},"end":{"line":124,"column":9}},{"start":{},"end":{}}],"line":122},"8":{"loc":{"start":{"line":185,"column":8},"end":{"line":187,"column":9}},"type":"if","locations":[{"start":{"line":185,"column":8},"end":{"line":187,"column":9}},{"start":{},"end":{}}],"line":185},"9":{"loc":{"start":{"line":201,"column":8},"end":{"line":203,"column":9}},"type":"if","locations":[{"start":{"line":201,"column":8},"end":{"line":203,"column":9}},{"start":{},"end":{}}],"line":201},"10":{"loc":{"start":{"line":213,"column":8},"end":{"line":215,"column":9}},"type":"if","locations":[{"start":{"line":213,"column":8},"end":{"line":215,"column":9}},{"start":{},"end":{}}],"line":213},"11":{"loc":{"start":{"line":218,"column":8},"end":{"line":218,"column":107}},"type":"if","locations":[{"start":{"line":218,"column":8},"end":{"line":218,"column":107}},{"start":{},"end":{}}],"line":218},"12":{"loc":{"start":{"line":228,"column":8},"end":{"line":230,"column":9}},"type":"if","locations":[{"start":{"line":228,"column":8},"end":{"line":230,"column":9}},{"start":{},"end":{}}],"line":228},"13":{"loc":{"start":{"line":233,"column":8},"end":{"line":233,"column":107}},"type":"if","locations":[{"start":{"line":233,"column":8},"end":{"line":233,"column":107}},{"start":{},"end":{}}],"line":233}},"s":{"0":7,"1":7,"2":7,"3":7,"4":7,"5":2,"6":0,"7":2,"8":0,"9":2,"10":2,"11":7,"12":1,"13":1,"14":1,"15":0,"16":7,"17":0,"18":0,"19":0,"20":0,"21":7,"22":1,"23":1,"24":1,"25":0,"26":7,"27":1,"28":1,"29":1,"30":0,"31":7,"32":2,"33":2,"34":2,"35":2,"36":2,"37":0,"38":7,"39":2,"40":2,"41":2,"42":0,"43":7,"44":2,"45":2,"46":2,"47":2,"48":2,"49":1,"50":1,"51":1,"52":1,"53":1,"54":1,"55":1,"56":0,"57":7,"58":3,"59":3,"60":3,"61":0,"62":7,"63":1,"64":1,"65":1,"66":1,"67":0,"68":7,"69":2,"70":2,"71":2,"72":1,"73":1,"74":0,"75":7,"76":2,"77":2,"78":2,"79":2,"80":1,"81":1,"82":0,"83":7,"84":1,"85":1,"86":1,"87":0,"88":1,"89":1,"90":0,"91":1,"92":0,"93":7,"94":1,"95":1,"96":1,"97":0,"98":1,"99":1,"100":0,"101":1,"102":0,"103":7},"f":{"0":2,"1":1,"2":0,"3":1,"4":1,"5":2,"6":2,"7":2,"8":3,"9":1,"10":2,"11":2,"12":1,"13":1},"b":{"0":[0,2],"1":[2,2],"2":[0,2],"3":[2,0],"4":[2,0],"5":[1,1],"6":[2,1],"7":[1,1],"8":[1,1],"9":[1,1],"10":[0,1],"11":[0,1],"12":[0,1],"13":[0,1]},"_coverageSchema":"1a1c01bbd47fc00a2c39e90264f33305004495a9","hash":"b7636bbec32256d37bb47000aa0742bf6e0cf077"}
,"C:\\Coding\\Software_Engineering_Coursework\\backend\\routes\\suggestionRoutes.js": {"path":"C:\\Coding\\Software_Engineering_Coursework\\backend\\routes\\suggestionRoutes.js","statementMap":{"0":{"start":{"line":1,"column":16},"end":{"line":1,"column":34}},"1":{"start":{"line":2,"column":15},"end":{"line":2,"column":31}},"2":{"start":{"line":3,"column":11},"end":{"line":3,"column":36}},"3":{"start":{"line":4,"column":20},"end":{"line":4,"column":56}},"4":{"start":{"line":6,"column":0},"end":{"line":27,"column":3}},"5":{"start":{"line":7,"column":4},"end":{"line":26,"column":5}},"6":{"start":{"line":8,"column":23},"end":{"line":22,"column":9}},"7":{"start":{"line":23,"column":8},"end":{"line":23,"column":55}},"8":{"start":{"line":25,"column":8},"end":{"line":25,"column":64}},"9":{"start":{"line":29,"column":0},"end":{"line":36,"column":3}},"10":{"start":{"line":30,"column":4},"end":{"line":35,"column":5}},"11":{"start":{"line":31,"column":23},"end":{"line":31,"column":106}},"12":{"start":{"line":32,"column":8},"end":{"line":32,"column":55}},"13":{"start":{"line":34,"column":8},"end":{"line":34,"column":64}},"14":{"start":{"line":38,"column":0},"end":{"line":45,"column":3}},"15":{"start":{"line":39,"column":4},"end":{"line":44,"column":5}},"16":{"start":{"line":40,"column":23},"end":{"line":40,"column":96}},"17":{"start":{"line":41,"column":8},"end":{"line":41,"column":55}},"18":{"start":{"line":43,"column":8},"end":{"line":43,"column":64}},"19":{"start":{"line":47,"column":0},"end":{"line":58,"column":3}},"20":{"start":{"line":48,"column":4},"end":{"line":57,"column":5}},"21":{"start":{"line":49,"column":74},"end":{"line":49,"column":82}},"22":{"start":{"line":50,"column":25},"end":{"line":53,"column":9}},"23":{"start":{"line":54,"column":8},"end":{"line":54,"column":104}},"24":{"start":{"line":56,"column":8},"end":{"line":56,"column":64}},"25":{"start":{"line":60,"column":0},"end":{"line":70,"column":3}},"26":{"start":{"line":61,"column":4},"end":{"line":69,"column":5}},"27":{"start":{"line":62,"column":25},"end":{"line":62,"column":96}},"28":{"start":{"line":63,"column":8},"end":{"line":65,"column":9}},"29":{"start":{"line":64,"column":12},"end":{"line":64,"column":83}},"30":{"start":{"line":66,"column":8},"end":{"line":66,"column":78}},"31":{"start":{"line":68,"column":8},"end":{"line":68,"column":64}},"32":{"start":{"line":72,"column":0},"end":{"line":72,"column":24}}},"fnMap":{"0":{"name":"(anonymous_0)","decl":{"start":{"line":6,"column":40},"end":{"line":6,"column":41}},"loc":{"start":{"line":6,"column":60},"end":{"line":27,"column":1}},"line":6},"1":{"name":"(anonymous_1)","decl":{"start":{"line":29,"column":41},"end":{"line":29,"column":42}},"loc":{"start":{"line":29,"column":61},"end":{"line":36,"column":1}},"line":29},"2":{"name":"(anonymous_2)","decl":{"start":{"line":38,"column":31},"end":{"line":38,"column":32}},"loc":{"start":{"line":38,"column":51},"end":{"line":45,"column":1}},"line":38},"3":{"name":"(anonymous_3)","decl":{"start":{"line":47,"column":41},"end":{"line":47,"column":42}},"loc":{"start":{"line":47,"column":61},"end":{"line":58,"column":1}},"line":47},"4":{"name":"(anonymous_4)","decl":{"start":{"line":60,"column":47},"end":{"line":60,"column":48}},"loc":{"start":{"line":60,"column":67},"end":{"line":70,"column":1}},"line":60}},"branchMap":{"0":{"loc":{"start":{"line":63,"column":8},"end":{"line":65,"column":9}},"type":"if","locations":[{"start":{"line":63,"column":8},"end":{"line":65,"column":9}},{"start":{},"end":{}}],"line":63}},"s":{"0":7,"1":7,"2":7,"3":7,"4":7,"5":1,"6":1,"7":1,"8":0,"9":7,"10":1,"11":1,"12":1,"13":0,"14":7,"15":1,"16":1,"17":1,"18":0,"19":7,"20":2,"21":2,"22":2,"23":2,"24":0,"25":7,"26":2,"27":2,"28":2,"29":1,"30":1,"31":0,"32":7},"f":{"0":1,"1":1,"2":1,"3":2,"4":2},"b":{"0":[1,1]},"_coverageSchema":"1a1c01bbd47fc00a2c39e90264f33305004495a9","hash":"e95a11ef774acb2c96b13b420f59e9608c543a6e"}
,"C:\\Coding\\Software_Engineering_Coursework\\backend\\routes\\userRoutes.js": {"path":"C:\\Coding\\Software_Engineering_Coursework\\backend\\routes\\userRoutes.js","statementMap":{"0":{"start":{"line":1,"column":16},"end":{"line":1,"column":34}},"1":{"start":{"line":2,"column":15},"end":{"line":2,"column":31}},"2":{"start":{"line":3,"column":20},"end":{"line":3,"column":56}},"3":{"start":{"line":4,"column":73},"end":{"line":4,"column":107}},"4":{"start":{"line":5,"column":11},"end":{"line":5,"column":36}},"5":{"start":{"line":7,"column":0},"end":{"line":15,"column":3}},"6":{"start":{"line":8,"column":4},"end":{"line":14,"column":5}},"7":{"start":{"line":9,"column":23},"end":{"line":9,"column":155}},"8":{"start":{"line":10,"column":8},"end":{"line":10,"column":55}},"9":{"start":{"line":13,"column":8},"end":{"line":13,"column":64}},"10":{"start":{"line":17,"column":0},"end":{"line":25,"column":3}},"11":{"start":{"line":18,"column":4},"end":{"line":24,"column":5}},"12":{"start":{"line":19,"column":23},"end":{"line":19,"column":99}},"13":{"start":{"line":20,"column":8},"end":{"line":20,"column":55}},"14":{"start":{"line":23,"column":8},"end":{"line":23,"column":64}},"15":{"start":{"line":27,"column":0},"end":{"line":40,"column":3}},"16":{"start":{"line":28,"column":4},"end":{"line":39,"column":5}},"17":{"start":{"line":29,"column":74},"end":{"line":29,"column":82}},"18":{"start":{"line":30,"column":25},"end":{"line":30,"column":214}},"19":{"start":{"line":31,"column":8},"end":{"line":35,"column":11}},"20":{"start":{"line":38,"column":8},"end":{"line":38,"column":64}},"21":{"start":{"line":49,"column":0},"end":{"line":67,"column":3}},"22":{"start":{"line":50,"column":4},"end":{"line":66,"column":5}},"23":{"start":{"line":52,"column":8},"end":{"line":54,"column":9}},"24":{"start":{"line":53,"column":12},"end":{"line":53,"column":110}},"25":{"start":{"line":56,"column":36},"end":{"line":56,"column":44}},"26":{"start":{"line":57,"column":23},"end":{"line":57,"column":85}},"27":{"start":{"line":59,"column":8},"end":{"line":61,"column":9}},"28":{"start":{"line":60,"column":12},"end":{"line":60,"column":82}},"29":{"start":{"line":63,"column":8},"end":{"line":63,"column":92}},"30":{"start":{"line":65,"column":8},"end":{"line":65,"column":66}},"31":{"start":{"line":77,"column":0},"end":{"line":108,"column":3}},"32":{"start":{"line":78,"column":4},"end":{"line":107,"column":5}},"33":{"start":{"line":80,"column":8},"end":{"line":82,"column":9}},"34":{"start":{"line":81,"column":12},"end":{"line":81,"column":110}},"35":{"start":{"line":84,"column":42},"end":{"line":84,"column":50}},"36":{"start":{"line":85,"column":24},"end":{"line":85,"column":26}},"37":{"start":{"line":87,"column":8},"end":{"line":92,"column":9}},"38":{"start":{"line":88,"column":12},"end":{"line":90,"column":13}},"39":{"start":{"line":89,"column":16},"end":{"line":89,"column":106}},"40":{"start":{"line":91,"column":12},"end":{"line":91,"column":32}},"41":{"start":{"line":94,"column":8},"end":{"line":96,"column":9}},"42":{"start":{"line":95,"column":12},"end":{"line":95,"column":54}},"43":{"start":{"line":98,"column":23},"end":{"line":98,"column":73}},"44":{"start":{"line":100,"column":8},"end":{"line":102,"column":9}},"45":{"start":{"line":101,"column":12},"end":{"line":101,"column":82}},"46":{"start":{"line":104,"column":8},"end":{"line":104,"column":81}},"47":{"start":{"line":106,"column":8},"end":{"line":106,"column":66}},"48":{"start":{"line":116,"column":0},"end":{"line":133,"column":3}},"49":{"start":{"line":117,"column":4},"end":{"line":132,"column":5}},"50":{"start":{"line":119,"column":8},"end":{"line":121,"column":9}},"51":{"start":{"line":120,"column":12},"end":{"line":120,"column":110}},"52":{"start":{"line":123,"column":23},"end":{"line":123,"column":57}},"53":{"start":{"line":125,"column":8},"end":{"line":127,"column":9}},"54":{"start":{"line":126,"column":12},"end":{"line":126,"column":82}},"55":{"start":{"line":129,"column":8},"end":{"line":129,"column":89}},"56":{"start":{"line":131,"column":8},"end":{"line":131,"column":66}},"57":{"start":{"line":135,"column":0},"end":{"line":135,"column":24}}},"fnMap":{"0":{"name":"(anonymous_0)","decl":{"start":{"line":7,"column":28},"end":{"line":7,"column":29}},"loc":{"start":{"line":7,"column":48},"end":{"line":15,"column":1}},"line":7},"1":{"name":"(anonymous_1)","decl":{"start":{"line":17,"column":28},"end":{"line":17,"column":29}},"loc":{"start":{"line":17,"column":48},"end":{"line":25,"column":1}},"line":17},"2":{"name":"(anonymous_2)","decl":{"start":{"line":27,"column":21},"end":{"line":27,"column":22}},"loc":{"start":{"line":27,"column":39},"end":{"line":40,"column":1}},"line":27},"3":{"name":"(anonymous_3)","decl":{"start":{"line":49,"column":57},"end":{"line":49,"column":58}},"loc":{"start":{"line":49,"column":77},"end":{"line":67,"column":1}},"line":49},"4":{"name":"(anonymous_4)","decl":{"start":{"line":77,"column":41},"end":{"line":77,"column":42}},"loc":{"start":{"line":77,"column":61},"end":{"line":108,"column":1}},"line":77},"5":{"name":"(anonymous_5)","decl":{"start":{"line":116,"column":44},"end":{"line":116,"column":45}},"loc":{"start":{"line":116,"column":64},"end":{"line":133,"column":1}},"line":116}},"branchMap":{"0":{"loc":{"start":{"line":30,"column":189},"end":{"line":30,"column":212}},"type":"binary-expr","locations":[{"start":{"line":30,"column":189},"end":{"line":30,"column":204}},{"start":{"line":30,"column":208},"end":{"line":30,"column":212}}],"line":30},"1":{"loc":{"start":{"line":34,"column":22},"end":{"line":34,"column":45}},"type":"binary-expr","locations":[{"start":{"line":34,"column":22},"end":{"line":34,"column":37}},{"start":{"line":34,"column":41},"end":{"line":34,"column":45}}],"line":34},"2":{"loc":{"start":{"line":52,"column":8},"end":{"line":54,"column":9}},"type":"if","locations":[{"start":{"line":52,"column":8},"end":{"line":54,"column":9}},{"start":{},"end":{}}],"line":52},"3":{"loc":{"start":{"line":59,"column":8},"end":{"line":61,"column":9}},"type":"if","locations":[{"start":{"line":59,"column":8},"end":{"line":61,"column":9}},{"start":{},"end":{}}],"line":59},"4":{"loc":{"start":{"line":80,"column":8},"end":{"line":82,"column":9}},"type":"if","locations":[{"start":{"line":80,"column":8},"end":{"line":82,"column":9}},{"start":{},"end":{}}],"line":80},"5":{"loc":{"start":{"line":87,"column":8},"end":{"line":92,"column":9}},"type":"if","locations":[{"start":{"line":87,"column":8},"end":{"line":92,"column":9}},{"start":{},"end":{}}],"line":87},"6":{"loc":{"start":{"line":88,"column":12},"end":{"line":90,"column":13}},"type":"if","locations":[{"start":{"line":88,"column":12},"end":{"line":90,"column":13}},{"start":{},"end":{}}],"line":88},"7":{"loc":{"start":{"line":88,"column":16},"end":{"line":88,"column":40}},"type":"binary-expr","locations":[{"start":{"line":88,"column":16},"end":{"line":88,"column":21}},{"start":{"line":88,"column":25},"end":{"line":88,"column":40}}],"line":88},"8":{"loc":{"start":{"line":94,"column":8},"end":{"line":96,"column":9}},"type":"if","locations":[{"start":{"line":94,"column":8},"end":{"line":96,"column":9}},{"start":{},"end":{}}],"line":94},"9":{"loc":{"start":{"line":100,"column":8},"end":{"line":102,"column":9}},"type":"if","locations":[{"start":{"line":100,"column":8},"end":{"line":102,"column":9}},{"start":{},"end":{}}],"line":100},"10":{"loc":{"start":{"line":119,"column":8},"end":{"line":121,"column":9}},"type":"if","locations":[{"start":{"line":119,"column":8},"end":{"line":121,"column":9}},{"start":{},"end":{}}],"line":119},"11":{"loc":{"start":{"line":125,"column":8},"end":{"line":127,"column":9}},"type":"if","locations":[{"start":{"line":125,"column":8},"end":{"line":127,"column":9}},{"start":{},"end":{}}],"line":125}},"s":{"0":7,"1":7,"2":7,"3":7,"4":7,"5":7,"6":1,"7":1,"8":1,"9":0,"10":7,"11":1,"12":1,"13":1,"14":0,"15":7,"16":0,"17":0,"18":0,"19":0,"20":0,"21":7,"22":2,"23":2,"24":1,"25":1,"26":1,"27":1,"28":1,"29":0,"30":0,"31":7,"32":3,"33":3,"34":1,"35":2,"36":2,"37":2,"38":2,"39":1,"40":1,"41":1,"42":1,"43":1,"44":1,"45":0,"46":1,"47":0,"48":7,"49":4,"50":4,"51":2,"52":2,"53":2,"54":1,"55":1,"56":0,"57":7},"f":{"0":1,"1":1,"2":0,"3":2,"4":3,"5":4},"b":{"0":[0,0],"1":[0,0],"2":[1,1],"3":[1,0],"4":[1,2],"5":[2,0],"6":[1,1],"7":[2,2],"8":[1,0],"9":[0,1],"10":[2,2],"11":[1,1]},"_coverageSchema":"1a1c01bbd47fc00a2c39e90264f33305004495a9","hash":"39051baf9974ab730a61522ac074c22cfb0ac8bb"}
,"C:\\Coding\\Software_Engineering_Coursework\\backend\\services\\userService.js": {"path":"C:\\Coding\\Software_Engineering_Coursework\\backend\\services\\userService.js","statementMap":{"0":{"start":{"line":1,"column":11},"end":{"line":1,"column":36}},"1":{"start":{"line":10,"column":16},"end":{"line":17,"column":1}},"2":{"start":{"line":11,"column":4},"end":{"line":16,"column":5}},"3":{"start":{"line":12,"column":23},"end":{"line":12,"column":89}},"4":{"start":{"line":13,"column":8},"end":{"line":13,"column":48}},"5":{"start":{"line":15,"column":8},"end":{"line":15,"column":63}},"6":{"start":{"line":25,"column":22},"end":{"line":35,"column":1}},"7":{"start":{"line":26,"column":4},"end":{"line":34,"column":5}},"8":{"start":{"line":27,"column":23},"end":{"line":30,"column":9}},"9":{"start":{"line":31,"column":8},"end":{"line":31,"column":48}},"10":{"start":{"line":33,"column":8},"end":{"line":33,"column":63}},"11":{"start":{"line":43,"column":23},"end":{"line":53,"column":1}},"12":{"start":{"line":44,"column":4},"end":{"line":52,"column":5}},"13":{"start":{"line":45,"column":23},"end":{"line":48,"column":9}},"14":{"start":{"line":49,"column":8},"end":{"line":49,"column":48}},"15":{"start":{"line":51,"column":8},"end":{"line":51,"column":63}},"16":{"start":{"line":64,"column":19},"end":{"line":74,"column":1}},"17":{"start":{"line":65,"column":4},"end":{"line":73,"column":5}},"18":{"start":{"line":66,"column":25},"end":{"line":69,"column":9}},"19":{"start":{"line":70,"column":8},"end":{"line":70,"column":22}},"20":{"start":{"line":72,"column":8},"end":{"line":72,"column":63}},"21":{"start":{"line":85,"column":19},"end":{"line":95,"column":1}},"22":{"start":{"line":86,"column":4},"end":{"line":94,"column":5}},"23":{"start":{"line":87,"column":25},"end":{"line":90,"column":9}},"24":{"start":{"line":91,"column":8},"end":{"line":91,"column":22}},"25":{"start":{"line":93,"column":8},"end":{"line":93,"column":63}},"26":{"start":{"line":106,"column":26},"end":{"line":132,"column":1}},"27":{"start":{"line":107,"column":4},"end":{"line":131,"column":5}},"28":{"start":{"line":108,"column":42},"end":{"line":108,"column":49}},"29":{"start":{"line":109,"column":23},"end":{"line":109,"column":25}},"30":{"start":{"line":110,"column":23},"end":{"line":110,"column":25}},"31":{"start":{"line":112,"column":8},"end":{"line":115,"column":9}},"32":{"start":{"line":113,"column":12},"end":{"line":113,"column":36}},"33":{"start":{"line":114,"column":12},"end":{"line":114,"column":30}},"34":{"start":{"line":116,"column":8},"end":{"line":119,"column":9}},"35":{"start":{"line":117,"column":12},"end":{"line":117,"column":47}},"36":{"start":{"line":118,"column":12},"end":{"line":118,"column":49}},"37":{"start":{"line":121,"column":8},"end":{"line":123,"column":9}},"38":{"start":{"line":122,"column":12},"end":{"line":122,"column":39}},"39":{"start":{"line":125,"column":8},"end":{"line":125,"column":27}},"40":{"start":{"line":126,"column":22},"end":{"line":126,"column":81}},"41":{"start":{"line":127,"column":25},"end":{"line":127,"column":54}},"42":{"start":{"line":128,"column":8},"end":{"line":128,"column":22}},"43":{"start":{"line":130,"column":8},"end":{"line":130,"column":71}},"44":{"start":{"line":140,"column":19},"end":{"line":147,"column":1}},"45":{"start":{"line":141,"column":4},"end":{"line":146,"column":5}},"46":{"start":{"line":142,"column":25},"end":{"line":142,"column":89}},"47":{"start":{"line":143,"column":8},"end":{"line":143,"column":22}},"48":{"start":{"line":145,"column":8},"end":{"line":145,"column":63}},"49":{"start":{"line":149,"column":0},"end":{"line":157,"column":2}}},"fnMap":{"0":{"name":"(anonymous_0)","decl":{"start":{"line":10,"column":16},"end":{"line":10,"column":17}},"loc":{"start":{"line":10,"column":33},"end":{"line":17,"column":1}},"line":10},"1":{"name":"(anonymous_1)","decl":{"start":{"line":25,"column":22},"end":{"line":25,"column":23}},"loc":{"start":{"line":25,"column":39},"end":{"line":35,"column":1}},"line":25},"2":{"name":"(anonymous_2)","decl":{"start":{"line":43,"column":23},"end":{"line":43,"column":24}},"loc":{"start":{"line":43,"column":40},"end":{"line":53,"column":1}},"line":43},"3":{"name":"(anonymous_3)","decl":{"start":{"line":64,"column":19},"end":{"line":64,"column":20}},"loc":{"start":{"line":64,"column":82},"end":{"line":74,"column":1}},"line":64},"4":{"name":"(anonymous_4)","decl":{"start":{"line":85,"column":19},"end":{"line":85,"column":20}},"loc":{"start":{"line":85,"column":84},"end":{"line":95,"column":1}},"line":85},"5":{"name":"(anonymous_5)","decl":{"start":{"line":106,"column":26},"end":{"line":106,"column":27}},"loc":{"start":{"line":106,"column":57},"end":{"line":132,"column":1}},"line":106},"6":{"name":"(anonymous_6)","decl":{"start":{"line":140,"column":19},"end":{"line":140,"column":20}},"loc":{"start":{"line":140,"column":36},"end":{"line":147,"column":1}},"line":140}},"branchMap":{"0":{"loc":{"start":{"line":13,"column":15},"end":{"line":13,"column":47}},"type":"cond-expr","locations":[{"start":{"line":13,"column":33},"end":{"line":13,"column":40}},{"start":{"line":13,"column":43},"end":{"line":13,"column":47}}],"line":13},"1":{"loc":{"start":{"line":31,"column":15},"end":{"line":31,"column":47}},"type":"cond-expr","locations":[{"start":{"line":31,"column":33},"end":{"line":31,"column":40}},{"start":{"line":31,"column":43},"end":{"line":31,"column":47}}],"line":31},"2":{"loc":{"start":{"line":49,"column":15},"end":{"line":49,"column":47}},"type":"cond-expr","locations":[{"start":{"line":49,"column":33},"end":{"line":49,"column":40}},{"start":{"line":49,"column":43},"end":{"line":49,"column":47}}],"line":49},"3":{"loc":{"start":{"line":64,"column":42},"end":{"line":64,"column":51}},"type":"default-arg","locations":[{"start":{"line":64,"column":49},"end":{"line":64,"column":51}}],"line":64},"4":{"loc":{"start":{"line":64,"column":53},"end":{"line":64,"column":65}},"type":"default-arg","locations":[{"start":{"line":64,"column":64},"end":{"line":64,"column":65}}],"line":64},"5":{"loc":{"start":{"line":64,"column":67},"end":{"line":64,"column":77}},"type":"default-arg","locations":[{"start":{"line":64,"column":76},"end":{"line":64,"column":77}}],"line":64},"6":{"loc":{"start":{"line":85,"column":33},"end":{"line":85,"column":47}},"type":"default-arg","locations":[{"start":{"line":85,"column":43},"end":{"line":85,"column":47}}],"line":85},"7":{"loc":{"start":{"line":85,"column":49},"end":{"line":85,"column":64}},"type":"default-arg","locations":[{"start":{"line":85,"column":60},"end":{"line":85,"column":64}}],"line":85},"8":{"loc":{"start":{"line":85,"column":66},"end":{"line":85,"column":79}},"type":"default-arg","locations":[{"start":{"line":85,"column":75},"end":{"line":85,"column":79}}],"line":85},"9":{"loc":{"start":{"line":106,"column":40},"end":{"line":106,"column":52}},"type":"default-arg","locations":[{"start":{"line":106,"column":50},"end":{"line":106,"column":52}}],"line":106},"10":{"loc":{"start":{"line":112,"column":8},"end":{"line":115,"column":9}},"type":"if","locations":[{"start":{"line":112,"column":8},"end":{"line":115,"column":9}},{"start":{},"end":{}}],"line":112},"11":{"loc":{"start":{"line":116,"column":8},"end":{"line":119,"column":9}},"type":"if","locations":[{"start":{"line":116,"column":8},"end":{"line":119,"column":9}},{"start":{},"end":{}}],"line":116},"12":{"loc":{"start":{"line":118,"column":24},"end":{"line":118,"column":47}},"type":"binary-expr","locations":[{"start":{"line":118,"column":24},"end":{"line":118,"column":39}},{"start":{"line":118,"column":43},"end":{"line":118,"column":47}}],"line":118},"13":{"loc":{"start":{"line":121,"column":8},"end":{"line":123,"column":9}},"type":"if","locations":[{"start":{"line":121,"column":8},"end":{"line":123,"column":9}},{"start":{},"end":{}}],"line":121}},"s":{"0":8,"1":8,"2":1,"3":1,"4":1,"5":0,"6":8,"7":1,"8":1,"9":1,"10":0,"11":8,"12":1,"13":1,"14":1,"15":0,"16":8,"17":1,"18":1,"19":1,"20":0,"21":8,"22":1,"23":1,"24":1,"25":0,"26":8,"27":2,"28":2,"29":2,"30":2,"31":2,"32":1,"33":1,"34":2,"35":0,"36":0,"37":2,"38":1,"39":1,"40":1,"41":1,"42":1,"43":0,"44":8,"45":1,"46":1,"47":1,"48":0,"49":8},"f":{"0":1,"1":1,"2":1,"3":1,"4":1,"5":2,"6":1},"b":{"0":[1,0],"1":[1,0],"2":[1,0],"3":[0],"4":[1],"5":[1],"6":[0],"7":[0],"8":[0],"9":[0],"10":[1,1],"11":[0,2],"12":[0,0],"13":[1,1]},"_coverageSchema":"1a1c01bbd47fc00a2c39e90264f33305004495a9","hash":"c76ebd035c3c50d1e22b9f6f0bb5fcb1621ff308"}
}
