{"C:\\Coding\\Software_Engineering_Coursework\\backend\\db.js": {"path":"C:\\Coding\\Software_Engineering_Coursework\\backend\\db.js","statementMap":{"0":{"start":{"line":1,"column":14},"end":{"line":1,"column":31}},"1":{"start":{"line":2,"column":11},"end":{"line":2,"column":24}},"2":{"start":{"line":3,"column":0},"end":{"line":3,"column":27}},"3":{"start":{"line":5,"column":16},"end":{"line":5,"column":36}},"4":{"start":{"line":8,"column":0},"end":{"line":10,"column":3}},"5":{"start":{"line":9,"column":2},"end":{"line":9,"column":69}},"6":{"start":{"line":13,"column":24},"end":{"line":23,"column":2}},"7":{"start":{"line":25,"column":16},"end":{"line":25,"column":41}},"8":{"start":{"line":26,"column":23},"end":{"line":26,"column":28}},"9":{"start":{"line":27,"column":0},"end":{"line":31,"column":1}},"10":{"start":{"line":28,"column":2},"end":{"line":28,"column":47}},"11":{"start":{"line":30,"column":2},"end":{"line":30,"column":50}},"12":{"start":{"line":37,"column":16},"end":{"line":66,"column":1}},"13":{"start":{"line":39,"column":4},"end":{"line":64,"column":5}},"14":{"start":{"line":40,"column":6},"end":{"line":55,"column":7}},"15":{"start":{"line":41,"column":23},"end":{"line":41,"column":55}},"16":{"start":{"line":42,"column":8},"end":{"line":42,"column":22}},"17":{"start":{"line":44,"column":8},"end":{"line":44,"column":62}},"18":{"start":{"line":45,"column":8},"end":{"line":45,"column":68}},"19":{"start":{"line":46,"column":8},"end":{"line":46,"column":33}},"20":{"start":{"line":49,"column":8},"end":{"line":54,"column":9}},"21":{"start":{"line":50,"column":10},"end":{"line":50,"column":50}},"22":{"start":{"line":52,"column":10},"end":{"line":52,"column":69}},"23":{"start":{"line":53,"column":10},"end":{"line":53,"column":25}},"24":{"start":{"line":58,"column":6},"end":{"line":63,"column":7}},"25":{"start":{"line":59,"column":8},"end":{"line":59,"column":48}},"26":{"start":{"line":61,"column":8},"end":{"line":61,"column":62}},"27":{"start":{"line":62,"column":8},"end":{"line":62,"column":18}},"28":{"start":{"line":68,"column":0},"end":{"line":68,"column":25}}},"fnMap":{"0":{"name":"(anonymous_0)","decl":{"start":{"line":8,"column":31},"end":{"line":8,"column":32}},"loc":{"start":{"line":8,"column":40},"end":{"line":10,"column":1}},"line":8},"1":{"name":"(anonymous_1)","decl":{"start":{"line":38,"column":2},"end":{"line":38,"column":3}},"loc":{"start":{"line":38,"column":32},"end":{"line":65,"column":3}},"line":38}},"branchMap":{"0":{"loc":{"start":{"line":27,"column":0},"end":{"line":31,"column":1}},"type":"if","locations":[{"start":{"line":27,"column":0},"end":{"line":31,"column":1}},{"start":{"line":29,"column":7},"end":{"line":31,"column":1}}],"line":27},"1":{"loc":{"start":{"line":27,"column":4},"end":{"line":27,"column":39}},"type":"binary-expr","locations":[{"start":{"line":27,"column":4},"end":{"line":27,"column":19}},{"start":{"line":27,"column":23},"end":{"line":27,"column":39}}],"line":27},"2":{"loc":{"start":{"line":38,"column":19},"end":{"line":38,"column":30}},"type":"default-arg","locations":[{"start":{"line":38,"column":28},"end":{"line":38,"column":30}}],"line":38},"3":{"loc":{"start":{"line":39,"column":4},"end":{"line":64,"column":5}},"type":"if","locations":[{"start":{"line":39,"column":4},"end":{"line":64,"column":5}},{"start":{"line":56,"column":11},"end":{"line":64,"column":5}}],"line":39}},"s":{"0":9,"1":9,"2":9,"3":9,"4":9,"5":0,"6":9,"7":9,"8":9,"9":9,"10":0,"11":9,"12":9,"13":10,"14":0,"15":0,"16":0,"17":0,"18":0,"19":0,"20":0,"21":0,"22":0,"23":0,"24":10,"25":10,"26":10,"27":10,"28":9},"f":{"0":0,"1":10},"b":{"0":[0,9],"1":[9,9],"2":[0],"3":[0,10]},"_coverageSchema":"1a1c01bbd47fc00a2c39e90264f33305004495a9","hash":"115357f52f5f9c7d25fcb424f5dfbc9105239aa2"}
,"C:\\Coding\\Software_Engineering_Coursework\\backend\\jest.config.js": {"path":"C:\\Coding\\Software_Engineering_Coursework\\backend\\jest.config.js","statementMap":{"0":{"start":{"line":1,"column":0},"end":{"line":25,"column":2}}},"fnMap":{},"branchMap":{},"s":{"0":0},"f":{},"b":{}}
,"C:\\Coding\\Software_Engineering_Coursework\\backend\\localDb.js": {"path":"C:\\Coding\\Software_Engineering_Coursework\\backend\\localDb.js","statementMap":{"0":{"start":{"line":1,"column":16},"end":{"line":1,"column":44}},"1":{"start":{"line":2,"column":13},"end":{"line":2,"column":28}},"2":{"start":{"line":5,"column":15},"end":{"line":5,"column":47}},"3":{"start":{"line":8,"column":14},"end":{"line":8,"column":19}},"4":{"start":{"line":10,"column":23},"end":{"line":25,"column":2}},"5":{"start":{"line":11,"column":4},"end":{"line":24,"column":7}},"6":{"start":{"line":12,"column":8},"end":{"line":23,"column":9}},"7":{"start":{"line":13,"column":12},"end":{"line":13,"column":72}},"8":{"start":{"line":14,"column":12},"end":{"line":14,"column":24}},"9":{"start":{"line":16,"column":12},"end":{"line":16,"column":74}},"10":{"start":{"line":17,"column":12},"end":{"line":22,"column":31}},"11":{"start":{"line":19,"column":20},"end":{"line":19,"column":35}},"12":{"start":{"line":20,"column":20},"end":{"line":20,"column":30}},"13":{"start":{"line":32,"column":4},"end":{"line":90,"column":7}},"14":{"start":{"line":34,"column":8},"end":{"line":44,"column":11}},"15":{"start":{"line":47,"column":8},"end":{"line":63,"column":11}},"16":{"start":{"line":66,"column":8},"end":{"line":76,"column":11}},"17":{"start":{"line":79,"column":8},"end":{"line":89,"column":11}},"18":{"start":{"line":100,"column":4},"end":{"line":104,"column":5}},"19":{"start":{"line":101,"column":8},"end":{"line":101,"column":25}},"20":{"start":{"line":103,"column":8},"end":{"line":103,"column":70}},"21":{"start":{"line":115,"column":4},"end":{"line":154,"column":7}},"22":{"start":{"line":117,"column":8},"end":{"line":119,"column":9}},"23":{"start":{"line":118,"column":12},"end":{"line":118,"column":69}},"24":{"start":{"line":121,"column":27},"end":{"line":121,"column":51}},"25":{"start":{"line":122,"column":25},"end":{"line":122,"column":56}},"26":{"start":{"line":125,"column":8},"end":{"line":153,"column":9}},"27":{"start":{"line":126,"column":12},"end":{"line":135,"column":15}},"28":{"start":{"line":127,"column":16},"end":{"line":134,"column":17}},"29":{"start":{"line":128,"column":34},"end":{"line":128,"column":74}},"30":{"start":{"line":129,"column":20},"end":{"line":129,"column":42}},"31":{"start":{"line":130,"column":20},"end":{"line":130,"column":36}},"32":{"start":{"line":131,"column":20},"end":{"line":131,"column":34}},"33":{"start":{"line":133,"column":20},"end":{"line":133,"column":42}},"34":{"start":{"line":137,"column":12},"end":{"line":152,"column":15}},"35":{"start":{"line":138,"column":16},"end":{"line":151,"column":17}},"36":{"start":{"line":139,"column":34},"end":{"line":139,"column":74}},"37":{"start":{"line":140,"column":20},"end":{"line":140,"column":42}},"38":{"start":{"line":141,"column":20},"end":{"line":141,"column":36}},"39":{"start":{"line":142,"column":20},"end":{"line":142,"column":34}},"40":{"start":{"line":144,"column":20},"end":{"line":150,"column":23}},"41":{"start":{"line":162,"column":4},"end":{"line":162,"column":26}},"42":{"start":{"line":165,"column":0},"end":{"line":182,"column":2}},"43":{"start":{"line":169,"column":19},"end":{"line":169,"column":26}},"44":{"start":{"line":171,"column":8},"end":{"line":180,"column":11}},"45":{"start":{"line":172,"column":12},"end":{"line":179,"column":15}},"46":{"start":{"line":173,"column":16},"end":{"line":178,"column":17}},"47":{"start":{"line":173,"column":25},"end":{"line":173,"column":37}},"48":{"start":{"line":175,"column":20},"end":{"line":175,"column":68}},"49":{"start":{"line":176,"column":20},"end":{"line":176,"column":36}},"50":{"start":{"line":177,"column":20},"end":{"line":177,"column":30}}},"fnMap":{"0":{"name":"(anonymous_0)","decl":{"start":{"line":10,"column":35},"end":{"line":10,"column":36}},"loc":{"start":{"line":10,"column":56},"end":{"line":25,"column":1}},"line":10},"1":{"name":"(anonymous_1)","decl":{"start":{"line":11,"column":38},"end":{"line":11,"column":39}},"loc":{"start":{"line":11,"column":47},"end":{"line":24,"column":5}},"line":11},"2":{"name":"(anonymous_2)","decl":{"start":{"line":18,"column":22},"end":{"line":18,"column":23}},"loc":{"start":{"line":18,"column":28},"end":{"line":21,"column":17}},"line":18},"3":{"name":"initializeLocalDatabase","decl":{"start":{"line":31,"column":9},"end":{"line":31,"column":32}},"loc":{"start":{"line":31,"column":35},"end":{"line":91,"column":1}},"line":31},"4":{"name":"(anonymous_4)","decl":{"start":{"line":32,"column":23},"end":{"line":32,"column":24}},"loc":{"start":{"line":32,"column":44},"end":{"line":90,"column":5}},"line":32},"5":{"name":"validateJSONData","decl":{"start":{"line":99,"column":9},"end":{"line":99,"column":25}},"loc":{"start":{"line":99,"column":52},"end":{"line":105,"column":1}},"line":99},"6":{"name":"promisifyQuery","decl":{"start":{"line":114,"column":9},"end":{"line":114,"column":23}},"loc":{"start":{"line":114,"column":42},"end":{"line":155,"column":1}},"line":114},"7":{"name":"(anonymous_7)","decl":{"start":{"line":115,"column":23},"end":{"line":115,"column":24}},"loc":{"start":{"line":115,"column":44},"end":{"line":154,"column":5}},"line":115},"8":{"name":"(anonymous_8)","decl":{"start":{"line":126,"column":32},"end":{"line":126,"column":33}},"loc":{"start":{"line":126,"column":47},"end":{"line":135,"column":13}},"line":126},"9":{"name":"(anonymous_9)","decl":{"start":{"line":137,"column":32},"end":{"line":137,"column":33}},"loc":{"start":{"line":137,"column":46},"end":{"line":152,"column":13}},"line":137},"10":{"name":"waitForDbReady","decl":{"start":{"line":161,"column":9},"end":{"line":161,"column":23}},"loc":{"start":{"line":161,"column":26},"end":{"line":163,"column":1}},"line":161},"11":{"name":"(anonymous_11)","decl":{"start":{"line":169,"column":13},"end":{"line":169,"column":14}},"loc":{"start":{"line":169,"column":19},"end":{"line":169,"column":26}},"line":169},"12":{"name":"(anonymous_12)","decl":{"start":{"line":170,"column":11},"end":{"line":170,"column":12}},"loc":{"start":{"line":170,"column":17},"end":{"line":181,"column":5}},"line":170},"13":{"name":"(anonymous_13)","decl":{"start":{"line":171,"column":27},"end":{"line":171,"column":28}},"loc":{"start":{"line":171,"column":48},"end":{"line":180,"column":9}},"line":171},"14":{"name":"(anonymous_14)","decl":{"start":{"line":172,"column":21},"end":{"line":172,"column":22}},"loc":{"start":{"line":172,"column":30},"end":{"line":179,"column":13}},"line":172}},"branchMap":{"0":{"loc":{"start":{"line":12,"column":8},"end":{"line":23,"column":9}},"type":"if","locations":[{"start":{"line":12,"column":8},"end":{"line":23,"column":9}},{"start":{"line":15,"column":15},"end":{"line":23,"column":9}}],"line":12},"1":{"loc":{"start":{"line":99,"column":32},"end":{"line":99,"column":50}},"type":"default-arg","locations":[{"start":{"line":99,"column":44},"end":{"line":99,"column":50}}],"line":99},"2":{"loc":{"start":{"line":114,"column":29},"end":{"line":114,"column":40}},"type":"default-arg","locations":[{"start":{"line":114,"column":38},"end":{"line":114,"column":40}}],"line":114},"3":{"loc":{"start":{"line":117,"column":8},"end":{"line":119,"column":9}},"type":"if","locations":[{"start":{"line":117,"column":8},"end":{"line":119,"column":9}},{"start":{},"end":{}}],"line":117},"4":{"loc":{"start":{"line":125,"column":8},"end":{"line":153,"column":9}},"type":"if","locations":[{"start":{"line":125,"column":8},"end":{"line":153,"column":9}},{"start":{"line":136,"column":15},"end":{"line":153,"column":9}}],"line":125},"5":{"loc":{"start":{"line":127,"column":16},"end":{"line":134,"column":17}},"type":"if","locations":[{"start":{"line":127,"column":16},"end":{"line":134,"column":17}},{"start":{"line":132,"column":23},"end":{"line":134,"column":17}}],"line":127},"6":{"loc":{"start":{"line":133,"column":29},"end":{"line":133,"column":39}},"type":"binary-expr","locations":[{"start":{"line":133,"column":29},"end":{"line":133,"column":33}},{"start":{"line":133,"column":37},"end":{"line":133,"column":39}}],"line":133},"7":{"loc":{"start":{"line":138,"column":16},"end":{"line":151,"column":17}},"type":"if","locations":[{"start":{"line":138,"column":16},"end":{"line":151,"column":17}},{"start":{"line":143,"column":23},"end":{"line":151,"column":17}}],"line":138},"8":{"loc":{"start":{"line":173,"column":16},"end":{"line":178,"column":17}},"type":"if","locations":[{"start":{"line":173,"column":16},"end":{"line":178,"column":17}},{"start":{"line":174,"column":21},"end":{"line":178,"column":17}}],"line":173}},"s":{"0":9,"1":9,"2":9,"3":9,"4":9,"5":9,"6":8,"7":0,"8":0,"9":8,"10":8,"11":0,"12":0,"13":8,"14":8,"15":8,"16":8,"17":8,"18":0,"19":0,"20":0,"21":10,"22":10,"23":10,"24":0,"25":0,"26":0,"27":0,"28":0,"29":0,"30":0,"31":0,"32":0,"33":0,"34":0,"35":0,"36":0,"37":0,"38":0,"39":0,"40":0,"41":9,"42":9,"43":0,"44":0,"45":0,"46":0,"47":0,"48":0,"49":0,"50":0},"f":{"0":9,"1":8,"2":0,"3":8,"4":8,"5":0,"6":10,"7":10,"8":0,"9":0,"10":9,"11":0,"12":0,"13":0,"14":0},"b":{"0":[0,8],"1":[0],"2":[0],"3":[10,0],"4":[0,0],"5":[0,0],"6":[0,0],"7":[0,0],"8":[0,0]},"_coverageSchema":"1a1c01bbd47fc00a2c39e90264f33305004495a9","hash":"d7d1718bb653f0a025de285905f907213e3cbc14"}
,"C:\\Coding\\Software_Engineering_Coursework\\backend\\test_database.js": {"path":"C:\\Coding\\Software_Engineering_Coursework\\backend\\test_database.js","statementMap":{"0":{"start":{"line":1,"column":11},"end":{"line":1,"column":26}},"1":{"start":{"line":3,"column":15},"end":{"line":3,"column":52}},"2":{"start":{"line":6,"column":20},"end":{"line":12,"column":3}},"3":{"start":{"line":14,"column":2},"end":{"line":14,"column":17}},"4":{"start":{"line":18,"column":17},"end":{"line":21,"column":3}},"5":{"start":{"line":23,"column":2},"end":{"line":23,"column":14}},"6":{"start":{"line":27,"column":2},"end":{"line":41,"column":3}},"7":{"start":{"line":28,"column":4},"end":{"line":36,"column":5}},"8":{"start":{"line":29,"column":22},"end":{"line":29,"column":52}},"9":{"start":{"line":30,"column":19},"end":{"line":30,"column":46}},"10":{"start":{"line":32,"column":6},"end":{"line":32,"column":44}},"11":{"start":{"line":33,"column":6},"end":{"line":33,"column":29}},"12":{"start":{"line":34,"column":6},"end":{"line":34,"column":34}},"13":{"start":{"line":35,"column":6},"end":{"line":35,"column":26}},"14":{"start":{"line":38,"column":4},"end":{"line":38,"column":36}},"15":{"start":{"line":40,"column":4},"end":{"line":40,"column":19}},"16":{"start":{"line":44,"column":0},"end":{"line":44,"column":7}}},"fnMap":{"0":{"name":"describeTable","decl":{"start":{"line":5,"column":15},"end":{"line":5,"column":28}},"loc":{"start":{"line":5,"column":40},"end":{"line":15,"column":1}},"line":5},"1":{"name":"sampleRows","decl":{"start":{"line":17,"column":15},"end":{"line":17,"column":25}},"loc":{"start":{"line":17,"column":48},"end":{"line":24,"column":1}},"line":17},"2":{"name":"main","decl":{"start":{"line":26,"column":15},"end":{"line":26,"column":19}},"loc":{"start":{"line":26,"column":22},"end":{"line":42,"column":1}},"line":26}},"branchMap":{"0":{"loc":{"start":{"line":17,"column":37},"end":{"line":17,"column":46}},"type":"default-arg","locations":[{"start":{"line":17,"column":45},"end":{"line":17,"column":46}}],"line":17}},"s":{"0":0,"1":0,"2":0,"3":0,"4":0,"5":0,"6":0,"7":0,"8":0,"9":0,"10":0,"11":0,"12":0,"13":0,"14":0,"15":0,"16":0},"f":{"0":0,"1":0,"2":0},"b":{"0":[0]}}
,"C:\\Coding\\Software_Engineering_Coursework\\backend\\middleware\\requireAuth.js": {"path":"C:\\Coding\\Software_Engineering_Coursework\\backend\\middleware\\requireAuth.js","statementMap":{"0":{"start":{"line":1,"column":12},"end":{"line":1,"column":35}},"1":{"start":{"line":2,"column":19},"end":{"line":2,"column":54}},"2":{"start":{"line":4,"column":20},"end":{"line":24,"column":1}},"3":{"start":{"line":5,"column":16},"end":{"line":5,"column":33}},"4":{"start":{"line":7,"column":2},"end":{"line":12,"column":3}},"5":{"start":{"line":8,"column":4},"end":{"line":11,"column":7}},"6":{"start":{"line":14,"column":2},"end":{"line":23,"column":3}},"7":{"start":{"line":15,"column":20},"end":{"line":15,"column":49}},"8":{"start":{"line":16,"column":4},"end":{"line":16,"column":23}},"9":{"start":{"line":17,"column":4},"end":{"line":17,"column":11}},"10":{"start":{"line":19,"column":4},"end":{"line":22,"column":7}},"11":{"start":{"line":26,"column":0},"end":{"line":26,"column":29}}},"fnMap":{"0":{"name":"(anonymous_0)","decl":{"start":{"line":4,"column":20},"end":{"line":4,"column":21}},"loc":{"start":{"line":4,"column":40},"end":{"line":24,"column":1}},"line":4}},"branchMap":{"0":{"loc":{"start":{"line":2,"column":19},"end":{"line":2,"column":54}},"type":"binary-expr","locations":[{"start":{"line":2,"column":19},"end":{"line":2,"column":41}},{"start":{"line":2,"column":45},"end":{"line":2,"column":54}}],"line":2},"1":{"loc":{"start":{"line":7,"column":2},"end":{"line":12,"column":3}},"type":"if","locations":[{"start":{"line":7,"column":2},"end":{"line":12,"column":3}},{"start":{},"end":{}}],"line":7}},"s":{"0":7,"1":7,"2":7,"3":48,"4":48,"5":9,"6":39,"7":39,"8":34,"9":34,"10":5,"11":7},"f":{"0":48},"b":{"0":[7,1],"1":[9,39]},"_coverageSchema":"1a1c01bbd47fc00a2c39e90264f33305004495a9","hash":"6d65dd7b265e738f092eb0388e673da60a48e004"}
,"C:\\Coding\\Software_Engineering_Coursework\\backend\\routes\\auth.js": {"path":"C:\\Coding\\Software_Engineering_Coursework\\backend\\routes\\auth.js","statementMap":{"0":{"start":{"line":1,"column":16},"end":{"line":1,"column":34}},"1":{"start":{"line":2,"column":15},"end":{"line":2,"column":31}},"2":{"start":{"line":3,"column":15},"end":{"line":3,"column":32}},"3":{"start":{"line":4,"column":12},"end":{"line":4,"column":35}},"4":{"start":{"line":5,"column":15},"end":{"line":5,"column":32}},"5":{"start":{"line":6,"column":20},"end":{"line":6,"column":56}},"6":{"start":{"line":7,"column":56},"end":{"line":7,"column":90}},"7":{"start":{"line":9,"column":19},"end":{"line":9,"column":54}},"8":{"start":{"line":12,"column":26},"end":{"line":31,"column":1}},"9":{"start":{"line":35,"column":17},"end":{"line":35,"column":19}},"10":{"start":{"line":38,"column":2},"end":{"line":42,"column":3}},"11":{"start":{"line":39,"column":4},"end":{"line":39,"column":37}},"12":{"start":{"line":40,"column":9},"end":{"line":42,"column":3}},"13":{"start":{"line":41,"column":4},"end":{"line":41,"column":89}},"14":{"start":{"line":45,"column":2},"end":{"line":49,"column":3}},"15":{"start":{"line":46,"column":4},"end":{"line":46,"column":38}},"16":{"start":{"line":47,"column":9},"end":{"line":49,"column":3}},"17":{"start":{"line":48,"column":4},"end":{"line":48,"column":90}},"18":{"start":{"line":52,"column":2},"end":{"line":65,"column":3}},"19":{"start":{"line":53,"column":4},"end":{"line":53,"column":41}},"20":{"start":{"line":55,"column":4},"end":{"line":57,"column":5}},"21":{"start":{"line":56,"column":6},"end":{"line":56,"column":99}},"22":{"start":{"line":60,"column":4},"end":{"line":64,"column":7}},"23":{"start":{"line":61,"column":6},"end":{"line":63,"column":7}},"24":{"start":{"line":62,"column":8},"end":{"line":62,"column":29}},"25":{"start":{"line":66,"column":2},"end":{"line":66,"column":16}},"26":{"start":{"line":77,"column":0},"end":{"line":111,"column":3}},"27":{"start":{"line":78,"column":49},"end":{"line":78,"column":57}},"28":{"start":{"line":81,"column":27},"end":{"line":81,"column":74}},"29":{"start":{"line":83,"column":2},"end":{"line":88,"column":3}},"30":{"start":{"line":84,"column":4},"end":{"line":87,"column":7}},"31":{"start":{"line":91,"column":23},"end":{"line":91,"column":43}},"32":{"start":{"line":92,"column":2},"end":{"line":97,"column":3}},"33":{"start":{"line":93,"column":4},"end":{"line":96,"column":7}},"34":{"start":{"line":100,"column":25},"end":{"line":100,"column":56}},"35":{"start":{"line":102,"column":23},"end":{"line":102,"column":42}},"36":{"start":{"line":105,"column":2},"end":{"line":105,"column":62}},"37":{"start":{"line":107,"column":2},"end":{"line":110,"column":5}},"38":{"start":{"line":119,"column":0},"end":{"line":162,"column":3}},"39":{"start":{"line":120,"column":30},"end":{"line":120,"column":38}},"40":{"start":{"line":122,"column":2},"end":{"line":127,"column":3}},"41":{"start":{"line":123,"column":4},"end":{"line":126,"column":7}},"42":{"start":{"line":129,"column":15},"end":{"line":129,"column":35}},"43":{"start":{"line":131,"column":2},"end":{"line":136,"column":3}},"44":{"start":{"line":132,"column":4},"end":{"line":135,"column":7}},"45":{"start":{"line":138,"column":26},"end":{"line":138,"column":76}},"46":{"start":{"line":140,"column":2},"end":{"line":145,"column":3}},"47":{"start":{"line":141,"column":4},"end":{"line":144,"column":7}},"48":{"start":{"line":148,"column":16},"end":{"line":148,"column":69}},"49":{"start":{"line":151,"column":2},"end":{"line":156,"column":5}},"50":{"start":{"line":158,"column":2},"end":{"line":161,"column":5}},"51":{"start":{"line":169,"column":0},"end":{"line":175,"column":3}},"52":{"start":{"line":170,"column":2},"end":{"line":170,"column":27}},"53":{"start":{"line":171,"column":2},"end":{"line":174,"column":5}},"54":{"start":{"line":183,"column":0},"end":{"line":188,"column":3}},"55":{"start":{"line":184,"column":2},"end":{"line":187,"column":5}},"56":{"start":{"line":190,"column":0},"end":{"line":190,"column":24}}},"fnMap":{"0":{"name":"validateRegistration","decl":{"start":{"line":34,"column":9},"end":{"line":34,"column":29}},"loc":{"start":{"line":34,"column":36},"end":{"line":67,"column":1}},"line":34},"1":{"name":"(anonymous_1)","decl":{"start":{"line":60,"column":48},"end":{"line":60,"column":49}},"loc":{"start":{"line":60,"column":72},"end":{"line":64,"column":5}},"line":60},"2":{"name":"(anonymous_2)","decl":{"start":{"line":77,"column":25},"end":{"line":77,"column":26}},"loc":{"start":{"line":77,"column":45},"end":{"line":111,"column":1}},"line":77},"3":{"name":"(anonymous_3)","decl":{"start":{"line":119,"column":22},"end":{"line":119,"column":23}},"loc":{"start":{"line":119,"column":42},"end":{"line":162,"column":1}},"line":119},"4":{"name":"(anonymous_4)","decl":{"start":{"line":169,"column":23},"end":{"line":169,"column":24}},"loc":{"start":{"line":169,"column":37},"end":{"line":175,"column":1}},"line":169},"5":{"name":"(anonymous_5)","decl":{"start":{"line":183,"column":31},"end":{"line":183,"column":32}},"loc":{"start":{"line":183,"column":45},"end":{"line":188,"column":1}},"line":183}},"branchMap":{"0":{"loc":{"start":{"line":9,"column":19},"end":{"line":9,"column":54}},"type":"binary-expr","locations":[{"start":{"line":9,"column":19},"end":{"line":9,"column":41}},{"start":{"line":9,"column":45},"end":{"line":9,"column":54}}],"line":9},"1":{"loc":{"start":{"line":38,"column":2},"end":{"line":42,"column":3}},"type":"if","locations":[{"start":{"line":38,"column":2},"end":{"line":42,"column":3}},{"start":{"line":40,"column":9},"end":{"line":42,"column":3}}],"line":38},"2":{"loc":{"start":{"line":38,"column":6},"end":{"line":38,"column":43}},"type":"binary-expr","locations":[{"start":{"line":38,"column":6},"end":{"line":38,"column":16}},{"start":{"line":38,"column":20},"end":{"line":38,"column":43}}],"line":38},"3":{"loc":{"start":{"line":40,"column":9},"end":{"line":42,"column":3}},"type":"if","locations":[{"start":{"line":40,"column":9},"end":{"line":42,"column":3}},{"start":{},"end":{}}],"line":40},"4":{"loc":{"start":{"line":45,"column":2},"end":{"line":49,"column":3}},"type":"if","locations":[{"start":{"line":45,"column":2},"end":{"line":49,"column":3}},{"start":{"line":47,"column":9},"end":{"line":49,"column":3}}],"line":45},"5":{"loc":{"start":{"line":45,"column":6},"end":{"line":45,"column":45}},"type":"binary-expr","locations":[{"start":{"line":45,"column":6},"end":{"line":45,"column":17}},{"start":{"line":45,"column":21},"end":{"line":45,"column":45}}],"line":45},"6":{"loc":{"start":{"line":47,"column":9},"end":{"line":49,"column":3}},"type":"if","locations":[{"start":{"line":47,"column":9},"end":{"line":49,"column":3}},{"start":{},"end":{}}],"line":47},"7":{"loc":{"start":{"line":52,"column":2},"end":{"line":65,"column":3}},"type":"if","locations":[{"start":{"line":52,"column":2},"end":{"line":65,"column":3}},{"start":{"line":54,"column":9},"end":{"line":65,"column":3}}],"line":52},"8":{"loc":{"start":{"line":52,"column":6},"end":{"line":52,"column":44}},"type":"binary-expr","locations":[{"start":{"line":52,"column":6},"end":{"line":52,"column":20}},{"start":{"line":52,"column":24},"end":{"line":52,"column":44}}],"line":52},"9":{"loc":{"start":{"line":55,"column":4},"end":{"line":57,"column":5}},"type":"if","locations":[{"start":{"line":55,"column":4},"end":{"line":57,"column":5}},{"start":{},"end":{}}],"line":55},"10":{"loc":{"start":{"line":61,"column":6},"end":{"line":63,"column":7}},"type":"if","locations":[{"start":{"line":61,"column":6},"end":{"line":63,"column":7}},{"start":{},"end":{}}],"line":61},"11":{"loc":{"start":{"line":83,"column":2},"end":{"line":88,"column":3}},"type":"if","locations":[{"start":{"line":83,"column":2},"end":{"line":88,"column":3}},{"start":{},"end":{}}],"line":83},"12":{"loc":{"start":{"line":92,"column":2},"end":{"line":97,"column":3}},"type":"if","locations":[{"start":{"line":92,"column":2},"end":{"line":97,"column":3}},{"start":{},"end":{}}],"line":92},"13":{"loc":{"start":{"line":102,"column":23},"end":{"line":102,"column":42}},"type":"cond-expr","locations":[{"start":{"line":102,"column":37},"end":{"line":102,"column":38}},{"start":{"line":102,"column":41},"end":{"line":102,"column":42}}],"line":102},"14":{"loc":{"start":{"line":122,"column":2},"end":{"line":127,"column":3}},"type":"if","locations":[{"start":{"line":122,"column":2},"end":{"line":127,"column":3}},{"start":{},"end":{}}],"line":122},"15":{"loc":{"start":{"line":122,"column":6},"end":{"line":122,"column":25}},"type":"binary-expr","locations":[{"start":{"line":122,"column":6},"end":{"line":122,"column":12}},{"start":{"line":122,"column":16},"end":{"line":122,"column":25}}],"line":122},"16":{"loc":{"start":{"line":131,"column":2},"end":{"line":136,"column":3}},"type":"if","locations":[{"start":{"line":131,"column":2},"end":{"line":136,"column":3}},{"start":{},"end":{}}],"line":131},"17":{"loc":{"start":{"line":140,"column":2},"end":{"line":145,"column":3}},"type":"if","locations":[{"start":{"line":140,"column":2},"end":{"line":145,"column":3}},{"start":{},"end":{}}],"line":140}},"s":{"0":6,"1":6,"2":6,"3":6,"4":6,"5":6,"6":6,"7":6,"8":6,"9":9,"10":9,"11":1,"12":8,"13":0,"14":9,"15":0,"16":9,"17":1,"18":9,"19":0,"20":9,"21":0,"22":9,"23":36,"24":3,"25":9,"26":6,"27":9,"28":9,"29":9,"30":3,"31":6,"32":0,"33":0,"34":0,"35":0,"36":0,"37":0,"38":6,"39":6,"40":6,"41":1,"42":5,"43":1,"44":0,"45":1,"46":1,"47":1,"48":0,"49":0,"50":0,"51":6,"52":2,"53":2,"54":6,"55":1,"56":6},"f":{"0":9,"1":36,"2":9,"3":6,"4":2,"5":1},"b":{"0":[6,0],"1":[1,8],"2":[9,8],"3":[0,8],"4":[0,9],"5":[9,9],"6":[1,8],"7":[0,9],"8":[9,9],"9":[0,9],"10":[3,33],"11":[3,6],"12":[0,0],"13":[0,0],"14":[1,5],"15":[6,5],"16":[0,1],"17":[1,0]},"_coverageSchema":"1a1c01bbd47fc00a2c39e90264f33305004495a9","hash":"d046433f85975a111611999712e058216fe4c744"}
,"C:\\Coding\\Software_Engineering_Coursework\\backend\\routes\\notesRoutes.js": {"path":"C:\\Coding\\Software_Engineering_Coursework\\backend\\routes\\notesRoutes.js","statementMap":{"0":{"start":{"line":1,"column":16},"end":{"line":1,"column":34}},"1":{"start":{"line":2,"column":15},"end":{"line":2,"column":31}},"2":{"start":{"line":3,"column":11},"end":{"line":3,"column":27}},"3":{"start":{"line":4,"column":20},"end":{"line":4,"column":56}},"4":{"start":{"line":13,"column":0},"end":{"line":34,"column":3}},"5":{"start":{"line":14,"column":4},"end":{"line":33,"column":5}},"6":{"start":{"line":15,"column":34},"end":{"line":15,"column":43}},"7":{"start":{"line":16,"column":20},"end":{"line":16,"column":142}},"8":{"start":{"line":17,"column":23},"end":{"line":17,"column":25}},"9":{"start":{"line":19,"column":8},"end":{"line":22,"column":9}},"10":{"start":{"line":20,"column":12},"end":{"line":20,"column":47}},"11":{"start":{"line":21,"column":12},"end":{"line":21,"column":38}},"12":{"start":{"line":24,"column":8},"end":{"line":27,"column":9}},"13":{"start":{"line":25,"column":12},"end":{"line":25,"column":51}},"14":{"start":{"line":26,"column":12},"end":{"line":26,"column":39}},"15":{"start":{"line":29,"column":23},"end":{"line":29,"column":52}},"16":{"start":{"line":30,"column":8},"end":{"line":30,"column":97}},"17":{"start":{"line":32,"column":8},"end":{"line":32,"column":66}},"18":{"start":{"line":42,"column":0},"end":{"line":55,"column":3}},"19":{"start":{"line":43,"column":4},"end":{"line":54,"column":5}},"20":{"start":{"line":44,"column":23},"end":{"line":47,"column":9}},"21":{"start":{"line":48,"column":8},"end":{"line":50,"column":9}},"22":{"start":{"line":49,"column":12},"end":{"line":49,"column":82}},"23":{"start":{"line":51,"column":8},"end":{"line":51,"column":95}},"24":{"start":{"line":53,"column":8},"end":{"line":53,"column":66}},"25":{"start":{"line":63,"column":0},"end":{"line":73,"column":3}},"26":{"start":{"line":64,"column":4},"end":{"line":72,"column":5}},"27":{"start":{"line":65,"column":23},"end":{"line":68,"column":9}},"28":{"start":{"line":69,"column":8},"end":{"line":69,"column":96}},"29":{"start":{"line":71,"column":8},"end":{"line":71,"column":66}},"30":{"start":{"line":81,"column":0},"end":{"line":95,"column":3}},"31":{"start":{"line":82,"column":4},"end":{"line":94,"column":5}},"32":{"start":{"line":84,"column":23},"end":{"line":90,"column":9}},"33":{"start":{"line":91,"column":8},"end":{"line":91,"column":101}},"34":{"start":{"line":93,"column":8},"end":{"line":93,"column":66}},"35":{"start":{"line":104,"column":0},"end":{"line":148,"column":3}},"36":{"start":{"line":105,"column":4},"end":{"line":147,"column":5}},"37":{"start":{"line":106,"column":51},"end":{"line":106,"column":59}},"38":{"start":{"line":109,"column":8},"end":{"line":114,"column":9}},"39":{"start":{"line":110,"column":12},"end":{"line":113,"column":15}},"40":{"start":{"line":117,"column":26},"end":{"line":117,"column":40}},"41":{"start":{"line":120,"column":27},"end":{"line":120,"column":98}},"42":{"start":{"line":121,"column":8},"end":{"line":123,"column":9}},"43":{"start":{"line":122,"column":12},"end":{"line":122,"column":82}},"44":{"start":{"line":124,"column":25},"end":{"line":124,"column":39}},"45":{"start":{"line":126,"column":25},"end":{"line":138,"column":9}},"46":{"start":{"line":140,"column":8},"end":{"line":144,"column":11}},"47":{"start":{"line":146,"column":8},"end":{"line":146,"column":66}},"48":{"start":{"line":156,"column":0},"end":{"line":177,"column":3}},"49":{"start":{"line":157,"column":4},"end":{"line":176,"column":5}},"50":{"start":{"line":159,"column":27},"end":{"line":162,"column":9}},"51":{"start":{"line":164,"column":8},"end":{"line":166,"column":9}},"52":{"start":{"line":165,"column":12},"end":{"line":165,"column":82}},"53":{"start":{"line":168,"column":8},"end":{"line":170,"column":9}},"54":{"start":{"line":169,"column":12},"end":{"line":169,"column":108}},"55":{"start":{"line":172,"column":25},"end":{"line":172,"column":90}},"56":{"start":{"line":173,"column":8},"end":{"line":173,"column":81}},"57":{"start":{"line":175,"column":8},"end":{"line":175,"column":66}},"58":{"start":{"line":186,"column":0},"end":{"line":226,"column":3}},"59":{"start":{"line":187,"column":4},"end":{"line":225,"column":5}},"60":{"start":{"line":188,"column":51},"end":{"line":188,"column":59}},"61":{"start":{"line":191,"column":27},"end":{"line":194,"column":9}},"62":{"start":{"line":196,"column":8},"end":{"line":198,"column":9}},"63":{"start":{"line":197,"column":12},"end":{"line":197,"column":82}},"64":{"start":{"line":200,"column":8},"end":{"line":202,"column":9}},"65":{"start":{"line":201,"column":12},"end":{"line":201,"column":108}},"66":{"start":{"line":204,"column":25},"end":{"line":216,"column":9}},"67":{"start":{"line":218,"column":8},"end":{"line":220,"column":9}},"68":{"start":{"line":219,"column":12},"end":{"line":219,"column":82}},"69":{"start":{"line":222,"column":8},"end":{"line":222,"column":81}},"70":{"start":{"line":224,"column":8},"end":{"line":224,"column":66}},"71":{"start":{"line":240,"column":0},"end":{"line":255,"column":3}},"72":{"start":{"line":241,"column":4},"end":{"line":254,"column":5}},"73":{"start":{"line":242,"column":27},"end":{"line":242,"column":112}},"74":{"start":{"line":243,"column":8},"end":{"line":245,"column":9}},"75":{"start":{"line":244,"column":12},"end":{"line":244,"column":99}},"76":{"start":{"line":247,"column":25},"end":{"line":247,"column":108}},"77":{"start":{"line":248,"column":8},"end":{"line":250,"column":9}},"78":{"start":{"line":249,"column":12},"end":{"line":249,"column":82}},"79":{"start":{"line":251,"column":8},"end":{"line":251,"column":82}},"80":{"start":{"line":253,"column":8},"end":{"line":253,"column":66}},"81":{"start":{"line":263,"column":0},"end":{"line":278,"column":3}},"82":{"start":{"line":264,"column":4},"end":{"line":277,"column":5}},"83":{"start":{"line":265,"column":27},"end":{"line":265,"column":112}},"84":{"start":{"line":266,"column":8},"end":{"line":268,"column":9}},"85":{"start":{"line":267,"column":12},"end":{"line":267,"column":101}},"86":{"start":{"line":270,"column":25},"end":{"line":270,"column":108}},"87":{"start":{"line":271,"column":8},"end":{"line":273,"column":9}},"88":{"start":{"line":272,"column":12},"end":{"line":272,"column":82}},"89":{"start":{"line":274,"column":8},"end":{"line":274,"column":84}},"90":{"start":{"line":276,"column":8},"end":{"line":276,"column":66}},"91":{"start":{"line":280,"column":0},"end":{"line":280,"column":24}}},"fnMap":{"0":{"name":"(anonymous_0)","decl":{"start":{"line":13,"column":22},"end":{"line":13,"column":23}},"loc":{"start":{"line":13,"column":42},"end":{"line":34,"column":1}},"line":13},"1":{"name":"(anonymous_1)","decl":{"start":{"line":42,"column":25},"end":{"line":42,"column":26}},"loc":{"start":{"line":42,"column":45},"end":{"line":55,"column":1}},"line":42},"2":{"name":"(anonymous_2)","decl":{"start":{"line":63,"column":36},"end":{"line":63,"column":37}},"loc":{"start":{"line":63,"column":56},"end":{"line":73,"column":1}},"line":63},"3":{"name":"(anonymous_3)","decl":{"start":{"line":81,"column":34},"end":{"line":81,"column":35}},"loc":{"start":{"line":81,"column":54},"end":{"line":95,"column":1}},"line":81},"4":{"name":"(anonymous_4)","decl":{"start":{"line":104,"column":35},"end":{"line":104,"column":36}},"loc":{"start":{"line":104,"column":55},"end":{"line":148,"column":1}},"line":104},"5":{"name":"(anonymous_5)","decl":{"start":{"line":156,"column":41},"end":{"line":156,"column":42}},"loc":{"start":{"line":156,"column":61},"end":{"line":177,"column":1}},"line":156},"6":{"name":"(anonymous_6)","decl":{"start":{"line":186,"column":38},"end":{"line":186,"column":39}},"loc":{"start":{"line":186,"column":58},"end":{"line":226,"column":1}},"line":186},"7":{"name":"(anonymous_7)","decl":{"start":{"line":240,"column":45},"end":{"line":240,"column":46}},"loc":{"start":{"line":240,"column":65},"end":{"line":255,"column":1}},"line":240},"8":{"name":"(anonymous_8)","decl":{"start":{"line":263,"column":47},"end":{"line":263,"column":48}},"loc":{"start":{"line":263,"column":67},"end":{"line":278,"column":1}},"line":263}},"branchMap":{"0":{"loc":{"start":{"line":19,"column":8},"end":{"line":22,"column":9}},"type":"if","locations":[{"start":{"line":19,"column":8},"end":{"line":22,"column":9}},{"start":{},"end":{}}],"line":19},"1":{"loc":{"start":{"line":24,"column":8},"end":{"line":27,"column":9}},"type":"if","locations":[{"start":{"line":24,"column":8},"end":{"line":27,"column":9}},{"start":{},"end":{}}],"line":24},"2":{"loc":{"start":{"line":48,"column":8},"end":{"line":50,"column":9}},"type":"if","locations":[{"start":{"line":48,"column":8},"end":{"line":50,"column":9}},{"start":{},"end":{}}],"line":48},"3":{"loc":{"start":{"line":109,"column":8},"end":{"line":114,"column":9}},"type":"if","locations":[{"start":{"line":109,"column":8},"end":{"line":114,"column":9}},{"start":{},"end":{}}],"line":109},"4":{"loc":{"start":{"line":109,"column":12},"end":{"line":109,"column":43}},"type":"binary-expr","locations":[{"start":{"line":109,"column":12},"end":{"line":109,"column":18}},{"start":{"line":109,"column":22},"end":{"line":109,"column":32}},{"start":{"line":109,"column":36},"end":{"line":109,"column":43}}],"line":109},"5":{"loc":{"start":{"line":121,"column":8},"end":{"line":123,"column":9}},"type":"if","locations":[{"start":{"line":121,"column":8},"end":{"line":123,"column":9}},{"start":{},"end":{}}],"line":121},"6":{"loc":{"start":{"line":133,"column":16},"end":{"line":133,"column":34}},"type":"binary-expr","locations":[{"start":{"line":133,"column":16},"end":{"line":133,"column":26}},{"start":{"line":133,"column":30},"end":{"line":133,"column":34}}],"line":133},"7":{"loc":{"start":{"line":134,"column":16},"end":{"line":134,"column":34}},"type":"binary-expr","locations":[{"start":{"line":134,"column":16},"end":{"line":134,"column":26}},{"start":{"line":134,"column":30},"end":{"line":134,"column":34}}],"line":134},"8":{"loc":{"start":{"line":135,"column":16},"end":{"line":135,"column":31}},"type":"binary-expr","locations":[{"start":{"line":135,"column":16},"end":{"line":135,"column":26}},{"start":{"line":135,"column":30},"end":{"line":135,"column":31}}],"line":135},"9":{"loc":{"start":{"line":136,"column":16},"end":{"line":136,"column":34}},"type":"binary-expr","locations":[{"start":{"line":136,"column":16},"end":{"line":136,"column":26}},{"start":{"line":136,"column":30},"end":{"line":136,"column":34}}],"line":136},"10":{"loc":{"start":{"line":164,"column":8},"end":{"line":166,"column":9}},"type":"if","locations":[{"start":{"line":164,"column":8},"end":{"line":166,"column":9}},{"start":{},"end":{}}],"line":164},"11":{"loc":{"start":{"line":168,"column":8},"end":{"line":170,"column":9}},"type":"if","locations":[{"start":{"line":168,"column":8},"end":{"line":170,"column":9}},{"start":{},"end":{}}],"line":168},"12":{"loc":{"start":{"line":196,"column":8},"end":{"line":198,"column":9}},"type":"if","locations":[{"start":{"line":196,"column":8},"end":{"line":198,"column":9}},{"start":{},"end":{}}],"line":196},"13":{"loc":{"start":{"line":200,"column":8},"end":{"line":202,"column":9}},"type":"if","locations":[{"start":{"line":200,"column":8},"end":{"line":202,"column":9}},{"start":{},"end":{}}],"line":200},"14":{"loc":{"start":{"line":210,"column":16},"end":{"line":210,"column":34}},"type":"binary-expr","locations":[{"start":{"line":210,"column":16},"end":{"line":210,"column":26}},{"start":{"line":210,"column":30},"end":{"line":210,"column":34}}],"line":210},"15":{"loc":{"start":{"line":211,"column":16},"end":{"line":211,"column":34}},"type":"binary-expr","locations":[{"start":{"line":211,"column":16},"end":{"line":211,"column":26}},{"start":{"line":211,"column":30},"end":{"line":211,"column":34}}],"line":211},"16":{"loc":{"start":{"line":212,"column":16},"end":{"line":212,"column":31}},"type":"binary-expr","locations":[{"start":{"line":212,"column":16},"end":{"line":212,"column":26}},{"start":{"line":212,"column":30},"end":{"line":212,"column":31}}],"line":212},"17":{"loc":{"start":{"line":213,"column":16},"end":{"line":213,"column":34}},"type":"binary-expr","locations":[{"start":{"line":213,"column":16},"end":{"line":213,"column":26}},{"start":{"line":213,"column":30},"end":{"line":213,"column":34}}],"line":213},"18":{"loc":{"start":{"line":218,"column":8},"end":{"line":220,"column":9}},"type":"if","locations":[{"start":{"line":218,"column":8},"end":{"line":220,"column":9}},{"start":{},"end":{}}],"line":218},"19":{"loc":{"start":{"line":243,"column":8},"end":{"line":245,"column":9}},"type":"if","locations":[{"start":{"line":243,"column":8},"end":{"line":245,"column":9}},{"start":{},"end":{}}],"line":243},"20":{"loc":{"start":{"line":243,"column":12},"end":{"line":243,"column":61}},"type":"binary-expr","locations":[{"start":{"line":243,"column":12},"end":{"line":243,"column":28}},{"start":{"line":243,"column":32},"end":{"line":243,"column":61}}],"line":243},"21":{"loc":{"start":{"line":248,"column":8},"end":{"line":250,"column":9}},"type":"if","locations":[{"start":{"line":248,"column":8},"end":{"line":250,"column":9}},{"start":{},"end":{}}],"line":248},"22":{"loc":{"start":{"line":266,"column":8},"end":{"line":268,"column":9}},"type":"if","locations":[{"start":{"line":266,"column":8},"end":{"line":268,"column":9}},{"start":{},"end":{}}],"line":266},"23":{"loc":{"start":{"line":266,"column":12},"end":{"line":266,"column":61}},"type":"binary-expr","locations":[{"start":{"line":266,"column":12},"end":{"line":266,"column":28}},{"start":{"line":266,"column":32},"end":{"line":266,"column":61}}],"line":266},"24":{"loc":{"start":{"line":271,"column":8},"end":{"line":273,"column":9}},"type":"if","locations":[{"start":{"line":271,"column":8},"end":{"line":273,"column":9}},{"start":{},"end":{}}],"line":271}},"s":{"0":6,"1":6,"2":6,"3":6,"4":6,"5":3,"6":3,"7":3,"8":3,"9":3,"10":2,"11":2,"12":3,"13":1,"14":1,"15":3,"16":3,"17":0,"18":6,"19":1,"20":1,"21":1,"22":1,"23":0,"24":0,"25":6,"26":0,"27":0,"28":0,"29":0,"30":6,"31":0,"32":0,"33":0,"34":0,"35":6,"36":0,"37":0,"38":0,"39":0,"40":0,"41":0,"42":0,"43":0,"44":0,"45":0,"46":0,"47":0,"48":6,"49":1,"50":1,"51":1,"52":0,"53":1,"54":1,"55":0,"56":0,"57":0,"58":6,"59":2,"60":2,"61":2,"62":2,"63":0,"64":2,"65":1,"66":1,"67":1,"68":0,"69":1,"70":0,"71":6,"72":1,"73":1,"74":1,"75":1,"76":0,"77":0,"78":0,"79":0,"80":0,"81":6,"82":1,"83":1,"84":1,"85":1,"86":0,"87":0,"88":0,"89":0,"90":0,"91":6},"f":{"0":3,"1":1,"2":0,"3":0,"4":0,"5":1,"6":2,"7":1,"8":1},"b":{"0":[2,1],"1":[1,2],"2":[1,0],"3":[0,0],"4":[0,0,0],"5":[0,0],"6":[0,0],"7":[0,0],"8":[0,0],"9":[0,0],"10":[0,1],"11":[1,0],"12":[0,2],"13":[1,1],"14":[1,1],"15":[1,1],"16":[1,1],"17":[1,1],"18":[0,1],"19":[1,0],"20":[1,1],"21":[0,0],"22":[1,0],"23":[1,1],"24":[0,0]},"_coverageSchema":"1a1c01bbd47fc00a2c39e90264f33305004495a9","hash":"29c8dd49fd315a85b273856011f59313f852c39d"}
,"C:\\Coding\\Software_Engineering_Coursework\\backend\\routes\\suggestionRoutes.js": {"path":"C:\\Coding\\Software_Engineering_Coursework\\backend\\routes\\suggestionRoutes.js","statementMap":{"0":{"start":{"line":1,"column":16},"end":{"line":1,"column":34}},"1":{"start":{"line":2,"column":15},"end":{"line":2,"column":31}},"2":{"start":{"line":3,"column":11},"end":{"line":3,"column":27}},"3":{"start":{"line":4,"column":20},"end":{"line":4,"column":56}},"4":{"start":{"line":12,"column":0},"end":{"line":22,"column":3}},"5":{"start":{"line":13,"column":4},"end":{"line":21,"column":5}},"6":{"start":{"line":14,"column":23},"end":{"line":14,"column":96}},"7":{"start":{"line":15,"column":8},"end":{"line":17,"column":9}},"8":{"start":{"line":16,"column":12},"end":{"line":16,"column":88}},"9":{"start":{"line":18,"column":8},"end":{"line":18,"column":101}},"10":{"start":{"line":20,"column":8},"end":{"line":20,"column":66}},"11":{"start":{"line":30,"column":0},"end":{"line":46,"column":3}},"12":{"start":{"line":31,"column":4},"end":{"line":45,"column":5}},"13":{"start":{"line":32,"column":23},"end":{"line":41,"column":9}},"14":{"start":{"line":42,"column":8},"end":{"line":42,"column":102}},"15":{"start":{"line":44,"column":8},"end":{"line":44,"column":66}},"16":{"start":{"line":54,"column":0},"end":{"line":70,"column":3}},"17":{"start":{"line":55,"column":4},"end":{"line":69,"column":5}},"18":{"start":{"line":56,"column":23},"end":{"line":65,"column":9}},"19":{"start":{"line":66,"column":8},"end":{"line":66,"column":107}},"20":{"start":{"line":68,"column":8},"end":{"line":68,"column":66}},"21":{"start":{"line":78,"column":0},"end":{"line":110,"column":3}},"22":{"start":{"line":79,"column":4},"end":{"line":109,"column":5}},"23":{"start":{"line":80,"column":45},"end":{"line":80,"column":53}},"24":{"start":{"line":83,"column":8},"end":{"line":88,"column":9}},"25":{"start":{"line":84,"column":12},"end":{"line":87,"column":15}},"26":{"start":{"line":91,"column":27},"end":{"line":91,"column":103}},"27":{"start":{"line":92,"column":8},"end":{"line":94,"column":9}},"28":{"start":{"line":93,"column":12},"end":{"line":93,"column":82}},"29":{"start":{"line":95,"column":29},"end":{"line":95,"column":43}},"30":{"start":{"line":97,"column":25},"end":{"line":100,"column":9}},"31":{"start":{"line":102,"column":8},"end":{"line":106,"column":11}},"32":{"start":{"line":108,"column":8},"end":{"line":108,"column":66}},"33":{"start":{"line":118,"column":0},"end":{"line":142,"column":3}},"34":{"start":{"line":119,"column":4},"end":{"line":141,"column":5}},"35":{"start":{"line":121,"column":33},"end":{"line":127,"column":9}},"36":{"start":{"line":129,"column":8},"end":{"line":131,"column":9}},"37":{"start":{"line":130,"column":12},"end":{"line":130,"column":88}},"38":{"start":{"line":133,"column":8},"end":{"line":135,"column":9}},"39":{"start":{"line":134,"column":12},"end":{"line":134,"column":114}},"40":{"start":{"line":137,"column":25},"end":{"line":137,"column":96}},"41":{"start":{"line":138,"column":8},"end":{"line":138,"column":87}},"42":{"start":{"line":140,"column":8},"end":{"line":140,"column":66}},"43":{"start":{"line":151,"column":0},"end":{"line":185,"column":3}},"44":{"start":{"line":152,"column":4},"end":{"line":184,"column":5}},"45":{"start":{"line":153,"column":36},"end":{"line":153,"column":44}},"46":{"start":{"line":156,"column":33},"end":{"line":162,"column":9}},"47":{"start":{"line":164,"column":8},"end":{"line":166,"column":9}},"48":{"start":{"line":165,"column":12},"end":{"line":165,"column":88}},"49":{"start":{"line":168,"column":8},"end":{"line":170,"column":9}},"50":{"start":{"line":169,"column":12},"end":{"line":169,"column":114}},"51":{"start":{"line":172,"column":25},"end":{"line":175,"column":9}},"52":{"start":{"line":177,"column":8},"end":{"line":179,"column":9}},"53":{"start":{"line":178,"column":12},"end":{"line":178,"column":88}},"54":{"start":{"line":181,"column":8},"end":{"line":181,"column":87}},"55":{"start":{"line":183,"column":8},"end":{"line":183,"column":66}},"56":{"start":{"line":187,"column":0},"end":{"line":187,"column":24}}},"fnMap":{"0":{"name":"(anonymous_0)","decl":{"start":{"line":12,"column":31},"end":{"line":12,"column":32}},"loc":{"start":{"line":12,"column":51},"end":{"line":22,"column":1}},"line":12},"1":{"name":"(anonymous_1)","decl":{"start":{"line":30,"column":41},"end":{"line":30,"column":42}},"loc":{"start":{"line":30,"column":61},"end":{"line":46,"column":1}},"line":30},"2":{"name":"(anonymous_2)","decl":{"start":{"line":54,"column":41},"end":{"line":54,"column":42}},"loc":{"start":{"line":54,"column":61},"end":{"line":70,"column":1}},"line":54},"3":{"name":"(anonymous_3)","decl":{"start":{"line":78,"column":41},"end":{"line":78,"column":42}},"loc":{"start":{"line":78,"column":61},"end":{"line":110,"column":1}},"line":78},"4":{"name":"(anonymous_4)","decl":{"start":{"line":118,"column":47},"end":{"line":118,"column":48}},"loc":{"start":{"line":118,"column":67},"end":{"line":142,"column":1}},"line":118},"5":{"name":"(anonymous_5)","decl":{"start":{"line":151,"column":44},"end":{"line":151,"column":45}},"loc":{"start":{"line":151,"column":64},"end":{"line":185,"column":1}},"line":151}},"branchMap":{"0":{"loc":{"start":{"line":15,"column":8},"end":{"line":17,"column":9}},"type":"if","locations":[{"start":{"line":15,"column":8},"end":{"line":17,"column":9}},{"start":{},"end":{}}],"line":15},"1":{"loc":{"start":{"line":83,"column":8},"end":{"line":88,"column":9}},"type":"if","locations":[{"start":{"line":83,"column":8},"end":{"line":88,"column":9}},{"start":{},"end":{}}],"line":83},"2":{"loc":{"start":{"line":83,"column":12},"end":{"line":83,"column":40}},"type":"binary-expr","locations":[{"start":{"line":83,"column":12},"end":{"line":83,"column":20}},{"start":{"line":83,"column":24},"end":{"line":83,"column":40}}],"line":83},"3":{"loc":{"start":{"line":92,"column":8},"end":{"line":94,"column":9}},"type":"if","locations":[{"start":{"line":92,"column":8},"end":{"line":94,"column":9}},{"start":{},"end":{}}],"line":92},"4":{"loc":{"start":{"line":129,"column":8},"end":{"line":131,"column":9}},"type":"if","locations":[{"start":{"line":129,"column":8},"end":{"line":131,"column":9}},{"start":{},"end":{}}],"line":129},"5":{"loc":{"start":{"line":133,"column":8},"end":{"line":135,"column":9}},"type":"if","locations":[{"start":{"line":133,"column":8},"end":{"line":135,"column":9}},{"start":{},"end":{}}],"line":133},"6":{"loc":{"start":{"line":164,"column":8},"end":{"line":166,"column":9}},"type":"if","locations":[{"start":{"line":164,"column":8},"end":{"line":166,"column":9}},{"start":{},"end":{}}],"line":164},"7":{"loc":{"start":{"line":168,"column":8},"end":{"line":170,"column":9}},"type":"if","locations":[{"start":{"line":168,"column":8},"end":{"line":170,"column":9}},{"start":{},"end":{}}],"line":168},"8":{"loc":{"start":{"line":177,"column":8},"end":{"line":179,"column":9}},"type":"if","locations":[{"start":{"line":177,"column":8},"end":{"line":179,"column":9}},{"start":{},"end":{}}],"line":177}},"s":{"0":6,"1":6,"2":6,"3":6,"4":6,"5":3,"6":3,"7":2,"8":1,"9":1,"10":1,"11":6,"12":2,"13":2,"14":2,"15":0,"16":6,"17":2,"18":2,"19":2,"20":0,"21":6,"22":6,"23":6,"24":6,"25":1,"26":5,"27":5,"28":0,"29":4,"30":4,"31":2,"32":3,"33":6,"34":5,"35":5,"36":4,"37":0,"38":3,"39":2,"40":1,"41":1,"42":2,"43":6,"44":6,"45":6,"46":6,"47":5,"48":0,"49":5,"50":3,"51":1,"52":1,"53":0,"54":1,"55":2,"56":6},"f":{"0":3,"1":2,"2":2,"3":6,"4":5,"5":6},"b":{"0":[1,1],"1":[1,5],"2":[6,6],"3":[0,4],"4":[0,3],"5":[2,1],"6":[0,5],"7":[3,1],"8":[0,1]},"_coverageSchema":"1a1c01bbd47fc00a2c39e90264f33305004495a9","hash":"773128015f587f229045e0a0e5f761fec88c3624"}
,"C:\\Coding\\Software_Engineering_Coursework\\backend\\routes\\userRoutes.js": {"path":"C:\\Coding\\Software_Engineering_Coursework\\backend\\routes\\userRoutes.js","statementMap":{"0":{"start":{"line":1,"column":16},"end":{"line":1,"column":34}},"1":{"start":{"line":2,"column":15},"end":{"line":2,"column":31}},"2":{"start":{"line":3,"column":20},"end":{"line":3,"column":56}},"3":{"start":{"line":4,"column":70},"end":{"line":4,"column":104}},"4":{"start":{"line":12,"column":0},"end":{"line":22,"column":3}},"5":{"start":{"line":13,"column":4},"end":{"line":21,"column":5}},"6":{"start":{"line":14,"column":21},"end":{"line":14,"column":53}},"7":{"start":{"line":15,"column":8},"end":{"line":17,"column":9}},"8":{"start":{"line":16,"column":12},"end":{"line":16,"column":82}},"9":{"start":{"line":18,"column":8},"end":{"line":18,"column":97}},"10":{"start":{"line":20,"column":8},"end":{"line":20,"column":66}},"11":{"start":{"line":30,"column":0},"end":{"line":40,"column":3}},"12":{"start":{"line":31,"column":4},"end":{"line":39,"column":5}},"13":{"start":{"line":32,"column":21},"end":{"line":32,"column":58}},"14":{"start":{"line":33,"column":8},"end":{"line":35,"column":9}},"15":{"start":{"line":34,"column":12},"end":{"line":34,"column":82}},"16":{"start":{"line":36,"column":8},"end":{"line":36,"column":97}},"17":{"start":{"line":38,"column":8},"end":{"line":38,"column":66}},"18":{"start":{"line":49,"column":0},"end":{"line":67,"column":3}},"19":{"start":{"line":50,"column":4},"end":{"line":66,"column":5}},"20":{"start":{"line":52,"column":8},"end":{"line":54,"column":9}},"21":{"start":{"line":53,"column":12},"end":{"line":53,"column":110}},"22":{"start":{"line":56,"column":36},"end":{"line":56,"column":44}},"23":{"start":{"line":57,"column":23},"end":{"line":57,"column":85}},"24":{"start":{"line":59,"column":8},"end":{"line":61,"column":9}},"25":{"start":{"line":60,"column":12},"end":{"line":60,"column":82}},"26":{"start":{"line":63,"column":8},"end":{"line":63,"column":92}},"27":{"start":{"line":65,"column":8},"end":{"line":65,"column":66}},"28":{"start":{"line":77,"column":0},"end":{"line":108,"column":3}},"29":{"start":{"line":78,"column":4},"end":{"line":107,"column":5}},"30":{"start":{"line":80,"column":8},"end":{"line":82,"column":9}},"31":{"start":{"line":81,"column":12},"end":{"line":81,"column":110}},"32":{"start":{"line":84,"column":42},"end":{"line":84,"column":50}},"33":{"start":{"line":85,"column":24},"end":{"line":85,"column":26}},"34":{"start":{"line":87,"column":8},"end":{"line":92,"column":9}},"35":{"start":{"line":88,"column":12},"end":{"line":90,"column":13}},"36":{"start":{"line":89,"column":16},"end":{"line":89,"column":106}},"37":{"start":{"line":91,"column":12},"end":{"line":91,"column":32}},"38":{"start":{"line":94,"column":8},"end":{"line":96,"column":9}},"39":{"start":{"line":95,"column":12},"end":{"line":95,"column":54}},"40":{"start":{"line":98,"column":23},"end":{"line":98,"column":73}},"41":{"start":{"line":100,"column":8},"end":{"line":102,"column":9}},"42":{"start":{"line":101,"column":12},"end":{"line":101,"column":82}},"43":{"start":{"line":104,"column":8},"end":{"line":104,"column":81}},"44":{"start":{"line":106,"column":8},"end":{"line":106,"column":66}},"45":{"start":{"line":116,"column":0},"end":{"line":133,"column":3}},"46":{"start":{"line":117,"column":4},"end":{"line":132,"column":5}},"47":{"start":{"line":119,"column":8},"end":{"line":121,"column":9}},"48":{"start":{"line":120,"column":12},"end":{"line":120,"column":110}},"49":{"start":{"line":123,"column":23},"end":{"line":123,"column":57}},"50":{"start":{"line":125,"column":8},"end":{"line":127,"column":9}},"51":{"start":{"line":126,"column":12},"end":{"line":126,"column":82}},"52":{"start":{"line":129,"column":8},"end":{"line":129,"column":89}},"53":{"start":{"line":131,"column":8},"end":{"line":131,"column":66}},"54":{"start":{"line":135,"column":0},"end":{"line":135,"column":24}}},"fnMap":{"0":{"name":"(anonymous_0)","decl":{"start":{"line":12,"column":28},"end":{"line":12,"column":29}},"loc":{"start":{"line":12,"column":48},"end":{"line":22,"column":1}},"line":12},"1":{"name":"(anonymous_1)","decl":{"start":{"line":30,"column":28},"end":{"line":30,"column":29}},"loc":{"start":{"line":30,"column":48},"end":{"line":40,"column":1}},"line":30},"2":{"name":"(anonymous_2)","decl":{"start":{"line":49,"column":57},"end":{"line":49,"column":58}},"loc":{"start":{"line":49,"column":77},"end":{"line":67,"column":1}},"line":49},"3":{"name":"(anonymous_3)","decl":{"start":{"line":77,"column":41},"end":{"line":77,"column":42}},"loc":{"start":{"line":77,"column":61},"end":{"line":108,"column":1}},"line":77},"4":{"name":"(anonymous_4)","decl":{"start":{"line":116,"column":44},"end":{"line":116,"column":45}},"loc":{"start":{"line":116,"column":64},"end":{"line":133,"column":1}},"line":116}},"branchMap":{"0":{"loc":{"start":{"line":15,"column":8},"end":{"line":17,"column":9}},"type":"if","locations":[{"start":{"line":15,"column":8},"end":{"line":17,"column":9}},{"start":{},"end":{}}],"line":15},"1":{"loc":{"start":{"line":33,"column":8},"end":{"line":35,"column":9}},"type":"if","locations":[{"start":{"line":33,"column":8},"end":{"line":35,"column":9}},{"start":{},"end":{}}],"line":33},"2":{"loc":{"start":{"line":52,"column":8},"end":{"line":54,"column":9}},"type":"if","locations":[{"start":{"line":52,"column":8},"end":{"line":54,"column":9}},{"start":{},"end":{}}],"line":52},"3":{"loc":{"start":{"line":59,"column":8},"end":{"line":61,"column":9}},"type":"if","locations":[{"start":{"line":59,"column":8},"end":{"line":61,"column":9}},{"start":{},"end":{}}],"line":59},"4":{"loc":{"start":{"line":80,"column":8},"end":{"line":82,"column":9}},"type":"if","locations":[{"start":{"line":80,"column":8},"end":{"line":82,"column":9}},{"start":{},"end":{}}],"line":80},"5":{"loc":{"start":{"line":87,"column":8},"end":{"line":92,"column":9}},"type":"if","locations":[{"start":{"line":87,"column":8},"end":{"line":92,"column":9}},{"start":{},"end":{}}],"line":87},"6":{"loc":{"start":{"line":88,"column":12},"end":{"line":90,"column":13}},"type":"if","locations":[{"start":{"line":88,"column":12},"end":{"line":90,"column":13}},{"start":{},"end":{}}],"line":88},"7":{"loc":{"start":{"line":88,"column":16},"end":{"line":88,"column":40}},"type":"binary-expr","locations":[{"start":{"line":88,"column":16},"end":{"line":88,"column":21}},{"start":{"line":88,"column":25},"end":{"line":88,"column":40}}],"line":88},"8":{"loc":{"start":{"line":94,"column":8},"end":{"line":96,"column":9}},"type":"if","locations":[{"start":{"line":94,"column":8},"end":{"line":96,"column":9}},{"start":{},"end":{}}],"line":94},"9":{"loc":{"start":{"line":100,"column":8},"end":{"line":102,"column":9}},"type":"if","locations":[{"start":{"line":100,"column":8},"end":{"line":102,"column":9}},{"start":{},"end":{}}],"line":100},"10":{"loc":{"start":{"line":119,"column":8},"end":{"line":121,"column":9}},"type":"if","locations":[{"start":{"line":119,"column":8},"end":{"line":121,"column":9}},{"start":{},"end":{}}],"line":119},"11":{"loc":{"start":{"line":125,"column":8},"end":{"line":127,"column":9}},"type":"if","locations":[{"start":{"line":125,"column":8},"end":{"line":127,"column":9}},{"start":{},"end":{}}],"line":125}},"s":{"0":6,"1":6,"2":6,"3":6,"4":6,"5":3,"6":3,"7":2,"8":1,"9":1,"10":1,"11":6,"12":3,"13":3,"14":2,"15":1,"16":1,"17":1,"18":6,"19":2,"20":2,"21":1,"22":1,"23":1,"24":1,"25":1,"26":0,"27":0,"28":6,"29":4,"30":4,"31":2,"32":2,"33":2,"34":2,"35":2,"36":1,"37":1,"38":1,"39":0,"40":1,"41":1,"42":1,"43":0,"44":0,"45":6,"46":4,"47":4,"48":2,"49":2,"50":2,"51":1,"52":1,"53":0,"54":6},"f":{"0":3,"1":3,"2":2,"3":4,"4":4},"b":{"0":[1,1],"1":[1,1],"2":[1,1],"3":[1,0],"4":[2,2],"5":[2,0],"6":[1,1],"7":[2,2],"8":[0,1],"9":[1,0],"10":[2,2],"11":[1,1]},"_coverageSchema":"1a1c01bbd47fc00a2c39e90264f33305004495a9","hash":"9b8aaa35e0829f6eea98a89795abb3013e485f1b"}
,"C:\\Coding\\Software_Engineering_Coursework\\backend\\services\\userService.js": {"path":"C:\\Coding\\Software_Engineering_Coursework\\backend\\services\\userService.js","statementMap":{"0":{"start":{"line":1,"column":11},"end":{"line":1,"column":27}},"1":{"start":{"line":10,"column":16},"end":{"line":17,"column":1}},"2":{"start":{"line":11,"column":4},"end":{"line":16,"column":5}},"3":{"start":{"line":12,"column":23},"end":{"line":12,"column":89}},"4":{"start":{"line":13,"column":8},"end":{"line":13,"column":48}},"5":{"start":{"line":15,"column":8},"end":{"line":15,"column":63}},"6":{"start":{"line":25,"column":22},"end":{"line":35,"column":1}},"7":{"start":{"line":26,"column":4},"end":{"line":34,"column":5}},"8":{"start":{"line":27,"column":23},"end":{"line":30,"column":9}},"9":{"start":{"line":31,"column":8},"end":{"line":31,"column":48}},"10":{"start":{"line":33,"column":8},"end":{"line":33,"column":63}},"11":{"start":{"line":43,"column":20},"end":{"line":53,"column":1}},"12":{"start":{"line":44,"column":4},"end":{"line":52,"column":5}},"13":{"start":{"line":45,"column":23},"end":{"line":48,"column":9}},"14":{"start":{"line":49,"column":8},"end":{"line":49,"column":48}},"15":{"start":{"line":51,"column":8},"end":{"line":51,"column":63}},"16":{"start":{"line":65,"column":19},"end":{"line":75,"column":1}},"17":{"start":{"line":66,"column":4},"end":{"line":74,"column":5}},"18":{"start":{"line":67,"column":25},"end":{"line":70,"column":9}},"19":{"start":{"line":71,"column":8},"end":{"line":71,"column":22}},"20":{"start":{"line":73,"column":8},"end":{"line":73,"column":63}},"21":{"start":{"line":88,"column":19},"end":{"line":99,"column":1}},"22":{"start":{"line":89,"column":4},"end":{"line":98,"column":5}},"23":{"start":{"line":90,"column":61},"end":{"line":90,"column":68}},"24":{"start":{"line":91,"column":25},"end":{"line":94,"column":9}},"25":{"start":{"line":95,"column":8},"end":{"line":95,"column":22}},"26":{"start":{"line":97,"column":8},"end":{"line":97,"column":63}},"27":{"start":{"line":110,"column":26},"end":{"line":136,"column":1}},"28":{"start":{"line":111,"column":4},"end":{"line":135,"column":5}},"29":{"start":{"line":112,"column":42},"end":{"line":112,"column":49}},"30":{"start":{"line":113,"column":23},"end":{"line":113,"column":25}},"31":{"start":{"line":114,"column":23},"end":{"line":114,"column":25}},"32":{"start":{"line":116,"column":8},"end":{"line":119,"column":9}},"33":{"start":{"line":117,"column":12},"end":{"line":117,"column":36}},"34":{"start":{"line":118,"column":12},"end":{"line":118,"column":30}},"35":{"start":{"line":120,"column":8},"end":{"line":123,"column":9}},"36":{"start":{"line":121,"column":12},"end":{"line":121,"column":47}},"37":{"start":{"line":122,"column":12},"end":{"line":122,"column":49}},"38":{"start":{"line":125,"column":8},"end":{"line":127,"column":9}},"39":{"start":{"line":126,"column":12},"end":{"line":126,"column":39}},"40":{"start":{"line":129,"column":8},"end":{"line":129,"column":27}},"41":{"start":{"line":130,"column":22},"end":{"line":130,"column":81}},"42":{"start":{"line":131,"column":25},"end":{"line":131,"column":54}},"43":{"start":{"line":132,"column":8},"end":{"line":132,"column":22}},"44":{"start":{"line":134,"column":8},"end":{"line":134,"column":71}},"45":{"start":{"line":144,"column":19},"end":{"line":151,"column":1}},"46":{"start":{"line":145,"column":4},"end":{"line":150,"column":5}},"47":{"start":{"line":146,"column":25},"end":{"line":146,"column":89}},"48":{"start":{"line":147,"column":8},"end":{"line":147,"column":22}},"49":{"start":{"line":149,"column":8},"end":{"line":149,"column":63}},"50":{"start":{"line":153,"column":0},"end":{"line":161,"column":2}}},"fnMap":{"0":{"name":"(anonymous_0)","decl":{"start":{"line":10,"column":16},"end":{"line":10,"column":17}},"loc":{"start":{"line":10,"column":33},"end":{"line":17,"column":1}},"line":10},"1":{"name":"(anonymous_1)","decl":{"start":{"line":25,"column":22},"end":{"line":25,"column":23}},"loc":{"start":{"line":25,"column":39},"end":{"line":35,"column":1}},"line":25},"2":{"name":"(anonymous_2)","decl":{"start":{"line":43,"column":20},"end":{"line":43,"column":21}},"loc":{"start":{"line":43,"column":34},"end":{"line":53,"column":1}},"line":43},"3":{"name":"(anonymous_3)","decl":{"start":{"line":65,"column":19},"end":{"line":65,"column":20}},"loc":{"start":{"line":65,"column":86},"end":{"line":75,"column":1}},"line":65},"4":{"name":"(anonymous_4)","decl":{"start":{"line":88,"column":19},"end":{"line":88,"column":20}},"loc":{"start":{"line":88,"column":50},"end":{"line":99,"column":1}},"line":88},"5":{"name":"(anonymous_5)","decl":{"start":{"line":110,"column":26},"end":{"line":110,"column":27}},"loc":{"start":{"line":110,"column":57},"end":{"line":136,"column":1}},"line":110},"6":{"name":"(anonymous_6)","decl":{"start":{"line":144,"column":19},"end":{"line":144,"column":20}},"loc":{"start":{"line":144,"column":36},"end":{"line":151,"column":1}},"line":144}},"branchMap":{"0":{"loc":{"start":{"line":13,"column":15},"end":{"line":13,"column":47}},"type":"cond-expr","locations":[{"start":{"line":13,"column":33},"end":{"line":13,"column":40}},{"start":{"line":13,"column":43},"end":{"line":13,"column":47}}],"line":13},"1":{"loc":{"start":{"line":31,"column":15},"end":{"line":31,"column":47}},"type":"cond-expr","locations":[{"start":{"line":31,"column":33},"end":{"line":31,"column":40}},{"start":{"line":31,"column":43},"end":{"line":31,"column":47}}],"line":31},"2":{"loc":{"start":{"line":49,"column":15},"end":{"line":49,"column":47}},"type":"cond-expr","locations":[{"start":{"line":49,"column":33},"end":{"line":49,"column":40}},{"start":{"line":49,"column":43},"end":{"line":49,"column":47}}],"line":49},"3":{"loc":{"start":{"line":65,"column":54},"end":{"line":65,"column":69}},"type":"default-arg","locations":[{"start":{"line":65,"column":68},"end":{"line":65,"column":69}}],"line":65},"4":{"loc":{"start":{"line":65,"column":71},"end":{"line":65,"column":81}},"type":"default-arg","locations":[{"start":{"line":65,"column":80},"end":{"line":65,"column":81}}],"line":65},"5":{"loc":{"start":{"line":88,"column":33},"end":{"line":88,"column":45}},"type":"default-arg","locations":[{"start":{"line":88,"column":43},"end":{"line":88,"column":45}}],"line":88},"6":{"loc":{"start":{"line":110,"column":40},"end":{"line":110,"column":52}},"type":"default-arg","locations":[{"start":{"line":110,"column":50},"end":{"line":110,"column":52}}],"line":110},"7":{"loc":{"start":{"line":116,"column":8},"end":{"line":119,"column":9}},"type":"if","locations":[{"start":{"line":116,"column":8},"end":{"line":119,"column":9}},{"start":{},"end":{}}],"line":116},"8":{"loc":{"start":{"line":120,"column":8},"end":{"line":123,"column":9}},"type":"if","locations":[{"start":{"line":120,"column":8},"end":{"line":123,"column":9}},{"start":{},"end":{}}],"line":120},"9":{"loc":{"start":{"line":122,"column":24},"end":{"line":122,"column":47}},"type":"binary-expr","locations":[{"start":{"line":122,"column":24},"end":{"line":122,"column":39}},{"start":{"line":122,"column":43},"end":{"line":122,"column":47}}],"line":122},"10":{"loc":{"start":{"line":125,"column":8},"end":{"line":127,"column":9}},"type":"if","locations":[{"start":{"line":125,"column":8},"end":{"line":127,"column":9}},{"start":{},"end":{}}],"line":125}},"s":{"0":7,"1":7,"2":14,"3":14,"4":3,"5":11,"6":7,"7":0,"8":0,"9":0,"10":0,"11":7,"12":0,"13":0,"14":0,"15":0,"16":7,"17":3,"18":3,"19":2,"20":1,"21":7,"22":3,"23":3,"24":2,"25":2,"26":1,"27":7,"28":0,"29":0,"30":0,"31":0,"32":0,"33":0,"34":0,"35":0,"36":0,"37":0,"38":0,"39":0,"40":0,"41":0,"42":0,"43":0,"44":0,"45":7,"46":3,"47":3,"48":2,"49":1,"50":7},"f":{"0":14,"1":0,"2":0,"3":3,"4":3,"5":0,"6":3},"b":{"0":[2,1],"1":[0,0],"2":[0,0],"3":[2],"4":[2],"5":[0],"6":[0],"7":[0,0],"8":[0,0],"9":[0,0],"10":[0,0]},"_coverageSchema":"1a1c01bbd47fc00a2c39e90264f33305004495a9","hash":"ab3d8b79623686077ec6fe324bce856f416ec285"}
}
