TN:
SF:db.js
FN:8,(anonymous_0)
FN:38,(anonymous_1)
FNF:2
FNH:1
FNDA:0,(anonymous_0)
FNDA:10,(anonymous_1)
DA:1,9
DA:2,9
DA:3,9
DA:5,9
DA:8,9
DA:9,0
DA:13,9
DA:25,9
DA:26,9
DA:27,9
DA:28,0
DA:30,9
DA:37,9
DA:39,10
DA:40,0
DA:41,0
DA:42,0
DA:44,0
DA:45,0
DA:46,0
DA:49,0
DA:50,0
DA:52,0
DA:53,0
DA:58,10
DA:59,10
DA:61,10
DA:62,10
DA:68,9
LF:29
LH:17
BRDA:27,0,0,0
BRDA:27,0,1,9
BRDA:27,1,0,9
BRDA:27,1,1,9
BRDA:38,2,0,0
BRDA:39,3,0,0
BRDA:39,3,1,10
BRF:7
BRH:4
end_of_record
TN:
SF:jest.config.js
FNF:0
FNH:0
DA:1,0
LF:1
LH:0
BRF:0
BRH:0
end_of_record
TN:
SF:localDb.js
FN:10,(anonymous_0)
FN:11,(anonymous_1)
FN:18,(anonymous_2)
FN:31,initializeLocalDatabase
FN:32,(anonymous_4)
FN:99,validateJSONData
FN:114,promisifyQuery
FN:115,(anonymous_7)
FN:126,(anonymous_8)
FN:137,(anonymous_9)
FN:161,waitForDbReady
FN:169,(anonymous_11)
FN:170,(anonymous_12)
FN:171,(anonymous_13)
FN:172,(anonymous_14)
FNF:15
FNH:7
FNDA:9,(anonymous_0)
FNDA:8,(anonymous_1)
FNDA:0,(anonymous_2)
FNDA:8,initializeLocalDatabase
FNDA:8,(anonymous_4)
FNDA:0,validateJSONData
FNDA:10,promisifyQuery
FNDA:10,(anonymous_7)
FNDA:0,(anonymous_8)
FNDA:0,(anonymous_9)
FNDA:9,waitForDbReady
FNDA:0,(anonymous_11)
FNDA:0,(anonymous_12)
FNDA:0,(anonymous_13)
FNDA:0,(anonymous_14)
DA:1,9
DA:2,9
DA:5,9
DA:8,9
DA:10,9
DA:11,9
DA:12,8
DA:13,0
DA:14,0
DA:16,8
DA:17,8
DA:19,0
DA:20,0
DA:32,8
DA:34,8
DA:47,8
DA:66,8
DA:79,8
DA:100,0
DA:101,0
DA:103,0
DA:115,10
DA:117,10
DA:118,10
DA:121,0
DA:122,0
DA:125,0
DA:126,0
DA:127,0
DA:128,0
DA:129,0
DA:130,0
DA:131,0
DA:133,0
DA:137,0
DA:138,0
DA:139,0
DA:140,0
DA:141,0
DA:142,0
DA:144,0
DA:162,9
DA:165,9
DA:169,0
DA:171,0
DA:172,0
DA:173,0
DA:175,0
DA:176,0
DA:177,0
LF:50
LH:19
BRDA:12,0,0,0
BRDA:12,0,1,8
BRDA:99,1,0,0
BRDA:114,2,0,0
BRDA:117,3,0,10
BRDA:117,3,1,0
BRDA:125,4,0,0
BRDA:125,4,1,0
BRDA:127,5,0,0
BRDA:127,5,1,0
BRDA:133,6,0,0
BRDA:133,6,1,0
BRDA:138,7,0,0
BRDA:138,7,1,0
BRDA:173,8,0,0
BRDA:173,8,1,0
BRF:16
BRH:2
end_of_record
TN:
SF:test_database.js
FN:5,describeTable
FN:17,sampleRows
FN:26,main
FNF:3
FNH:0
FNDA:0,describeTable
FNDA:0,sampleRows
FNDA:0,main
DA:1,0
DA:3,0
DA:6,0
DA:14,0
DA:18,0
DA:23,0
DA:27,0
DA:28,0
DA:29,0
DA:30,0
DA:32,0
DA:33,0
DA:34,0
DA:35,0
DA:38,0
DA:40,0
DA:44,0
LF:17
LH:0
BRDA:17,0,0,0
BRF:1
BRH:0
end_of_record
TN:
SF:middleware\requireAuth.js
FN:4,(anonymous_0)
FNF:1
FNH:1
FNDA:48,(anonymous_0)
DA:1,7
DA:2,7
DA:4,7
DA:5,48
DA:7,48
DA:8,9
DA:14,39
DA:15,39
DA:16,34
DA:17,34
DA:19,5
DA:26,7
LF:12
LH:12
BRDA:2,0,0,7
BRDA:2,0,1,1
BRDA:7,1,0,9
BRDA:7,1,1,39
BRF:4
BRH:4
end_of_record
TN:
SF:routes\auth.js
FN:34,validateRegistration
FN:60,(anonymous_1)
FN:77,(anonymous_2)
FN:119,(anonymous_3)
FN:169,(anonymous_4)
FN:183,(anonymous_5)
FNF:6
FNH:6
FNDA:9,validateRegistration
FNDA:36,(anonymous_1)
FNDA:9,(anonymous_2)
FNDA:6,(anonymous_3)
FNDA:2,(anonymous_4)
FNDA:1,(anonymous_5)
DA:1,6
DA:2,6
DA:3,6
DA:4,6
DA:5,6
DA:6,6
DA:7,6
DA:9,6
DA:12,6
DA:35,9
DA:38,9
DA:39,1
DA:40,8
DA:41,0
DA:45,9
DA:46,0
DA:47,9
DA:48,1
DA:52,9
DA:53,0
DA:55,9
DA:56,0
DA:60,9
DA:61,36
DA:62,3
DA:66,9
DA:77,6
DA:78,9
DA:81,9
DA:83,9
DA:84,3
DA:91,6
DA:92,0
DA:93,0
DA:100,0
DA:102,0
DA:105,0
DA:107,0
DA:119,6
DA:120,6
DA:122,6
DA:123,1
DA:129,5
DA:131,1
DA:132,0
DA:138,1
DA:140,1
DA:141,1
DA:148,0
DA:151,0
DA:158,0
DA:169,6
DA:170,2
DA:171,2
DA:183,6
DA:184,1
DA:190,6
LF:57
LH:43
BRDA:9,0,0,6
BRDA:9,0,1,0
BRDA:38,1,0,1
BRDA:38,1,1,8
BRDA:38,2,0,9
BRDA:38,2,1,8
BRDA:40,3,0,0
BRDA:40,3,1,8
BRDA:45,4,0,0
BRDA:45,4,1,9
BRDA:45,5,0,9
BRDA:45,5,1,9
BRDA:47,6,0,1
BRDA:47,6,1,8
BRDA:52,7,0,0
BRDA:52,7,1,9
BRDA:52,8,0,9
BRDA:52,8,1,9
BRDA:55,9,0,0
BRDA:55,9,1,9
BRDA:61,10,0,3
BRDA:61,10,1,33
BRDA:83,11,0,3
BRDA:83,11,1,6
BRDA:92,12,0,0
BRDA:92,12,1,0
BRDA:102,13,0,0
BRDA:102,13,1,0
BRDA:122,14,0,1
BRDA:122,14,1,5
BRDA:122,15,0,6
BRDA:122,15,1,5
BRDA:131,16,0,0
BRDA:131,16,1,1
BRDA:140,17,0,1
BRDA:140,17,1,0
BRF:36
BRH:25
end_of_record
TN:
SF:routes\notesRoutes.js
FN:13,(anonymous_0)
FN:42,(anonymous_1)
FN:63,(anonymous_2)
FN:81,(anonymous_3)
FN:104,(anonymous_4)
FN:156,(anonymous_5)
FN:186,(anonymous_6)
FN:240,(anonymous_7)
FN:263,(anonymous_8)
FNF:9
FNH:6
FNDA:3,(anonymous_0)
FNDA:1,(anonymous_1)
FNDA:0,(anonymous_2)
FNDA:0,(anonymous_3)
FNDA:0,(anonymous_4)
FNDA:1,(anonymous_5)
FNDA:2,(anonymous_6)
FNDA:1,(anonymous_7)
FNDA:1,(anonymous_8)
DA:1,6
DA:2,6
DA:3,6
DA:4,6
DA:13,6
DA:14,3
DA:15,3
DA:16,3
DA:17,3
DA:19,3
DA:20,2
DA:21,2
DA:24,3
DA:25,1
DA:26,1
DA:29,3
DA:30,3
DA:32,0
DA:42,6
DA:43,1
DA:44,1
DA:48,1
DA:49,1
DA:51,0
DA:53,0
DA:63,6
DA:64,0
DA:65,0
DA:69,0
DA:71,0
DA:81,6
DA:82,0
DA:84,0
DA:91,0
DA:93,0
DA:104,6
DA:105,0
DA:106,0
DA:109,0
DA:110,0
DA:117,0
DA:120,0
DA:121,0
DA:122,0
DA:124,0
DA:126,0
DA:140,0
DA:146,0
DA:156,6
DA:157,1
DA:159,1
DA:164,1
DA:165,0
DA:168,1
DA:169,1
DA:172,0
DA:173,0
DA:175,0
DA:186,6
DA:187,2
DA:188,2
DA:191,2
DA:196,2
DA:197,0
DA:200,2
DA:201,1
DA:204,1
DA:218,1
DA:219,0
DA:222,1
DA:224,0
DA:240,6
DA:241,1
DA:242,1
DA:243,1
DA:244,1
DA:247,0
DA:248,0
DA:249,0
DA:251,0
DA:253,0
DA:263,6
DA:264,1
DA:265,1
DA:266,1
DA:267,1
DA:270,0
DA:271,0
DA:272,0
DA:274,0
DA:276,0
DA:280,6
LF:92
LH:52
BRDA:19,0,0,2
BRDA:19,0,1,1
BRDA:24,1,0,1
BRDA:24,1,1,2
BRDA:48,2,0,1
BRDA:48,2,1,0
BRDA:109,3,0,0
BRDA:109,3,1,0
BRDA:109,4,0,0
BRDA:109,4,1,0
BRDA:109,4,2,0
BRDA:121,5,0,0
BRDA:121,5,1,0
BRDA:133,6,0,0
BRDA:133,6,1,0
BRDA:134,7,0,0
BRDA:134,7,1,0
BRDA:135,8,0,0
BRDA:135,8,1,0
BRDA:136,9,0,0
BRDA:136,9,1,0
BRDA:164,10,0,0
BRDA:164,10,1,1
BRDA:168,11,0,1
BRDA:168,11,1,0
BRDA:196,12,0,0
BRDA:196,12,1,2
BRDA:200,13,0,1
BRDA:200,13,1,1
BRDA:210,14,0,1
BRDA:210,14,1,1
BRDA:211,15,0,1
BRDA:211,15,1,1
BRDA:212,16,0,1
BRDA:212,16,1,1
BRDA:213,17,0,1
BRDA:213,17,1,1
BRDA:218,18,0,0
BRDA:218,18,1,1
BRDA:243,19,0,1
BRDA:243,19,1,0
BRDA:243,20,0,1
BRDA:243,20,1,1
BRDA:248,21,0,0
BRDA:248,21,1,0
BRDA:266,22,0,1
BRDA:266,22,1,0
BRDA:266,23,0,1
BRDA:266,23,1,1
BRDA:271,24,0,0
BRDA:271,24,1,0
BRF:51
BRH:25
end_of_record
TN:
SF:routes\suggestionRoutes.js
FN:12,(anonymous_0)
FN:30,(anonymous_1)
FN:54,(anonymous_2)
FN:78,(anonymous_3)
FN:118,(anonymous_4)
FN:151,(anonymous_5)
FNF:6
FNH:6
FNDA:3,(anonymous_0)
FNDA:2,(anonymous_1)
FNDA:2,(anonymous_2)
FNDA:6,(anonymous_3)
FNDA:5,(anonymous_4)
FNDA:6,(anonymous_5)
DA:1,6
DA:2,6
DA:3,6
DA:4,6
DA:12,6
DA:13,3
DA:14,3
DA:15,2
DA:16,1
DA:18,1
DA:20,1
DA:30,6
DA:31,2
DA:32,2
DA:42,2
DA:44,0
DA:54,6
DA:55,2
DA:56,2
DA:66,2
DA:68,0
DA:78,6
DA:79,6
DA:80,6
DA:83,6
DA:84,1
DA:91,5
DA:92,5
DA:93,0
DA:95,4
DA:97,4
DA:102,2
DA:108,3
DA:118,6
DA:119,5
DA:121,5
DA:129,4
DA:130,0
DA:133,3
DA:134,2
DA:137,1
DA:138,1
DA:140,2
DA:151,6
DA:152,6
DA:153,6
DA:156,6
DA:164,5
DA:165,0
DA:168,5
DA:169,3
DA:172,1
DA:177,1
DA:178,0
DA:181,1
DA:183,2
DA:187,6
LF:57
LH:51
BRDA:15,0,0,1
BRDA:15,0,1,1
BRDA:83,1,0,1
BRDA:83,1,1,5
BRDA:83,2,0,6
BRDA:83,2,1,6
BRDA:92,3,0,0
BRDA:92,3,1,4
BRDA:129,4,0,0
BRDA:129,4,1,3
BRDA:133,5,0,2
BRDA:133,5,1,1
BRDA:164,6,0,0
BRDA:164,6,1,5
BRDA:168,7,0,3
BRDA:168,7,1,1
BRDA:177,8,0,0
BRDA:177,8,1,1
BRF:18
BRH:14
end_of_record
TN:
SF:routes\userRoutes.js
FN:12,(anonymous_0)
FN:30,(anonymous_1)
FN:49,(anonymous_2)
FN:77,(anonymous_3)
FN:116,(anonymous_4)
FNF:5
FNH:5
FNDA:3,(anonymous_0)
FNDA:3,(anonymous_1)
FNDA:2,(anonymous_2)
FNDA:4,(anonymous_3)
FNDA:4,(anonymous_4)
DA:1,6
DA:2,6
DA:3,6
DA:4,6
DA:12,6
DA:13,3
DA:14,3
DA:15,2
DA:16,1
DA:18,1
DA:20,1
DA:30,6
DA:31,3
DA:32,3
DA:33,2
DA:34,1
DA:36,1
DA:38,1
DA:49,6
DA:50,2
DA:52,2
DA:53,1
DA:56,1
DA:57,1
DA:59,1
DA:60,1
DA:63,0
DA:65,0
DA:77,6
DA:78,4
DA:80,4
DA:81,2
DA:84,2
DA:85,2
DA:87,2
DA:88,2
DA:89,1
DA:91,1
DA:94,1
DA:95,0
DA:98,1
DA:100,1
DA:101,1
DA:104,0
DA:106,0
DA:116,6
DA:117,4
DA:119,4
DA:120,2
DA:123,2
DA:125,2
DA:126,1
DA:129,1
DA:131,0
DA:135,6
LF:55
LH:49
BRDA:15,0,0,1
BRDA:15,0,1,1
BRDA:33,1,0,1
BRDA:33,1,1,1
BRDA:52,2,0,1
BRDA:52,2,1,1
BRDA:59,3,0,1
BRDA:59,3,1,0
BRDA:80,4,0,2
BRDA:80,4,1,2
BRDA:87,5,0,2
BRDA:87,5,1,0
BRDA:88,6,0,1
BRDA:88,6,1,1
BRDA:88,7,0,2
BRDA:88,7,1,2
BRDA:94,8,0,0
BRDA:94,8,1,1
BRDA:100,9,0,1
BRDA:100,9,1,0
BRDA:119,10,0,2
BRDA:119,10,1,2
BRDA:125,11,0,1
BRDA:125,11,1,1
BRF:24
BRH:20
end_of_record
TN:
SF:services\userService.js
FN:10,(anonymous_0)
FN:25,(anonymous_1)
FN:43,(anonymous_2)
FN:65,(anonymous_3)
FN:88,(anonymous_4)
FN:110,(anonymous_5)
FN:144,(anonymous_6)
FNF:7
FNH:4
FNDA:14,(anonymous_0)
FNDA:0,(anonymous_1)
FNDA:0,(anonymous_2)
FNDA:3,(anonymous_3)
FNDA:3,(anonymous_4)
FNDA:0,(anonymous_5)
FNDA:3,(anonymous_6)
DA:1,7
DA:10,7
DA:11,14
DA:12,14
DA:13,3
DA:15,11
DA:25,7
DA:26,0
DA:27,0
DA:31,0
DA:33,0
DA:43,7
DA:44,0
DA:45,0
DA:49,0
DA:51,0
DA:65,7
DA:66,3
DA:67,3
DA:71,2
DA:73,1
DA:88,7
DA:89,3
DA:90,3
DA:91,2
DA:95,2
DA:97,1
DA:110,7
DA:111,0
DA:112,0
DA:113,0
DA:114,0
DA:116,0
DA:117,0
DA:118,0
DA:120,0
DA:121,0
DA:122,0
DA:125,0
DA:126,0
DA:129,0
DA:130,0
DA:131,0
DA:132,0
DA:134,0
DA:144,7
DA:145,3
DA:146,3
DA:147,2
DA:149,1
DA:153,7
LF:51
LH:26
BRDA:13,0,0,2
BRDA:13,0,1,1
BRDA:31,1,0,0
BRDA:31,1,1,0
BRDA:49,2,0,0
BRDA:49,2,1,0
BRDA:65,3,0,2
BRDA:65,4,0,2
BRDA:88,5,0,0
BRDA:110,6,0,0
BRDA:116,7,0,0
BRDA:116,7,1,0
BRDA:120,8,0,0
BRDA:120,8,1,0
BRDA:122,9,0,0
BRDA:122,9,1,0
BRDA:125,10,0,0
BRDA:125,10,1,0
BRF:18
BRH:4
end_of_record
