TN:
SF:database\db.js
FN:32,(anonymous_0)
FN:33,(anonymous_1)
FNF:2
FNH:0
FNDA:0,(anonymous_0)
FNDA:0,(anonymous_1)
DA:1,11
DA:2,11
DA:3,11
DA:4,11
DA:7,11
DA:10,11
DA:11,11
DA:12,11
DA:14,0
DA:16,0
DA:28,0
DA:31,0
DA:32,0
DA:34,0
DA:35,0
DA:39,11
LF:16
LH:9
BRDA:10,0,0,11
BRDA:10,0,1,0
BRF:2
BRH:1
end_of_record
TN:
SF:database\dbLocal.js
FN:6,(anonymous_0)
FN:18,(anonymous_1)
FN:19,(anonymous_2)
FN:20,(anonymous_3)
FN:27,(anonymous_4)
FN:28,(anonymous_5)
FN:29,(anonymous_6)
FN:36,(anonymous_7)
FN:37,(anonymous_8)
FN:38,(anonymous_9)
FN:48,(anonymous_10)
FN:65,setupDatabase
FN:149,(anonymous_12)
FNF:13
FNH:5
FNDA:10,(anonymous_0)
FNDA:51,(anonymous_1)
FNDA:51,(anonymous_2)
FNDA:50,(anonymous_3)
FNDA:0,(anonymous_4)
FNDA:0,(anonymous_5)
FNDA:0,(anonymous_6)
FNDA:0,(anonymous_7)
FNDA:0,(anonymous_8)
FNDA:0,(anonymous_9)
FNDA:0,(anonymous_10)
FNDA:11,setupDatabase
FNDA:0,(anonymous_12)
DA:1,11
DA:2,11
DA:5,11
DA:6,11
DA:7,10
DA:8,0
DA:10,10
DA:15,11
DA:18,11
DA:19,51
DA:20,51
DA:21,50
DA:22,50
DA:27,11
DA:28,0
DA:29,0
DA:30,0
DA:31,0
DA:36,11
DA:37,0
DA:38,0
DA:39,0
DA:40,0
DA:48,11
DA:49,0
DA:50,0
DA:52,0
DA:53,0
DA:54,0
DA:57,0
DA:58,0
DA:66,11
DA:68,11
DA:78,10
DA:81,10
DA:94,10
DA:97,10
DA:109,10
DA:112,10
DA:123,10
DA:126,10
DA:139,10
DA:141,10
DA:143,0
DA:144,0
DA:149,11
DA:150,0
DA:151,0
DA:155,11
LF:49
LH:29
BRDA:7,0,0,0
BRDA:7,0,1,10
BRDA:18,1,0,51
BRDA:21,2,0,0
BRDA:21,2,1,50
BRDA:27,3,0,0
BRDA:30,4,0,0
BRDA:30,4,1,0
BRDA:31,5,0,0
BRDA:31,5,1,0
BRDA:36,6,0,0
BRDA:39,7,0,0
BRDA:39,7,1,0
BRDA:48,8,0,0
BRDA:49,9,0,0
BRDA:49,9,1,0
BRDA:52,10,0,0
BRDA:52,10,1,0
BRF:18
BRH:3
end_of_record
TN:
SF:middleware\requireAuth.js
FN:4,(anonymous_0)
FNF:1
FNH:1
FNDA:39,(anonymous_0)
DA:1,8
DA:2,8
DA:4,8
DA:5,39
DA:7,39
DA:8,9
DA:14,30
DA:15,30
DA:16,25
DA:17,25
DA:19,5
DA:26,8
LF:12
LH:12
BRDA:2,0,0,8
BRDA:2,0,1,8
BRDA:7,1,0,9
BRDA:7,1,1,30
BRF:4
BRH:4
end_of_record
TN:
SF:routes\auth.js
FN:33,validateRegistration
FN:59,(anonymous_1)
FN:76,(anonymous_2)
FN:124,(anonymous_3)
FN:199,(anonymous_4)
FN:213,(anonymous_5)
FNF:6
FNH:6
FNDA:5,validateRegistration
FNDA:20,(anonymous_1)
FNDA:5,(anonymous_2)
FNDA:6,(anonymous_3)
FNDA:2,(anonymous_4)
FNDA:2,(anonymous_5)
DA:1,7
DA:2,7
DA:3,7
DA:4,7
DA:5,7
DA:6,7
DA:8,7
DA:11,7
DA:34,5
DA:37,5
DA:38,1
DA:39,4
DA:40,0
DA:44,5
DA:45,0
DA:46,5
DA:47,1
DA:51,5
DA:52,0
DA:54,5
DA:55,0
DA:59,5
DA:60,20
DA:61,3
DA:65,5
DA:76,7
DA:77,5
DA:80,5
DA:82,5
DA:83,3
DA:89,2
DA:91,2
DA:92,2
DA:93,1
DA:100,1
DA:103,1
DA:105,1
DA:110,0
DA:111,0
DA:124,7
DA:125,6
DA:127,6
DA:128,1
DA:135,5
DA:136,0
DA:137,0
DA:143,0
DA:150,5
DA:151,5
DA:153,5
DA:154,1
DA:160,4
DA:162,4
DA:163,1
DA:170,3
DA:173,3
DA:180,3
DA:186,0
DA:187,0
DA:199,7
DA:200,2
DA:201,2
DA:213,7
DA:214,2
DA:220,7
LF:65
LH:54
BRDA:8,0,0,7
BRDA:8,0,1,7
BRDA:37,1,0,1
BRDA:37,1,1,4
BRDA:37,2,0,5
BRDA:37,2,1,4
BRDA:39,3,0,0
BRDA:39,3,1,4
BRDA:44,4,0,0
BRDA:44,4,1,5
BRDA:44,5,0,5
BRDA:44,5,1,5
BRDA:46,6,0,1
BRDA:46,6,1,4
BRDA:51,7,0,0
BRDA:51,7,1,5
BRDA:51,8,0,5
BRDA:51,8,1,5
BRDA:54,9,0,0
BRDA:54,9,1,5
BRDA:60,10,0,3
BRDA:60,10,1,17
BRDA:82,11,0,3
BRDA:82,11,1,2
BRDA:92,12,0,1
BRDA:92,12,1,1
BRDA:103,13,0,0
BRDA:103,13,1,1
BRDA:127,14,0,1
BRDA:127,14,1,5
BRDA:127,15,0,6
BRDA:127,15,1,5
BRDA:135,16,0,0
BRDA:135,16,1,5
BRDA:135,17,0,5
BRDA:135,17,1,0
BRDA:153,18,0,1
BRDA:153,18,1,4
BRDA:162,19,0,1
BRDA:162,19,1,3
BRF:40
BRH:33
end_of_record
TN:
SF:routes\fileRoutes.js
FN:13,(anonymous_0)
FN:14,(anonymous_1)
FN:23,(anonymous_2)
FN:32,(anonymous_3)
FN:54,(anonymous_4)
FN:67,(anonymous_5)
FN:88,(anonymous_6)
FN:113,(anonymous_7)
FNF:8
FNH:0
FNDA:0,(anonymous_0)
FNDA:0,(anonymous_1)
FNDA:0,(anonymous_2)
FNDA:0,(anonymous_3)
FNDA:0,(anonymous_4)
FNDA:0,(anonymous_5)
FNDA:0,(anonymous_6)
FNDA:0,(anonymous_7)
DA:1,7
DA:2,7
DA:3,7
DA:4,7
DA:5,7
DA:6,7
DA:7,7
DA:8,7
DA:10,7
DA:12,7
DA:13,0
DA:15,0
DA:16,0
DA:20,7
DA:23,7
DA:24,0
DA:25,0
DA:26,0
DA:28,0
DA:29,0
DA:32,0
DA:33,0
DA:45,0
DA:47,0
DA:49,0
DA:54,7
DA:55,0
DA:56,0
DA:60,0
DA:62,0
DA:67,7
DA:68,0
DA:69,0
DA:73,0
DA:74,0
DA:76,0
DA:77,0
DA:78,0
DA:79,0
DA:81,0
DA:83,0
DA:88,7
DA:89,0
DA:90,0
DA:94,0
DA:95,0
DA:98,0
DA:99,0
DA:100,0
DA:101,0
DA:104,0
DA:105,0
DA:106,0
DA:108,0
DA:113,7
DA:114,0
DA:115,0
DA:119,0
DA:120,0
DA:122,0
DA:123,0
DA:124,0
DA:125,0
DA:127,0
DA:131,7
LF:65
LH:17
BRDA:28,0,0,0
BRDA:28,0,1,0
BRDA:28,1,0,0
BRDA:28,1,1,0
BRDA:40,2,0,0
BRDA:40,2,1,0
BRDA:41,3,0,0
BRDA:41,3,1,0
BRDA:73,4,0,0
BRDA:73,4,1,0
BRDA:78,5,0,0
BRDA:78,5,1,0
BRDA:94,6,0,0
BRDA:94,6,1,0
BRDA:100,7,0,0
BRDA:100,7,1,0
BRDA:104,8,0,0
BRDA:104,8,1,0
BRDA:119,9,0,0
BRDA:119,9,1,0
BRDA:123,10,0,0
BRDA:123,10,1,0
BRF:22
BRH:0
end_of_record
TN:
SF:routes\notesRoutes.js
FN:6,(anonymous_0)
FN:20,(anonymous_1)
FN:40,(anonymous_2)
FN:50,(anonymous_3)
FN:59,(anonymous_4)
FN:69,(anonymous_5)
FN:100,(anonymous_6)
FN:113,(anonymous_7)
FN:150,(anonymous_8)
FN:169,(anonymous_9)
FN:182,(anonymous_10)
FN:194,(anonymous_11)
FN:210,(anonymous_12)
FN:225,(anonymous_13)
FNF:14
FNH:13
FNDA:2,(anonymous_0)
FNDA:1,(anonymous_1)
FNDA:0,(anonymous_2)
FNDA:1,(anonymous_3)
FNDA:1,(anonymous_4)
FNDA:2,(anonymous_5)
FNDA:2,(anonymous_6)
FNDA:2,(anonymous_7)
FNDA:3,(anonymous_8)
FNDA:1,(anonymous_9)
FNDA:2,(anonymous_10)
FNDA:2,(anonymous_11)
FNDA:1,(anonymous_12)
FNDA:1,(anonymous_13)
DA:1,7
DA:2,7
DA:3,7
DA:4,7
DA:6,7
DA:7,2
DA:8,0
DA:11,2
DA:12,0
DA:15,2
DA:16,2
DA:20,7
DA:21,1
DA:22,1
DA:33,1
DA:35,0
DA:40,7
DA:41,0
DA:42,0
DA:43,0
DA:45,0
DA:50,7
DA:51,1
DA:52,1
DA:53,1
DA:55,0
DA:59,7
DA:60,1
DA:61,1
DA:62,1
DA:64,0
DA:69,7
DA:70,2
DA:71,2
DA:72,2
DA:74,2
DA:93,2
DA:95,0
DA:100,7
DA:101,2
DA:102,2
DA:106,2
DA:108,0
DA:113,7
DA:114,2
DA:115,2
DA:116,2
DA:118,2
DA:122,2
DA:123,1
DA:126,1
DA:132,1
DA:136,1
DA:137,1
DA:139,1
DA:144,1
DA:146,0
DA:150,7
DA:151,3
DA:152,3
DA:163,3
DA:165,0
DA:169,7
DA:170,1
DA:171,1
DA:172,1
DA:176,1
DA:178,0
DA:182,7
DA:183,2
DA:184,2
DA:185,2
DA:186,1
DA:188,1
DA:190,0
DA:194,7
DA:195,2
DA:196,2
DA:197,2
DA:201,2
DA:202,1
DA:204,1
DA:206,0
DA:210,7
DA:211,1
DA:212,1
DA:213,1
DA:214,0
DA:217,1
DA:218,1
DA:219,1
DA:221,0
DA:225,7
DA:226,1
DA:227,1
DA:228,1
DA:229,0
DA:232,1
DA:233,1
DA:234,1
DA:236,0
DA:240,7
LF:102
LH:82
BRDA:7,0,0,0
BRDA:7,0,1,2
BRDA:7,1,0,2
BRDA:7,1,1,2
BRDA:11,2,0,0
BRDA:11,2,1,2
BRDA:16,3,0,2
BRDA:16,3,1,0
BRDA:71,4,0,2
BRDA:71,4,1,0
BRDA:72,5,0,1
BRDA:72,5,1,1
BRDA:106,6,0,2
BRDA:106,6,1,1
BRDA:122,7,0,1
BRDA:122,7,1,1
BRDA:185,8,0,1
BRDA:185,8,1,1
BRDA:201,9,0,1
BRDA:201,9,1,1
BRDA:213,10,0,0
BRDA:213,10,1,1
BRDA:218,11,0,0
BRDA:218,11,1,1
BRDA:228,12,0,0
BRDA:228,12,1,1
BRDA:233,13,0,0
BRDA:233,13,1,1
BRF:28
BRH:20
end_of_record
TN:
SF:routes\suggestionRoutes.js
FN:6,(anonymous_0)
FN:29,(anonymous_1)
FN:38,(anonymous_2)
FN:47,(anonymous_3)
FN:60,(anonymous_4)
FNF:5
FNH:5
FNDA:1,(anonymous_0)
FNDA:1,(anonymous_1)
FNDA:1,(anonymous_2)
FNDA:2,(anonymous_3)
FNDA:2,(anonymous_4)
DA:1,7
DA:2,7
DA:3,7
DA:4,7
DA:6,7
DA:7,1
DA:8,1
DA:23,1
DA:25,0
DA:29,7
DA:30,1
DA:31,1
DA:32,1
DA:34,0
DA:38,7
DA:39,1
DA:40,1
DA:41,1
DA:43,0
DA:47,7
DA:48,2
DA:49,2
DA:50,2
DA:54,2
DA:56,0
DA:60,7
DA:61,2
DA:62,2
DA:63,2
DA:64,1
DA:66,1
DA:68,0
DA:72,7
LF:33
LH:28
BRDA:63,0,0,1
BRDA:63,0,1,1
BRF:2
BRH:2
end_of_record
TN:
SF:routes\userRoutes.js
FN:7,(anonymous_0)
FN:17,(anonymous_1)
FN:27,(anonymous_2)
FN:49,(anonymous_3)
FN:77,(anonymous_4)
FN:116,(anonymous_5)
FNF:6
FNH:5
FNDA:1,(anonymous_0)
FNDA:1,(anonymous_1)
FNDA:0,(anonymous_2)
FNDA:2,(anonymous_3)
FNDA:3,(anonymous_4)
FNDA:4,(anonymous_5)
DA:1,7
DA:2,7
DA:3,7
DA:4,7
DA:5,7
DA:7,7
DA:8,1
DA:9,1
DA:10,1
DA:13,0
DA:17,7
DA:18,1
DA:19,1
DA:20,1
DA:23,0
DA:27,7
DA:28,0
DA:29,0
DA:30,0
DA:31,0
DA:38,0
DA:49,7
DA:50,2
DA:52,2
DA:53,1
DA:56,1
DA:57,1
DA:59,1
DA:60,1
DA:63,0
DA:65,0
DA:77,7
DA:78,3
DA:80,3
DA:81,1
DA:84,2
DA:85,2
DA:87,2
DA:88,2
DA:89,1
DA:91,1
DA:94,1
DA:95,1
DA:98,1
DA:100,1
DA:101,0
DA:104,1
DA:106,0
DA:116,7
DA:117,4
DA:119,4
DA:120,2
DA:123,2
DA:125,2
DA:126,1
DA:129,1
DA:131,0
DA:135,7
LF:58
LH:46
BRDA:30,0,0,0
BRDA:30,0,1,0
BRDA:34,1,0,0
BRDA:34,1,1,0
BRDA:52,2,0,1
BRDA:52,2,1,1
BRDA:59,3,0,1
BRDA:59,3,1,0
BRDA:80,4,0,1
BRDA:80,4,1,2
BRDA:87,5,0,2
BRDA:87,5,1,0
BRDA:88,6,0,1
BRDA:88,6,1,1
BRDA:88,7,0,2
BRDA:88,7,1,2
BRDA:94,8,0,1
BRDA:94,8,1,0
BRDA:100,9,0,0
BRDA:100,9,1,1
BRDA:119,10,0,2
BRDA:119,10,1,2
BRDA:125,11,0,1
BRDA:125,11,1,1
BRF:24
BRH:16
end_of_record
TN:
SF:services\userService.js
FN:10,(anonymous_0)
FN:25,(anonymous_1)
FN:43,(anonymous_2)
FN:64,(anonymous_3)
FN:85,(anonymous_4)
FN:106,(anonymous_5)
FN:140,(anonymous_6)
FNF:7
FNH:7
FNDA:1,(anonymous_0)
FNDA:1,(anonymous_1)
FNDA:1,(anonymous_2)
FNDA:1,(anonymous_3)
FNDA:1,(anonymous_4)
FNDA:2,(anonymous_5)
FNDA:1,(anonymous_6)
DA:1,8
DA:10,8
DA:11,1
DA:12,1
DA:13,1
DA:15,0
DA:25,8
DA:26,1
DA:27,1
DA:31,1
DA:33,0
DA:43,8
DA:44,1
DA:45,1
DA:49,1
DA:51,0
DA:64,8
DA:65,1
DA:66,1
DA:70,1
DA:72,0
DA:85,8
DA:86,1
DA:87,1
DA:91,1
DA:93,0
DA:106,8
DA:107,2
DA:108,2
DA:109,2
DA:110,2
DA:112,2
DA:113,1
DA:114,1
DA:116,2
DA:117,0
DA:118,0
DA:121,2
DA:122,1
DA:125,1
DA:126,1
DA:127,1
DA:128,1
DA:130,0
DA:140,8
DA:141,1
DA:142,1
DA:143,1
DA:145,0
DA:149,8
LF:50
LH:41
BRDA:13,0,0,1
BRDA:13,0,1,0
BRDA:31,1,0,1
BRDA:31,1,1,0
BRDA:49,2,0,1
BRDA:49,2,1,0
BRDA:64,3,0,0
BRDA:64,4,0,1
BRDA:64,5,0,1
BRDA:85,6,0,0
BRDA:85,7,0,0
BRDA:85,8,0,0
BRDA:106,9,0,0
BRDA:112,10,0,1
BRDA:112,10,1,1
BRDA:116,11,0,0
BRDA:116,11,1,2
BRDA:118,12,0,0
BRDA:118,12,1,0
BRDA:121,13,0,1
BRDA:121,13,1,1
BRF:21
BRH:10
end_of_record
